2024-10-20 10:47:38,083 - ME modelNone - INFO - # Model initialized 
2024-10-20 10:47:38,084 - ME modelNone - INFO - # Model conversion starting...
2024-10-20 10:47:38,084 - ME modelNone - DEBUG - Added variable: FU_PFK
2024-10-20 10:47:38,084 - ME modelNone - DEBUG - Added variable: BU_PFK
2024-10-20 10:47:38,084 - ME modelNone - DEBUG - Added constraint: SU_PFK
2024-10-20 10:47:38,085 - ME modelNone - DEBUG - Added constraint: UF_PFK
2024-10-20 10:47:38,085 - ME modelNone - DEBUG - Added constraint: UR_PFK
2024-10-20 10:47:38,086 - ME modelNone - DEBUG - Added variable: FU_PFL
2024-10-20 10:47:38,086 - ME modelNone - DEBUG - Added variable: BU_PFL
2024-10-20 10:47:38,086 - ME modelNone - DEBUG - Added constraint: SU_PFL
2024-10-20 10:47:38,087 - ME modelNone - DEBUG - Added constraint: UF_PFL
2024-10-20 10:47:38,087 - ME modelNone - DEBUG - Added constraint: UR_PFL
2024-10-20 10:47:38,087 - ME modelNone - DEBUG - Added variable: FU_PGI
2024-10-20 10:47:38,088 - ME modelNone - DEBUG - Added variable: BU_PGI
2024-10-20 10:47:38,088 - ME modelNone - DEBUG - Added constraint: SU_PGI
2024-10-20 10:47:38,088 - ME modelNone - DEBUG - Added constraint: UF_PGI
2024-10-20 10:47:38,089 - ME modelNone - DEBUG - Added constraint: UR_PGI
2024-10-20 10:47:38,089 - ME modelNone - DEBUG - Added variable: FU_PGK
2024-10-20 10:47:38,089 - ME modelNone - DEBUG - Added variable: BU_PGK
2024-10-20 10:47:38,089 - ME modelNone - DEBUG - Added constraint: SU_PGK
2024-10-20 10:47:38,090 - ME modelNone - DEBUG - Added constraint: UF_PGK
2024-10-20 10:47:38,090 - ME modelNone - DEBUG - Added constraint: UR_PGK
2024-10-20 10:47:38,091 - ME modelNone - DEBUG - Added variable: FU_PGL
2024-10-20 10:47:38,091 - ME modelNone - DEBUG - Added variable: BU_PGL
2024-10-20 10:47:38,091 - ME modelNone - DEBUG - Added constraint: SU_PGL
2024-10-20 10:47:38,092 - ME modelNone - DEBUG - Added constraint: UF_PGL
2024-10-20 10:47:38,092 - ME modelNone - DEBUG - Added constraint: UR_PGL
2024-10-20 10:47:38,093 - ME modelNone - DEBUG - Added variable: FU_ACALD
2024-10-20 10:47:38,093 - ME modelNone - DEBUG - Added variable: BU_ACALD
2024-10-20 10:47:38,093 - ME modelNone - DEBUG - Added constraint: SU_ACALD
2024-10-20 10:47:38,094 - ME modelNone - DEBUG - Added constraint: UF_ACALD
2024-10-20 10:47:38,094 - ME modelNone - DEBUG - Added constraint: UR_ACALD
2024-10-20 10:47:38,095 - ME modelNone - DEBUG - Added variable: FU_AKGt2r
2024-10-20 10:47:38,095 - ME modelNone - DEBUG - Added variable: BU_AKGt2r
2024-10-20 10:47:38,096 - ME modelNone - DEBUG - Added constraint: SU_AKGt2r
2024-10-20 10:47:38,096 - ME modelNone - DEBUG - Added constraint: UF_AKGt2r
2024-10-20 10:47:38,097 - ME modelNone - DEBUG - Added constraint: UR_AKGt2r
2024-10-20 10:47:38,097 - ME modelNone - DEBUG - Added variable: FU_PGM
2024-10-20 10:47:38,097 - ME modelNone - DEBUG - Added variable: BU_PGM
2024-10-20 10:47:38,097 - ME modelNone - DEBUG - Added constraint: SU_PGM
2024-10-20 10:47:38,098 - ME modelNone - DEBUG - Added constraint: UF_PGM
2024-10-20 10:47:38,098 - ME modelNone - DEBUG - Added constraint: UR_PGM
2024-10-20 10:47:38,098 - ME modelNone - DEBUG - Added variable: FU_PIt2r
2024-10-20 10:47:38,099 - ME modelNone - DEBUG - Added variable: BU_PIt2r
2024-10-20 10:47:38,099 - ME modelNone - DEBUG - Added constraint: SU_PIt2r
2024-10-20 10:47:38,100 - ME modelNone - DEBUG - Added constraint: UF_PIt2r
2024-10-20 10:47:38,100 - ME modelNone - DEBUG - Added constraint: UR_PIt2r
2024-10-20 10:47:38,101 - ME modelNone - DEBUG - Added variable: FU_ALCD2x
2024-10-20 10:47:38,101 - ME modelNone - DEBUG - Added variable: BU_ALCD2x
2024-10-20 10:47:38,101 - ME modelNone - DEBUG - Added constraint: SU_ALCD2x
2024-10-20 10:47:38,101 - ME modelNone - DEBUG - Added constraint: UF_ALCD2x
2024-10-20 10:47:38,102 - ME modelNone - DEBUG - Added constraint: UR_ALCD2x
2024-10-20 10:47:38,102 - ME modelNone - DEBUG - Added variable: FU_ACALDt
2024-10-20 10:47:38,102 - ME modelNone - DEBUG - Added variable: BU_ACALDt
2024-10-20 10:47:38,103 - ME modelNone - DEBUG - Added constraint: SU_ACALDt
2024-10-20 10:47:38,103 - ME modelNone - DEBUG - Added constraint: UF_ACALDt
2024-10-20 10:47:38,104 - ME modelNone - DEBUG - Added constraint: UR_ACALDt
2024-10-20 10:47:38,104 - ME modelNone - DEBUG - Added variable: FU_ACKr
2024-10-20 10:47:38,104 - ME modelNone - DEBUG - Added variable: BU_ACKr
2024-10-20 10:47:38,104 - ME modelNone - DEBUG - Added constraint: SU_ACKr
2024-10-20 10:47:38,105 - ME modelNone - DEBUG - Added constraint: UF_ACKr
2024-10-20 10:47:38,105 - ME modelNone - DEBUG - Added constraint: UR_ACKr
2024-10-20 10:47:38,105 - ME modelNone - DEBUG - Added variable: FU_PPC
2024-10-20 10:47:38,106 - ME modelNone - DEBUG - Added variable: BU_PPC
2024-10-20 10:47:38,106 - ME modelNone - DEBUG - Added constraint: SU_PPC
2024-10-20 10:47:38,106 - ME modelNone - DEBUG - Added constraint: UF_PPC
2024-10-20 10:47:38,107 - ME modelNone - DEBUG - Added constraint: UR_PPC
2024-10-20 10:47:38,108 - ME modelNone - DEBUG - Added variable: FU_ACONTa
2024-10-20 10:47:38,108 - ME modelNone - DEBUG - Added variable: BU_ACONTa
2024-10-20 10:47:38,108 - ME modelNone - DEBUG - Added constraint: SU_ACONTa
2024-10-20 10:47:38,108 - ME modelNone - DEBUG - Added constraint: UF_ACONTa
2024-10-20 10:47:38,109 - ME modelNone - DEBUG - Added constraint: UR_ACONTa
2024-10-20 10:47:38,109 - ME modelNone - DEBUG - Added variable: FU_ACONTb
2024-10-20 10:47:38,109 - ME modelNone - DEBUG - Added variable: BU_ACONTb
2024-10-20 10:47:38,110 - ME modelNone - DEBUG - Added constraint: SU_ACONTb
2024-10-20 10:47:38,110 - ME modelNone - DEBUG - Added constraint: UF_ACONTb
2024-10-20 10:47:38,111 - ME modelNone - DEBUG - Added constraint: UR_ACONTb
2024-10-20 10:47:38,111 - ME modelNone - DEBUG - Added variable: FU_ATPM
2024-10-20 10:47:38,111 - ME modelNone - DEBUG - Added variable: BU_ATPM
2024-10-20 10:47:38,111 - ME modelNone - DEBUG - Added constraint: SU_ATPM
2024-10-20 10:47:38,112 - ME modelNone - DEBUG - Added constraint: UF_ATPM
2024-10-20 10:47:38,112 - ME modelNone - DEBUG - Added constraint: UR_ATPM
2024-10-20 10:47:38,112 - ME modelNone - DEBUG - Added variable: FU_PPCK
2024-10-20 10:47:38,113 - ME modelNone - DEBUG - Added variable: BU_PPCK
2024-10-20 10:47:38,113 - ME modelNone - DEBUG - Added constraint: SU_PPCK
2024-10-20 10:47:38,113 - ME modelNone - DEBUG - Added constraint: UF_PPCK
2024-10-20 10:47:38,114 - ME modelNone - DEBUG - Added constraint: UR_PPCK
2024-10-20 10:47:38,114 - ME modelNone - DEBUG - Added variable: FU_ACt2r
2024-10-20 10:47:38,114 - ME modelNone - DEBUG - Added variable: BU_ACt2r
2024-10-20 10:47:38,114 - ME modelNone - DEBUG - Added constraint: SU_ACt2r
2024-10-20 10:47:38,115 - ME modelNone - DEBUG - Added constraint: UF_ACt2r
2024-10-20 10:47:38,115 - ME modelNone - DEBUG - Added constraint: UR_ACt2r
2024-10-20 10:47:38,116 - ME modelNone - DEBUG - Added variable: FU_PPS
2024-10-20 10:47:38,116 - ME modelNone - DEBUG - Added variable: BU_PPS
2024-10-20 10:47:38,116 - ME modelNone - DEBUG - Added constraint: SU_PPS
2024-10-20 10:47:38,116 - ME modelNone - DEBUG - Added constraint: UF_PPS
2024-10-20 10:47:38,117 - ME modelNone - DEBUG - Added constraint: UR_PPS
2024-10-20 10:47:38,117 - ME modelNone - DEBUG - Added variable: FU_ADK1
2024-10-20 10:47:38,117 - ME modelNone - DEBUG - Added variable: BU_ADK1
2024-10-20 10:47:38,118 - ME modelNone - DEBUG - Added constraint: SU_ADK1
2024-10-20 10:47:38,118 - ME modelNone - DEBUG - Added constraint: UF_ADK1
2024-10-20 10:47:38,118 - ME modelNone - DEBUG - Added constraint: UR_ADK1
2024-10-20 10:47:38,119 - ME modelNone - DEBUG - Added variable: FU_AKGDH
2024-10-20 10:47:38,119 - ME modelNone - DEBUG - Added variable: BU_AKGDH
2024-10-20 10:47:38,119 - ME modelNone - DEBUG - Added constraint: SU_AKGDH
2024-10-20 10:47:38,120 - ME modelNone - DEBUG - Added constraint: UF_AKGDH
2024-10-20 10:47:38,120 - ME modelNone - DEBUG - Added constraint: UR_AKGDH
2024-10-20 10:47:38,121 - ME modelNone - DEBUG - Added variable: FU_ATPS4r
2024-10-20 10:47:38,121 - ME modelNone - DEBUG - Added variable: BU_ATPS4r
2024-10-20 10:47:38,121 - ME modelNone - DEBUG - Added constraint: SU_ATPS4r
2024-10-20 10:47:38,121 - ME modelNone - DEBUG - Added constraint: UF_ATPS4r
2024-10-20 10:47:38,122 - ME modelNone - DEBUG - Added constraint: UR_ATPS4r
2024-10-20 10:47:38,122 - ME modelNone - DEBUG - Added variable: FU_PTAr
2024-10-20 10:47:38,122 - ME modelNone - DEBUG - Added variable: BU_PTAr
2024-10-20 10:47:38,123 - ME modelNone - DEBUG - Added constraint: SU_PTAr
2024-10-20 10:47:38,123 - ME modelNone - DEBUG - Added constraint: UF_PTAr
2024-10-20 10:47:38,123 - ME modelNone - DEBUG - Added constraint: UR_PTAr
2024-10-20 10:47:38,124 - ME modelNone - DEBUG - Added variable: FU_PYK
2024-10-20 10:47:38,124 - ME modelNone - DEBUG - Added variable: BU_PYK
2024-10-20 10:47:38,124 - ME modelNone - DEBUG - Added constraint: SU_PYK
2024-10-20 10:47:38,125 - ME modelNone - DEBUG - Added constraint: UF_PYK
2024-10-20 10:47:38,125 - ME modelNone - DEBUG - Added constraint: UR_PYK
2024-10-20 10:47:38,125 - ME modelNone - DEBUG - Added variable: FU_BIOMASS_Ecoli_core_w_GAM
2024-10-20 10:47:38,126 - ME modelNone - DEBUG - Added variable: BU_BIOMASS_Ecoli_core_w_GAM
2024-10-20 10:47:38,126 - ME modelNone - DEBUG - Added constraint: SU_BIOMASS_Ecoli_core_w_GAM
2024-10-20 10:47:38,126 - ME modelNone - DEBUG - Added constraint: UF_BIOMASS_Ecoli_core_w_GAM
2024-10-20 10:47:38,127 - ME modelNone - DEBUG - Added constraint: UR_BIOMASS_Ecoli_core_w_GAM
2024-10-20 10:47:38,127 - ME modelNone - DEBUG - Added variable: FU_PYRt2
2024-10-20 10:47:38,127 - ME modelNone - DEBUG - Added variable: BU_PYRt2
2024-10-20 10:47:38,127 - ME modelNone - DEBUG - Added constraint: SU_PYRt2
2024-10-20 10:47:38,128 - ME modelNone - DEBUG - Added constraint: UF_PYRt2
2024-10-20 10:47:38,128 - ME modelNone - DEBUG - Added constraint: UR_PYRt2
2024-10-20 10:47:38,129 - ME modelNone - DEBUG - Added variable: FU_CO2t
2024-10-20 10:47:38,129 - ME modelNone - DEBUG - Added variable: BU_CO2t
2024-10-20 10:47:38,129 - ME modelNone - DEBUG - Added constraint: SU_CO2t
2024-10-20 10:47:38,129 - ME modelNone - DEBUG - Added constraint: UF_CO2t
2024-10-20 10:47:38,130 - ME modelNone - DEBUG - Added constraint: UR_CO2t
2024-10-20 10:47:38,130 - ME modelNone - DEBUG - Added variable: FU_RPE
2024-10-20 10:47:38,130 - ME modelNone - DEBUG - Added variable: BU_RPE
2024-10-20 10:47:38,131 - ME modelNone - DEBUG - Added constraint: SU_RPE
2024-10-20 10:47:38,131 - ME modelNone - DEBUG - Added constraint: UF_RPE
2024-10-20 10:47:38,131 - ME modelNone - DEBUG - Added constraint: UR_RPE
2024-10-20 10:47:38,132 - ME modelNone - DEBUG - Added variable: FU_CS
2024-10-20 10:47:38,132 - ME modelNone - DEBUG - Added variable: BU_CS
2024-10-20 10:47:38,132 - ME modelNone - DEBUG - Added constraint: SU_CS
2024-10-20 10:47:38,133 - ME modelNone - DEBUG - Added constraint: UF_CS
2024-10-20 10:47:38,133 - ME modelNone - DEBUG - Added constraint: UR_CS
2024-10-20 10:47:38,133 - ME modelNone - DEBUG - Added variable: FU_RPI
2024-10-20 10:47:38,134 - ME modelNone - DEBUG - Added variable: BU_RPI
2024-10-20 10:47:38,134 - ME modelNone - DEBUG - Added constraint: SU_RPI
2024-10-20 10:47:38,134 - ME modelNone - DEBUG - Added constraint: UF_RPI
2024-10-20 10:47:38,135 - ME modelNone - DEBUG - Added constraint: UR_RPI
2024-10-20 10:47:38,135 - ME modelNone - DEBUG - Added variable: FU_SUCCt2_2
2024-10-20 10:47:38,135 - ME modelNone - DEBUG - Added variable: BU_SUCCt2_2
2024-10-20 10:47:38,135 - ME modelNone - DEBUG - Added constraint: SU_SUCCt2_2
2024-10-20 10:47:38,136 - ME modelNone - DEBUG - Added constraint: UF_SUCCt2_2
2024-10-20 10:47:38,136 - ME modelNone - DEBUG - Added constraint: UR_SUCCt2_2
2024-10-20 10:47:38,137 - ME modelNone - DEBUG - Added variable: FU_CYTBD
2024-10-20 10:47:38,137 - ME modelNone - DEBUG - Added variable: BU_CYTBD
2024-10-20 10:47:38,137 - ME modelNone - DEBUG - Added constraint: SU_CYTBD
2024-10-20 10:47:38,138 - ME modelNone - DEBUG - Added constraint: UF_CYTBD
2024-10-20 10:47:38,138 - ME modelNone - DEBUG - Added constraint: UR_CYTBD
2024-10-20 10:47:38,138 - ME modelNone - DEBUG - Added variable: FU_D_LACt2
2024-10-20 10:47:38,138 - ME modelNone - DEBUG - Added variable: BU_D_LACt2
2024-10-20 10:47:38,139 - ME modelNone - DEBUG - Added constraint: SU_D_LACt2
2024-10-20 10:47:38,139 - ME modelNone - DEBUG - Added constraint: UF_D_LACt2
2024-10-20 10:47:38,140 - ME modelNone - DEBUG - Added constraint: UR_D_LACt2
2024-10-20 10:47:38,140 - ME modelNone - DEBUG - Added variable: FU_ENO
2024-10-20 10:47:38,140 - ME modelNone - DEBUG - Added variable: BU_ENO
2024-10-20 10:47:38,140 - ME modelNone - DEBUG - Added constraint: SU_ENO
2024-10-20 10:47:38,141 - ME modelNone - DEBUG - Added constraint: UF_ENO
2024-10-20 10:47:38,141 - ME modelNone - DEBUG - Added constraint: UR_ENO
2024-10-20 10:47:38,142 - ME modelNone - DEBUG - Added variable: FU_SUCCt3
2024-10-20 10:47:38,142 - ME modelNone - DEBUG - Added variable: BU_SUCCt3
2024-10-20 10:47:38,142 - ME modelNone - DEBUG - Added constraint: SU_SUCCt3
2024-10-20 10:47:38,142 - ME modelNone - DEBUG - Added constraint: UF_SUCCt3
2024-10-20 10:47:38,143 - ME modelNone - DEBUG - Added constraint: UR_SUCCt3
2024-10-20 10:47:38,143 - ME modelNone - DEBUG - Added variable: FU_ETOHt2r
2024-10-20 10:47:38,143 - ME modelNone - DEBUG - Added variable: BU_ETOHt2r
2024-10-20 10:47:38,144 - ME modelNone - DEBUG - Added constraint: SU_ETOHt2r
2024-10-20 10:47:38,144 - ME modelNone - DEBUG - Added constraint: UF_ETOHt2r
2024-10-20 10:47:38,144 - ME modelNone - DEBUG - Added constraint: UR_ETOHt2r
2024-10-20 10:47:38,145 - ME modelNone - DEBUG - Added variable: FU_SUCDi
2024-10-20 10:47:38,145 - ME modelNone - DEBUG - Added variable: BU_SUCDi
2024-10-20 10:47:38,145 - ME modelNone - DEBUG - Added constraint: SU_SUCDi
2024-10-20 10:47:38,146 - ME modelNone - DEBUG - Added constraint: UF_SUCDi
2024-10-20 10:47:38,146 - ME modelNone - DEBUG - Added constraint: UR_SUCDi
2024-10-20 10:47:38,146 - ME modelNone - DEBUG - Added variable: FU_SUCOAS
2024-10-20 10:47:38,147 - ME modelNone - DEBUG - Added variable: BU_SUCOAS
2024-10-20 10:47:38,147 - ME modelNone - DEBUG - Added constraint: SU_SUCOAS
2024-10-20 10:47:38,147 - ME modelNone - DEBUG - Added constraint: UF_SUCOAS
2024-10-20 10:47:38,148 - ME modelNone - DEBUG - Added constraint: UR_SUCOAS
2024-10-20 10:47:38,148 - ME modelNone - DEBUG - Added variable: FU_TALA
2024-10-20 10:47:38,148 - ME modelNone - DEBUG - Added variable: BU_TALA
2024-10-20 10:47:38,148 - ME modelNone - DEBUG - Added constraint: SU_TALA
2024-10-20 10:47:38,149 - ME modelNone - DEBUG - Added constraint: UF_TALA
2024-10-20 10:47:38,149 - ME modelNone - DEBUG - Added constraint: UR_TALA
2024-10-20 10:47:38,150 - ME modelNone - DEBUG - Added variable: FU_THD2
2024-10-20 10:47:38,150 - ME modelNone - DEBUG - Added variable: BU_THD2
2024-10-20 10:47:38,150 - ME modelNone - DEBUG - Added constraint: SU_THD2
2024-10-20 10:47:38,151 - ME modelNone - DEBUG - Added constraint: UF_THD2
2024-10-20 10:47:38,151 - ME modelNone - DEBUG - Added constraint: UR_THD2
2024-10-20 10:47:38,151 - ME modelNone - DEBUG - Added variable: FU_TKT1
2024-10-20 10:47:38,151 - ME modelNone - DEBUG - Added variable: BU_TKT1
2024-10-20 10:47:38,152 - ME modelNone - DEBUG - Added constraint: SU_TKT1
2024-10-20 10:47:38,152 - ME modelNone - DEBUG - Added constraint: UF_TKT1
2024-10-20 10:47:38,153 - ME modelNone - DEBUG - Added constraint: UR_TKT1
2024-10-20 10:47:38,153 - ME modelNone - DEBUG - Added variable: FU_TKT2
2024-10-20 10:47:38,153 - ME modelNone - DEBUG - Added variable: BU_TKT2
2024-10-20 10:47:38,153 - ME modelNone - DEBUG - Added constraint: SU_TKT2
2024-10-20 10:47:38,154 - ME modelNone - DEBUG - Added constraint: UF_TKT2
2024-10-20 10:47:38,154 - ME modelNone - DEBUG - Added constraint: UR_TKT2
2024-10-20 10:47:38,154 - ME modelNone - DEBUG - Added variable: FU_TPI
2024-10-20 10:47:38,155 - ME modelNone - DEBUG - Added variable: BU_TPI
2024-10-20 10:47:38,155 - ME modelNone - DEBUG - Added constraint: SU_TPI
2024-10-20 10:47:38,155 - ME modelNone - DEBUG - Added constraint: UF_TPI
2024-10-20 10:47:38,156 - ME modelNone - DEBUG - Added constraint: UR_TPI
2024-10-20 10:47:38,156 - ME modelNone - DEBUG - Added variable: FU_EX_ac_e
2024-10-20 10:47:38,156 - ME modelNone - DEBUG - Added variable: BU_EX_ac_e
2024-10-20 10:47:38,156 - ME modelNone - DEBUG - Added constraint: SU_EX_ac_e
2024-10-20 10:47:38,157 - ME modelNone - DEBUG - Added constraint: UF_EX_ac_e
2024-10-20 10:47:38,157 - ME modelNone - DEBUG - Added constraint: UR_EX_ac_e
2024-10-20 10:47:38,158 - ME modelNone - DEBUG - Added variable: FU_EX_acald_e
2024-10-20 10:47:38,158 - ME modelNone - DEBUG - Added variable: BU_EX_acald_e
2024-10-20 10:47:38,158 - ME modelNone - DEBUG - Added constraint: SU_EX_acald_e
2024-10-20 10:47:38,159 - ME modelNone - DEBUG - Added constraint: UF_EX_acald_e
2024-10-20 10:47:38,159 - ME modelNone - DEBUG - Added constraint: UR_EX_acald_e
2024-10-20 10:47:38,159 - ME modelNone - DEBUG - Added variable: FU_EX_akg_e
2024-10-20 10:47:38,160 - ME modelNone - DEBUG - Added variable: BU_EX_akg_e
2024-10-20 10:47:38,160 - ME modelNone - DEBUG - Added constraint: SU_EX_akg_e
2024-10-20 10:47:38,160 - ME modelNone - DEBUG - Added constraint: UF_EX_akg_e
2024-10-20 10:47:38,161 - ME modelNone - DEBUG - Added constraint: UR_EX_akg_e
2024-10-20 10:47:38,161 - ME modelNone - DEBUG - Added variable: FU_EX_co2_e
2024-10-20 10:47:38,161 - ME modelNone - DEBUG - Added variable: BU_EX_co2_e
2024-10-20 10:47:38,161 - ME modelNone - DEBUG - Added constraint: SU_EX_co2_e
2024-10-20 10:47:38,162 - ME modelNone - DEBUG - Added constraint: UF_EX_co2_e
2024-10-20 10:47:38,162 - ME modelNone - DEBUG - Added constraint: UR_EX_co2_e
2024-10-20 10:47:38,163 - ME modelNone - DEBUG - Added variable: FU_EX_etoh_e
2024-10-20 10:47:38,163 - ME modelNone - DEBUG - Added variable: BU_EX_etoh_e
2024-10-20 10:47:38,163 - ME modelNone - DEBUG - Added constraint: SU_EX_etoh_e
2024-10-20 10:47:38,163 - ME modelNone - DEBUG - Added constraint: UF_EX_etoh_e
2024-10-20 10:47:38,164 - ME modelNone - DEBUG - Added constraint: UR_EX_etoh_e
2024-10-20 10:47:38,164 - ME modelNone - DEBUG - Added variable: FU_EX_for_e
2024-10-20 10:47:38,164 - ME modelNone - DEBUG - Added variable: BU_EX_for_e
2024-10-20 10:47:38,165 - ME modelNone - DEBUG - Added constraint: SU_EX_for_e
2024-10-20 10:47:38,165 - ME modelNone - DEBUG - Added constraint: UF_EX_for_e
2024-10-20 10:47:38,165 - ME modelNone - DEBUG - Added constraint: UR_EX_for_e
2024-10-20 10:47:38,166 - ME modelNone - DEBUG - Added variable: FU_EX_fru_e
2024-10-20 10:47:38,166 - ME modelNone - DEBUG - Added variable: BU_EX_fru_e
2024-10-20 10:47:38,166 - ME modelNone - DEBUG - Added constraint: SU_EX_fru_e
2024-10-20 10:47:38,167 - ME modelNone - DEBUG - Added constraint: UF_EX_fru_e
2024-10-20 10:47:38,167 - ME modelNone - DEBUG - Added constraint: UR_EX_fru_e
2024-10-20 10:47:38,167 - ME modelNone - DEBUG - Added variable: FU_EX_fum_e
2024-10-20 10:47:38,168 - ME modelNone - DEBUG - Added variable: BU_EX_fum_e
2024-10-20 10:47:38,168 - ME modelNone - DEBUG - Added constraint: SU_EX_fum_e
2024-10-20 10:47:38,168 - ME modelNone - DEBUG - Added constraint: UF_EX_fum_e
2024-10-20 10:47:38,169 - ME modelNone - DEBUG - Added constraint: UR_EX_fum_e
2024-10-20 10:47:38,169 - ME modelNone - DEBUG - Added variable: FU_EX_glc__D_e
2024-10-20 10:47:38,169 - ME modelNone - DEBUG - Added variable: BU_EX_glc__D_e
2024-10-20 10:47:38,169 - ME modelNone - DEBUG - Added constraint: SU_EX_glc__D_e
2024-10-20 10:47:38,170 - ME modelNone - DEBUG - Added constraint: UF_EX_glc__D_e
2024-10-20 10:47:38,170 - ME modelNone - DEBUG - Added constraint: UR_EX_glc__D_e
2024-10-20 10:47:38,171 - ME modelNone - DEBUG - Added variable: FU_EX_gln__L_e
2024-10-20 10:47:38,171 - ME modelNone - DEBUG - Added variable: BU_EX_gln__L_e
2024-10-20 10:47:38,171 - ME modelNone - DEBUG - Added constraint: SU_EX_gln__L_e
2024-10-20 10:47:38,171 - ME modelNone - DEBUG - Added constraint: UF_EX_gln__L_e
2024-10-20 10:47:38,172 - ME modelNone - DEBUG - Added constraint: UR_EX_gln__L_e
2024-10-20 10:47:38,172 - ME modelNone - DEBUG - Added variable: FU_EX_glu__L_e
2024-10-20 10:47:38,172 - ME modelNone - DEBUG - Added variable: BU_EX_glu__L_e
2024-10-20 10:47:38,173 - ME modelNone - DEBUG - Added constraint: SU_EX_glu__L_e
2024-10-20 10:47:38,173 - ME modelNone - DEBUG - Added constraint: UF_EX_glu__L_e
2024-10-20 10:47:38,174 - ME modelNone - DEBUG - Added constraint: UR_EX_glu__L_e
2024-10-20 10:47:38,174 - ME modelNone - DEBUG - Added variable: FU_EX_h_e
2024-10-20 10:47:38,174 - ME modelNone - DEBUG - Added variable: BU_EX_h_e
2024-10-20 10:47:38,174 - ME modelNone - DEBUG - Added constraint: SU_EX_h_e
2024-10-20 10:47:38,175 - ME modelNone - DEBUG - Added constraint: UF_EX_h_e
2024-10-20 10:47:38,175 - ME modelNone - DEBUG - Added constraint: UR_EX_h_e
2024-10-20 10:47:38,175 - ME modelNone - DEBUG - Added variable: FU_EX_h2o_e
2024-10-20 10:47:38,176 - ME modelNone - DEBUG - Added variable: BU_EX_h2o_e
2024-10-20 10:47:38,176 - ME modelNone - DEBUG - Added constraint: SU_EX_h2o_e
2024-10-20 10:47:38,176 - ME modelNone - DEBUG - Added constraint: UF_EX_h2o_e
2024-10-20 10:47:38,177 - ME modelNone - DEBUG - Added constraint: UR_EX_h2o_e
2024-10-20 10:47:38,177 - ME modelNone - DEBUG - Added variable: FU_EX_lac__D_e
2024-10-20 10:47:38,177 - ME modelNone - DEBUG - Added variable: BU_EX_lac__D_e
2024-10-20 10:47:38,178 - ME modelNone - DEBUG - Added constraint: SU_EX_lac__D_e
2024-10-20 10:47:38,178 - ME modelNone - DEBUG - Added constraint: UF_EX_lac__D_e
2024-10-20 10:47:38,178 - ME modelNone - DEBUG - Added constraint: UR_EX_lac__D_e
2024-10-20 10:47:38,179 - ME modelNone - DEBUG - Added variable: FU_EX_mal__L_e
2024-10-20 10:47:38,179 - ME modelNone - DEBUG - Added variable: BU_EX_mal__L_e
2024-10-20 10:47:38,179 - ME modelNone - DEBUG - Added constraint: SU_EX_mal__L_e
2024-10-20 10:47:38,180 - ME modelNone - DEBUG - Added constraint: UF_EX_mal__L_e
2024-10-20 10:47:38,180 - ME modelNone - DEBUG - Added constraint: UR_EX_mal__L_e
2024-10-20 10:47:38,180 - ME modelNone - DEBUG - Added variable: FU_EX_nh4_e
2024-10-20 10:47:38,181 - ME modelNone - DEBUG - Added variable: BU_EX_nh4_e
2024-10-20 10:47:38,181 - ME modelNone - DEBUG - Added constraint: SU_EX_nh4_e
2024-10-20 10:47:38,181 - ME modelNone - DEBUG - Added constraint: UF_EX_nh4_e
2024-10-20 10:47:38,182 - ME modelNone - DEBUG - Added constraint: UR_EX_nh4_e
2024-10-20 10:47:38,182 - ME modelNone - DEBUG - Added variable: FU_EX_o2_e
2024-10-20 10:47:38,182 - ME modelNone - DEBUG - Added variable: BU_EX_o2_e
2024-10-20 10:47:38,182 - ME modelNone - DEBUG - Added constraint: SU_EX_o2_e
2024-10-20 10:47:38,183 - ME modelNone - DEBUG - Added constraint: UF_EX_o2_e
2024-10-20 10:47:38,183 - ME modelNone - DEBUG - Added constraint: UR_EX_o2_e
2024-10-20 10:47:38,184 - ME modelNone - DEBUG - Added variable: FU_EX_pi_e
2024-10-20 10:47:38,184 - ME modelNone - DEBUG - Added variable: BU_EX_pi_e
2024-10-20 10:47:38,184 - ME modelNone - DEBUG - Added constraint: SU_EX_pi_e
2024-10-20 10:47:38,185 - ME modelNone - DEBUG - Added constraint: UF_EX_pi_e
2024-10-20 10:47:38,185 - ME modelNone - DEBUG - Added constraint: UR_EX_pi_e
2024-10-20 10:47:38,185 - ME modelNone - DEBUG - Added variable: FU_EX_pyr_e
2024-10-20 10:47:38,185 - ME modelNone - DEBUG - Added variable: BU_EX_pyr_e
2024-10-20 10:47:38,186 - ME modelNone - DEBUG - Added constraint: SU_EX_pyr_e
2024-10-20 10:47:38,186 - ME modelNone - DEBUG - Added constraint: UF_EX_pyr_e
2024-10-20 10:47:38,187 - ME modelNone - DEBUG - Added constraint: UR_EX_pyr_e
2024-10-20 10:47:38,187 - ME modelNone - DEBUG - Added variable: FU_EX_succ_e
2024-10-20 10:47:38,187 - ME modelNone - DEBUG - Added variable: BU_EX_succ_e
2024-10-20 10:47:38,187 - ME modelNone - DEBUG - Added constraint: SU_EX_succ_e
2024-10-20 10:47:38,188 - ME modelNone - DEBUG - Added constraint: UF_EX_succ_e
2024-10-20 10:47:38,188 - ME modelNone - DEBUG - Added constraint: UR_EX_succ_e
2024-10-20 10:47:38,188 - ME modelNone - DEBUG - Added variable: FU_FBA
2024-10-20 10:47:38,189 - ME modelNone - DEBUG - Added variable: BU_FBA
2024-10-20 10:47:38,189 - ME modelNone - DEBUG - Added constraint: SU_FBA
2024-10-20 10:47:38,189 - ME modelNone - DEBUG - Added constraint: UF_FBA
2024-10-20 10:47:38,190 - ME modelNone - DEBUG - Added constraint: UR_FBA
2024-10-20 10:47:38,190 - ME modelNone - DEBUG - Added variable: FU_FBP
2024-10-20 10:47:38,190 - ME modelNone - DEBUG - Added variable: BU_FBP
2024-10-20 10:47:38,191 - ME modelNone - DEBUG - Added constraint: SU_FBP
2024-10-20 10:47:38,191 - ME modelNone - DEBUG - Added constraint: UF_FBP
2024-10-20 10:47:38,191 - ME modelNone - DEBUG - Added constraint: UR_FBP
2024-10-20 10:47:38,192 - ME modelNone - DEBUG - Added variable: FU_FORt2
2024-10-20 10:47:38,192 - ME modelNone - DEBUG - Added variable: BU_FORt2
2024-10-20 10:47:38,192 - ME modelNone - DEBUG - Added constraint: SU_FORt2
2024-10-20 10:47:38,193 - ME modelNone - DEBUG - Added constraint: UF_FORt2
2024-10-20 10:47:38,193 - ME modelNone - DEBUG - Added constraint: UR_FORt2
2024-10-20 10:47:38,193 - ME modelNone - DEBUG - Added variable: FU_FORt
2024-10-20 10:47:38,194 - ME modelNone - DEBUG - Added variable: BU_FORt
2024-10-20 10:47:38,194 - ME modelNone - DEBUG - Added constraint: SU_FORt
2024-10-20 10:47:38,194 - ME modelNone - DEBUG - Added constraint: UF_FORt
2024-10-20 10:47:38,195 - ME modelNone - DEBUG - Added constraint: UR_FORt
2024-10-20 10:47:38,195 - ME modelNone - DEBUG - Added variable: FU_FRD7
2024-10-20 10:47:38,195 - ME modelNone - DEBUG - Added variable: BU_FRD7
2024-10-20 10:47:38,195 - ME modelNone - DEBUG - Added constraint: SU_FRD7
2024-10-20 10:47:38,196 - ME modelNone - DEBUG - Added constraint: UF_FRD7
2024-10-20 10:47:38,196 - ME modelNone - DEBUG - Added constraint: UR_FRD7
2024-10-20 10:47:38,197 - ME modelNone - DEBUG - Added variable: FU_FRUpts2
2024-10-20 10:47:38,197 - ME modelNone - DEBUG - Added variable: BU_FRUpts2
2024-10-20 10:47:38,197 - ME modelNone - DEBUG - Added constraint: SU_FRUpts2
2024-10-20 10:47:38,197 - ME modelNone - DEBUG - Added constraint: UF_FRUpts2
2024-10-20 10:47:38,198 - ME modelNone - DEBUG - Added constraint: UR_FRUpts2
2024-10-20 10:47:38,198 - ME modelNone - DEBUG - Added variable: FU_FUM
2024-10-20 10:47:38,198 - ME modelNone - DEBUG - Added variable: BU_FUM
2024-10-20 10:47:38,199 - ME modelNone - DEBUG - Added constraint: SU_FUM
2024-10-20 10:47:38,199 - ME modelNone - DEBUG - Added constraint: UF_FUM
2024-10-20 10:47:38,200 - ME modelNone - DEBUG - Added constraint: UR_FUM
2024-10-20 10:47:38,200 - ME modelNone - DEBUG - Added variable: FU_FUMt2_2
2024-10-20 10:47:38,200 - ME modelNone - DEBUG - Added variable: BU_FUMt2_2
2024-10-20 10:47:38,200 - ME modelNone - DEBUG - Added constraint: SU_FUMt2_2
2024-10-20 10:47:38,201 - ME modelNone - DEBUG - Added constraint: UF_FUMt2_2
2024-10-20 10:47:38,201 - ME modelNone - DEBUG - Added constraint: UR_FUMt2_2
2024-10-20 10:47:38,202 - ME modelNone - DEBUG - Added variable: FU_G6PDH2r
2024-10-20 10:47:38,202 - ME modelNone - DEBUG - Added variable: BU_G6PDH2r
2024-10-20 10:47:38,202 - ME modelNone - DEBUG - Added constraint: SU_G6PDH2r
2024-10-20 10:47:38,202 - ME modelNone - DEBUG - Added constraint: UF_G6PDH2r
2024-10-20 10:47:38,203 - ME modelNone - DEBUG - Added constraint: UR_G6PDH2r
2024-10-20 10:47:38,203 - ME modelNone - DEBUG - Added variable: FU_GAPD
2024-10-20 10:47:38,203 - ME modelNone - DEBUG - Added variable: BU_GAPD
2024-10-20 10:47:38,204 - ME modelNone - DEBUG - Added constraint: SU_GAPD
2024-10-20 10:47:38,204 - ME modelNone - DEBUG - Added constraint: UF_GAPD
2024-10-20 10:47:38,204 - ME modelNone - DEBUG - Added constraint: UR_GAPD
2024-10-20 10:47:38,205 - ME modelNone - DEBUG - Added variable: FU_GLCpts
2024-10-20 10:47:38,205 - ME modelNone - DEBUG - Added variable: BU_GLCpts
2024-10-20 10:47:38,205 - ME modelNone - DEBUG - Added constraint: SU_GLCpts
2024-10-20 10:47:38,206 - ME modelNone - DEBUG - Added constraint: UF_GLCpts
2024-10-20 10:47:38,206 - ME modelNone - DEBUG - Added constraint: UR_GLCpts
2024-10-20 10:47:38,206 - ME modelNone - DEBUG - Added variable: FU_GLNS
2024-10-20 10:47:38,207 - ME modelNone - DEBUG - Added variable: BU_GLNS
2024-10-20 10:47:38,207 - ME modelNone - DEBUG - Added constraint: SU_GLNS
2024-10-20 10:47:38,207 - ME modelNone - DEBUG - Added constraint: UF_GLNS
2024-10-20 10:47:38,208 - ME modelNone - DEBUG - Added constraint: UR_GLNS
2024-10-20 10:47:38,208 - ME modelNone - DEBUG - Added variable: FU_GLNabc
2024-10-20 10:47:38,208 - ME modelNone - DEBUG - Added variable: BU_GLNabc
2024-10-20 10:47:38,208 - ME modelNone - DEBUG - Added constraint: SU_GLNabc
2024-10-20 10:47:38,209 - ME modelNone - DEBUG - Added constraint: UF_GLNabc
2024-10-20 10:47:38,209 - ME modelNone - DEBUG - Added constraint: UR_GLNabc
2024-10-20 10:47:38,210 - ME modelNone - DEBUG - Added variable: FU_GLUDy
2024-10-20 10:47:38,210 - ME modelNone - DEBUG - Added variable: BU_GLUDy
2024-10-20 10:47:38,210 - ME modelNone - DEBUG - Added constraint: SU_GLUDy
2024-10-20 10:47:38,211 - ME modelNone - DEBUG - Added constraint: UF_GLUDy
2024-10-20 10:47:38,211 - ME modelNone - DEBUG - Added constraint: UR_GLUDy
2024-10-20 10:47:38,211 - ME modelNone - DEBUG - Added variable: FU_GLUN
2024-10-20 10:47:38,211 - ME modelNone - DEBUG - Added variable: BU_GLUN
2024-10-20 10:47:38,212 - ME modelNone - DEBUG - Added constraint: SU_GLUN
2024-10-20 10:47:38,212 - ME modelNone - DEBUG - Added constraint: UF_GLUN
2024-10-20 10:47:38,213 - ME modelNone - DEBUG - Added constraint: UR_GLUN
2024-10-20 10:47:38,213 - ME modelNone - DEBUG - Added variable: FU_GLUSy
2024-10-20 10:47:38,213 - ME modelNone - DEBUG - Added variable: BU_GLUSy
2024-10-20 10:47:38,213 - ME modelNone - DEBUG - Added constraint: SU_GLUSy
2024-10-20 10:47:38,214 - ME modelNone - DEBUG - Added constraint: UF_GLUSy
2024-10-20 10:47:38,214 - ME modelNone - DEBUG - Added constraint: UR_GLUSy
2024-10-20 10:47:38,215 - ME modelNone - DEBUG - Added variable: FU_GLUt2r
2024-10-20 10:47:38,215 - ME modelNone - DEBUG - Added variable: BU_GLUt2r
2024-10-20 10:47:38,215 - ME modelNone - DEBUG - Added constraint: SU_GLUt2r
2024-10-20 10:47:38,215 - ME modelNone - DEBUG - Added constraint: UF_GLUt2r
2024-10-20 10:47:38,216 - ME modelNone - DEBUG - Added constraint: UR_GLUt2r
2024-10-20 10:47:38,216 - ME modelNone - DEBUG - Added variable: FU_GND
2024-10-20 10:47:38,216 - ME modelNone - DEBUG - Added variable: BU_GND
2024-10-20 10:47:38,217 - ME modelNone - DEBUG - Added constraint: SU_GND
2024-10-20 10:47:38,217 - ME modelNone - DEBUG - Added constraint: UF_GND
2024-10-20 10:47:38,217 - ME modelNone - DEBUG - Added constraint: UR_GND
2024-10-20 10:47:38,218 - ME modelNone - DEBUG - Added variable: FU_H2Ot
2024-10-20 10:47:38,218 - ME modelNone - DEBUG - Added variable: BU_H2Ot
2024-10-20 10:47:38,218 - ME modelNone - DEBUG - Added constraint: SU_H2Ot
2024-10-20 10:47:38,219 - ME modelNone - DEBUG - Added constraint: UF_H2Ot
2024-10-20 10:47:38,219 - ME modelNone - DEBUG - Added constraint: UR_H2Ot
2024-10-20 10:47:38,219 - ME modelNone - DEBUG - Added variable: FU_ICDHyr
2024-10-20 10:47:38,220 - ME modelNone - DEBUG - Added variable: BU_ICDHyr
2024-10-20 10:47:38,220 - ME modelNone - DEBUG - Added constraint: SU_ICDHyr
2024-10-20 10:47:38,220 - ME modelNone - DEBUG - Added constraint: UF_ICDHyr
2024-10-20 10:47:38,221 - ME modelNone - DEBUG - Added constraint: UR_ICDHyr
2024-10-20 10:47:38,221 - ME modelNone - DEBUG - Added variable: FU_ICL
2024-10-20 10:47:38,221 - ME modelNone - DEBUG - Added variable: BU_ICL
2024-10-20 10:47:38,221 - ME modelNone - DEBUG - Added constraint: SU_ICL
2024-10-20 10:47:38,222 - ME modelNone - DEBUG - Added constraint: UF_ICL
2024-10-20 10:47:38,222 - ME modelNone - DEBUG - Added constraint: UR_ICL
2024-10-20 10:47:38,223 - ME modelNone - DEBUG - Added variable: FU_LDH_D
2024-10-20 10:47:38,223 - ME modelNone - DEBUG - Added variable: BU_LDH_D
2024-10-20 10:47:38,223 - ME modelNone - DEBUG - Added constraint: SU_LDH_D
2024-10-20 10:47:38,224 - ME modelNone - DEBUG - Added constraint: UF_LDH_D
2024-10-20 10:47:38,224 - ME modelNone - DEBUG - Added constraint: UR_LDH_D
2024-10-20 10:47:38,224 - ME modelNone - DEBUG - Added variable: FU_MALS
2024-10-20 10:47:38,224 - ME modelNone - DEBUG - Added variable: BU_MALS
2024-10-20 10:47:38,225 - ME modelNone - DEBUG - Added constraint: SU_MALS
2024-10-20 10:47:38,225 - ME modelNone - DEBUG - Added constraint: UF_MALS
2024-10-20 10:47:38,226 - ME modelNone - DEBUG - Added constraint: UR_MALS
2024-10-20 10:47:38,226 - ME modelNone - DEBUG - Added variable: FU_MALt2_2
2024-10-20 10:47:38,226 - ME modelNone - DEBUG - Added variable: BU_MALt2_2
2024-10-20 10:47:38,226 - ME modelNone - DEBUG - Added constraint: SU_MALt2_2
2024-10-20 10:47:38,227 - ME modelNone - DEBUG - Added constraint: UF_MALt2_2
2024-10-20 10:47:38,228 - ME modelNone - DEBUG - Added constraint: UR_MALt2_2
2024-10-20 10:47:38,228 - ME modelNone - DEBUG - Added variable: FU_MDH
2024-10-20 10:47:38,228 - ME modelNone - DEBUG - Added variable: BU_MDH
2024-10-20 10:47:38,228 - ME modelNone - DEBUG - Added constraint: SU_MDH
2024-10-20 10:47:38,229 - ME modelNone - DEBUG - Added constraint: UF_MDH
2024-10-20 10:47:38,229 - ME modelNone - DEBUG - Added constraint: UR_MDH
2024-10-20 10:47:38,230 - ME modelNone - DEBUG - Added variable: FU_ME1
2024-10-20 10:47:38,230 - ME modelNone - DEBUG - Added variable: BU_ME1
2024-10-20 10:47:38,230 - ME modelNone - DEBUG - Added constraint: SU_ME1
2024-10-20 10:47:38,230 - ME modelNone - DEBUG - Added constraint: UF_ME1
2024-10-20 10:47:38,231 - ME modelNone - DEBUG - Added constraint: UR_ME1
2024-10-20 10:47:38,231 - ME modelNone - DEBUG - Added variable: FU_ME2
2024-10-20 10:47:38,231 - ME modelNone - DEBUG - Added variable: BU_ME2
2024-10-20 10:47:38,232 - ME modelNone - DEBUG - Added constraint: SU_ME2
2024-10-20 10:47:38,232 - ME modelNone - DEBUG - Added constraint: UF_ME2
2024-10-20 10:47:38,232 - ME modelNone - DEBUG - Added constraint: UR_ME2
2024-10-20 10:47:38,233 - ME modelNone - DEBUG - Added variable: FU_NADH16
2024-10-20 10:47:38,233 - ME modelNone - DEBUG - Added variable: BU_NADH16
2024-10-20 10:47:38,233 - ME modelNone - DEBUG - Added constraint: SU_NADH16
2024-10-20 10:47:38,234 - ME modelNone - DEBUG - Added constraint: UF_NADH16
2024-10-20 10:47:38,234 - ME modelNone - DEBUG - Added constraint: UR_NADH16
2024-10-20 10:47:38,234 - ME modelNone - DEBUG - Added variable: FU_NADTRHD
2024-10-20 10:47:38,235 - ME modelNone - DEBUG - Added variable: BU_NADTRHD
2024-10-20 10:47:38,235 - ME modelNone - DEBUG - Added constraint: SU_NADTRHD
2024-10-20 10:47:38,235 - ME modelNone - DEBUG - Added constraint: UF_NADTRHD
2024-10-20 10:47:38,236 - ME modelNone - DEBUG - Added constraint: UR_NADTRHD
2024-10-20 10:47:38,236 - ME modelNone - DEBUG - Added variable: FU_NH4t
2024-10-20 10:47:38,236 - ME modelNone - DEBUG - Added variable: BU_NH4t
2024-10-20 10:47:38,237 - ME modelNone - DEBUG - Added constraint: SU_NH4t
2024-10-20 10:47:38,237 - ME modelNone - DEBUG - Added constraint: UF_NH4t
2024-10-20 10:47:38,237 - ME modelNone - DEBUG - Added constraint: UR_NH4t
2024-10-20 10:47:38,238 - ME modelNone - DEBUG - Added variable: FU_O2t
2024-10-20 10:47:38,238 - ME modelNone - DEBUG - Added variable: BU_O2t
2024-10-20 10:47:38,238 - ME modelNone - DEBUG - Added constraint: SU_O2t
2024-10-20 10:47:38,239 - ME modelNone - DEBUG - Added constraint: UF_O2t
2024-10-20 10:47:38,239 - ME modelNone - DEBUG - Added constraint: UR_O2t
2024-10-20 10:47:38,239 - ME modelNone - DEBUG - Added variable: FU_PDH
2024-10-20 10:47:38,240 - ME modelNone - DEBUG - Added variable: BU_PDH
2024-10-20 10:47:38,240 - ME modelNone - DEBUG - Added constraint: SU_PDH
2024-10-20 10:47:38,240 - ME modelNone - DEBUG - Added constraint: UF_PDH
2024-10-20 10:47:38,241 - ME modelNone - DEBUG - Added constraint: UR_PDH
2024-10-20 10:47:38,241 - ME modelNone - INFO - # Model conversion done.
2024-10-20 10:47:38,241 - ME modelNone - INFO - # Updating cobra_model variables...
2024-10-20 10:47:38,242 - ME modelNone - INFO - # cobra_model variables are up-to-date
2024-10-20 10:47:38,242 - ME modelNone - INFO - Setting minimal growth rate to 95% of the TFA solution
2024-10-20 10:47:38,248 - ME modelNone - DEBUG - 'slim_optimize' ((), {}) 0.01 sec
2024-10-20 10:47:38,249 - ME modelNone - INFO - Setting minimal growth rate to 0.8739215069684301
2024-10-20 10:47:38,249 - ME modelNone - INFO - Using default sum_flux : False
