2024-10-20 10:31:26,302 - ME modelNone - INFO - # Model initialized 
2024-10-20 10:31:26,302 - ME modelNone - INFO - # Model conversion starting...
2024-10-20 10:31:26,303 - ME modelNone - DEBUG - Added variable: FU_PFK
2024-10-20 10:31:26,303 - ME modelNone - DEBUG - Added variable: BU_PFK
2024-10-20 10:31:26,303 - ME modelNone - DEBUG - Added constraint: SU_PFK
2024-10-20 10:31:26,304 - ME modelNone - DEBUG - Added constraint: UF_PFK
2024-10-20 10:31:26,304 - ME modelNone - DEBUG - Added constraint: UR_PFK
2024-10-20 10:31:26,305 - ME modelNone - DEBUG - Added variable: FU_PFL
2024-10-20 10:31:26,305 - ME modelNone - DEBUG - Added variable: BU_PFL
2024-10-20 10:31:26,305 - ME modelNone - DEBUG - Added constraint: SU_PFL
2024-10-20 10:31:26,305 - ME modelNone - DEBUG - Added constraint: UF_PFL
2024-10-20 10:31:26,306 - ME modelNone - DEBUG - Added constraint: UR_PFL
2024-10-20 10:31:26,306 - ME modelNone - DEBUG - Added variable: FU_PGI
2024-10-20 10:31:26,306 - ME modelNone - DEBUG - Added variable: BU_PGI
2024-10-20 10:31:26,307 - ME modelNone - DEBUG - Added constraint: SU_PGI
2024-10-20 10:31:26,307 - ME modelNone - DEBUG - Added constraint: UF_PGI
2024-10-20 10:31:26,307 - ME modelNone - DEBUG - Added constraint: UR_PGI
2024-10-20 10:31:26,308 - ME modelNone - DEBUG - Added variable: FU_PGK
2024-10-20 10:31:26,308 - ME modelNone - DEBUG - Added variable: BU_PGK
2024-10-20 10:31:26,308 - ME modelNone - DEBUG - Added constraint: SU_PGK
2024-10-20 10:31:26,309 - ME modelNone - DEBUG - Added constraint: UF_PGK
2024-10-20 10:31:26,309 - ME modelNone - DEBUG - Added constraint: UR_PGK
2024-10-20 10:31:26,310 - ME modelNone - DEBUG - Added variable: FU_PGL
2024-10-20 10:31:26,310 - ME modelNone - DEBUG - Added variable: BU_PGL
2024-10-20 10:31:26,310 - ME modelNone - DEBUG - Added constraint: SU_PGL
2024-10-20 10:31:26,311 - ME modelNone - DEBUG - Added constraint: UF_PGL
2024-10-20 10:31:26,311 - ME modelNone - DEBUG - Added constraint: UR_PGL
2024-10-20 10:31:26,312 - ME modelNone - DEBUG - Added variable: FU_ACALD
2024-10-20 10:31:26,312 - ME modelNone - DEBUG - Added variable: BU_ACALD
2024-10-20 10:31:26,312 - ME modelNone - DEBUG - Added constraint: SU_ACALD
2024-10-20 10:31:26,313 - ME modelNone - DEBUG - Added constraint: UF_ACALD
2024-10-20 10:31:26,313 - ME modelNone - DEBUG - Added constraint: UR_ACALD
2024-10-20 10:31:26,314 - ME modelNone - DEBUG - Added variable: FU_AKGt2r
2024-10-20 10:31:26,314 - ME modelNone - DEBUG - Added variable: BU_AKGt2r
2024-10-20 10:31:26,314 - ME modelNone - DEBUG - Added constraint: SU_AKGt2r
2024-10-20 10:31:26,315 - ME modelNone - DEBUG - Added constraint: UF_AKGt2r
2024-10-20 10:31:26,315 - ME modelNone - DEBUG - Added constraint: UR_AKGt2r
2024-10-20 10:31:26,315 - ME modelNone - DEBUG - Added variable: FU_PGM
2024-10-20 10:31:26,316 - ME modelNone - DEBUG - Added variable: BU_PGM
2024-10-20 10:31:26,316 - ME modelNone - DEBUG - Added constraint: SU_PGM
2024-10-20 10:31:26,316 - ME modelNone - DEBUG - Added constraint: UF_PGM
2024-10-20 10:31:26,317 - ME modelNone - DEBUG - Added constraint: UR_PGM
2024-10-20 10:31:26,317 - ME modelNone - DEBUG - Added variable: FU_PIt2r
2024-10-20 10:31:26,317 - ME modelNone - DEBUG - Added variable: BU_PIt2r
2024-10-20 10:31:26,318 - ME modelNone - DEBUG - Added constraint: SU_PIt2r
2024-10-20 10:31:26,319 - ME modelNone - DEBUG - Added constraint: UF_PIt2r
2024-10-20 10:31:26,319 - ME modelNone - DEBUG - Added constraint: UR_PIt2r
2024-10-20 10:31:26,320 - ME modelNone - DEBUG - Added variable: FU_ALCD2x
2024-10-20 10:31:26,320 - ME modelNone - DEBUG - Added variable: BU_ALCD2x
2024-10-20 10:31:26,320 - ME modelNone - DEBUG - Added constraint: SU_ALCD2x
2024-10-20 10:31:26,321 - ME modelNone - DEBUG - Added constraint: UF_ALCD2x
2024-10-20 10:31:26,321 - ME modelNone - DEBUG - Added constraint: UR_ALCD2x
2024-10-20 10:31:26,321 - ME modelNone - DEBUG - Added variable: FU_ACALDt
2024-10-20 10:31:26,322 - ME modelNone - DEBUG - Added variable: BU_ACALDt
2024-10-20 10:31:26,322 - ME modelNone - DEBUG - Added constraint: SU_ACALDt
2024-10-20 10:31:26,322 - ME modelNone - DEBUG - Added constraint: UF_ACALDt
2024-10-20 10:31:26,323 - ME modelNone - DEBUG - Added constraint: UR_ACALDt
2024-10-20 10:31:26,323 - ME modelNone - DEBUG - Added variable: FU_ACKr
2024-10-20 10:31:26,323 - ME modelNone - DEBUG - Added variable: BU_ACKr
2024-10-20 10:31:26,323 - ME modelNone - DEBUG - Added constraint: SU_ACKr
2024-10-20 10:31:26,324 - ME modelNone - DEBUG - Added constraint: UF_ACKr
2024-10-20 10:31:26,325 - ME modelNone - DEBUG - Added constraint: UR_ACKr
2024-10-20 10:31:26,325 - ME modelNone - DEBUG - Added variable: FU_PPC
2024-10-20 10:31:26,325 - ME modelNone - DEBUG - Added variable: BU_PPC
2024-10-20 10:31:26,326 - ME modelNone - DEBUG - Added constraint: SU_PPC
2024-10-20 10:31:26,326 - ME modelNone - DEBUG - Added constraint: UF_PPC
2024-10-20 10:31:26,327 - ME modelNone - DEBUG - Added constraint: UR_PPC
2024-10-20 10:31:26,327 - ME modelNone - DEBUG - Added variable: FU_ACONTa
2024-10-20 10:31:26,327 - ME modelNone - DEBUG - Added variable: BU_ACONTa
2024-10-20 10:31:26,327 - ME modelNone - DEBUG - Added constraint: SU_ACONTa
2024-10-20 10:31:26,328 - ME modelNone - DEBUG - Added constraint: UF_ACONTa
2024-10-20 10:31:26,329 - ME modelNone - DEBUG - Added constraint: UR_ACONTa
2024-10-20 10:31:26,329 - ME modelNone - DEBUG - Added variable: FU_ACONTb
2024-10-20 10:31:26,329 - ME modelNone - DEBUG - Added variable: BU_ACONTb
2024-10-20 10:31:26,329 - ME modelNone - DEBUG - Added constraint: SU_ACONTb
2024-10-20 10:31:26,330 - ME modelNone - DEBUG - Added constraint: UF_ACONTb
2024-10-20 10:31:26,330 - ME modelNone - DEBUG - Added constraint: UR_ACONTb
2024-10-20 10:31:26,331 - ME modelNone - DEBUG - Added variable: FU_ATPM
2024-10-20 10:31:26,331 - ME modelNone - DEBUG - Added variable: BU_ATPM
2024-10-20 10:31:26,331 - ME modelNone - DEBUG - Added constraint: SU_ATPM
2024-10-20 10:31:26,332 - ME modelNone - DEBUG - Added constraint: UF_ATPM
2024-10-20 10:31:26,332 - ME modelNone - DEBUG - Added constraint: UR_ATPM
2024-10-20 10:31:26,332 - ME modelNone - DEBUG - Added variable: FU_PPCK
2024-10-20 10:31:26,333 - ME modelNone - DEBUG - Added variable: BU_PPCK
2024-10-20 10:31:26,333 - ME modelNone - DEBUG - Added constraint: SU_PPCK
2024-10-20 10:31:26,333 - ME modelNone - DEBUG - Added constraint: UF_PPCK
2024-10-20 10:31:26,334 - ME modelNone - DEBUG - Added constraint: UR_PPCK
2024-10-20 10:31:26,334 - ME modelNone - DEBUG - Added variable: FU_ACt2r
2024-10-20 10:31:26,334 - ME modelNone - DEBUG - Added variable: BU_ACt2r
2024-10-20 10:31:26,334 - ME modelNone - DEBUG - Added constraint: SU_ACt2r
2024-10-20 10:31:26,335 - ME modelNone - DEBUG - Added constraint: UF_ACt2r
2024-10-20 10:31:26,335 - ME modelNone - DEBUG - Added constraint: UR_ACt2r
2024-10-20 10:31:26,336 - ME modelNone - DEBUG - Added variable: FU_PPS
2024-10-20 10:31:26,336 - ME modelNone - DEBUG - Added variable: BU_PPS
2024-10-20 10:31:26,336 - ME modelNone - DEBUG - Added constraint: SU_PPS
2024-10-20 10:31:26,336 - ME modelNone - DEBUG - Added constraint: UF_PPS
2024-10-20 10:31:26,337 - ME modelNone - DEBUG - Added constraint: UR_PPS
2024-10-20 10:31:26,337 - ME modelNone - DEBUG - Added variable: FU_ADK1
2024-10-20 10:31:26,337 - ME modelNone - DEBUG - Added variable: BU_ADK1
2024-10-20 10:31:26,338 - ME modelNone - DEBUG - Added constraint: SU_ADK1
2024-10-20 10:31:26,338 - ME modelNone - DEBUG - Added constraint: UF_ADK1
2024-10-20 10:31:26,339 - ME modelNone - DEBUG - Added constraint: UR_ADK1
2024-10-20 10:31:26,339 - ME modelNone - DEBUG - Added variable: FU_AKGDH
2024-10-20 10:31:26,339 - ME modelNone - DEBUG - Added variable: BU_AKGDH
2024-10-20 10:31:26,339 - ME modelNone - DEBUG - Added constraint: SU_AKGDH
2024-10-20 10:31:26,340 - ME modelNone - DEBUG - Added constraint: UF_AKGDH
2024-10-20 10:31:26,340 - ME modelNone - DEBUG - Added constraint: UR_AKGDH
2024-10-20 10:31:26,341 - ME modelNone - DEBUG - Added variable: FU_ATPS4r
2024-10-20 10:31:26,341 - ME modelNone - DEBUG - Added variable: BU_ATPS4r
2024-10-20 10:31:26,341 - ME modelNone - DEBUG - Added constraint: SU_ATPS4r
2024-10-20 10:31:26,341 - ME modelNone - DEBUG - Added constraint: UF_ATPS4r
2024-10-20 10:31:26,342 - ME modelNone - DEBUG - Added constraint: UR_ATPS4r
2024-10-20 10:31:26,342 - ME modelNone - DEBUG - Added variable: FU_PTAr
2024-10-20 10:31:26,342 - ME modelNone - DEBUG - Added variable: BU_PTAr
2024-10-20 10:31:26,343 - ME modelNone - DEBUG - Added constraint: SU_PTAr
2024-10-20 10:31:26,343 - ME modelNone - DEBUG - Added constraint: UF_PTAr
2024-10-20 10:31:26,343 - ME modelNone - DEBUG - Added constraint: UR_PTAr
2024-10-20 10:31:26,344 - ME modelNone - DEBUG - Added variable: FU_PYK
2024-10-20 10:31:26,344 - ME modelNone - DEBUG - Added variable: BU_PYK
2024-10-20 10:31:26,344 - ME modelNone - DEBUG - Added constraint: SU_PYK
2024-10-20 10:31:26,345 - ME modelNone - DEBUG - Added constraint: UF_PYK
2024-10-20 10:31:26,345 - ME modelNone - DEBUG - Added constraint: UR_PYK
2024-10-20 10:31:26,345 - ME modelNone - DEBUG - Added variable: FU_BIOMASS_Ecoli_core_w_GAM
2024-10-20 10:31:26,346 - ME modelNone - DEBUG - Added variable: BU_BIOMASS_Ecoli_core_w_GAM
2024-10-20 10:31:26,346 - ME modelNone - DEBUG - Added constraint: SU_BIOMASS_Ecoli_core_w_GAM
2024-10-20 10:31:26,346 - ME modelNone - DEBUG - Added constraint: UF_BIOMASS_Ecoli_core_w_GAM
2024-10-20 10:31:26,347 - ME modelNone - DEBUG - Added constraint: UR_BIOMASS_Ecoli_core_w_GAM
2024-10-20 10:31:26,347 - ME modelNone - DEBUG - Added variable: FU_PYRt2
2024-10-20 10:31:26,347 - ME modelNone - DEBUG - Added variable: BU_PYRt2
2024-10-20 10:31:26,347 - ME modelNone - DEBUG - Added constraint: SU_PYRt2
2024-10-20 10:31:26,348 - ME modelNone - DEBUG - Added constraint: UF_PYRt2
2024-10-20 10:31:26,348 - ME modelNone - DEBUG - Added constraint: UR_PYRt2
2024-10-20 10:31:26,349 - ME modelNone - DEBUG - Added variable: FU_CO2t
2024-10-20 10:31:26,349 - ME modelNone - DEBUG - Added variable: BU_CO2t
2024-10-20 10:31:26,349 - ME modelNone - DEBUG - Added constraint: SU_CO2t
2024-10-20 10:31:26,349 - ME modelNone - DEBUG - Added constraint: UF_CO2t
2024-10-20 10:31:26,350 - ME modelNone - DEBUG - Added constraint: UR_CO2t
2024-10-20 10:31:26,350 - ME modelNone - DEBUG - Added variable: FU_RPE
2024-10-20 10:31:26,350 - ME modelNone - DEBUG - Added variable: BU_RPE
2024-10-20 10:31:26,351 - ME modelNone - DEBUG - Added constraint: SU_RPE
2024-10-20 10:31:26,351 - ME modelNone - DEBUG - Added constraint: UF_RPE
2024-10-20 10:31:26,352 - ME modelNone - DEBUG - Added constraint: UR_RPE
2024-10-20 10:31:26,352 - ME modelNone - DEBUG - Added variable: FU_CS
2024-10-20 10:31:26,352 - ME modelNone - DEBUG - Added variable: BU_CS
2024-10-20 10:31:26,352 - ME modelNone - DEBUG - Added constraint: SU_CS
2024-10-20 10:31:26,353 - ME modelNone - DEBUG - Added constraint: UF_CS
2024-10-20 10:31:26,353 - ME modelNone - DEBUG - Added constraint: UR_CS
2024-10-20 10:31:26,353 - ME modelNone - DEBUG - Added variable: FU_RPI
2024-10-20 10:31:26,354 - ME modelNone - DEBUG - Added variable: BU_RPI
2024-10-20 10:31:26,354 - ME modelNone - DEBUG - Added constraint: SU_RPI
2024-10-20 10:31:26,354 - ME modelNone - DEBUG - Added constraint: UF_RPI
2024-10-20 10:31:26,355 - ME modelNone - DEBUG - Added constraint: UR_RPI
2024-10-20 10:31:26,355 - ME modelNone - DEBUG - Added variable: FU_SUCCt2_2
2024-10-20 10:31:26,355 - ME modelNone - DEBUG - Added variable: BU_SUCCt2_2
2024-10-20 10:31:26,355 - ME modelNone - DEBUG - Added constraint: SU_SUCCt2_2
2024-10-20 10:31:26,356 - ME modelNone - DEBUG - Added constraint: UF_SUCCt2_2
2024-10-20 10:31:26,356 - ME modelNone - DEBUG - Added constraint: UR_SUCCt2_2
2024-10-20 10:31:26,357 - ME modelNone - DEBUG - Added variable: FU_CYTBD
2024-10-20 10:31:26,357 - ME modelNone - DEBUG - Added variable: BU_CYTBD
2024-10-20 10:31:26,357 - ME modelNone - DEBUG - Added constraint: SU_CYTBD
2024-10-20 10:31:26,357 - ME modelNone - DEBUG - Added constraint: UF_CYTBD
2024-10-20 10:31:26,358 - ME modelNone - DEBUG - Added constraint: UR_CYTBD
2024-10-20 10:31:26,358 - ME modelNone - DEBUG - Added variable: FU_D_LACt2
2024-10-20 10:31:26,358 - ME modelNone - DEBUG - Added variable: BU_D_LACt2
2024-10-20 10:31:26,359 - ME modelNone - DEBUG - Added constraint: SU_D_LACt2
2024-10-20 10:31:26,359 - ME modelNone - DEBUG - Added constraint: UF_D_LACt2
2024-10-20 10:31:26,359 - ME modelNone - DEBUG - Added constraint: UR_D_LACt2
2024-10-20 10:31:26,360 - ME modelNone - DEBUG - Added variable: FU_ENO
2024-10-20 10:31:26,360 - ME modelNone - DEBUG - Added variable: BU_ENO
2024-10-20 10:31:26,360 - ME modelNone - DEBUG - Added constraint: SU_ENO
2024-10-20 10:31:26,361 - ME modelNone - DEBUG - Added constraint: UF_ENO
2024-10-20 10:31:26,361 - ME modelNone - DEBUG - Added constraint: UR_ENO
2024-10-20 10:31:26,362 - ME modelNone - DEBUG - Added variable: FU_SUCCt3
2024-10-20 10:31:26,362 - ME modelNone - DEBUG - Added variable: BU_SUCCt3
2024-10-20 10:31:26,362 - ME modelNone - DEBUG - Added constraint: SU_SUCCt3
2024-10-20 10:31:26,362 - ME modelNone - DEBUG - Added constraint: UF_SUCCt3
2024-10-20 10:31:26,363 - ME modelNone - DEBUG - Added constraint: UR_SUCCt3
2024-10-20 10:31:26,363 - ME modelNone - DEBUG - Added variable: FU_ETOHt2r
2024-10-20 10:31:26,363 - ME modelNone - DEBUG - Added variable: BU_ETOHt2r
2024-10-20 10:31:26,364 - ME modelNone - DEBUG - Added constraint: SU_ETOHt2r
2024-10-20 10:31:26,364 - ME modelNone - DEBUG - Added constraint: UF_ETOHt2r
2024-10-20 10:31:26,364 - ME modelNone - DEBUG - Added constraint: UR_ETOHt2r
2024-10-20 10:31:26,365 - ME modelNone - DEBUG - Added variable: FU_SUCDi
2024-10-20 10:31:26,365 - ME modelNone - DEBUG - Added variable: BU_SUCDi
2024-10-20 10:31:26,365 - ME modelNone - DEBUG - Added constraint: SU_SUCDi
2024-10-20 10:31:26,366 - ME modelNone - DEBUG - Added constraint: UF_SUCDi
2024-10-20 10:31:26,366 - ME modelNone - DEBUG - Added constraint: UR_SUCDi
2024-10-20 10:31:26,366 - ME modelNone - DEBUG - Added variable: FU_SUCOAS
2024-10-20 10:31:26,366 - ME modelNone - DEBUG - Added variable: BU_SUCOAS
2024-10-20 10:31:26,367 - ME modelNone - DEBUG - Added constraint: SU_SUCOAS
2024-10-20 10:31:26,367 - ME modelNone - DEBUG - Added constraint: UF_SUCOAS
2024-10-20 10:31:26,368 - ME modelNone - DEBUG - Added constraint: UR_SUCOAS
2024-10-20 10:31:26,368 - ME modelNone - DEBUG - Added variable: FU_TALA
2024-10-20 10:31:26,368 - ME modelNone - DEBUG - Added variable: BU_TALA
2024-10-20 10:31:26,368 - ME modelNone - DEBUG - Added constraint: SU_TALA
2024-10-20 10:31:26,369 - ME modelNone - DEBUG - Added constraint: UF_TALA
2024-10-20 10:31:26,369 - ME modelNone - DEBUG - Added constraint: UR_TALA
2024-10-20 10:31:26,370 - ME modelNone - DEBUG - Added variable: FU_THD2
2024-10-20 10:31:26,370 - ME modelNone - DEBUG - Added variable: BU_THD2
2024-10-20 10:31:26,370 - ME modelNone - DEBUG - Added constraint: SU_THD2
2024-10-20 10:31:26,370 - ME modelNone - DEBUG - Added constraint: UF_THD2
2024-10-20 10:31:26,371 - ME modelNone - DEBUG - Added constraint: UR_THD2
2024-10-20 10:31:26,371 - ME modelNone - DEBUG - Added variable: FU_TKT1
2024-10-20 10:31:26,371 - ME modelNone - DEBUG - Added variable: BU_TKT1
2024-10-20 10:31:26,372 - ME modelNone - DEBUG - Added constraint: SU_TKT1
2024-10-20 10:31:26,372 - ME modelNone - DEBUG - Added constraint: UF_TKT1
2024-10-20 10:31:26,373 - ME modelNone - DEBUG - Added constraint: UR_TKT1
2024-10-20 10:31:26,373 - ME modelNone - DEBUG - Added variable: FU_TKT2
2024-10-20 10:31:26,373 - ME modelNone - DEBUG - Added variable: BU_TKT2
2024-10-20 10:31:26,373 - ME modelNone - DEBUG - Added constraint: SU_TKT2
2024-10-20 10:31:26,374 - ME modelNone - DEBUG - Added constraint: UF_TKT2
2024-10-20 10:31:26,374 - ME modelNone - DEBUG - Added constraint: UR_TKT2
2024-10-20 10:31:26,374 - ME modelNone - DEBUG - Added variable: FU_TPI
2024-10-20 10:31:26,375 - ME modelNone - DEBUG - Added variable: BU_TPI
2024-10-20 10:31:26,375 - ME modelNone - DEBUG - Added constraint: SU_TPI
2024-10-20 10:31:26,375 - ME modelNone - DEBUG - Added constraint: UF_TPI
2024-10-20 10:31:26,376 - ME modelNone - DEBUG - Added constraint: UR_TPI
2024-10-20 10:31:26,376 - ME modelNone - DEBUG - Added variable: FU_EX_ac_e
2024-10-20 10:31:26,376 - ME modelNone - DEBUG - Added variable: BU_EX_ac_e
2024-10-20 10:31:26,377 - ME modelNone - DEBUG - Added constraint: SU_EX_ac_e
2024-10-20 10:31:26,377 - ME modelNone - DEBUG - Added constraint: UF_EX_ac_e
2024-10-20 10:31:26,377 - ME modelNone - DEBUG - Added constraint: UR_EX_ac_e
2024-10-20 10:31:26,378 - ME modelNone - DEBUG - Added variable: FU_EX_acald_e
2024-10-20 10:31:26,378 - ME modelNone - DEBUG - Added variable: BU_EX_acald_e
2024-10-20 10:31:26,378 - ME modelNone - DEBUG - Added constraint: SU_EX_acald_e
2024-10-20 10:31:26,379 - ME modelNone - DEBUG - Added constraint: UF_EX_acald_e
2024-10-20 10:31:26,379 - ME modelNone - DEBUG - Added constraint: UR_EX_acald_e
2024-10-20 10:31:26,379 - ME modelNone - DEBUG - Added variable: FU_EX_akg_e
2024-10-20 10:31:26,379 - ME modelNone - DEBUG - Added variable: BU_EX_akg_e
2024-10-20 10:31:26,380 - ME modelNone - DEBUG - Added constraint: SU_EX_akg_e
2024-10-20 10:31:26,380 - ME modelNone - DEBUG - Added constraint: UF_EX_akg_e
2024-10-20 10:31:26,381 - ME modelNone - DEBUG - Added constraint: UR_EX_akg_e
2024-10-20 10:31:26,381 - ME modelNone - DEBUG - Added variable: FU_EX_co2_e
2024-10-20 10:31:26,381 - ME modelNone - DEBUG - Added variable: BU_EX_co2_e
2024-10-20 10:31:26,381 - ME modelNone - DEBUG - Added constraint: SU_EX_co2_e
2024-10-20 10:31:26,382 - ME modelNone - DEBUG - Added constraint: UF_EX_co2_e
2024-10-20 10:31:26,382 - ME modelNone - DEBUG - Added constraint: UR_EX_co2_e
2024-10-20 10:31:26,383 - ME modelNone - DEBUG - Added variable: FU_EX_etoh_e
2024-10-20 10:31:26,383 - ME modelNone - DEBUG - Added variable: BU_EX_etoh_e
2024-10-20 10:31:26,383 - ME modelNone - DEBUG - Added constraint: SU_EX_etoh_e
2024-10-20 10:31:26,383 - ME modelNone - DEBUG - Added constraint: UF_EX_etoh_e
2024-10-20 10:31:26,384 - ME modelNone - DEBUG - Added constraint: UR_EX_etoh_e
2024-10-20 10:31:26,384 - ME modelNone - DEBUG - Added variable: FU_EX_for_e
2024-10-20 10:31:26,384 - ME modelNone - DEBUG - Added variable: BU_EX_for_e
2024-10-20 10:31:26,384 - ME modelNone - DEBUG - Added constraint: SU_EX_for_e
2024-10-20 10:31:26,385 - ME modelNone - DEBUG - Added constraint: UF_EX_for_e
2024-10-20 10:31:26,385 - ME modelNone - DEBUG - Added constraint: UR_EX_for_e
2024-10-20 10:31:26,386 - ME modelNone - DEBUG - Added variable: FU_EX_fru_e
2024-10-20 10:31:26,386 - ME modelNone - DEBUG - Added variable: BU_EX_fru_e
2024-10-20 10:31:26,386 - ME modelNone - DEBUG - Added constraint: SU_EX_fru_e
2024-10-20 10:31:26,387 - ME modelNone - DEBUG - Added constraint: UF_EX_fru_e
2024-10-20 10:31:26,387 - ME modelNone - DEBUG - Added constraint: UR_EX_fru_e
2024-10-20 10:31:26,387 - ME modelNone - DEBUG - Added variable: FU_EX_fum_e
2024-10-20 10:31:26,387 - ME modelNone - DEBUG - Added variable: BU_EX_fum_e
2024-10-20 10:31:26,388 - ME modelNone - DEBUG - Added constraint: SU_EX_fum_e
2024-10-20 10:31:26,388 - ME modelNone - DEBUG - Added constraint: UF_EX_fum_e
2024-10-20 10:31:26,389 - ME modelNone - DEBUG - Added constraint: UR_EX_fum_e
2024-10-20 10:31:26,389 - ME modelNone - DEBUG - Added variable: FU_EX_glc__D_e
2024-10-20 10:31:26,389 - ME modelNone - DEBUG - Added variable: BU_EX_glc__D_e
2024-10-20 10:31:26,389 - ME modelNone - DEBUG - Added constraint: SU_EX_glc__D_e
2024-10-20 10:31:26,390 - ME modelNone - DEBUG - Added constraint: UF_EX_glc__D_e
2024-10-20 10:31:26,390 - ME modelNone - DEBUG - Added constraint: UR_EX_glc__D_e
2024-10-20 10:31:26,391 - ME modelNone - DEBUG - Added variable: FU_EX_gln__L_e
2024-10-20 10:31:26,391 - ME modelNone - DEBUG - Added variable: BU_EX_gln__L_e
2024-10-20 10:31:26,391 - ME modelNone - DEBUG - Added constraint: SU_EX_gln__L_e
2024-10-20 10:31:26,391 - ME modelNone - DEBUG - Added constraint: UF_EX_gln__L_e
2024-10-20 10:31:26,392 - ME modelNone - DEBUG - Added constraint: UR_EX_gln__L_e
2024-10-20 10:31:26,392 - ME modelNone - DEBUG - Added variable: FU_EX_glu__L_e
2024-10-20 10:31:26,392 - ME modelNone - DEBUG - Added variable: BU_EX_glu__L_e
2024-10-20 10:31:26,393 - ME modelNone - DEBUG - Added constraint: SU_EX_glu__L_e
2024-10-20 10:31:26,393 - ME modelNone - DEBUG - Added constraint: UF_EX_glu__L_e
2024-10-20 10:31:26,393 - ME modelNone - DEBUG - Added constraint: UR_EX_glu__L_e
2024-10-20 10:31:26,394 - ME modelNone - DEBUG - Added variable: FU_EX_h_e
2024-10-20 10:31:26,394 - ME modelNone - DEBUG - Added variable: BU_EX_h_e
2024-10-20 10:31:26,394 - ME modelNone - DEBUG - Added constraint: SU_EX_h_e
2024-10-20 10:31:26,395 - ME modelNone - DEBUG - Added constraint: UF_EX_h_e
2024-10-20 10:31:26,395 - ME modelNone - DEBUG - Added constraint: UR_EX_h_e
2024-10-20 10:31:26,395 - ME modelNone - DEBUG - Added variable: FU_EX_h2o_e
2024-10-20 10:31:26,396 - ME modelNone - DEBUG - Added variable: BU_EX_h2o_e
2024-10-20 10:31:26,396 - ME modelNone - DEBUG - Added constraint: SU_EX_h2o_e
2024-10-20 10:31:26,396 - ME modelNone - DEBUG - Added constraint: UF_EX_h2o_e
2024-10-20 10:31:26,397 - ME modelNone - DEBUG - Added constraint: UR_EX_h2o_e
2024-10-20 10:31:26,397 - ME modelNone - DEBUG - Added variable: FU_EX_lac__D_e
2024-10-20 10:31:26,397 - ME modelNone - DEBUG - Added variable: BU_EX_lac__D_e
2024-10-20 10:31:26,397 - ME modelNone - DEBUG - Added constraint: SU_EX_lac__D_e
2024-10-20 10:31:26,398 - ME modelNone - DEBUG - Added constraint: UF_EX_lac__D_e
2024-10-20 10:31:26,398 - ME modelNone - DEBUG - Added constraint: UR_EX_lac__D_e
2024-10-20 10:31:26,399 - ME modelNone - DEBUG - Added variable: FU_EX_mal__L_e
2024-10-20 10:31:26,399 - ME modelNone - DEBUG - Added variable: BU_EX_mal__L_e
2024-10-20 10:31:26,399 - ME modelNone - DEBUG - Added constraint: SU_EX_mal__L_e
2024-10-20 10:31:26,400 - ME modelNone - DEBUG - Added constraint: UF_EX_mal__L_e
2024-10-20 10:31:26,400 - ME modelNone - DEBUG - Added constraint: UR_EX_mal__L_e
2024-10-20 10:31:26,400 - ME modelNone - DEBUG - Added variable: FU_EX_nh4_e
2024-10-20 10:31:26,401 - ME modelNone - DEBUG - Added variable: BU_EX_nh4_e
2024-10-20 10:31:26,401 - ME modelNone - DEBUG - Added constraint: SU_EX_nh4_e
2024-10-20 10:31:26,401 - ME modelNone - DEBUG - Added constraint: UF_EX_nh4_e
2024-10-20 10:31:26,402 - ME modelNone - DEBUG - Added constraint: UR_EX_nh4_e
2024-10-20 10:31:26,402 - ME modelNone - DEBUG - Added variable: FU_EX_o2_e
2024-10-20 10:31:26,402 - ME modelNone - DEBUG - Added variable: BU_EX_o2_e
2024-10-20 10:31:26,403 - ME modelNone - DEBUG - Added constraint: SU_EX_o2_e
2024-10-20 10:31:26,403 - ME modelNone - DEBUG - Added constraint: UF_EX_o2_e
2024-10-20 10:31:26,403 - ME modelNone - DEBUG - Added constraint: UR_EX_o2_e
2024-10-20 10:31:26,404 - ME modelNone - DEBUG - Added variable: FU_EX_pi_e
2024-10-20 10:31:26,404 - ME modelNone - DEBUG - Added variable: BU_EX_pi_e
2024-10-20 10:31:26,404 - ME modelNone - DEBUG - Added constraint: SU_EX_pi_e
2024-10-20 10:31:26,405 - ME modelNone - DEBUG - Added constraint: UF_EX_pi_e
2024-10-20 10:31:26,405 - ME modelNone - DEBUG - Added constraint: UR_EX_pi_e
2024-10-20 10:31:26,405 - ME modelNone - DEBUG - Added variable: FU_EX_pyr_e
2024-10-20 10:31:26,406 - ME modelNone - DEBUG - Added variable: BU_EX_pyr_e
2024-10-20 10:31:26,406 - ME modelNone - DEBUG - Added constraint: SU_EX_pyr_e
2024-10-20 10:31:26,406 - ME modelNone - DEBUG - Added constraint: UF_EX_pyr_e
2024-10-20 10:31:26,407 - ME modelNone - DEBUG - Added constraint: UR_EX_pyr_e
2024-10-20 10:31:26,407 - ME modelNone - DEBUG - Added variable: FU_EX_succ_e
2024-10-20 10:31:26,407 - ME modelNone - DEBUG - Added variable: BU_EX_succ_e
2024-10-20 10:31:26,407 - ME modelNone - DEBUG - Added constraint: SU_EX_succ_e
2024-10-20 10:31:26,408 - ME modelNone - DEBUG - Added constraint: UF_EX_succ_e
2024-10-20 10:31:26,408 - ME modelNone - DEBUG - Added constraint: UR_EX_succ_e
2024-10-20 10:31:26,409 - ME modelNone - DEBUG - Added variable: FU_FBA
2024-10-20 10:31:26,409 - ME modelNone - DEBUG - Added variable: BU_FBA
2024-10-20 10:31:26,409 - ME modelNone - DEBUG - Added constraint: SU_FBA
2024-10-20 10:31:26,410 - ME modelNone - DEBUG - Added constraint: UF_FBA
2024-10-20 10:31:26,410 - ME modelNone - DEBUG - Added constraint: UR_FBA
2024-10-20 10:31:26,410 - ME modelNone - DEBUG - Added variable: FU_FBP
2024-10-20 10:31:26,411 - ME modelNone - DEBUG - Added variable: BU_FBP
2024-10-20 10:31:26,411 - ME modelNone - DEBUG - Added constraint: SU_FBP
2024-10-20 10:31:26,411 - ME modelNone - DEBUG - Added constraint: UF_FBP
2024-10-20 10:31:26,412 - ME modelNone - DEBUG - Added constraint: UR_FBP
2024-10-20 10:31:26,412 - ME modelNone - DEBUG - Added variable: FU_FORt2
2024-10-20 10:31:26,412 - ME modelNone - DEBUG - Added variable: BU_FORt2
2024-10-20 10:31:26,412 - ME modelNone - DEBUG - Added constraint: SU_FORt2
2024-10-20 10:31:26,413 - ME modelNone - DEBUG - Added constraint: UF_FORt2
2024-10-20 10:31:26,413 - ME modelNone - DEBUG - Added constraint: UR_FORt2
2024-10-20 10:31:26,414 - ME modelNone - DEBUG - Added variable: FU_FORt
2024-10-20 10:31:26,414 - ME modelNone - DEBUG - Added variable: BU_FORt
2024-10-20 10:31:26,414 - ME modelNone - DEBUG - Added constraint: SU_FORt
2024-10-20 10:31:26,415 - ME modelNone - DEBUG - Added constraint: UF_FORt
2024-10-20 10:31:26,415 - ME modelNone - DEBUG - Added constraint: UR_FORt
2024-10-20 10:31:26,415 - ME modelNone - DEBUG - Added variable: FU_FRD7
2024-10-20 10:31:26,416 - ME modelNone - DEBUG - Added variable: BU_FRD7
2024-10-20 10:31:26,416 - ME modelNone - DEBUG - Added constraint: SU_FRD7
2024-10-20 10:31:26,416 - ME modelNone - DEBUG - Added constraint: UF_FRD7
2024-10-20 10:31:26,417 - ME modelNone - DEBUG - Added constraint: UR_FRD7
2024-10-20 10:31:26,417 - ME modelNone - DEBUG - Added variable: FU_FRUpts2
2024-10-20 10:31:26,417 - ME modelNone - DEBUG - Added variable: BU_FRUpts2
2024-10-20 10:31:26,417 - ME modelNone - DEBUG - Added constraint: SU_FRUpts2
2024-10-20 10:31:26,418 - ME modelNone - DEBUG - Added constraint: UF_FRUpts2
2024-10-20 10:31:26,418 - ME modelNone - DEBUG - Added constraint: UR_FRUpts2
2024-10-20 10:31:26,419 - ME modelNone - DEBUG - Added variable: FU_FUM
2024-10-20 10:31:26,419 - ME modelNone - DEBUG - Added variable: BU_FUM
2024-10-20 10:31:26,419 - ME modelNone - DEBUG - Added constraint: SU_FUM
2024-10-20 10:31:26,420 - ME modelNone - DEBUG - Added constraint: UF_FUM
2024-10-20 10:31:26,420 - ME modelNone - DEBUG - Added constraint: UR_FUM
2024-10-20 10:31:26,420 - ME modelNone - DEBUG - Added variable: FU_FUMt2_2
2024-10-20 10:31:26,421 - ME modelNone - DEBUG - Added variable: BU_FUMt2_2
2024-10-20 10:31:26,421 - ME modelNone - DEBUG - Added constraint: SU_FUMt2_2
2024-10-20 10:31:26,421 - ME modelNone - DEBUG - Added constraint: UF_FUMt2_2
2024-10-20 10:31:26,422 - ME modelNone - DEBUG - Added constraint: UR_FUMt2_2
2024-10-20 10:31:26,422 - ME modelNone - DEBUG - Added variable: FU_G6PDH2r
2024-10-20 10:31:26,422 - ME modelNone - DEBUG - Added variable: BU_G6PDH2r
2024-10-20 10:31:26,422 - ME modelNone - DEBUG - Added constraint: SU_G6PDH2r
2024-10-20 10:31:26,423 - ME modelNone - DEBUG - Added constraint: UF_G6PDH2r
2024-10-20 10:31:26,423 - ME modelNone - DEBUG - Added constraint: UR_G6PDH2r
2024-10-20 10:31:26,424 - ME modelNone - DEBUG - Added variable: FU_GAPD
2024-10-20 10:31:26,424 - ME modelNone - DEBUG - Added variable: BU_GAPD
2024-10-20 10:31:26,424 - ME modelNone - DEBUG - Added constraint: SU_GAPD
2024-10-20 10:31:26,425 - ME modelNone - DEBUG - Added constraint: UF_GAPD
2024-10-20 10:31:26,425 - ME modelNone - DEBUG - Added constraint: UR_GAPD
2024-10-20 10:31:26,425 - ME modelNone - DEBUG - Added variable: FU_GLCpts
2024-10-20 10:31:26,426 - ME modelNone - DEBUG - Added variable: BU_GLCpts
2024-10-20 10:31:26,426 - ME modelNone - DEBUG - Added constraint: SU_GLCpts
2024-10-20 10:31:26,426 - ME modelNone - DEBUG - Added constraint: UF_GLCpts
2024-10-20 10:31:26,427 - ME modelNone - DEBUG - Added constraint: UR_GLCpts
2024-10-20 10:31:26,427 - ME modelNone - DEBUG - Added variable: FU_GLNS
2024-10-20 10:31:26,427 - ME modelNone - DEBUG - Added variable: BU_GLNS
2024-10-20 10:31:26,427 - ME modelNone - DEBUG - Added constraint: SU_GLNS
2024-10-20 10:31:26,428 - ME modelNone - DEBUG - Added constraint: UF_GLNS
2024-10-20 10:31:26,428 - ME modelNone - DEBUG - Added constraint: UR_GLNS
2024-10-20 10:31:26,429 - ME modelNone - DEBUG - Added variable: FU_GLNabc
2024-10-20 10:31:26,429 - ME modelNone - DEBUG - Added variable: BU_GLNabc
2024-10-20 10:31:26,429 - ME modelNone - DEBUG - Added constraint: SU_GLNabc
2024-10-20 10:31:26,430 - ME modelNone - DEBUG - Added constraint: UF_GLNabc
2024-10-20 10:31:26,430 - ME modelNone - DEBUG - Added constraint: UR_GLNabc
2024-10-20 10:31:26,430 - ME modelNone - DEBUG - Added variable: FU_GLUDy
2024-10-20 10:31:26,431 - ME modelNone - DEBUG - Added variable: BU_GLUDy
2024-10-20 10:31:26,431 - ME modelNone - DEBUG - Added constraint: SU_GLUDy
2024-10-20 10:31:26,431 - ME modelNone - DEBUG - Added constraint: UF_GLUDy
2024-10-20 10:31:26,432 - ME modelNone - DEBUG - Added constraint: UR_GLUDy
2024-10-20 10:31:26,432 - ME modelNone - DEBUG - Added variable: FU_GLUN
2024-10-20 10:31:26,432 - ME modelNone - DEBUG - Added variable: BU_GLUN
2024-10-20 10:31:26,432 - ME modelNone - DEBUG - Added constraint: SU_GLUN
2024-10-20 10:31:26,433 - ME modelNone - DEBUG - Added constraint: UF_GLUN
2024-10-20 10:31:26,433 - ME modelNone - DEBUG - Added constraint: UR_GLUN
2024-10-20 10:31:26,434 - ME modelNone - DEBUG - Added variable: FU_GLUSy
2024-10-20 10:31:26,434 - ME modelNone - DEBUG - Added variable: BU_GLUSy
2024-10-20 10:31:26,434 - ME modelNone - DEBUG - Added constraint: SU_GLUSy
2024-10-20 10:31:26,435 - ME modelNone - DEBUG - Added constraint: UF_GLUSy
2024-10-20 10:31:26,435 - ME modelNone - DEBUG - Added constraint: UR_GLUSy
2024-10-20 10:31:26,435 - ME modelNone - DEBUG - Added variable: FU_GLUt2r
2024-10-20 10:31:26,436 - ME modelNone - DEBUG - Added variable: BU_GLUt2r
2024-10-20 10:31:26,436 - ME modelNone - DEBUG - Added constraint: SU_GLUt2r
2024-10-20 10:31:26,436 - ME modelNone - DEBUG - Added constraint: UF_GLUt2r
2024-10-20 10:31:26,437 - ME modelNone - DEBUG - Added constraint: UR_GLUt2r
2024-10-20 10:31:26,437 - ME modelNone - DEBUG - Added variable: FU_GND
2024-10-20 10:31:26,437 - ME modelNone - DEBUG - Added variable: BU_GND
2024-10-20 10:31:26,437 - ME modelNone - DEBUG - Added constraint: SU_GND
2024-10-20 10:31:26,438 - ME modelNone - DEBUG - Added constraint: UF_GND
2024-10-20 10:31:26,438 - ME modelNone - DEBUG - Added constraint: UR_GND
2024-10-20 10:31:26,439 - ME modelNone - DEBUG - Added variable: FU_H2Ot
2024-10-20 10:31:26,439 - ME modelNone - DEBUG - Added variable: BU_H2Ot
2024-10-20 10:31:26,439 - ME modelNone - DEBUG - Added constraint: SU_H2Ot
2024-10-20 10:31:26,440 - ME modelNone - DEBUG - Added constraint: UF_H2Ot
2024-10-20 10:31:26,440 - ME modelNone - DEBUG - Added constraint: UR_H2Ot
2024-10-20 10:31:26,440 - ME modelNone - DEBUG - Added variable: FU_ICDHyr
2024-10-20 10:31:26,440 - ME modelNone - DEBUG - Added variable: BU_ICDHyr
2024-10-20 10:31:26,441 - ME modelNone - DEBUG - Added constraint: SU_ICDHyr
2024-10-20 10:31:26,441 - ME modelNone - DEBUG - Added constraint: UF_ICDHyr
2024-10-20 10:31:26,442 - ME modelNone - DEBUG - Added constraint: UR_ICDHyr
2024-10-20 10:31:26,442 - ME modelNone - DEBUG - Added variable: FU_ICL
2024-10-20 10:31:26,442 - ME modelNone - DEBUG - Added variable: BU_ICL
2024-10-20 10:31:26,442 - ME modelNone - DEBUG - Added constraint: SU_ICL
2024-10-20 10:31:26,443 - ME modelNone - DEBUG - Added constraint: UF_ICL
2024-10-20 10:31:26,443 - ME modelNone - DEBUG - Added constraint: UR_ICL
2024-10-20 10:31:26,444 - ME modelNone - DEBUG - Added variable: FU_LDH_D
2024-10-20 10:31:26,444 - ME modelNone - DEBUG - Added variable: BU_LDH_D
2024-10-20 10:31:26,444 - ME modelNone - DEBUG - Added constraint: SU_LDH_D
2024-10-20 10:31:26,444 - ME modelNone - DEBUG - Added constraint: UF_LDH_D
2024-10-20 10:31:26,445 - ME modelNone - DEBUG - Added constraint: UR_LDH_D
2024-10-20 10:31:26,445 - ME modelNone - DEBUG - Added variable: FU_MALS
2024-10-20 10:31:26,446 - ME modelNone - DEBUG - Added variable: BU_MALS
2024-10-20 10:31:26,446 - ME modelNone - DEBUG - Added constraint: SU_MALS
2024-10-20 10:31:26,446 - ME modelNone - DEBUG - Added constraint: UF_MALS
2024-10-20 10:31:26,447 - ME modelNone - DEBUG - Added constraint: UR_MALS
2024-10-20 10:31:26,447 - ME modelNone - DEBUG - Added variable: FU_MALt2_2
2024-10-20 10:31:26,447 - ME modelNone - DEBUG - Added variable: BU_MALt2_2
2024-10-20 10:31:26,447 - ME modelNone - DEBUG - Added constraint: SU_MALt2_2
2024-10-20 10:31:26,448 - ME modelNone - DEBUG - Added constraint: UF_MALt2_2
2024-10-20 10:31:26,448 - ME modelNone - DEBUG - Added constraint: UR_MALt2_2
2024-10-20 10:31:26,449 - ME modelNone - DEBUG - Added variable: FU_MDH
2024-10-20 10:31:26,449 - ME modelNone - DEBUG - Added variable: BU_MDH
2024-10-20 10:31:26,449 - ME modelNone - DEBUG - Added constraint: SU_MDH
2024-10-20 10:31:26,450 - ME modelNone - DEBUG - Added constraint: UF_MDH
2024-10-20 10:31:26,450 - ME modelNone - DEBUG - Added constraint: UR_MDH
2024-10-20 10:31:26,450 - ME modelNone - DEBUG - Added variable: FU_ME1
2024-10-20 10:31:26,450 - ME modelNone - DEBUG - Added variable: BU_ME1
2024-10-20 10:31:26,451 - ME modelNone - DEBUG - Added constraint: SU_ME1
2024-10-20 10:31:26,451 - ME modelNone - DEBUG - Added constraint: UF_ME1
2024-10-20 10:31:26,452 - ME modelNone - DEBUG - Added constraint: UR_ME1
2024-10-20 10:31:26,452 - ME modelNone - DEBUG - Added variable: FU_ME2
2024-10-20 10:31:26,452 - ME modelNone - DEBUG - Added variable: BU_ME2
2024-10-20 10:31:26,452 - ME modelNone - DEBUG - Added constraint: SU_ME2
2024-10-20 10:31:26,453 - ME modelNone - DEBUG - Added constraint: UF_ME2
2024-10-20 10:31:26,453 - ME modelNone - DEBUG - Added constraint: UR_ME2
2024-10-20 10:31:26,454 - ME modelNone - DEBUG - Added variable: FU_NADH16
2024-10-20 10:31:26,454 - ME modelNone - DEBUG - Added variable: BU_NADH16
2024-10-20 10:31:26,454 - ME modelNone - DEBUG - Added constraint: SU_NADH16
2024-10-20 10:31:26,454 - ME modelNone - DEBUG - Added constraint: UF_NADH16
2024-10-20 10:31:26,455 - ME modelNone - DEBUG - Added constraint: UR_NADH16
2024-10-20 10:31:26,455 - ME modelNone - DEBUG - Added variable: FU_NADTRHD
2024-10-20 10:31:26,455 - ME modelNone - DEBUG - Added variable: BU_NADTRHD
2024-10-20 10:31:26,456 - ME modelNone - DEBUG - Added constraint: SU_NADTRHD
2024-10-20 10:31:26,456 - ME modelNone - DEBUG - Added constraint: UF_NADTRHD
2024-10-20 10:31:26,457 - ME modelNone - DEBUG - Added constraint: UR_NADTRHD
2024-10-20 10:31:26,457 - ME modelNone - DEBUG - Added variable: FU_NH4t
2024-10-20 10:31:26,457 - ME modelNone - DEBUG - Added variable: BU_NH4t
2024-10-20 10:31:26,457 - ME modelNone - DEBUG - Added constraint: SU_NH4t
2024-10-20 10:31:26,458 - ME modelNone - DEBUG - Added constraint: UF_NH4t
2024-10-20 10:31:26,458 - ME modelNone - DEBUG - Added constraint: UR_NH4t
2024-10-20 10:31:26,459 - ME modelNone - DEBUG - Added variable: FU_O2t
2024-10-20 10:31:26,459 - ME modelNone - DEBUG - Added variable: BU_O2t
2024-10-20 10:31:26,459 - ME modelNone - DEBUG - Added constraint: SU_O2t
2024-10-20 10:31:26,460 - ME modelNone - DEBUG - Added constraint: UF_O2t
2024-10-20 10:31:26,460 - ME modelNone - DEBUG - Added constraint: UR_O2t
2024-10-20 10:31:26,460 - ME modelNone - DEBUG - Added variable: FU_PDH
2024-10-20 10:31:26,461 - ME modelNone - DEBUG - Added variable: BU_PDH
2024-10-20 10:31:26,461 - ME modelNone - DEBUG - Added constraint: SU_PDH
2024-10-20 10:31:26,461 - ME modelNone - DEBUG - Added constraint: UF_PDH
2024-10-20 10:31:26,462 - ME modelNone - DEBUG - Added constraint: UR_PDH
2024-10-20 10:31:26,462 - ME modelNone - INFO - # Model conversion done.
2024-10-20 10:31:26,462 - ME modelNone - INFO - # Updating cobra_model variables...
2024-10-20 10:31:26,463 - ME modelNone - INFO - # cobra_model variables are up-to-date
2024-10-20 10:31:26,464 - ME modelNone - INFO - Setting minimal growth rate to 95% of the TFA solution
2024-10-20 10:31:26,470 - ME modelNone - DEBUG - 'slim_optimize' ((), {}) 0.01 sec
2024-10-20 10:31:26,470 - ME modelNone - INFO - Setting minimal growth rate to 0.8739215069684301
2024-10-20 10:31:26,470 - ME modelNone - INFO - Using default sum_flux : False
