2024-10-20 10:26:02,402 - ME modelNone - INFO - # Model initialized 
2024-10-20 10:26:02,402 - ME modelNone - INFO - # Model conversion starting...
2024-10-20 10:26:02,403 - ME modelNone - DEBUG - Added variable: FU_PFK
2024-10-20 10:26:02,403 - ME modelNone - DEBUG - Added variable: BU_PFK
2024-10-20 10:26:02,403 - ME modelNone - DEBUG - Added constraint: SU_PFK
2024-10-20 10:26:02,404 - ME modelNone - DEBUG - Added constraint: UF_PFK
2024-10-20 10:26:02,404 - ME modelNone - DEBUG - Added constraint: UR_PFK
2024-10-20 10:26:02,405 - ME modelNone - DEBUG - Added variable: FU_PFL
2024-10-20 10:26:02,405 - ME modelNone - DEBUG - Added variable: BU_PFL
2024-10-20 10:26:02,405 - ME modelNone - DEBUG - Added constraint: SU_PFL
2024-10-20 10:26:02,405 - ME modelNone - DEBUG - Added constraint: UF_PFL
2024-10-20 10:26:02,406 - ME modelNone - DEBUG - Added constraint: UR_PFL
2024-10-20 10:26:02,406 - ME modelNone - DEBUG - Added variable: FU_PGI
2024-10-20 10:26:02,406 - ME modelNone - DEBUG - Added variable: BU_PGI
2024-10-20 10:26:02,407 - ME modelNone - DEBUG - Added constraint: SU_PGI
2024-10-20 10:26:02,407 - ME modelNone - DEBUG - Added constraint: UF_PGI
2024-10-20 10:26:02,408 - ME modelNone - DEBUG - Added constraint: UR_PGI
2024-10-20 10:26:02,408 - ME modelNone - DEBUG - Added variable: FU_PGK
2024-10-20 10:26:02,408 - ME modelNone - DEBUG - Added variable: BU_PGK
2024-10-20 10:26:02,408 - ME modelNone - DEBUG - Added constraint: SU_PGK
2024-10-20 10:26:02,409 - ME modelNone - DEBUG - Added constraint: UF_PGK
2024-10-20 10:26:02,409 - ME modelNone - DEBUG - Added constraint: UR_PGK
2024-10-20 10:26:02,410 - ME modelNone - DEBUG - Added variable: FU_PGL
2024-10-20 10:26:02,410 - ME modelNone - DEBUG - Added variable: BU_PGL
2024-10-20 10:26:02,410 - ME modelNone - DEBUG - Added constraint: SU_PGL
2024-10-20 10:26:02,411 - ME modelNone - DEBUG - Added constraint: UF_PGL
2024-10-20 10:26:02,411 - ME modelNone - DEBUG - Added constraint: UR_PGL
2024-10-20 10:26:02,412 - ME modelNone - DEBUG - Added variable: FU_ACALD
2024-10-20 10:26:02,412 - ME modelNone - DEBUG - Added variable: BU_ACALD
2024-10-20 10:26:02,412 - ME modelNone - DEBUG - Added constraint: SU_ACALD
2024-10-20 10:26:02,413 - ME modelNone - DEBUG - Added constraint: UF_ACALD
2024-10-20 10:26:02,413 - ME modelNone - DEBUG - Added constraint: UR_ACALD
2024-10-20 10:26:02,414 - ME modelNone - DEBUG - Added variable: FU_AKGt2r
2024-10-20 10:26:02,414 - ME modelNone - DEBUG - Added variable: BU_AKGt2r
2024-10-20 10:26:02,414 - ME modelNone - DEBUG - Added constraint: SU_AKGt2r
2024-10-20 10:26:02,414 - ME modelNone - DEBUG - Added constraint: UF_AKGt2r
2024-10-20 10:26:02,415 - ME modelNone - DEBUG - Added constraint: UR_AKGt2r
2024-10-20 10:26:02,415 - ME modelNone - DEBUG - Added variable: FU_PGM
2024-10-20 10:26:02,415 - ME modelNone - DEBUG - Added variable: BU_PGM
2024-10-20 10:26:02,416 - ME modelNone - DEBUG - Added constraint: SU_PGM
2024-10-20 10:26:02,416 - ME modelNone - DEBUG - Added constraint: UF_PGM
2024-10-20 10:26:02,417 - ME modelNone - DEBUG - Added constraint: UR_PGM
2024-10-20 10:26:02,417 - ME modelNone - DEBUG - Added variable: FU_PIt2r
2024-10-20 10:26:02,417 - ME modelNone - DEBUG - Added variable: BU_PIt2r
2024-10-20 10:26:02,418 - ME modelNone - DEBUG - Added constraint: SU_PIt2r
2024-10-20 10:26:02,418 - ME modelNone - DEBUG - Added constraint: UF_PIt2r
2024-10-20 10:26:02,418 - ME modelNone - DEBUG - Added constraint: UR_PIt2r
2024-10-20 10:26:02,419 - ME modelNone - DEBUG - Added variable: FU_ALCD2x
2024-10-20 10:26:02,419 - ME modelNone - DEBUG - Added variable: BU_ALCD2x
2024-10-20 10:26:02,419 - ME modelNone - DEBUG - Added constraint: SU_ALCD2x
2024-10-20 10:26:02,420 - ME modelNone - DEBUG - Added constraint: UF_ALCD2x
2024-10-20 10:26:02,420 - ME modelNone - DEBUG - Added constraint: UR_ALCD2x
2024-10-20 10:26:02,420 - ME modelNone - DEBUG - Added variable: FU_ACALDt
2024-10-20 10:26:02,421 - ME modelNone - DEBUG - Added variable: BU_ACALDt
2024-10-20 10:26:02,421 - ME modelNone - DEBUG - Added constraint: SU_ACALDt
2024-10-20 10:26:02,421 - ME modelNone - DEBUG - Added constraint: UF_ACALDt
2024-10-20 10:26:02,422 - ME modelNone - DEBUG - Added constraint: UR_ACALDt
2024-10-20 10:26:02,422 - ME modelNone - DEBUG - Added variable: FU_ACKr
2024-10-20 10:26:02,422 - ME modelNone - DEBUG - Added variable: BU_ACKr
2024-10-20 10:26:02,423 - ME modelNone - DEBUG - Added constraint: SU_ACKr
2024-10-20 10:26:02,423 - ME modelNone - DEBUG - Added constraint: UF_ACKr
2024-10-20 10:26:02,424 - ME modelNone - DEBUG - Added constraint: UR_ACKr
2024-10-20 10:26:02,424 - ME modelNone - DEBUG - Added variable: FU_PPC
2024-10-20 10:26:02,424 - ME modelNone - DEBUG - Added variable: BU_PPC
2024-10-20 10:26:02,425 - ME modelNone - DEBUG - Added constraint: SU_PPC
2024-10-20 10:26:02,425 - ME modelNone - DEBUG - Added constraint: UF_PPC
2024-10-20 10:26:02,426 - ME modelNone - DEBUG - Added constraint: UR_PPC
2024-10-20 10:26:02,426 - ME modelNone - DEBUG - Added variable: FU_ACONTa
2024-10-20 10:26:02,426 - ME modelNone - DEBUG - Added variable: BU_ACONTa
2024-10-20 10:26:02,426 - ME modelNone - DEBUG - Added constraint: SU_ACONTa
2024-10-20 10:26:02,427 - ME modelNone - DEBUG - Added constraint: UF_ACONTa
2024-10-20 10:26:02,427 - ME modelNone - DEBUG - Added constraint: UR_ACONTa
2024-10-20 10:26:02,428 - ME modelNone - DEBUG - Added variable: FU_ACONTb
2024-10-20 10:26:02,428 - ME modelNone - DEBUG - Added variable: BU_ACONTb
2024-10-20 10:26:02,428 - ME modelNone - DEBUG - Added constraint: SU_ACONTb
2024-10-20 10:26:02,428 - ME modelNone - DEBUG - Added constraint: UF_ACONTb
2024-10-20 10:26:02,429 - ME modelNone - DEBUG - Added constraint: UR_ACONTb
2024-10-20 10:26:02,429 - ME modelNone - DEBUG - Added variable: FU_ATPM
2024-10-20 10:26:02,429 - ME modelNone - DEBUG - Added variable: BU_ATPM
2024-10-20 10:26:02,430 - ME modelNone - DEBUG - Added constraint: SU_ATPM
2024-10-20 10:26:02,430 - ME modelNone - DEBUG - Added constraint: UF_ATPM
2024-10-20 10:26:02,431 - ME modelNone - DEBUG - Added constraint: UR_ATPM
2024-10-20 10:26:02,431 - ME modelNone - DEBUG - Added variable: FU_PPCK
2024-10-20 10:26:02,431 - ME modelNone - DEBUG - Added variable: BU_PPCK
2024-10-20 10:26:02,431 - ME modelNone - DEBUG - Added constraint: SU_PPCK
2024-10-20 10:26:02,432 - ME modelNone - DEBUG - Added constraint: UF_PPCK
2024-10-20 10:26:02,432 - ME modelNone - DEBUG - Added constraint: UR_PPCK
2024-10-20 10:26:02,433 - ME modelNone - DEBUG - Added variable: FU_ACt2r
2024-10-20 10:26:02,433 - ME modelNone - DEBUG - Added variable: BU_ACt2r
2024-10-20 10:26:02,433 - ME modelNone - DEBUG - Added constraint: SU_ACt2r
2024-10-20 10:26:02,433 - ME modelNone - DEBUG - Added constraint: UF_ACt2r
2024-10-20 10:26:02,434 - ME modelNone - DEBUG - Added constraint: UR_ACt2r
2024-10-20 10:26:02,434 - ME modelNone - DEBUG - Added variable: FU_PPS
2024-10-20 10:26:02,434 - ME modelNone - DEBUG - Added variable: BU_PPS
2024-10-20 10:26:02,435 - ME modelNone - DEBUG - Added constraint: SU_PPS
2024-10-20 10:26:02,435 - ME modelNone - DEBUG - Added constraint: UF_PPS
2024-10-20 10:26:02,436 - ME modelNone - DEBUG - Added constraint: UR_PPS
2024-10-20 10:26:02,436 - ME modelNone - DEBUG - Added variable: FU_ADK1
2024-10-20 10:26:02,436 - ME modelNone - DEBUG - Added variable: BU_ADK1
2024-10-20 10:26:02,436 - ME modelNone - DEBUG - Added constraint: SU_ADK1
2024-10-20 10:26:02,437 - ME modelNone - DEBUG - Added constraint: UF_ADK1
2024-10-20 10:26:02,437 - ME modelNone - DEBUG - Added constraint: UR_ADK1
2024-10-20 10:26:02,438 - ME modelNone - DEBUG - Added variable: FU_AKGDH
2024-10-20 10:26:02,438 - ME modelNone - DEBUG - Added variable: BU_AKGDH
2024-10-20 10:26:02,438 - ME modelNone - DEBUG - Added constraint: SU_AKGDH
2024-10-20 10:26:02,439 - ME modelNone - DEBUG - Added constraint: UF_AKGDH
2024-10-20 10:26:02,439 - ME modelNone - DEBUG - Added constraint: UR_AKGDH
2024-10-20 10:26:02,439 - ME modelNone - DEBUG - Added variable: FU_ATPS4r
2024-10-20 10:26:02,440 - ME modelNone - DEBUG - Added variable: BU_ATPS4r
2024-10-20 10:26:02,440 - ME modelNone - DEBUG - Added constraint: SU_ATPS4r
2024-10-20 10:26:02,440 - ME modelNone - DEBUG - Added constraint: UF_ATPS4r
2024-10-20 10:26:02,441 - ME modelNone - DEBUG - Added constraint: UR_ATPS4r
2024-10-20 10:26:02,441 - ME modelNone - DEBUG - Added variable: FU_PTAr
2024-10-20 10:26:02,441 - ME modelNone - DEBUG - Added variable: BU_PTAr
2024-10-20 10:26:02,441 - ME modelNone - DEBUG - Added constraint: SU_PTAr
2024-10-20 10:26:02,442 - ME modelNone - DEBUG - Added constraint: UF_PTAr
2024-10-20 10:26:02,442 - ME modelNone - DEBUG - Added constraint: UR_PTAr
2024-10-20 10:26:02,443 - ME modelNone - DEBUG - Added variable: FU_PYK
2024-10-20 10:26:02,443 - ME modelNone - DEBUG - Added variable: BU_PYK
2024-10-20 10:26:02,443 - ME modelNone - DEBUG - Added constraint: SU_PYK
2024-10-20 10:26:02,444 - ME modelNone - DEBUG - Added constraint: UF_PYK
2024-10-20 10:26:02,444 - ME modelNone - DEBUG - Added constraint: UR_PYK
2024-10-20 10:26:02,444 - ME modelNone - DEBUG - Added variable: FU_BIOMASS_Ecoli_core_w_GAM
2024-10-20 10:26:02,445 - ME modelNone - DEBUG - Added variable: BU_BIOMASS_Ecoli_core_w_GAM
2024-10-20 10:26:02,445 - ME modelNone - DEBUG - Added constraint: SU_BIOMASS_Ecoli_core_w_GAM
2024-10-20 10:26:02,445 - ME modelNone - DEBUG - Added constraint: UF_BIOMASS_Ecoli_core_w_GAM
2024-10-20 10:26:02,446 - ME modelNone - DEBUG - Added constraint: UR_BIOMASS_Ecoli_core_w_GAM
2024-10-20 10:26:02,446 - ME modelNone - DEBUG - Added variable: FU_PYRt2
2024-10-20 10:26:02,446 - ME modelNone - DEBUG - Added variable: BU_PYRt2
2024-10-20 10:26:02,447 - ME modelNone - DEBUG - Added constraint: SU_PYRt2
2024-10-20 10:26:02,447 - ME modelNone - DEBUG - Added constraint: UF_PYRt2
2024-10-20 10:26:02,448 - ME modelNone - DEBUG - Added constraint: UR_PYRt2
2024-10-20 10:26:02,448 - ME modelNone - DEBUG - Added variable: FU_CO2t
2024-10-20 10:26:02,448 - ME modelNone - DEBUG - Added variable: BU_CO2t
2024-10-20 10:26:02,448 - ME modelNone - DEBUG - Added constraint: SU_CO2t
2024-10-20 10:26:02,449 - ME modelNone - DEBUG - Added constraint: UF_CO2t
2024-10-20 10:26:02,449 - ME modelNone - DEBUG - Added constraint: UR_CO2t
2024-10-20 10:26:02,450 - ME modelNone - DEBUG - Added variable: FU_RPE
2024-10-20 10:26:02,450 - ME modelNone - DEBUG - Added variable: BU_RPE
2024-10-20 10:26:02,450 - ME modelNone - DEBUG - Added constraint: SU_RPE
2024-10-20 10:26:02,451 - ME modelNone - DEBUG - Added constraint: UF_RPE
2024-10-20 10:26:02,451 - ME modelNone - DEBUG - Added constraint: UR_RPE
2024-10-20 10:26:02,451 - ME modelNone - DEBUG - Added variable: FU_CS
2024-10-20 10:26:02,451 - ME modelNone - DEBUG - Added variable: BU_CS
2024-10-20 10:26:02,452 - ME modelNone - DEBUG - Added constraint: SU_CS
2024-10-20 10:26:02,452 - ME modelNone - DEBUG - Added constraint: UF_CS
2024-10-20 10:26:02,453 - ME modelNone - DEBUG - Added constraint: UR_CS
2024-10-20 10:26:02,453 - ME modelNone - DEBUG - Added variable: FU_RPI
2024-10-20 10:26:02,453 - ME modelNone - DEBUG - Added variable: BU_RPI
2024-10-20 10:26:02,453 - ME modelNone - DEBUG - Added constraint: SU_RPI
2024-10-20 10:26:02,454 - ME modelNone - DEBUG - Added constraint: UF_RPI
2024-10-20 10:26:02,454 - ME modelNone - DEBUG - Added constraint: UR_RPI
2024-10-20 10:26:02,455 - ME modelNone - DEBUG - Added variable: FU_SUCCt2_2
2024-10-20 10:26:02,455 - ME modelNone - DEBUG - Added variable: BU_SUCCt2_2
2024-10-20 10:26:02,455 - ME modelNone - DEBUG - Added constraint: SU_SUCCt2_2
2024-10-20 10:26:02,455 - ME modelNone - DEBUG - Added constraint: UF_SUCCt2_2
2024-10-20 10:26:02,456 - ME modelNone - DEBUG - Added constraint: UR_SUCCt2_2
2024-10-20 10:26:02,456 - ME modelNone - DEBUG - Added variable: FU_CYTBD
2024-10-20 10:26:02,456 - ME modelNone - DEBUG - Added variable: BU_CYTBD
2024-10-20 10:26:02,457 - ME modelNone - DEBUG - Added constraint: SU_CYTBD
2024-10-20 10:26:02,457 - ME modelNone - DEBUG - Added constraint: UF_CYTBD
2024-10-20 10:26:02,457 - ME modelNone - DEBUG - Added constraint: UR_CYTBD
2024-10-20 10:26:02,458 - ME modelNone - DEBUG - Added variable: FU_D_LACt2
2024-10-20 10:26:02,458 - ME modelNone - DEBUG - Added variable: BU_D_LACt2
2024-10-20 10:26:02,458 - ME modelNone - DEBUG - Added constraint: SU_D_LACt2
2024-10-20 10:26:02,459 - ME modelNone - DEBUG - Added constraint: UF_D_LACt2
2024-10-20 10:26:02,459 - ME modelNone - DEBUG - Added constraint: UR_D_LACt2
2024-10-20 10:26:02,459 - ME modelNone - DEBUG - Added variable: FU_ENO
2024-10-20 10:26:02,460 - ME modelNone - DEBUG - Added variable: BU_ENO
2024-10-20 10:26:02,460 - ME modelNone - DEBUG - Added constraint: SU_ENO
2024-10-20 10:26:02,460 - ME modelNone - DEBUG - Added constraint: UF_ENO
2024-10-20 10:26:02,461 - ME modelNone - DEBUG - Added constraint: UR_ENO
2024-10-20 10:26:02,461 - ME modelNone - DEBUG - Added variable: FU_SUCCt3
2024-10-20 10:26:02,461 - ME modelNone - DEBUG - Added variable: BU_SUCCt3
2024-10-20 10:26:02,461 - ME modelNone - DEBUG - Added constraint: SU_SUCCt3
2024-10-20 10:26:02,462 - ME modelNone - DEBUG - Added constraint: UF_SUCCt3
2024-10-20 10:26:02,462 - ME modelNone - DEBUG - Added constraint: UR_SUCCt3
2024-10-20 10:26:02,463 - ME modelNone - DEBUG - Added variable: FU_ETOHt2r
2024-10-20 10:26:02,463 - ME modelNone - DEBUG - Added variable: BU_ETOHt2r
2024-10-20 10:26:02,463 - ME modelNone - DEBUG - Added constraint: SU_ETOHt2r
2024-10-20 10:26:02,464 - ME modelNone - DEBUG - Added constraint: UF_ETOHt2r
2024-10-20 10:26:02,464 - ME modelNone - DEBUG - Added constraint: UR_ETOHt2r
2024-10-20 10:26:02,464 - ME modelNone - DEBUG - Added variable: FU_SUCDi
2024-10-20 10:26:02,464 - ME modelNone - DEBUG - Added variable: BU_SUCDi
2024-10-20 10:26:02,465 - ME modelNone - DEBUG - Added constraint: SU_SUCDi
2024-10-20 10:26:02,465 - ME modelNone - DEBUG - Added constraint: UF_SUCDi
2024-10-20 10:26:02,466 - ME modelNone - DEBUG - Added constraint: UR_SUCDi
2024-10-20 10:26:02,466 - ME modelNone - DEBUG - Added variable: FU_SUCOAS
2024-10-20 10:26:02,466 - ME modelNone - DEBUG - Added variable: BU_SUCOAS
2024-10-20 10:26:02,466 - ME modelNone - DEBUG - Added constraint: SU_SUCOAS
2024-10-20 10:26:02,467 - ME modelNone - DEBUG - Added constraint: UF_SUCOAS
2024-10-20 10:26:02,467 - ME modelNone - DEBUG - Added constraint: UR_SUCOAS
2024-10-20 10:26:02,468 - ME modelNone - DEBUG - Added variable: FU_TALA
2024-10-20 10:26:02,468 - ME modelNone - DEBUG - Added variable: BU_TALA
2024-10-20 10:26:02,468 - ME modelNone - DEBUG - Added constraint: SU_TALA
2024-10-20 10:26:02,469 - ME modelNone - DEBUG - Added constraint: UF_TALA
2024-10-20 10:26:02,469 - ME modelNone - DEBUG - Added constraint: UR_TALA
2024-10-20 10:26:02,469 - ME modelNone - DEBUG - Added variable: FU_THD2
2024-10-20 10:26:02,470 - ME modelNone - DEBUG - Added variable: BU_THD2
2024-10-20 10:26:02,470 - ME modelNone - DEBUG - Added constraint: SU_THD2
2024-10-20 10:26:02,470 - ME modelNone - DEBUG - Added constraint: UF_THD2
2024-10-20 10:26:02,471 - ME modelNone - DEBUG - Added constraint: UR_THD2
2024-10-20 10:26:02,471 - ME modelNone - DEBUG - Added variable: FU_TKT1
2024-10-20 10:26:02,471 - ME modelNone - DEBUG - Added variable: BU_TKT1
2024-10-20 10:26:02,471 - ME modelNone - DEBUG - Added constraint: SU_TKT1
2024-10-20 10:26:02,472 - ME modelNone - DEBUG - Added constraint: UF_TKT1
2024-10-20 10:26:02,473 - ME modelNone - DEBUG - Added constraint: UR_TKT1
2024-10-20 10:26:02,473 - ME modelNone - DEBUG - Added variable: FU_TKT2
2024-10-20 10:26:02,473 - ME modelNone - DEBUG - Added variable: BU_TKT2
2024-10-20 10:26:02,473 - ME modelNone - DEBUG - Added constraint: SU_TKT2
2024-10-20 10:26:02,474 - ME modelNone - DEBUG - Added constraint: UF_TKT2
2024-10-20 10:26:02,474 - ME modelNone - DEBUG - Added constraint: UR_TKT2
2024-10-20 10:26:02,475 - ME modelNone - DEBUG - Added variable: FU_TPI
2024-10-20 10:26:02,475 - ME modelNone - DEBUG - Added variable: BU_TPI
2024-10-20 10:26:02,475 - ME modelNone - DEBUG - Added constraint: SU_TPI
2024-10-20 10:26:02,475 - ME modelNone - DEBUG - Added constraint: UF_TPI
2024-10-20 10:26:02,476 - ME modelNone - DEBUG - Added constraint: UR_TPI
2024-10-20 10:26:02,476 - ME modelNone - DEBUG - Added variable: FU_EX_ac_e
2024-10-20 10:26:02,476 - ME modelNone - DEBUG - Added variable: BU_EX_ac_e
2024-10-20 10:26:02,477 - ME modelNone - DEBUG - Added constraint: SU_EX_ac_e
2024-10-20 10:26:02,477 - ME modelNone - DEBUG - Added constraint: UF_EX_ac_e
2024-10-20 10:26:02,478 - ME modelNone - DEBUG - Added constraint: UR_EX_ac_e
2024-10-20 10:26:02,478 - ME modelNone - DEBUG - Added variable: FU_EX_acald_e
2024-10-20 10:26:02,478 - ME modelNone - DEBUG - Added variable: BU_EX_acald_e
2024-10-20 10:26:02,478 - ME modelNone - DEBUG - Added constraint: SU_EX_acald_e
2024-10-20 10:26:02,479 - ME modelNone - DEBUG - Added constraint: UF_EX_acald_e
2024-10-20 10:26:02,479 - ME modelNone - DEBUG - Added constraint: UR_EX_acald_e
2024-10-20 10:26:02,480 - ME modelNone - DEBUG - Added variable: FU_EX_akg_e
2024-10-20 10:26:02,480 - ME modelNone - DEBUG - Added variable: BU_EX_akg_e
2024-10-20 10:26:02,480 - ME modelNone - DEBUG - Added constraint: SU_EX_akg_e
2024-10-20 10:26:02,480 - ME modelNone - DEBUG - Added constraint: UF_EX_akg_e
2024-10-20 10:26:02,481 - ME modelNone - DEBUG - Added constraint: UR_EX_akg_e
2024-10-20 10:26:02,481 - ME modelNone - DEBUG - Added variable: FU_EX_co2_e
2024-10-20 10:26:02,481 - ME modelNone - DEBUG - Added variable: BU_EX_co2_e
2024-10-20 10:26:02,482 - ME modelNone - DEBUG - Added constraint: SU_EX_co2_e
2024-10-20 10:26:02,482 - ME modelNone - DEBUG - Added constraint: UF_EX_co2_e
2024-10-20 10:26:02,483 - ME modelNone - DEBUG - Added constraint: UR_EX_co2_e
2024-10-20 10:26:02,483 - ME modelNone - DEBUG - Added variable: FU_EX_etoh_e
2024-10-20 10:26:02,483 - ME modelNone - DEBUG - Added variable: BU_EX_etoh_e
2024-10-20 10:26:02,483 - ME modelNone - DEBUG - Added constraint: SU_EX_etoh_e
2024-10-20 10:26:02,484 - ME modelNone - DEBUG - Added constraint: UF_EX_etoh_e
2024-10-20 10:26:02,484 - ME modelNone - DEBUG - Added constraint: UR_EX_etoh_e
2024-10-20 10:26:02,485 - ME modelNone - DEBUG - Added variable: FU_EX_for_e
2024-10-20 10:26:02,485 - ME modelNone - DEBUG - Added variable: BU_EX_for_e
2024-10-20 10:26:02,485 - ME modelNone - DEBUG - Added constraint: SU_EX_for_e
2024-10-20 10:26:02,485 - ME modelNone - DEBUG - Added constraint: UF_EX_for_e
2024-10-20 10:26:02,486 - ME modelNone - DEBUG - Added constraint: UR_EX_for_e
2024-10-20 10:26:02,486 - ME modelNone - DEBUG - Added variable: FU_EX_fru_e
2024-10-20 10:26:02,486 - ME modelNone - DEBUG - Added variable: BU_EX_fru_e
2024-10-20 10:26:02,487 - ME modelNone - DEBUG - Added constraint: SU_EX_fru_e
2024-10-20 10:26:02,487 - ME modelNone - DEBUG - Added constraint: UF_EX_fru_e
2024-10-20 10:26:02,487 - ME modelNone - DEBUG - Added constraint: UR_EX_fru_e
2024-10-20 10:26:02,488 - ME modelNone - DEBUG - Added variable: FU_EX_fum_e
2024-10-20 10:26:02,488 - ME modelNone - DEBUG - Added variable: BU_EX_fum_e
2024-10-20 10:26:02,488 - ME modelNone - DEBUG - Added constraint: SU_EX_fum_e
2024-10-20 10:26:02,489 - ME modelNone - DEBUG - Added constraint: UF_EX_fum_e
2024-10-20 10:26:02,489 - ME modelNone - DEBUG - Added constraint: UR_EX_fum_e
2024-10-20 10:26:02,489 - ME modelNone - DEBUG - Added variable: FU_EX_glc__D_e
2024-10-20 10:26:02,490 - ME modelNone - DEBUG - Added variable: BU_EX_glc__D_e
2024-10-20 10:26:02,490 - ME modelNone - DEBUG - Added constraint: SU_EX_glc__D_e
2024-10-20 10:26:02,490 - ME modelNone - DEBUG - Added constraint: UF_EX_glc__D_e
2024-10-20 10:26:02,491 - ME modelNone - DEBUG - Added constraint: UR_EX_glc__D_e
2024-10-20 10:26:02,491 - ME modelNone - DEBUG - Added variable: FU_EX_gln__L_e
2024-10-20 10:26:02,491 - ME modelNone - DEBUG - Added variable: BU_EX_gln__L_e
2024-10-20 10:26:02,491 - ME modelNone - DEBUG - Added constraint: SU_EX_gln__L_e
2024-10-20 10:26:02,492 - ME modelNone - DEBUG - Added constraint: UF_EX_gln__L_e
2024-10-20 10:26:02,493 - ME modelNone - DEBUG - Added constraint: UR_EX_gln__L_e
2024-10-20 10:26:02,493 - ME modelNone - DEBUG - Added variable: FU_EX_glu__L_e
2024-10-20 10:26:02,493 - ME modelNone - DEBUG - Added variable: BU_EX_glu__L_e
2024-10-20 10:26:02,493 - ME modelNone - DEBUG - Added constraint: SU_EX_glu__L_e
2024-10-20 10:26:02,494 - ME modelNone - DEBUG - Added constraint: UF_EX_glu__L_e
2024-10-20 10:26:02,494 - ME modelNone - DEBUG - Added constraint: UR_EX_glu__L_e
2024-10-20 10:26:02,494 - ME modelNone - DEBUG - Added variable: FU_EX_h_e
2024-10-20 10:26:02,495 - ME modelNone - DEBUG - Added variable: BU_EX_h_e
2024-10-20 10:26:02,495 - ME modelNone - DEBUG - Added constraint: SU_EX_h_e
2024-10-20 10:26:02,495 - ME modelNone - DEBUG - Added constraint: UF_EX_h_e
2024-10-20 10:26:02,496 - ME modelNone - DEBUG - Added constraint: UR_EX_h_e
2024-10-20 10:26:02,496 - ME modelNone - DEBUG - Added variable: FU_EX_h2o_e
2024-10-20 10:26:02,496 - ME modelNone - DEBUG - Added variable: BU_EX_h2o_e
2024-10-20 10:26:02,497 - ME modelNone - DEBUG - Added constraint: SU_EX_h2o_e
2024-10-20 10:26:02,497 - ME modelNone - DEBUG - Added constraint: UF_EX_h2o_e
2024-10-20 10:26:02,497 - ME modelNone - DEBUG - Added constraint: UR_EX_h2o_e
2024-10-20 10:26:02,498 - ME modelNone - DEBUG - Added variable: FU_EX_lac__D_e
2024-10-20 10:26:02,498 - ME modelNone - DEBUG - Added variable: BU_EX_lac__D_e
2024-10-20 10:26:02,498 - ME modelNone - DEBUG - Added constraint: SU_EX_lac__D_e
2024-10-20 10:26:02,499 - ME modelNone - DEBUG - Added constraint: UF_EX_lac__D_e
2024-10-20 10:26:02,499 - ME modelNone - DEBUG - Added constraint: UR_EX_lac__D_e
2024-10-20 10:26:02,499 - ME modelNone - DEBUG - Added variable: FU_EX_mal__L_e
2024-10-20 10:26:02,500 - ME modelNone - DEBUG - Added variable: BU_EX_mal__L_e
2024-10-20 10:26:02,500 - ME modelNone - DEBUG - Added constraint: SU_EX_mal__L_e
2024-10-20 10:26:02,500 - ME modelNone - DEBUG - Added constraint: UF_EX_mal__L_e
2024-10-20 10:26:02,501 - ME modelNone - DEBUG - Added constraint: UR_EX_mal__L_e
2024-10-20 10:26:02,501 - ME modelNone - DEBUG - Added variable: FU_EX_nh4_e
2024-10-20 10:26:02,501 - ME modelNone - DEBUG - Added variable: BU_EX_nh4_e
2024-10-20 10:26:02,502 - ME modelNone - DEBUG - Added constraint: SU_EX_nh4_e
2024-10-20 10:26:02,502 - ME modelNone - DEBUG - Added constraint: UF_EX_nh4_e
2024-10-20 10:26:02,502 - ME modelNone - DEBUG - Added constraint: UR_EX_nh4_e
2024-10-20 10:26:02,503 - ME modelNone - DEBUG - Added variable: FU_EX_o2_e
2024-10-20 10:26:02,503 - ME modelNone - DEBUG - Added variable: BU_EX_o2_e
2024-10-20 10:26:02,503 - ME modelNone - DEBUG - Added constraint: SU_EX_o2_e
2024-10-20 10:26:02,504 - ME modelNone - DEBUG - Added constraint: UF_EX_o2_e
2024-10-20 10:26:02,504 - ME modelNone - DEBUG - Added constraint: UR_EX_o2_e
2024-10-20 10:26:02,504 - ME modelNone - DEBUG - Added variable: FU_EX_pi_e
2024-10-20 10:26:02,505 - ME modelNone - DEBUG - Added variable: BU_EX_pi_e
2024-10-20 10:26:02,505 - ME modelNone - DEBUG - Added constraint: SU_EX_pi_e
2024-10-20 10:26:02,505 - ME modelNone - DEBUG - Added constraint: UF_EX_pi_e
2024-10-20 10:26:02,506 - ME modelNone - DEBUG - Added constraint: UR_EX_pi_e
2024-10-20 10:26:02,506 - ME modelNone - DEBUG - Added variable: FU_EX_pyr_e
2024-10-20 10:26:02,506 - ME modelNone - DEBUG - Added variable: BU_EX_pyr_e
2024-10-20 10:26:02,506 - ME modelNone - DEBUG - Added constraint: SU_EX_pyr_e
2024-10-20 10:26:02,507 - ME modelNone - DEBUG - Added constraint: UF_EX_pyr_e
2024-10-20 10:26:02,507 - ME modelNone - DEBUG - Added constraint: UR_EX_pyr_e
2024-10-20 10:26:02,508 - ME modelNone - DEBUG - Added variable: FU_EX_succ_e
2024-10-20 10:26:02,508 - ME modelNone - DEBUG - Added variable: BU_EX_succ_e
2024-10-20 10:26:02,508 - ME modelNone - DEBUG - Added constraint: SU_EX_succ_e
2024-10-20 10:26:02,509 - ME modelNone - DEBUG - Added constraint: UF_EX_succ_e
2024-10-20 10:26:02,509 - ME modelNone - DEBUG - Added constraint: UR_EX_succ_e
2024-10-20 10:26:02,509 - ME modelNone - DEBUG - Added variable: FU_FBA
2024-10-20 10:26:02,510 - ME modelNone - DEBUG - Added variable: BU_FBA
2024-10-20 10:26:02,510 - ME modelNone - DEBUG - Added constraint: SU_FBA
2024-10-20 10:26:02,510 - ME modelNone - DEBUG - Added constraint: UF_FBA
2024-10-20 10:26:02,511 - ME modelNone - DEBUG - Added constraint: UR_FBA
2024-10-20 10:26:02,511 - ME modelNone - DEBUG - Added variable: FU_FBP
2024-10-20 10:26:02,511 - ME modelNone - DEBUG - Added variable: BU_FBP
2024-10-20 10:26:02,511 - ME modelNone - DEBUG - Added constraint: SU_FBP
2024-10-20 10:26:02,512 - ME modelNone - DEBUG - Added constraint: UF_FBP
2024-10-20 10:26:02,512 - ME modelNone - DEBUG - Added constraint: UR_FBP
2024-10-20 10:26:02,513 - ME modelNone - DEBUG - Added variable: FU_FORt2
2024-10-20 10:26:02,513 - ME modelNone - DEBUG - Added variable: BU_FORt2
2024-10-20 10:26:02,513 - ME modelNone - DEBUG - Added constraint: SU_FORt2
2024-10-20 10:26:02,513 - ME modelNone - DEBUG - Added constraint: UF_FORt2
2024-10-20 10:26:02,514 - ME modelNone - DEBUG - Added constraint: UR_FORt2
2024-10-20 10:26:02,514 - ME modelNone - DEBUG - Added variable: FU_FORt
2024-10-20 10:26:02,514 - ME modelNone - DEBUG - Added variable: BU_FORt
2024-10-20 10:26:02,515 - ME modelNone - DEBUG - Added constraint: SU_FORt
2024-10-20 10:26:02,515 - ME modelNone - DEBUG - Added constraint: UF_FORt
2024-10-20 10:26:02,516 - ME modelNone - DEBUG - Added constraint: UR_FORt
2024-10-20 10:26:02,516 - ME modelNone - DEBUG - Added variable: FU_FRD7
2024-10-20 10:26:02,516 - ME modelNone - DEBUG - Added variable: BU_FRD7
2024-10-20 10:26:02,516 - ME modelNone - DEBUG - Added constraint: SU_FRD7
2024-10-20 10:26:02,517 - ME modelNone - DEBUG - Added constraint: UF_FRD7
2024-10-20 10:26:02,517 - ME modelNone - DEBUG - Added constraint: UR_FRD7
2024-10-20 10:26:02,518 - ME modelNone - DEBUG - Added variable: FU_FRUpts2
2024-10-20 10:26:02,518 - ME modelNone - DEBUG - Added variable: BU_FRUpts2
2024-10-20 10:26:02,518 - ME modelNone - DEBUG - Added constraint: SU_FRUpts2
2024-10-20 10:26:02,518 - ME modelNone - DEBUG - Added constraint: UF_FRUpts2
2024-10-20 10:26:02,519 - ME modelNone - DEBUG - Added constraint: UR_FRUpts2
2024-10-20 10:26:02,519 - ME modelNone - DEBUG - Added variable: FU_FUM
2024-10-20 10:26:02,519 - ME modelNone - DEBUG - Added variable: BU_FUM
2024-10-20 10:26:02,520 - ME modelNone - DEBUG - Added constraint: SU_FUM
2024-10-20 10:26:02,520 - ME modelNone - DEBUG - Added constraint: UF_FUM
2024-10-20 10:26:02,521 - ME modelNone - DEBUG - Added constraint: UR_FUM
2024-10-20 10:26:02,521 - ME modelNone - DEBUG - Added variable: FU_FUMt2_2
2024-10-20 10:26:02,521 - ME modelNone - DEBUG - Added variable: BU_FUMt2_2
2024-10-20 10:26:02,521 - ME modelNone - DEBUG - Added constraint: SU_FUMt2_2
2024-10-20 10:26:02,522 - ME modelNone - DEBUG - Added constraint: UF_FUMt2_2
2024-10-20 10:26:02,522 - ME modelNone - DEBUG - Added constraint: UR_FUMt2_2
2024-10-20 10:26:02,522 - ME modelNone - DEBUG - Added variable: FU_G6PDH2r
2024-10-20 10:26:02,523 - ME modelNone - DEBUG - Added variable: BU_G6PDH2r
2024-10-20 10:26:02,523 - ME modelNone - DEBUG - Added constraint: SU_G6PDH2r
2024-10-20 10:26:02,523 - ME modelNone - DEBUG - Added constraint: UF_G6PDH2r
2024-10-20 10:26:02,524 - ME modelNone - DEBUG - Added constraint: UR_G6PDH2r
2024-10-20 10:26:02,524 - ME modelNone - DEBUG - Added variable: FU_GAPD
2024-10-20 10:26:02,524 - ME modelNone - DEBUG - Added variable: BU_GAPD
2024-10-20 10:26:02,525 - ME modelNone - DEBUG - Added constraint: SU_GAPD
2024-10-20 10:26:02,525 - ME modelNone - DEBUG - Added constraint: UF_GAPD
2024-10-20 10:26:02,525 - ME modelNone - DEBUG - Added constraint: UR_GAPD
2024-10-20 10:26:02,526 - ME modelNone - DEBUG - Added variable: FU_GLCpts
2024-10-20 10:26:02,526 - ME modelNone - DEBUG - Added variable: BU_GLCpts
2024-10-20 10:26:02,526 - ME modelNone - DEBUG - Added constraint: SU_GLCpts
2024-10-20 10:26:02,527 - ME modelNone - DEBUG - Added constraint: UF_GLCpts
2024-10-20 10:26:02,527 - ME modelNone - DEBUG - Added constraint: UR_GLCpts
2024-10-20 10:26:02,527 - ME modelNone - DEBUG - Added variable: FU_GLNS
2024-10-20 10:26:02,528 - ME modelNone - DEBUG - Added variable: BU_GLNS
2024-10-20 10:26:02,528 - ME modelNone - DEBUG - Added constraint: SU_GLNS
2024-10-20 10:26:02,528 - ME modelNone - DEBUG - Added constraint: UF_GLNS
2024-10-20 10:26:02,529 - ME modelNone - DEBUG - Added constraint: UR_GLNS
2024-10-20 10:26:02,529 - ME modelNone - DEBUG - Added variable: FU_GLNabc
2024-10-20 10:26:02,529 - ME modelNone - DEBUG - Added variable: BU_GLNabc
2024-10-20 10:26:02,530 - ME modelNone - DEBUG - Added constraint: SU_GLNabc
2024-10-20 10:26:02,530 - ME modelNone - DEBUG - Added constraint: UF_GLNabc
2024-10-20 10:26:02,531 - ME modelNone - DEBUG - Added constraint: UR_GLNabc
2024-10-20 10:26:02,531 - ME modelNone - DEBUG - Added variable: FU_GLUDy
2024-10-20 10:26:02,531 - ME modelNone - DEBUG - Added variable: BU_GLUDy
2024-10-20 10:26:02,531 - ME modelNone - DEBUG - Added constraint: SU_GLUDy
2024-10-20 10:26:02,532 - ME modelNone - DEBUG - Added constraint: UF_GLUDy
2024-10-20 10:26:02,532 - ME modelNone - DEBUG - Added constraint: UR_GLUDy
2024-10-20 10:26:02,533 - ME modelNone - DEBUG - Added variable: FU_GLUN
2024-10-20 10:26:02,533 - ME modelNone - DEBUG - Added variable: BU_GLUN
2024-10-20 10:26:02,533 - ME modelNone - DEBUG - Added constraint: SU_GLUN
2024-10-20 10:26:02,533 - ME modelNone - DEBUG - Added constraint: UF_GLUN
2024-10-20 10:26:02,534 - ME modelNone - DEBUG - Added constraint: UR_GLUN
2024-10-20 10:26:02,534 - ME modelNone - DEBUG - Added variable: FU_GLUSy
2024-10-20 10:26:02,534 - ME modelNone - DEBUG - Added variable: BU_GLUSy
2024-10-20 10:26:02,535 - ME modelNone - DEBUG - Added constraint: SU_GLUSy
2024-10-20 10:26:02,535 - ME modelNone - DEBUG - Added constraint: UF_GLUSy
2024-10-20 10:26:02,535 - ME modelNone - DEBUG - Added constraint: UR_GLUSy
2024-10-20 10:26:02,536 - ME modelNone - DEBUG - Added variable: FU_GLUt2r
2024-10-20 10:26:02,536 - ME modelNone - DEBUG - Added variable: BU_GLUt2r
2024-10-20 10:26:02,536 - ME modelNone - DEBUG - Added constraint: SU_GLUt2r
2024-10-20 10:26:02,537 - ME modelNone - DEBUG - Added constraint: UF_GLUt2r
2024-10-20 10:26:02,537 - ME modelNone - DEBUG - Added constraint: UR_GLUt2r
2024-10-20 10:26:02,537 - ME modelNone - DEBUG - Added variable: FU_GND
2024-10-20 10:26:02,538 - ME modelNone - DEBUG - Added variable: BU_GND
2024-10-20 10:26:02,538 - ME modelNone - DEBUG - Added constraint: SU_GND
2024-10-20 10:26:02,538 - ME modelNone - DEBUG - Added constraint: UF_GND
2024-10-20 10:26:02,539 - ME modelNone - DEBUG - Added constraint: UR_GND
2024-10-20 10:26:02,539 - ME modelNone - DEBUG - Added variable: FU_H2Ot
2024-10-20 10:26:02,539 - ME modelNone - DEBUG - Added variable: BU_H2Ot
2024-10-20 10:26:02,540 - ME modelNone - DEBUG - Added constraint: SU_H2Ot
2024-10-20 10:26:02,540 - ME modelNone - DEBUG - Added constraint: UF_H2Ot
2024-10-20 10:26:02,540 - ME modelNone - DEBUG - Added constraint: UR_H2Ot
2024-10-20 10:26:02,541 - ME modelNone - DEBUG - Added variable: FU_ICDHyr
2024-10-20 10:26:02,541 - ME modelNone - DEBUG - Added variable: BU_ICDHyr
2024-10-20 10:26:02,541 - ME modelNone - DEBUG - Added constraint: SU_ICDHyr
2024-10-20 10:26:02,542 - ME modelNone - DEBUG - Added constraint: UF_ICDHyr
2024-10-20 10:26:02,542 - ME modelNone - DEBUG - Added constraint: UR_ICDHyr
2024-10-20 10:26:02,542 - ME modelNone - DEBUG - Added variable: FU_ICL
2024-10-20 10:26:02,543 - ME modelNone - DEBUG - Added variable: BU_ICL
2024-10-20 10:26:02,543 - ME modelNone - DEBUG - Added constraint: SU_ICL
2024-10-20 10:26:02,544 - ME modelNone - DEBUG - Added constraint: UF_ICL
2024-10-20 10:26:02,544 - ME modelNone - DEBUG - Added constraint: UR_ICL
2024-10-20 10:26:02,545 - ME modelNone - DEBUG - Added variable: FU_LDH_D
2024-10-20 10:26:02,545 - ME modelNone - DEBUG - Added variable: BU_LDH_D
2024-10-20 10:26:02,545 - ME modelNone - DEBUG - Added constraint: SU_LDH_D
2024-10-20 10:26:02,546 - ME modelNone - DEBUG - Added constraint: UF_LDH_D
2024-10-20 10:26:02,547 - ME modelNone - DEBUG - Added constraint: UR_LDH_D
2024-10-20 10:26:02,547 - ME modelNone - DEBUG - Added variable: FU_MALS
2024-10-20 10:26:02,547 - ME modelNone - DEBUG - Added variable: BU_MALS
2024-10-20 10:26:02,548 - ME modelNone - DEBUG - Added constraint: SU_MALS
2024-10-20 10:26:02,548 - ME modelNone - DEBUG - Added constraint: UF_MALS
2024-10-20 10:26:02,549 - ME modelNone - DEBUG - Added constraint: UR_MALS
2024-10-20 10:26:02,549 - ME modelNone - DEBUG - Added variable: FU_MALt2_2
2024-10-20 10:26:02,549 - ME modelNone - DEBUG - Added variable: BU_MALt2_2
2024-10-20 10:26:02,550 - ME modelNone - DEBUG - Added constraint: SU_MALt2_2
2024-10-20 10:26:02,550 - ME modelNone - DEBUG - Added constraint: UF_MALt2_2
2024-10-20 10:26:02,551 - ME modelNone - DEBUG - Added constraint: UR_MALt2_2
2024-10-20 10:26:02,551 - ME modelNone - DEBUG - Added variable: FU_MDH
2024-10-20 10:26:02,551 - ME modelNone - DEBUG - Added variable: BU_MDH
2024-10-20 10:26:02,552 - ME modelNone - DEBUG - Added constraint: SU_MDH
2024-10-20 10:26:02,552 - ME modelNone - DEBUG - Added constraint: UF_MDH
2024-10-20 10:26:02,553 - ME modelNone - DEBUG - Added constraint: UR_MDH
2024-10-20 10:26:02,553 - ME modelNone - DEBUG - Added variable: FU_ME1
2024-10-20 10:26:02,553 - ME modelNone - DEBUG - Added variable: BU_ME1
2024-10-20 10:26:02,553 - ME modelNone - DEBUG - Added constraint: SU_ME1
2024-10-20 10:26:02,554 - ME modelNone - DEBUG - Added constraint: UF_ME1
2024-10-20 10:26:02,554 - ME modelNone - DEBUG - Added constraint: UR_ME1
2024-10-20 10:26:02,555 - ME modelNone - DEBUG - Added variable: FU_ME2
2024-10-20 10:26:02,555 - ME modelNone - DEBUG - Added variable: BU_ME2
2024-10-20 10:26:02,555 - ME modelNone - DEBUG - Added constraint: SU_ME2
2024-10-20 10:26:02,556 - ME modelNone - DEBUG - Added constraint: UF_ME2
2024-10-20 10:26:02,556 - ME modelNone - DEBUG - Added constraint: UR_ME2
2024-10-20 10:26:02,556 - ME modelNone - DEBUG - Added variable: FU_NADH16
2024-10-20 10:26:02,557 - ME modelNone - DEBUG - Added variable: BU_NADH16
2024-10-20 10:26:02,557 - ME modelNone - DEBUG - Added constraint: SU_NADH16
2024-10-20 10:26:02,557 - ME modelNone - DEBUG - Added constraint: UF_NADH16
2024-10-20 10:26:02,558 - ME modelNone - DEBUG - Added constraint: UR_NADH16
2024-10-20 10:26:02,558 - ME modelNone - DEBUG - Added variable: FU_NADTRHD
2024-10-20 10:26:02,558 - ME modelNone - DEBUG - Added variable: BU_NADTRHD
2024-10-20 10:26:02,559 - ME modelNone - DEBUG - Added constraint: SU_NADTRHD
2024-10-20 10:26:02,559 - ME modelNone - DEBUG - Added constraint: UF_NADTRHD
2024-10-20 10:26:02,560 - ME modelNone - DEBUG - Added constraint: UR_NADTRHD
2024-10-20 10:26:02,560 - ME modelNone - DEBUG - Added variable: FU_NH4t
2024-10-20 10:26:02,560 - ME modelNone - DEBUG - Added variable: BU_NH4t
2024-10-20 10:26:02,560 - ME modelNone - DEBUG - Added constraint: SU_NH4t
2024-10-20 10:26:02,561 - ME modelNone - DEBUG - Added constraint: UF_NH4t
2024-10-20 10:26:02,561 - ME modelNone - DEBUG - Added constraint: UR_NH4t
2024-10-20 10:26:02,562 - ME modelNone - DEBUG - Added variable: FU_O2t
2024-10-20 10:26:02,562 - ME modelNone - DEBUG - Added variable: BU_O2t
2024-10-20 10:26:02,562 - ME modelNone - DEBUG - Added constraint: SU_O2t
2024-10-20 10:26:02,563 - ME modelNone - DEBUG - Added constraint: UF_O2t
2024-10-20 10:26:02,563 - ME modelNone - DEBUG - Added constraint: UR_O2t
2024-10-20 10:26:02,563 - ME modelNone - DEBUG - Added variable: FU_PDH
2024-10-20 10:26:02,564 - ME modelNone - DEBUG - Added variable: BU_PDH
2024-10-20 10:26:02,564 - ME modelNone - DEBUG - Added constraint: SU_PDH
2024-10-20 10:26:02,564 - ME modelNone - DEBUG - Added constraint: UF_PDH
2024-10-20 10:26:02,565 - ME modelNone - DEBUG - Added constraint: UR_PDH
2024-10-20 10:26:02,565 - ME modelNone - INFO - # Model conversion done.
2024-10-20 10:26:02,565 - ME modelNone - INFO - # Updating cobra_model variables...
2024-10-20 10:26:02,566 - ME modelNone - INFO - # cobra_model variables are up-to-date
2024-10-20 10:26:02,566 - ME modelNone - INFO - Setting minimal growth rate to 95% of the TFA solution
2024-10-20 10:26:02,573 - ME modelNone - DEBUG - 'slim_optimize' ((), {}) 0.01 sec
2024-10-20 10:26:02,573 - ME modelNone - INFO - Setting minimal growth rate to 0.8739215069684301
2024-10-20 10:26:02,573 - ME modelNone - INFO - Using default sum_flux : False
