2024-10-20 10:38:51,280 - ME modelNone - INFO - # Model initialized 
2024-10-20 10:38:51,280 - ME modelNone - INFO - # Model conversion starting...
2024-10-20 10:38:51,280 - ME modelNone - DEBUG - Added variable: FU_PFK
2024-10-20 10:38:51,280 - ME modelNone - DEBUG - Added variable: BU_PFK
2024-10-20 10:38:51,280 - ME modelNone - DEBUG - Added constraint: SU_PFK
2024-10-20 10:38:51,281 - ME modelNone - DEBUG - Added constraint: UF_PFK
2024-10-20 10:38:51,282 - ME modelNone - DEBUG - Added constraint: UR_PFK
2024-10-20 10:38:51,282 - ME modelNone - DEBUG - Added variable: FU_PFL
2024-10-20 10:38:51,282 - ME modelNone - DEBUG - Added variable: BU_PFL
2024-10-20 10:38:51,282 - ME modelNone - DEBUG - Added constraint: SU_PFL
2024-10-20 10:38:51,283 - ME modelNone - DEBUG - Added constraint: UF_PFL
2024-10-20 10:38:51,283 - ME modelNone - DEBUG - Added constraint: UR_PFL
2024-10-20 10:38:51,284 - ME modelNone - DEBUG - Added variable: FU_PGI
2024-10-20 10:38:51,284 - ME modelNone - DEBUG - Added variable: BU_PGI
2024-10-20 10:38:51,284 - ME modelNone - DEBUG - Added constraint: SU_PGI
2024-10-20 10:38:51,284 - ME modelNone - DEBUG - Added constraint: UF_PGI
2024-10-20 10:38:51,285 - ME modelNone - DEBUG - Added constraint: UR_PGI
2024-10-20 10:38:51,285 - ME modelNone - DEBUG - Added variable: FU_PGK
2024-10-20 10:38:51,285 - ME modelNone - DEBUG - Added variable: BU_PGK
2024-10-20 10:38:51,286 - ME modelNone - DEBUG - Added constraint: SU_PGK
2024-10-20 10:38:51,286 - ME modelNone - DEBUG - Added constraint: UF_PGK
2024-10-20 10:38:51,287 - ME modelNone - DEBUG - Added constraint: UR_PGK
2024-10-20 10:38:51,287 - ME modelNone - DEBUG - Added variable: FU_PGL
2024-10-20 10:38:51,287 - ME modelNone - DEBUG - Added variable: BU_PGL
2024-10-20 10:38:51,288 - ME modelNone - DEBUG - Added constraint: SU_PGL
2024-10-20 10:38:51,288 - ME modelNone - DEBUG - Added constraint: UF_PGL
2024-10-20 10:38:51,289 - ME modelNone - DEBUG - Added constraint: UR_PGL
2024-10-20 10:38:51,289 - ME modelNone - DEBUG - Added variable: FU_ACALD
2024-10-20 10:38:51,289 - ME modelNone - DEBUG - Added variable: BU_ACALD
2024-10-20 10:38:51,289 - ME modelNone - DEBUG - Added constraint: SU_ACALD
2024-10-20 10:38:51,290 - ME modelNone - DEBUG - Added constraint: UF_ACALD
2024-10-20 10:38:51,291 - ME modelNone - DEBUG - Added constraint: UR_ACALD
2024-10-20 10:38:51,291 - ME modelNone - DEBUG - Added variable: FU_AKGt2r
2024-10-20 10:38:51,292 - ME modelNone - DEBUG - Added variable: BU_AKGt2r
2024-10-20 10:38:51,292 - ME modelNone - DEBUG - Added constraint: SU_AKGt2r
2024-10-20 10:38:51,292 - ME modelNone - DEBUG - Added constraint: UF_AKGt2r
2024-10-20 10:38:51,293 - ME modelNone - DEBUG - Added constraint: UR_AKGt2r
2024-10-20 10:38:51,293 - ME modelNone - DEBUG - Added variable: FU_PGM
2024-10-20 10:38:51,293 - ME modelNone - DEBUG - Added variable: BU_PGM
2024-10-20 10:38:51,293 - ME modelNone - DEBUG - Added constraint: SU_PGM
2024-10-20 10:38:51,294 - ME modelNone - DEBUG - Added constraint: UF_PGM
2024-10-20 10:38:51,294 - ME modelNone - DEBUG - Added constraint: UR_PGM
2024-10-20 10:38:51,295 - ME modelNone - DEBUG - Added variable: FU_PIt2r
2024-10-20 10:38:51,295 - ME modelNone - DEBUG - Added variable: BU_PIt2r
2024-10-20 10:38:51,295 - ME modelNone - DEBUG - Added constraint: SU_PIt2r
2024-10-20 10:38:51,296 - ME modelNone - DEBUG - Added constraint: UF_PIt2r
2024-10-20 10:38:51,296 - ME modelNone - DEBUG - Added constraint: UR_PIt2r
2024-10-20 10:38:51,296 - ME modelNone - DEBUG - Added variable: FU_ALCD2x
2024-10-20 10:38:51,297 - ME modelNone - DEBUG - Added variable: BU_ALCD2x
2024-10-20 10:38:51,297 - ME modelNone - DEBUG - Added constraint: SU_ALCD2x
2024-10-20 10:38:51,297 - ME modelNone - DEBUG - Added constraint: UF_ALCD2x
2024-10-20 10:38:51,298 - ME modelNone - DEBUG - Added constraint: UR_ALCD2x
2024-10-20 10:38:51,298 - ME modelNone - DEBUG - Added variable: FU_ACALDt
2024-10-20 10:38:51,298 - ME modelNone - DEBUG - Added variable: BU_ACALDt
2024-10-20 10:38:51,298 - ME modelNone - DEBUG - Added constraint: SU_ACALDt
2024-10-20 10:38:51,299 - ME modelNone - DEBUG - Added constraint: UF_ACALDt
2024-10-20 10:38:51,300 - ME modelNone - DEBUG - Added constraint: UR_ACALDt
2024-10-20 10:38:51,301 - ME modelNone - DEBUG - Added variable: FU_ACKr
2024-10-20 10:38:51,301 - ME modelNone - DEBUG - Added variable: BU_ACKr
2024-10-20 10:38:51,302 - ME modelNone - DEBUG - Added constraint: SU_ACKr
2024-10-20 10:38:51,302 - ME modelNone - DEBUG - Added constraint: UF_ACKr
2024-10-20 10:38:51,303 - ME modelNone - DEBUG - Added constraint: UR_ACKr
2024-10-20 10:38:51,303 - ME modelNone - DEBUG - Added variable: FU_PPC
2024-10-20 10:38:51,303 - ME modelNone - DEBUG - Added variable: BU_PPC
2024-10-20 10:38:51,304 - ME modelNone - DEBUG - Added constraint: SU_PPC
2024-10-20 10:38:51,304 - ME modelNone - DEBUG - Added constraint: UF_PPC
2024-10-20 10:38:51,305 - ME modelNone - DEBUG - Added constraint: UR_PPC
2024-10-20 10:38:51,305 - ME modelNone - DEBUG - Added variable: FU_ACONTa
2024-10-20 10:38:51,305 - ME modelNone - DEBUG - Added variable: BU_ACONTa
2024-10-20 10:38:51,305 - ME modelNone - DEBUG - Added constraint: SU_ACONTa
2024-10-20 10:38:51,306 - ME modelNone - DEBUG - Added constraint: UF_ACONTa
2024-10-20 10:38:51,306 - ME modelNone - DEBUG - Added constraint: UR_ACONTa
2024-10-20 10:38:51,306 - ME modelNone - DEBUG - Added variable: FU_ACONTb
2024-10-20 10:38:51,307 - ME modelNone - DEBUG - Added variable: BU_ACONTb
2024-10-20 10:38:51,307 - ME modelNone - DEBUG - Added constraint: SU_ACONTb
2024-10-20 10:38:51,307 - ME modelNone - DEBUG - Added constraint: UF_ACONTb
2024-10-20 10:38:51,308 - ME modelNone - DEBUG - Added constraint: UR_ACONTb
2024-10-20 10:38:51,308 - ME modelNone - DEBUG - Added variable: FU_ATPM
2024-10-20 10:38:51,308 - ME modelNone - DEBUG - Added variable: BU_ATPM
2024-10-20 10:38:51,308 - ME modelNone - DEBUG - Added constraint: SU_ATPM
2024-10-20 10:38:51,309 - ME modelNone - DEBUG - Added constraint: UF_ATPM
2024-10-20 10:38:51,309 - ME modelNone - DEBUG - Added constraint: UR_ATPM
2024-10-20 10:38:51,310 - ME modelNone - DEBUG - Added variable: FU_PPCK
2024-10-20 10:38:51,310 - ME modelNone - DEBUG - Added variable: BU_PPCK
2024-10-20 10:38:51,310 - ME modelNone - DEBUG - Added constraint: SU_PPCK
2024-10-20 10:38:51,310 - ME modelNone - DEBUG - Added constraint: UF_PPCK
2024-10-20 10:38:51,311 - ME modelNone - DEBUG - Added constraint: UR_PPCK
2024-10-20 10:38:51,311 - ME modelNone - DEBUG - Added variable: FU_ACt2r
2024-10-20 10:38:51,311 - ME modelNone - DEBUG - Added variable: BU_ACt2r
2024-10-20 10:38:51,311 - ME modelNone - DEBUG - Added constraint: SU_ACt2r
2024-10-20 10:38:51,312 - ME modelNone - DEBUG - Added constraint: UF_ACt2r
2024-10-20 10:38:51,312 - ME modelNone - DEBUG - Added constraint: UR_ACt2r
2024-10-20 10:38:51,313 - ME modelNone - DEBUG - Added variable: FU_PPS
2024-10-20 10:38:51,313 - ME modelNone - DEBUG - Added variable: BU_PPS
2024-10-20 10:38:51,313 - ME modelNone - DEBUG - Added constraint: SU_PPS
2024-10-20 10:38:51,314 - ME modelNone - DEBUG - Added constraint: UF_PPS
2024-10-20 10:38:51,314 - ME modelNone - DEBUG - Added constraint: UR_PPS
2024-10-20 10:38:51,314 - ME modelNone - DEBUG - Added variable: FU_ADK1
2024-10-20 10:38:51,315 - ME modelNone - DEBUG - Added variable: BU_ADK1
2024-10-20 10:38:51,315 - ME modelNone - DEBUG - Added constraint: SU_ADK1
2024-10-20 10:38:51,315 - ME modelNone - DEBUG - Added constraint: UF_ADK1
2024-10-20 10:38:51,316 - ME modelNone - DEBUG - Added constraint: UR_ADK1
2024-10-20 10:38:51,317 - ME modelNone - DEBUG - Added variable: FU_AKGDH
2024-10-20 10:38:51,317 - ME modelNone - DEBUG - Added variable: BU_AKGDH
2024-10-20 10:38:51,317 - ME modelNone - DEBUG - Added constraint: SU_AKGDH
2024-10-20 10:38:51,318 - ME modelNone - DEBUG - Added constraint: UF_AKGDH
2024-10-20 10:38:51,319 - ME modelNone - DEBUG - Added constraint: UR_AKGDH
2024-10-20 10:38:51,319 - ME modelNone - DEBUG - Added variable: FU_ATPS4r
2024-10-20 10:38:51,319 - ME modelNone - DEBUG - Added variable: BU_ATPS4r
2024-10-20 10:38:51,320 - ME modelNone - DEBUG - Added constraint: SU_ATPS4r
2024-10-20 10:38:51,320 - ME modelNone - DEBUG - Added constraint: UF_ATPS4r
2024-10-20 10:38:51,320 - ME modelNone - DEBUG - Added constraint: UR_ATPS4r
2024-10-20 10:38:51,321 - ME modelNone - DEBUG - Added variable: FU_PTAr
2024-10-20 10:38:51,321 - ME modelNone - DEBUG - Added variable: BU_PTAr
2024-10-20 10:38:51,321 - ME modelNone - DEBUG - Added constraint: SU_PTAr
2024-10-20 10:38:51,322 - ME modelNone - DEBUG - Added constraint: UF_PTAr
2024-10-20 10:38:51,322 - ME modelNone - DEBUG - Added constraint: UR_PTAr
2024-10-20 10:38:51,322 - ME modelNone - DEBUG - Added variable: FU_PYK
2024-10-20 10:38:51,323 - ME modelNone - DEBUG - Added variable: BU_PYK
2024-10-20 10:38:51,323 - ME modelNone - DEBUG - Added constraint: SU_PYK
2024-10-20 10:38:51,323 - ME modelNone - DEBUG - Added constraint: UF_PYK
2024-10-20 10:38:51,324 - ME modelNone - DEBUG - Added constraint: UR_PYK
2024-10-20 10:38:51,324 - ME modelNone - DEBUG - Added variable: FU_BIOMASS_Ecoli_core_w_GAM
2024-10-20 10:38:51,324 - ME modelNone - DEBUG - Added variable: BU_BIOMASS_Ecoli_core_w_GAM
2024-10-20 10:38:51,324 - ME modelNone - DEBUG - Added constraint: SU_BIOMASS_Ecoli_core_w_GAM
2024-10-20 10:38:51,325 - ME modelNone - DEBUG - Added constraint: UF_BIOMASS_Ecoli_core_w_GAM
2024-10-20 10:38:51,325 - ME modelNone - DEBUG - Added constraint: UR_BIOMASS_Ecoli_core_w_GAM
2024-10-20 10:38:51,326 - ME modelNone - DEBUG - Added variable: FU_PYRt2
2024-10-20 10:38:51,326 - ME modelNone - DEBUG - Added variable: BU_PYRt2
2024-10-20 10:38:51,327 - ME modelNone - DEBUG - Added constraint: SU_PYRt2
2024-10-20 10:38:51,328 - ME modelNone - DEBUG - Added constraint: UF_PYRt2
2024-10-20 10:38:51,328 - ME modelNone - DEBUG - Added constraint: UR_PYRt2
2024-10-20 10:38:51,329 - ME modelNone - DEBUG - Added variable: FU_CO2t
2024-10-20 10:38:51,329 - ME modelNone - DEBUG - Added variable: BU_CO2t
2024-10-20 10:38:51,329 - ME modelNone - DEBUG - Added constraint: SU_CO2t
2024-10-20 10:38:51,330 - ME modelNone - DEBUG - Added constraint: UF_CO2t
2024-10-20 10:38:51,330 - ME modelNone - DEBUG - Added constraint: UR_CO2t
2024-10-20 10:38:51,330 - ME modelNone - DEBUG - Added variable: FU_RPE
2024-10-20 10:38:51,331 - ME modelNone - DEBUG - Added variable: BU_RPE
2024-10-20 10:38:51,331 - ME modelNone - DEBUG - Added constraint: SU_RPE
2024-10-20 10:38:51,331 - ME modelNone - DEBUG - Added constraint: UF_RPE
2024-10-20 10:38:51,332 - ME modelNone - DEBUG - Added constraint: UR_RPE
2024-10-20 10:38:51,332 - ME modelNone - DEBUG - Added variable: FU_CS
2024-10-20 10:38:51,332 - ME modelNone - DEBUG - Added variable: BU_CS
2024-10-20 10:38:51,333 - ME modelNone - DEBUG - Added constraint: SU_CS
2024-10-20 10:38:51,333 - ME modelNone - DEBUG - Added constraint: UF_CS
2024-10-20 10:38:51,334 - ME modelNone - DEBUG - Added constraint: UR_CS
2024-10-20 10:38:51,334 - ME modelNone - DEBUG - Added variable: FU_RPI
2024-10-20 10:38:51,335 - ME modelNone - DEBUG - Added variable: BU_RPI
2024-10-20 10:38:51,335 - ME modelNone - DEBUG - Added constraint: SU_RPI
2024-10-20 10:38:51,335 - ME modelNone - DEBUG - Added constraint: UF_RPI
2024-10-20 10:38:51,336 - ME modelNone - DEBUG - Added constraint: UR_RPI
2024-10-20 10:38:51,336 - ME modelNone - DEBUG - Added variable: FU_SUCCt2_2
2024-10-20 10:38:51,337 - ME modelNone - DEBUG - Added variable: BU_SUCCt2_2
2024-10-20 10:38:51,337 - ME modelNone - DEBUG - Added constraint: SU_SUCCt2_2
2024-10-20 10:38:51,337 - ME modelNone - DEBUG - Added constraint: UF_SUCCt2_2
2024-10-20 10:38:51,338 - ME modelNone - DEBUG - Added constraint: UR_SUCCt2_2
2024-10-20 10:38:51,338 - ME modelNone - DEBUG - Added variable: FU_CYTBD
2024-10-20 10:38:51,338 - ME modelNone - DEBUG - Added variable: BU_CYTBD
2024-10-20 10:38:51,339 - ME modelNone - DEBUG - Added constraint: SU_CYTBD
2024-10-20 10:38:51,339 - ME modelNone - DEBUG - Added constraint: UF_CYTBD
2024-10-20 10:38:51,340 - ME modelNone - DEBUG - Added constraint: UR_CYTBD
2024-10-20 10:38:51,340 - ME modelNone - DEBUG - Added variable: FU_D_LACt2
2024-10-20 10:38:51,340 - ME modelNone - DEBUG - Added variable: BU_D_LACt2
2024-10-20 10:38:51,341 - ME modelNone - DEBUG - Added constraint: SU_D_LACt2
2024-10-20 10:38:51,341 - ME modelNone - DEBUG - Added constraint: UF_D_LACt2
2024-10-20 10:38:51,342 - ME modelNone - DEBUG - Added constraint: UR_D_LACt2
2024-10-20 10:38:51,342 - ME modelNone - DEBUG - Added variable: FU_ENO
2024-10-20 10:38:51,343 - ME modelNone - DEBUG - Added variable: BU_ENO
2024-10-20 10:38:51,343 - ME modelNone - DEBUG - Added constraint: SU_ENO
2024-10-20 10:38:51,343 - ME modelNone - DEBUG - Added constraint: UF_ENO
2024-10-20 10:38:51,344 - ME modelNone - DEBUG - Added constraint: UR_ENO
2024-10-20 10:38:51,344 - ME modelNone - DEBUG - Added variable: FU_SUCCt3
2024-10-20 10:38:51,345 - ME modelNone - DEBUG - Added variable: BU_SUCCt3
2024-10-20 10:38:51,345 - ME modelNone - DEBUG - Added constraint: SU_SUCCt3
2024-10-20 10:38:51,345 - ME modelNone - DEBUG - Added constraint: UF_SUCCt3
2024-10-20 10:38:51,346 - ME modelNone - DEBUG - Added constraint: UR_SUCCt3
2024-10-20 10:38:51,346 - ME modelNone - DEBUG - Added variable: FU_ETOHt2r
2024-10-20 10:38:51,347 - ME modelNone - DEBUG - Added variable: BU_ETOHt2r
2024-10-20 10:38:51,347 - ME modelNone - DEBUG - Added constraint: SU_ETOHt2r
2024-10-20 10:38:51,348 - ME modelNone - DEBUG - Added constraint: UF_ETOHt2r
2024-10-20 10:38:51,348 - ME modelNone - DEBUG - Added constraint: UR_ETOHt2r
2024-10-20 10:38:51,349 - ME modelNone - DEBUG - Added variable: FU_SUCDi
2024-10-20 10:38:51,349 - ME modelNone - DEBUG - Added variable: BU_SUCDi
2024-10-20 10:38:51,349 - ME modelNone - DEBUG - Added constraint: SU_SUCDi
2024-10-20 10:38:51,350 - ME modelNone - DEBUG - Added constraint: UF_SUCDi
2024-10-20 10:38:51,351 - ME modelNone - DEBUG - Added constraint: UR_SUCDi
2024-10-20 10:38:51,351 - ME modelNone - DEBUG - Added variable: FU_SUCOAS
2024-10-20 10:38:51,351 - ME modelNone - DEBUG - Added variable: BU_SUCOAS
2024-10-20 10:38:51,352 - ME modelNone - DEBUG - Added constraint: SU_SUCOAS
2024-10-20 10:38:51,352 - ME modelNone - DEBUG - Added constraint: UF_SUCOAS
2024-10-20 10:38:51,353 - ME modelNone - DEBUG - Added constraint: UR_SUCOAS
2024-10-20 10:38:51,353 - ME modelNone - DEBUG - Added variable: FU_TALA
2024-10-20 10:38:51,353 - ME modelNone - DEBUG - Added variable: BU_TALA
2024-10-20 10:38:51,353 - ME modelNone - DEBUG - Added constraint: SU_TALA
2024-10-20 10:38:51,354 - ME modelNone - DEBUG - Added constraint: UF_TALA
2024-10-20 10:38:51,355 - ME modelNone - DEBUG - Added constraint: UR_TALA
2024-10-20 10:38:51,355 - ME modelNone - DEBUG - Added variable: FU_THD2
2024-10-20 10:38:51,356 - ME modelNone - DEBUG - Added variable: BU_THD2
2024-10-20 10:38:51,356 - ME modelNone - DEBUG - Added constraint: SU_THD2
2024-10-20 10:38:51,356 - ME modelNone - DEBUG - Added constraint: UF_THD2
2024-10-20 10:38:51,357 - ME modelNone - DEBUG - Added constraint: UR_THD2
2024-10-20 10:38:51,357 - ME modelNone - DEBUG - Added variable: FU_TKT1
2024-10-20 10:38:51,357 - ME modelNone - DEBUG - Added variable: BU_TKT1
2024-10-20 10:38:51,358 - ME modelNone - DEBUG - Added constraint: SU_TKT1
2024-10-20 10:38:51,359 - ME modelNone - DEBUG - Added constraint: UF_TKT1
2024-10-20 10:38:51,359 - ME modelNone - DEBUG - Added constraint: UR_TKT1
2024-10-20 10:38:51,359 - ME modelNone - DEBUG - Added variable: FU_TKT2
2024-10-20 10:38:51,360 - ME modelNone - DEBUG - Added variable: BU_TKT2
2024-10-20 10:38:51,360 - ME modelNone - DEBUG - Added constraint: SU_TKT2
2024-10-20 10:38:51,360 - ME modelNone - DEBUG - Added constraint: UF_TKT2
2024-10-20 10:38:51,361 - ME modelNone - DEBUG - Added constraint: UR_TKT2
2024-10-20 10:38:51,361 - ME modelNone - DEBUG - Added variable: FU_TPI
2024-10-20 10:38:51,361 - ME modelNone - DEBUG - Added variable: BU_TPI
2024-10-20 10:38:51,362 - ME modelNone - DEBUG - Added constraint: SU_TPI
2024-10-20 10:38:51,362 - ME modelNone - DEBUG - Added constraint: UF_TPI
2024-10-20 10:38:51,363 - ME modelNone - DEBUG - Added constraint: UR_TPI
2024-10-20 10:38:51,363 - ME modelNone - DEBUG - Added variable: FU_EX_ac_e
2024-10-20 10:38:51,364 - ME modelNone - DEBUG - Added variable: BU_EX_ac_e
2024-10-20 10:38:51,364 - ME modelNone - DEBUG - Added constraint: SU_EX_ac_e
2024-10-20 10:38:51,365 - ME modelNone - DEBUG - Added constraint: UF_EX_ac_e
2024-10-20 10:38:51,365 - ME modelNone - DEBUG - Added constraint: UR_EX_ac_e
2024-10-20 10:38:51,366 - ME modelNone - DEBUG - Added variable: FU_EX_acald_e
2024-10-20 10:38:51,366 - ME modelNone - DEBUG - Added variable: BU_EX_acald_e
2024-10-20 10:38:51,366 - ME modelNone - DEBUG - Added constraint: SU_EX_acald_e
2024-10-20 10:38:51,367 - ME modelNone - DEBUG - Added constraint: UF_EX_acald_e
2024-10-20 10:38:51,368 - ME modelNone - DEBUG - Added constraint: UR_EX_acald_e
2024-10-20 10:38:51,368 - ME modelNone - DEBUG - Added variable: FU_EX_akg_e
2024-10-20 10:38:51,368 - ME modelNone - DEBUG - Added variable: BU_EX_akg_e
2024-10-20 10:38:51,368 - ME modelNone - DEBUG - Added constraint: SU_EX_akg_e
2024-10-20 10:38:51,369 - ME modelNone - DEBUG - Added constraint: UF_EX_akg_e
2024-10-20 10:38:51,369 - ME modelNone - DEBUG - Added constraint: UR_EX_akg_e
2024-10-20 10:38:51,370 - ME modelNone - DEBUG - Added variable: FU_EX_co2_e
2024-10-20 10:38:51,370 - ME modelNone - DEBUG - Added variable: BU_EX_co2_e
2024-10-20 10:38:51,370 - ME modelNone - DEBUG - Added constraint: SU_EX_co2_e
2024-10-20 10:38:51,371 - ME modelNone - DEBUG - Added constraint: UF_EX_co2_e
2024-10-20 10:38:51,371 - ME modelNone - DEBUG - Added constraint: UR_EX_co2_e
2024-10-20 10:38:51,371 - ME modelNone - DEBUG - Added variable: FU_EX_etoh_e
2024-10-20 10:38:51,372 - ME modelNone - DEBUG - Added variable: BU_EX_etoh_e
2024-10-20 10:38:51,372 - ME modelNone - DEBUG - Added constraint: SU_EX_etoh_e
2024-10-20 10:38:51,372 - ME modelNone - DEBUG - Added constraint: UF_EX_etoh_e
2024-10-20 10:38:51,373 - ME modelNone - DEBUG - Added constraint: UR_EX_etoh_e
2024-10-20 10:38:51,373 - ME modelNone - DEBUG - Added variable: FU_EX_for_e
2024-10-20 10:38:51,373 - ME modelNone - DEBUG - Added variable: BU_EX_for_e
2024-10-20 10:38:51,374 - ME modelNone - DEBUG - Added constraint: SU_EX_for_e
2024-10-20 10:38:51,374 - ME modelNone - DEBUG - Added constraint: UF_EX_for_e
2024-10-20 10:38:51,375 - ME modelNone - DEBUG - Added constraint: UR_EX_for_e
2024-10-20 10:38:51,375 - ME modelNone - DEBUG - Added variable: FU_EX_fru_e
2024-10-20 10:38:51,375 - ME modelNone - DEBUG - Added variable: BU_EX_fru_e
2024-10-20 10:38:51,375 - ME modelNone - DEBUG - Added constraint: SU_EX_fru_e
2024-10-20 10:38:51,376 - ME modelNone - DEBUG - Added constraint: UF_EX_fru_e
2024-10-20 10:38:51,376 - ME modelNone - DEBUG - Added constraint: UR_EX_fru_e
2024-10-20 10:38:51,377 - ME modelNone - DEBUG - Added variable: FU_EX_fum_e
2024-10-20 10:38:51,377 - ME modelNone - DEBUG - Added variable: BU_EX_fum_e
2024-10-20 10:38:51,377 - ME modelNone - DEBUG - Added constraint: SU_EX_fum_e
2024-10-20 10:38:51,378 - ME modelNone - DEBUG - Added constraint: UF_EX_fum_e
2024-10-20 10:38:51,378 - ME modelNone - DEBUG - Added constraint: UR_EX_fum_e
2024-10-20 10:38:51,379 - ME modelNone - DEBUG - Added variable: FU_EX_glc__D_e
2024-10-20 10:38:51,379 - ME modelNone - DEBUG - Added variable: BU_EX_glc__D_e
2024-10-20 10:38:51,379 - ME modelNone - DEBUG - Added constraint: SU_EX_glc__D_e
2024-10-20 10:38:51,380 - ME modelNone - DEBUG - Added constraint: UF_EX_glc__D_e
2024-10-20 10:38:51,380 - ME modelNone - DEBUG - Added constraint: UR_EX_glc__D_e
2024-10-20 10:38:51,381 - ME modelNone - DEBUG - Added variable: FU_EX_gln__L_e
2024-10-20 10:38:51,381 - ME modelNone - DEBUG - Added variable: BU_EX_gln__L_e
2024-10-20 10:38:51,381 - ME modelNone - DEBUG - Added constraint: SU_EX_gln__L_e
2024-10-20 10:38:51,382 - ME modelNone - DEBUG - Added constraint: UF_EX_gln__L_e
2024-10-20 10:38:51,382 - ME modelNone - DEBUG - Added constraint: UR_EX_gln__L_e
2024-10-20 10:38:51,382 - ME modelNone - DEBUG - Added variable: FU_EX_glu__L_e
2024-10-20 10:38:51,383 - ME modelNone - DEBUG - Added variable: BU_EX_glu__L_e
2024-10-20 10:38:51,383 - ME modelNone - DEBUG - Added constraint: SU_EX_glu__L_e
2024-10-20 10:38:51,384 - ME modelNone - DEBUG - Added constraint: UF_EX_glu__L_e
2024-10-20 10:38:51,385 - ME modelNone - DEBUG - Added constraint: UR_EX_glu__L_e
2024-10-20 10:38:51,386 - ME modelNone - DEBUG - Added variable: FU_EX_h_e
2024-10-20 10:38:51,386 - ME modelNone - DEBUG - Added variable: BU_EX_h_e
2024-10-20 10:38:51,386 - ME modelNone - DEBUG - Added constraint: SU_EX_h_e
2024-10-20 10:38:51,387 - ME modelNone - DEBUG - Added constraint: UF_EX_h_e
2024-10-20 10:38:51,388 - ME modelNone - DEBUG - Added constraint: UR_EX_h_e
2024-10-20 10:38:51,388 - ME modelNone - DEBUG - Added variable: FU_EX_h2o_e
2024-10-20 10:38:51,389 - ME modelNone - DEBUG - Added variable: BU_EX_h2o_e
2024-10-20 10:38:51,389 - ME modelNone - DEBUG - Added constraint: SU_EX_h2o_e
2024-10-20 10:38:51,390 - ME modelNone - DEBUG - Added constraint: UF_EX_h2o_e
2024-10-20 10:38:51,390 - ME modelNone - DEBUG - Added constraint: UR_EX_h2o_e
2024-10-20 10:38:51,391 - ME modelNone - DEBUG - Added variable: FU_EX_lac__D_e
2024-10-20 10:38:51,391 - ME modelNone - DEBUG - Added variable: BU_EX_lac__D_e
2024-10-20 10:38:51,391 - ME modelNone - DEBUG - Added constraint: SU_EX_lac__D_e
2024-10-20 10:38:51,392 - ME modelNone - DEBUG - Added constraint: UF_EX_lac__D_e
2024-10-20 10:38:51,392 - ME modelNone - DEBUG - Added constraint: UR_EX_lac__D_e
2024-10-20 10:38:51,392 - ME modelNone - DEBUG - Added variable: FU_EX_mal__L_e
2024-10-20 10:38:51,393 - ME modelNone - DEBUG - Added variable: BU_EX_mal__L_e
2024-10-20 10:38:51,393 - ME modelNone - DEBUG - Added constraint: SU_EX_mal__L_e
2024-10-20 10:38:51,394 - ME modelNone - DEBUG - Added constraint: UF_EX_mal__L_e
2024-10-20 10:38:51,395 - ME modelNone - DEBUG - Added constraint: UR_EX_mal__L_e
2024-10-20 10:38:51,395 - ME modelNone - DEBUG - Added variable: FU_EX_nh4_e
2024-10-20 10:38:51,395 - ME modelNone - DEBUG - Added variable: BU_EX_nh4_e
2024-10-20 10:38:51,396 - ME modelNone - DEBUG - Added constraint: SU_EX_nh4_e
2024-10-20 10:38:51,396 - ME modelNone - DEBUG - Added constraint: UF_EX_nh4_e
2024-10-20 10:38:51,397 - ME modelNone - DEBUG - Added constraint: UR_EX_nh4_e
2024-10-20 10:38:51,397 - ME modelNone - DEBUG - Added variable: FU_EX_o2_e
2024-10-20 10:38:51,397 - ME modelNone - DEBUG - Added variable: BU_EX_o2_e
2024-10-20 10:38:51,398 - ME modelNone - DEBUG - Added constraint: SU_EX_o2_e
2024-10-20 10:38:51,398 - ME modelNone - DEBUG - Added constraint: UF_EX_o2_e
2024-10-20 10:38:51,399 - ME modelNone - DEBUG - Added constraint: UR_EX_o2_e
2024-10-20 10:38:51,399 - ME modelNone - DEBUG - Added variable: FU_EX_pi_e
2024-10-20 10:38:51,400 - ME modelNone - DEBUG - Added variable: BU_EX_pi_e
2024-10-20 10:38:51,400 - ME modelNone - DEBUG - Added constraint: SU_EX_pi_e
2024-10-20 10:38:51,400 - ME modelNone - DEBUG - Added constraint: UF_EX_pi_e
2024-10-20 10:38:51,401 - ME modelNone - DEBUG - Added constraint: UR_EX_pi_e
2024-10-20 10:38:51,401 - ME modelNone - DEBUG - Added variable: FU_EX_pyr_e
2024-10-20 10:38:51,401 - ME modelNone - DEBUG - Added variable: BU_EX_pyr_e
2024-10-20 10:38:51,402 - ME modelNone - DEBUG - Added constraint: SU_EX_pyr_e
2024-10-20 10:38:51,402 - ME modelNone - DEBUG - Added constraint: UF_EX_pyr_e
2024-10-20 10:38:51,403 - ME modelNone - DEBUG - Added constraint: UR_EX_pyr_e
2024-10-20 10:38:51,403 - ME modelNone - DEBUG - Added variable: FU_EX_succ_e
2024-10-20 10:38:51,403 - ME modelNone - DEBUG - Added variable: BU_EX_succ_e
2024-10-20 10:38:51,404 - ME modelNone - DEBUG - Added constraint: SU_EX_succ_e
2024-10-20 10:38:51,404 - ME modelNone - DEBUG - Added constraint: UF_EX_succ_e
2024-10-20 10:38:51,405 - ME modelNone - DEBUG - Added constraint: UR_EX_succ_e
2024-10-20 10:38:51,405 - ME modelNone - DEBUG - Added variable: FU_FBA
2024-10-20 10:38:51,405 - ME modelNone - DEBUG - Added variable: BU_FBA
2024-10-20 10:38:51,406 - ME modelNone - DEBUG - Added constraint: SU_FBA
2024-10-20 10:38:51,406 - ME modelNone - DEBUG - Added constraint: UF_FBA
2024-10-20 10:38:51,407 - ME modelNone - DEBUG - Added constraint: UR_FBA
2024-10-20 10:38:51,407 - ME modelNone - DEBUG - Added variable: FU_FBP
2024-10-20 10:38:51,407 - ME modelNone - DEBUG - Added variable: BU_FBP
2024-10-20 10:38:51,408 - ME modelNone - DEBUG - Added constraint: SU_FBP
2024-10-20 10:38:51,408 - ME modelNone - DEBUG - Added constraint: UF_FBP
2024-10-20 10:38:51,409 - ME modelNone - DEBUG - Added constraint: UR_FBP
2024-10-20 10:38:51,409 - ME modelNone - DEBUG - Added variable: FU_FORt2
2024-10-20 10:38:51,409 - ME modelNone - DEBUG - Added variable: BU_FORt2
2024-10-20 10:38:51,409 - ME modelNone - DEBUG - Added constraint: SU_FORt2
2024-10-20 10:38:51,410 - ME modelNone - DEBUG - Added constraint: UF_FORt2
2024-10-20 10:38:51,411 - ME modelNone - DEBUG - Added constraint: UR_FORt2
2024-10-20 10:38:51,411 - ME modelNone - DEBUG - Added variable: FU_FORt
2024-10-20 10:38:51,411 - ME modelNone - DEBUG - Added variable: BU_FORt
2024-10-20 10:38:51,411 - ME modelNone - DEBUG - Added constraint: SU_FORt
2024-10-20 10:38:51,412 - ME modelNone - DEBUG - Added constraint: UF_FORt
2024-10-20 10:38:51,412 - ME modelNone - DEBUG - Added constraint: UR_FORt
2024-10-20 10:38:51,413 - ME modelNone - DEBUG - Added variable: FU_FRD7
2024-10-20 10:38:51,413 - ME modelNone - DEBUG - Added variable: BU_FRD7
2024-10-20 10:38:51,413 - ME modelNone - DEBUG - Added constraint: SU_FRD7
2024-10-20 10:38:51,414 - ME modelNone - DEBUG - Added constraint: UF_FRD7
2024-10-20 10:38:51,414 - ME modelNone - DEBUG - Added constraint: UR_FRD7
2024-10-20 10:38:51,415 - ME modelNone - DEBUG - Added variable: FU_FRUpts2
2024-10-20 10:38:51,415 - ME modelNone - DEBUG - Added variable: BU_FRUpts2
2024-10-20 10:38:51,415 - ME modelNone - DEBUG - Added constraint: SU_FRUpts2
2024-10-20 10:38:51,416 - ME modelNone - DEBUG - Added constraint: UF_FRUpts2
2024-10-20 10:38:51,416 - ME modelNone - DEBUG - Added constraint: UR_FRUpts2
2024-10-20 10:38:51,416 - ME modelNone - DEBUG - Added variable: FU_FUM
2024-10-20 10:38:51,417 - ME modelNone - DEBUG - Added variable: BU_FUM
2024-10-20 10:38:51,417 - ME modelNone - DEBUG - Added constraint: SU_FUM
2024-10-20 10:38:51,417 - ME modelNone - DEBUG - Added constraint: UF_FUM
2024-10-20 10:38:51,418 - ME modelNone - DEBUG - Added constraint: UR_FUM
2024-10-20 10:38:51,418 - ME modelNone - DEBUG - Added variable: FU_FUMt2_2
2024-10-20 10:38:51,419 - ME modelNone - DEBUG - Added variable: BU_FUMt2_2
2024-10-20 10:38:51,419 - ME modelNone - DEBUG - Added constraint: SU_FUMt2_2
2024-10-20 10:38:51,419 - ME modelNone - DEBUG - Added constraint: UF_FUMt2_2
2024-10-20 10:38:51,420 - ME modelNone - DEBUG - Added constraint: UR_FUMt2_2
2024-10-20 10:38:51,420 - ME modelNone - DEBUG - Added variable: FU_G6PDH2r
2024-10-20 10:38:51,420 - ME modelNone - DEBUG - Added variable: BU_G6PDH2r
2024-10-20 10:38:51,421 - ME modelNone - DEBUG - Added constraint: SU_G6PDH2r
2024-10-20 10:38:51,421 - ME modelNone - DEBUG - Added constraint: UF_G6PDH2r
2024-10-20 10:38:51,422 - ME modelNone - DEBUG - Added constraint: UR_G6PDH2r
2024-10-20 10:38:51,422 - ME modelNone - DEBUG - Added variable: FU_GAPD
2024-10-20 10:38:51,422 - ME modelNone - DEBUG - Added variable: BU_GAPD
2024-10-20 10:38:51,422 - ME modelNone - DEBUG - Added constraint: SU_GAPD
2024-10-20 10:38:51,423 - ME modelNone - DEBUG - Added constraint: UF_GAPD
2024-10-20 10:38:51,423 - ME modelNone - DEBUG - Added constraint: UR_GAPD
2024-10-20 10:38:51,424 - ME modelNone - DEBUG - Added variable: FU_GLCpts
2024-10-20 10:38:51,424 - ME modelNone - DEBUG - Added variable: BU_GLCpts
2024-10-20 10:38:51,424 - ME modelNone - DEBUG - Added constraint: SU_GLCpts
2024-10-20 10:38:51,425 - ME modelNone - DEBUG - Added constraint: UF_GLCpts
2024-10-20 10:38:51,425 - ME modelNone - DEBUG - Added constraint: UR_GLCpts
2024-10-20 10:38:51,426 - ME modelNone - DEBUG - Added variable: FU_GLNS
2024-10-20 10:38:51,426 - ME modelNone - DEBUG - Added variable: BU_GLNS
2024-10-20 10:38:51,426 - ME modelNone - DEBUG - Added constraint: SU_GLNS
2024-10-20 10:38:51,427 - ME modelNone - DEBUG - Added constraint: UF_GLNS
2024-10-20 10:38:51,427 - ME modelNone - DEBUG - Added constraint: UR_GLNS
2024-10-20 10:38:51,428 - ME modelNone - DEBUG - Added variable: FU_GLNabc
2024-10-20 10:38:51,428 - ME modelNone - DEBUG - Added variable: BU_GLNabc
2024-10-20 10:38:51,428 - ME modelNone - DEBUG - Added constraint: SU_GLNabc
2024-10-20 10:38:51,429 - ME modelNone - DEBUG - Added constraint: UF_GLNabc
2024-10-20 10:38:51,429 - ME modelNone - DEBUG - Added constraint: UR_GLNabc
2024-10-20 10:38:51,430 - ME modelNone - DEBUG - Added variable: FU_GLUDy
2024-10-20 10:38:51,430 - ME modelNone - DEBUG - Added variable: BU_GLUDy
2024-10-20 10:38:51,430 - ME modelNone - DEBUG - Added constraint: SU_GLUDy
2024-10-20 10:38:51,431 - ME modelNone - DEBUG - Added constraint: UF_GLUDy
2024-10-20 10:38:51,431 - ME modelNone - DEBUG - Added constraint: UR_GLUDy
2024-10-20 10:38:51,432 - ME modelNone - DEBUG - Added variable: FU_GLUN
2024-10-20 10:38:51,432 - ME modelNone - DEBUG - Added variable: BU_GLUN
2024-10-20 10:38:51,432 - ME modelNone - DEBUG - Added constraint: SU_GLUN
2024-10-20 10:38:51,433 - ME modelNone - DEBUG - Added constraint: UF_GLUN
2024-10-20 10:38:51,433 - ME modelNone - DEBUG - Added constraint: UR_GLUN
2024-10-20 10:38:51,434 - ME modelNone - DEBUG - Added variable: FU_GLUSy
2024-10-20 10:38:51,434 - ME modelNone - DEBUG - Added variable: BU_GLUSy
2024-10-20 10:38:51,434 - ME modelNone - DEBUG - Added constraint: SU_GLUSy
2024-10-20 10:38:51,435 - ME modelNone - DEBUG - Added constraint: UF_GLUSy
2024-10-20 10:38:51,435 - ME modelNone - DEBUG - Added constraint: UR_GLUSy
2024-10-20 10:38:51,436 - ME modelNone - DEBUG - Added variable: FU_GLUt2r
2024-10-20 10:38:51,436 - ME modelNone - DEBUG - Added variable: BU_GLUt2r
2024-10-20 10:38:51,436 - ME modelNone - DEBUG - Added constraint: SU_GLUt2r
2024-10-20 10:38:51,437 - ME modelNone - DEBUG - Added constraint: UF_GLUt2r
2024-10-20 10:38:51,437 - ME modelNone - DEBUG - Added constraint: UR_GLUt2r
2024-10-20 10:38:51,438 - ME modelNone - DEBUG - Added variable: FU_GND
2024-10-20 10:38:51,438 - ME modelNone - DEBUG - Added variable: BU_GND
2024-10-20 10:38:51,438 - ME modelNone - DEBUG - Added constraint: SU_GND
2024-10-20 10:38:51,439 - ME modelNone - DEBUG - Added constraint: UF_GND
2024-10-20 10:38:51,439 - ME modelNone - DEBUG - Added constraint: UR_GND
2024-10-20 10:38:51,439 - ME modelNone - DEBUG - Added variable: FU_H2Ot
2024-10-20 10:38:51,440 - ME modelNone - DEBUG - Added variable: BU_H2Ot
2024-10-20 10:38:51,440 - ME modelNone - DEBUG - Added constraint: SU_H2Ot
2024-10-20 10:38:51,440 - ME modelNone - DEBUG - Added constraint: UF_H2Ot
2024-10-20 10:38:51,441 - ME modelNone - DEBUG - Added constraint: UR_H2Ot
2024-10-20 10:38:51,441 - ME modelNone - DEBUG - Added variable: FU_ICDHyr
2024-10-20 10:38:51,441 - ME modelNone - DEBUG - Added variable: BU_ICDHyr
2024-10-20 10:38:51,442 - ME modelNone - DEBUG - Added constraint: SU_ICDHyr
2024-10-20 10:38:51,442 - ME modelNone - DEBUG - Added constraint: UF_ICDHyr
2024-10-20 10:38:51,443 - ME modelNone - DEBUG - Added constraint: UR_ICDHyr
2024-10-20 10:38:51,443 - ME modelNone - DEBUG - Added variable: FU_ICL
2024-10-20 10:38:51,443 - ME modelNone - DEBUG - Added variable: BU_ICL
2024-10-20 10:38:51,443 - ME modelNone - DEBUG - Added constraint: SU_ICL
2024-10-20 10:38:51,444 - ME modelNone - DEBUG - Added constraint: UF_ICL
2024-10-20 10:38:51,444 - ME modelNone - DEBUG - Added constraint: UR_ICL
2024-10-20 10:38:51,445 - ME modelNone - DEBUG - Added variable: FU_LDH_D
2024-10-20 10:38:51,445 - ME modelNone - DEBUG - Added variable: BU_LDH_D
2024-10-20 10:38:51,445 - ME modelNone - DEBUG - Added constraint: SU_LDH_D
2024-10-20 10:38:51,446 - ME modelNone - DEBUG - Added constraint: UF_LDH_D
2024-10-20 10:38:51,446 - ME modelNone - DEBUG - Added constraint: UR_LDH_D
2024-10-20 10:38:51,447 - ME modelNone - DEBUG - Added variable: FU_MALS
2024-10-20 10:38:51,447 - ME modelNone - DEBUG - Added variable: BU_MALS
2024-10-20 10:38:51,447 - ME modelNone - DEBUG - Added constraint: SU_MALS
2024-10-20 10:38:51,447 - ME modelNone - DEBUG - Added constraint: UF_MALS
2024-10-20 10:38:51,448 - ME modelNone - DEBUG - Added constraint: UR_MALS
2024-10-20 10:38:51,448 - ME modelNone - DEBUG - Added variable: FU_MALt2_2
2024-10-20 10:38:51,448 - ME modelNone - DEBUG - Added variable: BU_MALt2_2
2024-10-20 10:38:51,449 - ME modelNone - DEBUG - Added constraint: SU_MALt2_2
2024-10-20 10:38:51,449 - ME modelNone - DEBUG - Added constraint: UF_MALt2_2
2024-10-20 10:38:51,450 - ME modelNone - DEBUG - Added constraint: UR_MALt2_2
2024-10-20 10:38:51,450 - ME modelNone - DEBUG - Added variable: FU_MDH
2024-10-20 10:38:51,450 - ME modelNone - DEBUG - Added variable: BU_MDH
2024-10-20 10:38:51,450 - ME modelNone - DEBUG - Added constraint: SU_MDH
2024-10-20 10:38:51,451 - ME modelNone - DEBUG - Added constraint: UF_MDH
2024-10-20 10:38:51,451 - ME modelNone - DEBUG - Added constraint: UR_MDH
2024-10-20 10:38:51,452 - ME modelNone - DEBUG - Added variable: FU_ME1
2024-10-20 10:38:51,452 - ME modelNone - DEBUG - Added variable: BU_ME1
2024-10-20 10:38:51,452 - ME modelNone - DEBUG - Added constraint: SU_ME1
2024-10-20 10:38:51,452 - ME modelNone - DEBUG - Added constraint: UF_ME1
2024-10-20 10:38:51,453 - ME modelNone - DEBUG - Added constraint: UR_ME1
2024-10-20 10:38:51,453 - ME modelNone - DEBUG - Added variable: FU_ME2
2024-10-20 10:38:51,453 - ME modelNone - DEBUG - Added variable: BU_ME2
2024-10-20 10:38:51,454 - ME modelNone - DEBUG - Added constraint: SU_ME2
2024-10-20 10:38:51,454 - ME modelNone - DEBUG - Added constraint: UF_ME2
2024-10-20 10:38:51,455 - ME modelNone - DEBUG - Added constraint: UR_ME2
2024-10-20 10:38:51,455 - ME modelNone - DEBUG - Added variable: FU_NADH16
2024-10-20 10:38:51,455 - ME modelNone - DEBUG - Added variable: BU_NADH16
2024-10-20 10:38:51,455 - ME modelNone - DEBUG - Added constraint: SU_NADH16
2024-10-20 10:38:51,456 - ME modelNone - DEBUG - Added constraint: UF_NADH16
2024-10-20 10:38:51,456 - ME modelNone - DEBUG - Added constraint: UR_NADH16
2024-10-20 10:38:51,457 - ME modelNone - DEBUG - Added variable: FU_NADTRHD
2024-10-20 10:38:51,457 - ME modelNone - DEBUG - Added variable: BU_NADTRHD
2024-10-20 10:38:51,457 - ME modelNone - DEBUG - Added constraint: SU_NADTRHD
2024-10-20 10:38:51,458 - ME modelNone - DEBUG - Added constraint: UF_NADTRHD
2024-10-20 10:38:51,458 - ME modelNone - DEBUG - Added constraint: UR_NADTRHD
2024-10-20 10:38:51,458 - ME modelNone - DEBUG - Added variable: FU_NH4t
2024-10-20 10:38:51,459 - ME modelNone - DEBUG - Added variable: BU_NH4t
2024-10-20 10:38:51,459 - ME modelNone - DEBUG - Added constraint: SU_NH4t
2024-10-20 10:38:51,459 - ME modelNone - DEBUG - Added constraint: UF_NH4t
2024-10-20 10:38:51,460 - ME modelNone - DEBUG - Added constraint: UR_NH4t
2024-10-20 10:38:51,460 - ME modelNone - DEBUG - Added variable: FU_O2t
2024-10-20 10:38:51,460 - ME modelNone - DEBUG - Added variable: BU_O2t
2024-10-20 10:38:51,461 - ME modelNone - DEBUG - Added constraint: SU_O2t
2024-10-20 10:38:51,461 - ME modelNone - DEBUG - Added constraint: UF_O2t
2024-10-20 10:38:51,461 - ME modelNone - DEBUG - Added constraint: UR_O2t
2024-10-20 10:38:51,462 - ME modelNone - DEBUG - Added variable: FU_PDH
2024-10-20 10:38:51,462 - ME modelNone - DEBUG - Added variable: BU_PDH
2024-10-20 10:38:51,462 - ME modelNone - DEBUG - Added constraint: SU_PDH
2024-10-20 10:38:51,463 - ME modelNone - DEBUG - Added constraint: UF_PDH
2024-10-20 10:38:51,463 - ME modelNone - DEBUG - Added constraint: UR_PDH
2024-10-20 10:38:51,463 - ME modelNone - INFO - # Model conversion done.
2024-10-20 10:38:51,463 - ME modelNone - INFO - # Updating cobra_model variables...
2024-10-20 10:38:51,464 - ME modelNone - INFO - # cobra_model variables are up-to-date
2024-10-20 10:38:51,464 - ME modelNone - INFO - Setting minimal growth rate to 95% of the TFA solution
2024-10-20 10:38:51,472 - ME modelNone - DEBUG - 'slim_optimize' ((), {}) 0.01 sec
2024-10-20 10:38:51,472 - ME modelNone - INFO - Setting minimal growth rate to 0.8739215069684301
2024-10-20 10:38:51,472 - ME modelNone - INFO - Using default sum_flux : False
