2024-10-20 10:37:00,763 - ME modelNone - INFO - # Model initialized 
2024-10-20 10:37:00,763 - ME modelNone - INFO - # Model conversion starting...
2024-10-20 10:37:00,763 - ME modelNone - DEBUG - Added variable: FU_PFK
2024-10-20 10:37:00,763 - ME modelNone - DEBUG - Added variable: BU_PFK
2024-10-20 10:37:00,764 - ME modelNone - DEBUG - Added constraint: SU_PFK
2024-10-20 10:37:00,764 - ME modelNone - DEBUG - Added constraint: UF_PFK
2024-10-20 10:37:00,765 - ME modelNone - DEBUG - Added constraint: UR_PFK
2024-10-20 10:37:00,765 - ME modelNone - DEBUG - Added variable: FU_PFL
2024-10-20 10:37:00,765 - ME modelNone - DEBUG - Added variable: BU_PFL
2024-10-20 10:37:00,766 - ME modelNone - DEBUG - Added constraint: SU_PFL
2024-10-20 10:37:00,766 - ME modelNone - DEBUG - Added constraint: UF_PFL
2024-10-20 10:37:00,766 - ME modelNone - DEBUG - Added constraint: UR_PFL
2024-10-20 10:37:00,767 - ME modelNone - DEBUG - Added variable: FU_PGI
2024-10-20 10:37:00,767 - ME modelNone - DEBUG - Added variable: BU_PGI
2024-10-20 10:37:00,767 - ME modelNone - DEBUG - Added constraint: SU_PGI
2024-10-20 10:37:00,768 - ME modelNone - DEBUG - Added constraint: UF_PGI
2024-10-20 10:37:00,768 - ME modelNone - DEBUG - Added constraint: UR_PGI
2024-10-20 10:37:00,768 - ME modelNone - DEBUG - Added variable: FU_PGK
2024-10-20 10:37:00,769 - ME modelNone - DEBUG - Added variable: BU_PGK
2024-10-20 10:37:00,769 - ME modelNone - DEBUG - Added constraint: SU_PGK
2024-10-20 10:37:00,769 - ME modelNone - DEBUG - Added constraint: UF_PGK
2024-10-20 10:37:00,770 - ME modelNone - DEBUG - Added constraint: UR_PGK
2024-10-20 10:37:00,770 - ME modelNone - DEBUG - Added variable: FU_PGL
2024-10-20 10:37:00,771 - ME modelNone - DEBUG - Added variable: BU_PGL
2024-10-20 10:37:00,771 - ME modelNone - DEBUG - Added constraint: SU_PGL
2024-10-20 10:37:00,771 - ME modelNone - DEBUG - Added constraint: UF_PGL
2024-10-20 10:37:00,772 - ME modelNone - DEBUG - Added constraint: UR_PGL
2024-10-20 10:37:00,773 - ME modelNone - DEBUG - Added variable: FU_ACALD
2024-10-20 10:37:00,773 - ME modelNone - DEBUG - Added variable: BU_ACALD
2024-10-20 10:37:00,773 - ME modelNone - DEBUG - Added constraint: SU_ACALD
2024-10-20 10:37:00,774 - ME modelNone - DEBUG - Added constraint: UF_ACALD
2024-10-20 10:37:00,775 - ME modelNone - DEBUG - Added constraint: UR_ACALD
2024-10-20 10:37:00,775 - ME modelNone - DEBUG - Added variable: FU_AKGt2r
2024-10-20 10:37:00,775 - ME modelNone - DEBUG - Added variable: BU_AKGt2r
2024-10-20 10:37:00,776 - ME modelNone - DEBUG - Added constraint: SU_AKGt2r
2024-10-20 10:37:00,776 - ME modelNone - DEBUG - Added constraint: UF_AKGt2r
2024-10-20 10:37:00,777 - ME modelNone - DEBUG - Added constraint: UR_AKGt2r
2024-10-20 10:37:00,777 - ME modelNone - DEBUG - Added variable: FU_PGM
2024-10-20 10:37:00,777 - ME modelNone - DEBUG - Added variable: BU_PGM
2024-10-20 10:37:00,777 - ME modelNone - DEBUG - Added constraint: SU_PGM
2024-10-20 10:37:00,778 - ME modelNone - DEBUG - Added constraint: UF_PGM
2024-10-20 10:37:00,778 - ME modelNone - DEBUG - Added constraint: UR_PGM
2024-10-20 10:37:00,779 - ME modelNone - DEBUG - Added variable: FU_PIt2r
2024-10-20 10:37:00,779 - ME modelNone - DEBUG - Added variable: BU_PIt2r
2024-10-20 10:37:00,779 - ME modelNone - DEBUG - Added constraint: SU_PIt2r
2024-10-20 10:37:00,779 - ME modelNone - DEBUG - Added constraint: UF_PIt2r
2024-10-20 10:37:00,780 - ME modelNone - DEBUG - Added constraint: UR_PIt2r
2024-10-20 10:37:00,780 - ME modelNone - DEBUG - Added variable: FU_ALCD2x
2024-10-20 10:37:00,780 - ME modelNone - DEBUG - Added variable: BU_ALCD2x
2024-10-20 10:37:00,781 - ME modelNone - DEBUG - Added constraint: SU_ALCD2x
2024-10-20 10:37:00,781 - ME modelNone - DEBUG - Added constraint: UF_ALCD2x
2024-10-20 10:37:00,782 - ME modelNone - DEBUG - Added constraint: UR_ALCD2x
2024-10-20 10:37:00,782 - ME modelNone - DEBUG - Added variable: FU_ACALDt
2024-10-20 10:37:00,782 - ME modelNone - DEBUG - Added variable: BU_ACALDt
2024-10-20 10:37:00,783 - ME modelNone - DEBUG - Added constraint: SU_ACALDt
2024-10-20 10:37:00,783 - ME modelNone - DEBUG - Added constraint: UF_ACALDt
2024-10-20 10:37:00,784 - ME modelNone - DEBUG - Added constraint: UR_ACALDt
2024-10-20 10:37:00,784 - ME modelNone - DEBUG - Added variable: FU_ACKr
2024-10-20 10:37:00,784 - ME modelNone - DEBUG - Added variable: BU_ACKr
2024-10-20 10:37:00,784 - ME modelNone - DEBUG - Added constraint: SU_ACKr
2024-10-20 10:37:00,785 - ME modelNone - DEBUG - Added constraint: UF_ACKr
2024-10-20 10:37:00,785 - ME modelNone - DEBUG - Added constraint: UR_ACKr
2024-10-20 10:37:00,786 - ME modelNone - DEBUG - Added variable: FU_PPC
2024-10-20 10:37:00,786 - ME modelNone - DEBUG - Added variable: BU_PPC
2024-10-20 10:37:00,786 - ME modelNone - DEBUG - Added constraint: SU_PPC
2024-10-20 10:37:00,786 - ME modelNone - DEBUG - Added constraint: UF_PPC
2024-10-20 10:37:00,787 - ME modelNone - DEBUG - Added constraint: UR_PPC
2024-10-20 10:37:00,787 - ME modelNone - DEBUG - Added variable: FU_ACONTa
2024-10-20 10:37:00,787 - ME modelNone - DEBUG - Added variable: BU_ACONTa
2024-10-20 10:37:00,788 - ME modelNone - DEBUG - Added constraint: SU_ACONTa
2024-10-20 10:37:00,788 - ME modelNone - DEBUG - Added constraint: UF_ACONTa
2024-10-20 10:37:00,789 - ME modelNone - DEBUG - Added constraint: UR_ACONTa
2024-10-20 10:37:00,789 - ME modelNone - DEBUG - Added variable: FU_ACONTb
2024-10-20 10:37:00,789 - ME modelNone - DEBUG - Added variable: BU_ACONTb
2024-10-20 10:37:00,789 - ME modelNone - DEBUG - Added constraint: SU_ACONTb
2024-10-20 10:37:00,790 - ME modelNone - DEBUG - Added constraint: UF_ACONTb
2024-10-20 10:37:00,790 - ME modelNone - DEBUG - Added constraint: UR_ACONTb
2024-10-20 10:37:00,791 - ME modelNone - DEBUG - Added variable: FU_ATPM
2024-10-20 10:37:00,791 - ME modelNone - DEBUG - Added variable: BU_ATPM
2024-10-20 10:37:00,791 - ME modelNone - DEBUG - Added constraint: SU_ATPM
2024-10-20 10:37:00,791 - ME modelNone - DEBUG - Added constraint: UF_ATPM
2024-10-20 10:37:00,792 - ME modelNone - DEBUG - Added constraint: UR_ATPM
2024-10-20 10:37:00,792 - ME modelNone - DEBUG - Added variable: FU_PPCK
2024-10-20 10:37:00,792 - ME modelNone - DEBUG - Added variable: BU_PPCK
2024-10-20 10:37:00,793 - ME modelNone - DEBUG - Added constraint: SU_PPCK
2024-10-20 10:37:00,793 - ME modelNone - DEBUG - Added constraint: UF_PPCK
2024-10-20 10:37:00,794 - ME modelNone - DEBUG - Added constraint: UR_PPCK
2024-10-20 10:37:00,794 - ME modelNone - DEBUG - Added variable: FU_ACt2r
2024-10-20 10:37:00,794 - ME modelNone - DEBUG - Added variable: BU_ACt2r
2024-10-20 10:37:00,794 - ME modelNone - DEBUG - Added constraint: SU_ACt2r
2024-10-20 10:37:00,795 - ME modelNone - DEBUG - Added constraint: UF_ACt2r
2024-10-20 10:37:00,795 - ME modelNone - DEBUG - Added constraint: UR_ACt2r
2024-10-20 10:37:00,796 - ME modelNone - DEBUG - Added variable: FU_PPS
2024-10-20 10:37:00,796 - ME modelNone - DEBUG - Added variable: BU_PPS
2024-10-20 10:37:00,796 - ME modelNone - DEBUG - Added constraint: SU_PPS
2024-10-20 10:37:00,797 - ME modelNone - DEBUG - Added constraint: UF_PPS
2024-10-20 10:37:00,797 - ME modelNone - DEBUG - Added constraint: UR_PPS
2024-10-20 10:37:00,797 - ME modelNone - DEBUG - Added variable: FU_ADK1
2024-10-20 10:37:00,797 - ME modelNone - DEBUG - Added variable: BU_ADK1
2024-10-20 10:37:00,798 - ME modelNone - DEBUG - Added constraint: SU_ADK1
2024-10-20 10:37:00,798 - ME modelNone - DEBUG - Added constraint: UF_ADK1
2024-10-20 10:37:00,799 - ME modelNone - DEBUG - Added constraint: UR_ADK1
2024-10-20 10:37:00,799 - ME modelNone - DEBUG - Added variable: FU_AKGDH
2024-10-20 10:37:00,799 - ME modelNone - DEBUG - Added variable: BU_AKGDH
2024-10-20 10:37:00,799 - ME modelNone - DEBUG - Added constraint: SU_AKGDH
2024-10-20 10:37:00,800 - ME modelNone - DEBUG - Added constraint: UF_AKGDH
2024-10-20 10:37:00,800 - ME modelNone - DEBUG - Added constraint: UR_AKGDH
2024-10-20 10:37:00,801 - ME modelNone - DEBUG - Added variable: FU_ATPS4r
2024-10-20 10:37:00,801 - ME modelNone - DEBUG - Added variable: BU_ATPS4r
2024-10-20 10:37:00,801 - ME modelNone - DEBUG - Added constraint: SU_ATPS4r
2024-10-20 10:37:00,801 - ME modelNone - DEBUG - Added constraint: UF_ATPS4r
2024-10-20 10:37:00,802 - ME modelNone - DEBUG - Added constraint: UR_ATPS4r
2024-10-20 10:37:00,802 - ME modelNone - DEBUG - Added variable: FU_PTAr
2024-10-20 10:37:00,802 - ME modelNone - DEBUG - Added variable: BU_PTAr
2024-10-20 10:37:00,803 - ME modelNone - DEBUG - Added constraint: SU_PTAr
2024-10-20 10:37:00,803 - ME modelNone - DEBUG - Added constraint: UF_PTAr
2024-10-20 10:37:00,804 - ME modelNone - DEBUG - Added constraint: UR_PTAr
2024-10-20 10:37:00,804 - ME modelNone - DEBUG - Added variable: FU_PYK
2024-10-20 10:37:00,804 - ME modelNone - DEBUG - Added variable: BU_PYK
2024-10-20 10:37:00,804 - ME modelNone - DEBUG - Added constraint: SU_PYK
2024-10-20 10:37:00,805 - ME modelNone - DEBUG - Added constraint: UF_PYK
2024-10-20 10:37:00,805 - ME modelNone - DEBUG - Added constraint: UR_PYK
2024-10-20 10:37:00,806 - ME modelNone - DEBUG - Added variable: FU_BIOMASS_Ecoli_core_w_GAM
2024-10-20 10:37:00,806 - ME modelNone - DEBUG - Added variable: BU_BIOMASS_Ecoli_core_w_GAM
2024-10-20 10:37:00,806 - ME modelNone - DEBUG - Added constraint: SU_BIOMASS_Ecoli_core_w_GAM
2024-10-20 10:37:00,807 - ME modelNone - DEBUG - Added constraint: UF_BIOMASS_Ecoli_core_w_GAM
2024-10-20 10:37:00,807 - ME modelNone - DEBUG - Added constraint: UR_BIOMASS_Ecoli_core_w_GAM
2024-10-20 10:37:00,807 - ME modelNone - DEBUG - Added variable: FU_PYRt2
2024-10-20 10:37:00,807 - ME modelNone - DEBUG - Added variable: BU_PYRt2
2024-10-20 10:37:00,808 - ME modelNone - DEBUG - Added constraint: SU_PYRt2
2024-10-20 10:37:00,808 - ME modelNone - DEBUG - Added constraint: UF_PYRt2
2024-10-20 10:37:00,809 - ME modelNone - DEBUG - Added constraint: UR_PYRt2
2024-10-20 10:37:00,809 - ME modelNone - DEBUG - Added variable: FU_CO2t
2024-10-20 10:37:00,809 - ME modelNone - DEBUG - Added variable: BU_CO2t
2024-10-20 10:37:00,809 - ME modelNone - DEBUG - Added constraint: SU_CO2t
2024-10-20 10:37:00,810 - ME modelNone - DEBUG - Added constraint: UF_CO2t
2024-10-20 10:37:00,810 - ME modelNone - DEBUG - Added constraint: UR_CO2t
2024-10-20 10:37:00,811 - ME modelNone - DEBUG - Added variable: FU_RPE
2024-10-20 10:37:00,811 - ME modelNone - DEBUG - Added variable: BU_RPE
2024-10-20 10:37:00,811 - ME modelNone - DEBUG - Added constraint: SU_RPE
2024-10-20 10:37:00,811 - ME modelNone - DEBUG - Added constraint: UF_RPE
2024-10-20 10:37:00,812 - ME modelNone - DEBUG - Added constraint: UR_RPE
2024-10-20 10:37:00,812 - ME modelNone - DEBUG - Added variable: FU_CS
2024-10-20 10:37:00,812 - ME modelNone - DEBUG - Added variable: BU_CS
2024-10-20 10:37:00,813 - ME modelNone - DEBUG - Added constraint: SU_CS
2024-10-20 10:37:00,813 - ME modelNone - DEBUG - Added constraint: UF_CS
2024-10-20 10:37:00,814 - ME modelNone - DEBUG - Added constraint: UR_CS
2024-10-20 10:37:00,814 - ME modelNone - DEBUG - Added variable: FU_RPI
2024-10-20 10:37:00,814 - ME modelNone - DEBUG - Added variable: BU_RPI
2024-10-20 10:37:00,814 - ME modelNone - DEBUG - Added constraint: SU_RPI
2024-10-20 10:37:00,815 - ME modelNone - DEBUG - Added constraint: UF_RPI
2024-10-20 10:37:00,815 - ME modelNone - DEBUG - Added constraint: UR_RPI
2024-10-20 10:37:00,816 - ME modelNone - DEBUG - Added variable: FU_SUCCt2_2
2024-10-20 10:37:00,816 - ME modelNone - DEBUG - Added variable: BU_SUCCt2_2
2024-10-20 10:37:00,816 - ME modelNone - DEBUG - Added constraint: SU_SUCCt2_2
2024-10-20 10:37:00,816 - ME modelNone - DEBUG - Added constraint: UF_SUCCt2_2
2024-10-20 10:37:00,817 - ME modelNone - DEBUG - Added constraint: UR_SUCCt2_2
2024-10-20 10:37:00,817 - ME modelNone - DEBUG - Added variable: FU_CYTBD
2024-10-20 10:37:00,817 - ME modelNone - DEBUG - Added variable: BU_CYTBD
2024-10-20 10:37:00,818 - ME modelNone - DEBUG - Added constraint: SU_CYTBD
2024-10-20 10:37:00,818 - ME modelNone - DEBUG - Added constraint: UF_CYTBD
2024-10-20 10:37:00,819 - ME modelNone - DEBUG - Added constraint: UR_CYTBD
2024-10-20 10:37:00,819 - ME modelNone - DEBUG - Added variable: FU_D_LACt2
2024-10-20 10:37:00,819 - ME modelNone - DEBUG - Added variable: BU_D_LACt2
2024-10-20 10:37:00,819 - ME modelNone - DEBUG - Added constraint: SU_D_LACt2
2024-10-20 10:37:00,820 - ME modelNone - DEBUG - Added constraint: UF_D_LACt2
2024-10-20 10:37:00,820 - ME modelNone - DEBUG - Added constraint: UR_D_LACt2
2024-10-20 10:37:00,821 - ME modelNone - DEBUG - Added variable: FU_ENO
2024-10-20 10:37:00,821 - ME modelNone - DEBUG - Added variable: BU_ENO
2024-10-20 10:37:00,821 - ME modelNone - DEBUG - Added constraint: SU_ENO
2024-10-20 10:37:00,821 - ME modelNone - DEBUG - Added constraint: UF_ENO
2024-10-20 10:37:00,822 - ME modelNone - DEBUG - Added constraint: UR_ENO
2024-10-20 10:37:00,822 - ME modelNone - DEBUG - Added variable: FU_SUCCt3
2024-10-20 10:37:00,822 - ME modelNone - DEBUG - Added variable: BU_SUCCt3
2024-10-20 10:37:00,823 - ME modelNone - DEBUG - Added constraint: SU_SUCCt3
2024-10-20 10:37:00,823 - ME modelNone - DEBUG - Added constraint: UF_SUCCt3
2024-10-20 10:37:00,823 - ME modelNone - DEBUG - Added constraint: UR_SUCCt3
2024-10-20 10:37:00,824 - ME modelNone - DEBUG - Added variable: FU_ETOHt2r
2024-10-20 10:37:00,824 - ME modelNone - DEBUG - Added variable: BU_ETOHt2r
2024-10-20 10:37:00,824 - ME modelNone - DEBUG - Added constraint: SU_ETOHt2r
2024-10-20 10:37:00,825 - ME modelNone - DEBUG - Added constraint: UF_ETOHt2r
2024-10-20 10:37:00,825 - ME modelNone - DEBUG - Added constraint: UR_ETOHt2r
2024-10-20 10:37:00,825 - ME modelNone - DEBUG - Added variable: FU_SUCDi
2024-10-20 10:37:00,826 - ME modelNone - DEBUG - Added variable: BU_SUCDi
2024-10-20 10:37:00,826 - ME modelNone - DEBUG - Added constraint: SU_SUCDi
2024-10-20 10:37:00,826 - ME modelNone - DEBUG - Added constraint: UF_SUCDi
2024-10-20 10:37:00,827 - ME modelNone - DEBUG - Added constraint: UR_SUCDi
2024-10-20 10:37:00,827 - ME modelNone - DEBUG - Added variable: FU_SUCOAS
2024-10-20 10:37:00,827 - ME modelNone - DEBUG - Added variable: BU_SUCOAS
2024-10-20 10:37:00,828 - ME modelNone - DEBUG - Added constraint: SU_SUCOAS
2024-10-20 10:37:00,828 - ME modelNone - DEBUG - Added constraint: UF_SUCOAS
2024-10-20 10:37:00,828 - ME modelNone - DEBUG - Added constraint: UR_SUCOAS
2024-10-20 10:37:00,829 - ME modelNone - DEBUG - Added variable: FU_TALA
2024-10-20 10:37:00,829 - ME modelNone - DEBUG - Added variable: BU_TALA
2024-10-20 10:37:00,829 - ME modelNone - DEBUG - Added constraint: SU_TALA
2024-10-20 10:37:00,830 - ME modelNone - DEBUG - Added constraint: UF_TALA
2024-10-20 10:37:00,830 - ME modelNone - DEBUG - Added constraint: UR_TALA
2024-10-20 10:37:00,830 - ME modelNone - DEBUG - Added variable: FU_THD2
2024-10-20 10:37:00,831 - ME modelNone - DEBUG - Added variable: BU_THD2
2024-10-20 10:37:00,831 - ME modelNone - DEBUG - Added constraint: SU_THD2
2024-10-20 10:37:00,831 - ME modelNone - DEBUG - Added constraint: UF_THD2
2024-10-20 10:37:00,832 - ME modelNone - DEBUG - Added constraint: UR_THD2
2024-10-20 10:37:00,832 - ME modelNone - DEBUG - Added variable: FU_TKT1
2024-10-20 10:37:00,832 - ME modelNone - DEBUG - Added variable: BU_TKT1
2024-10-20 10:37:00,833 - ME modelNone - DEBUG - Added constraint: SU_TKT1
2024-10-20 10:37:00,833 - ME modelNone - DEBUG - Added constraint: UF_TKT1
2024-10-20 10:37:00,834 - ME modelNone - DEBUG - Added constraint: UR_TKT1
2024-10-20 10:37:00,834 - ME modelNone - DEBUG - Added variable: FU_TKT2
2024-10-20 10:37:00,834 - ME modelNone - DEBUG - Added variable: BU_TKT2
2024-10-20 10:37:00,834 - ME modelNone - DEBUG - Added constraint: SU_TKT2
2024-10-20 10:37:00,835 - ME modelNone - DEBUG - Added constraint: UF_TKT2
2024-10-20 10:37:00,835 - ME modelNone - DEBUG - Added constraint: UR_TKT2
2024-10-20 10:37:00,835 - ME modelNone - DEBUG - Added variable: FU_TPI
2024-10-20 10:37:00,836 - ME modelNone - DEBUG - Added variable: BU_TPI
2024-10-20 10:37:00,836 - ME modelNone - DEBUG - Added constraint: SU_TPI
2024-10-20 10:37:00,836 - ME modelNone - DEBUG - Added constraint: UF_TPI
2024-10-20 10:37:00,837 - ME modelNone - DEBUG - Added constraint: UR_TPI
2024-10-20 10:37:00,837 - ME modelNone - DEBUG - Added variable: FU_EX_ac_e
2024-10-20 10:37:00,837 - ME modelNone - DEBUG - Added variable: BU_EX_ac_e
2024-10-20 10:37:00,838 - ME modelNone - DEBUG - Added constraint: SU_EX_ac_e
2024-10-20 10:37:00,838 - ME modelNone - DEBUG - Added constraint: UF_EX_ac_e
2024-10-20 10:37:00,839 - ME modelNone - DEBUG - Added constraint: UR_EX_ac_e
2024-10-20 10:37:00,839 - ME modelNone - DEBUG - Added variable: FU_EX_acald_e
2024-10-20 10:37:00,839 - ME modelNone - DEBUG - Added variable: BU_EX_acald_e
2024-10-20 10:37:00,839 - ME modelNone - DEBUG - Added constraint: SU_EX_acald_e
2024-10-20 10:37:00,840 - ME modelNone - DEBUG - Added constraint: UF_EX_acald_e
2024-10-20 10:37:00,840 - ME modelNone - DEBUG - Added constraint: UR_EX_acald_e
2024-10-20 10:37:00,841 - ME modelNone - DEBUG - Added variable: FU_EX_akg_e
2024-10-20 10:37:00,841 - ME modelNone - DEBUG - Added variable: BU_EX_akg_e
2024-10-20 10:37:00,841 - ME modelNone - DEBUG - Added constraint: SU_EX_akg_e
2024-10-20 10:37:00,842 - ME modelNone - DEBUG - Added constraint: UF_EX_akg_e
2024-10-20 10:37:00,842 - ME modelNone - DEBUG - Added constraint: UR_EX_akg_e
2024-10-20 10:37:00,842 - ME modelNone - DEBUG - Added variable: FU_EX_co2_e
2024-10-20 10:37:00,842 - ME modelNone - DEBUG - Added variable: BU_EX_co2_e
2024-10-20 10:37:00,843 - ME modelNone - DEBUG - Added constraint: SU_EX_co2_e
2024-10-20 10:37:00,843 - ME modelNone - DEBUG - Added constraint: UF_EX_co2_e
2024-10-20 10:37:00,844 - ME modelNone - DEBUG - Added constraint: UR_EX_co2_e
2024-10-20 10:37:00,844 - ME modelNone - DEBUG - Added variable: FU_EX_etoh_e
2024-10-20 10:37:00,844 - ME modelNone - DEBUG - Added variable: BU_EX_etoh_e
2024-10-20 10:37:00,844 - ME modelNone - DEBUG - Added constraint: SU_EX_etoh_e
2024-10-20 10:37:00,845 - ME modelNone - DEBUG - Added constraint: UF_EX_etoh_e
2024-10-20 10:37:00,845 - ME modelNone - DEBUG - Added constraint: UR_EX_etoh_e
2024-10-20 10:37:00,846 - ME modelNone - DEBUG - Added variable: FU_EX_for_e
2024-10-20 10:37:00,846 - ME modelNone - DEBUG - Added variable: BU_EX_for_e
2024-10-20 10:37:00,846 - ME modelNone - DEBUG - Added constraint: SU_EX_for_e
2024-10-20 10:37:00,847 - ME modelNone - DEBUG - Added constraint: UF_EX_for_e
2024-10-20 10:37:00,847 - ME modelNone - DEBUG - Added constraint: UR_EX_for_e
2024-10-20 10:37:00,847 - ME modelNone - DEBUG - Added variable: FU_EX_fru_e
2024-10-20 10:37:00,847 - ME modelNone - DEBUG - Added variable: BU_EX_fru_e
2024-10-20 10:37:00,848 - ME modelNone - DEBUG - Added constraint: SU_EX_fru_e
2024-10-20 10:37:00,848 - ME modelNone - DEBUG - Added constraint: UF_EX_fru_e
2024-10-20 10:37:00,849 - ME modelNone - DEBUG - Added constraint: UR_EX_fru_e
2024-10-20 10:37:00,849 - ME modelNone - DEBUG - Added variable: FU_EX_fum_e
2024-10-20 10:37:00,849 - ME modelNone - DEBUG - Added variable: BU_EX_fum_e
2024-10-20 10:37:00,849 - ME modelNone - DEBUG - Added constraint: SU_EX_fum_e
2024-10-20 10:37:00,850 - ME modelNone - DEBUG - Added constraint: UF_EX_fum_e
2024-10-20 10:37:00,850 - ME modelNone - DEBUG - Added constraint: UR_EX_fum_e
2024-10-20 10:37:00,851 - ME modelNone - DEBUG - Added variable: FU_EX_glc__D_e
2024-10-20 10:37:00,851 - ME modelNone - DEBUG - Added variable: BU_EX_glc__D_e
2024-10-20 10:37:00,851 - ME modelNone - DEBUG - Added constraint: SU_EX_glc__D_e
2024-10-20 10:37:00,851 - ME modelNone - DEBUG - Added constraint: UF_EX_glc__D_e
2024-10-20 10:37:00,852 - ME modelNone - DEBUG - Added constraint: UR_EX_glc__D_e
2024-10-20 10:37:00,852 - ME modelNone - DEBUG - Added variable: FU_EX_gln__L_e
2024-10-20 10:37:00,852 - ME modelNone - DEBUG - Added variable: BU_EX_gln__L_e
2024-10-20 10:37:00,853 - ME modelNone - DEBUG - Added constraint: SU_EX_gln__L_e
2024-10-20 10:37:00,853 - ME modelNone - DEBUG - Added constraint: UF_EX_gln__L_e
2024-10-20 10:37:00,854 - ME modelNone - DEBUG - Added constraint: UR_EX_gln__L_e
2024-10-20 10:37:00,854 - ME modelNone - DEBUG - Added variable: FU_EX_glu__L_e
2024-10-20 10:37:00,854 - ME modelNone - DEBUG - Added variable: BU_EX_glu__L_e
2024-10-20 10:37:00,854 - ME modelNone - DEBUG - Added constraint: SU_EX_glu__L_e
2024-10-20 10:37:00,855 - ME modelNone - DEBUG - Added constraint: UF_EX_glu__L_e
2024-10-20 10:37:00,855 - ME modelNone - DEBUG - Added constraint: UR_EX_glu__L_e
2024-10-20 10:37:00,856 - ME modelNone - DEBUG - Added variable: FU_EX_h_e
2024-10-20 10:37:00,856 - ME modelNone - DEBUG - Added variable: BU_EX_h_e
2024-10-20 10:37:00,856 - ME modelNone - DEBUG - Added constraint: SU_EX_h_e
2024-10-20 10:37:00,856 - ME modelNone - DEBUG - Added constraint: UF_EX_h_e
2024-10-20 10:37:00,857 - ME modelNone - DEBUG - Added constraint: UR_EX_h_e
2024-10-20 10:37:00,857 - ME modelNone - DEBUG - Added variable: FU_EX_h2o_e
2024-10-20 10:37:00,857 - ME modelNone - DEBUG - Added variable: BU_EX_h2o_e
2024-10-20 10:37:00,858 - ME modelNone - DEBUG - Added constraint: SU_EX_h2o_e
2024-10-20 10:37:00,858 - ME modelNone - DEBUG - Added constraint: UF_EX_h2o_e
2024-10-20 10:37:00,859 - ME modelNone - DEBUG - Added constraint: UR_EX_h2o_e
2024-10-20 10:37:00,859 - ME modelNone - DEBUG - Added variable: FU_EX_lac__D_e
2024-10-20 10:37:00,859 - ME modelNone - DEBUG - Added variable: BU_EX_lac__D_e
2024-10-20 10:37:00,859 - ME modelNone - DEBUG - Added constraint: SU_EX_lac__D_e
2024-10-20 10:37:00,860 - ME modelNone - DEBUG - Added constraint: UF_EX_lac__D_e
2024-10-20 10:37:00,860 - ME modelNone - DEBUG - Added constraint: UR_EX_lac__D_e
2024-10-20 10:37:00,861 - ME modelNone - DEBUG - Added variable: FU_EX_mal__L_e
2024-10-20 10:37:00,861 - ME modelNone - DEBUG - Added variable: BU_EX_mal__L_e
2024-10-20 10:37:00,861 - ME modelNone - DEBUG - Added constraint: SU_EX_mal__L_e
2024-10-20 10:37:00,862 - ME modelNone - DEBUG - Added constraint: UF_EX_mal__L_e
2024-10-20 10:37:00,862 - ME modelNone - DEBUG - Added constraint: UR_EX_mal__L_e
2024-10-20 10:37:00,862 - ME modelNone - DEBUG - Added variable: FU_EX_nh4_e
2024-10-20 10:37:00,863 - ME modelNone - DEBUG - Added variable: BU_EX_nh4_e
2024-10-20 10:37:00,863 - ME modelNone - DEBUG - Added constraint: SU_EX_nh4_e
2024-10-20 10:37:00,863 - ME modelNone - DEBUG - Added constraint: UF_EX_nh4_e
2024-10-20 10:37:00,864 - ME modelNone - DEBUG - Added constraint: UR_EX_nh4_e
2024-10-20 10:37:00,864 - ME modelNone - DEBUG - Added variable: FU_EX_o2_e
2024-10-20 10:37:00,864 - ME modelNone - DEBUG - Added variable: BU_EX_o2_e
2024-10-20 10:37:00,864 - ME modelNone - DEBUG - Added constraint: SU_EX_o2_e
2024-10-20 10:37:00,865 - ME modelNone - DEBUG - Added constraint: UF_EX_o2_e
2024-10-20 10:37:00,865 - ME modelNone - DEBUG - Added constraint: UR_EX_o2_e
2024-10-20 10:37:00,866 - ME modelNone - DEBUG - Added variable: FU_EX_pi_e
2024-10-20 10:37:00,866 - ME modelNone - DEBUG - Added variable: BU_EX_pi_e
2024-10-20 10:37:00,866 - ME modelNone - DEBUG - Added constraint: SU_EX_pi_e
2024-10-20 10:37:00,867 - ME modelNone - DEBUG - Added constraint: UF_EX_pi_e
2024-10-20 10:37:00,867 - ME modelNone - DEBUG - Added constraint: UR_EX_pi_e
2024-10-20 10:37:00,867 - ME modelNone - DEBUG - Added variable: FU_EX_pyr_e
2024-10-20 10:37:00,868 - ME modelNone - DEBUG - Added variable: BU_EX_pyr_e
2024-10-20 10:37:00,868 - ME modelNone - DEBUG - Added constraint: SU_EX_pyr_e
2024-10-20 10:37:00,868 - ME modelNone - DEBUG - Added constraint: UF_EX_pyr_e
2024-10-20 10:37:00,869 - ME modelNone - DEBUG - Added constraint: UR_EX_pyr_e
2024-10-20 10:37:00,869 - ME modelNone - DEBUG - Added variable: FU_EX_succ_e
2024-10-20 10:37:00,869 - ME modelNone - DEBUG - Added variable: BU_EX_succ_e
2024-10-20 10:37:00,869 - ME modelNone - DEBUG - Added constraint: SU_EX_succ_e
2024-10-20 10:37:00,870 - ME modelNone - DEBUG - Added constraint: UF_EX_succ_e
2024-10-20 10:37:00,870 - ME modelNone - DEBUG - Added constraint: UR_EX_succ_e
2024-10-20 10:37:00,871 - ME modelNone - DEBUG - Added variable: FU_FBA
2024-10-20 10:37:00,871 - ME modelNone - DEBUG - Added variable: BU_FBA
2024-10-20 10:37:00,871 - ME modelNone - DEBUG - Added constraint: SU_FBA
2024-10-20 10:37:00,872 - ME modelNone - DEBUG - Added constraint: UF_FBA
2024-10-20 10:37:00,872 - ME modelNone - DEBUG - Added constraint: UR_FBA
2024-10-20 10:37:00,872 - ME modelNone - DEBUG - Added variable: FU_FBP
2024-10-20 10:37:00,873 - ME modelNone - DEBUG - Added variable: BU_FBP
2024-10-20 10:37:00,873 - ME modelNone - DEBUG - Added constraint: SU_FBP
2024-10-20 10:37:00,873 - ME modelNone - DEBUG - Added constraint: UF_FBP
2024-10-20 10:37:00,874 - ME modelNone - DEBUG - Added constraint: UR_FBP
2024-10-20 10:37:00,874 - ME modelNone - DEBUG - Added variable: FU_FORt2
2024-10-20 10:37:00,874 - ME modelNone - DEBUG - Added variable: BU_FORt2
2024-10-20 10:37:00,874 - ME modelNone - DEBUG - Added constraint: SU_FORt2
2024-10-20 10:37:00,875 - ME modelNone - DEBUG - Added constraint: UF_FORt2
2024-10-20 10:37:00,875 - ME modelNone - DEBUG - Added constraint: UR_FORt2
2024-10-20 10:37:00,876 - ME modelNone - DEBUG - Added variable: FU_FORt
2024-10-20 10:37:00,876 - ME modelNone - DEBUG - Added variable: BU_FORt
2024-10-20 10:37:00,876 - ME modelNone - DEBUG - Added constraint: SU_FORt
2024-10-20 10:37:00,877 - ME modelNone - DEBUG - Added constraint: UF_FORt
2024-10-20 10:37:00,877 - ME modelNone - DEBUG - Added constraint: UR_FORt
2024-10-20 10:37:00,878 - ME modelNone - DEBUG - Added variable: FU_FRD7
2024-10-20 10:37:00,878 - ME modelNone - DEBUG - Added variable: BU_FRD7
2024-10-20 10:37:00,879 - ME modelNone - DEBUG - Added constraint: SU_FRD7
2024-10-20 10:37:00,879 - ME modelNone - DEBUG - Added constraint: UF_FRD7
2024-10-20 10:37:00,880 - ME modelNone - DEBUG - Added constraint: UR_FRD7
2024-10-20 10:37:00,880 - ME modelNone - DEBUG - Added variable: FU_FRUpts2
2024-10-20 10:37:00,880 - ME modelNone - DEBUG - Added variable: BU_FRUpts2
2024-10-20 10:37:00,881 - ME modelNone - DEBUG - Added constraint: SU_FRUpts2
2024-10-20 10:37:00,881 - ME modelNone - DEBUG - Added constraint: UF_FRUpts2
2024-10-20 10:37:00,882 - ME modelNone - DEBUG - Added constraint: UR_FRUpts2
2024-10-20 10:37:00,882 - ME modelNone - DEBUG - Added variable: FU_FUM
2024-10-20 10:37:00,882 - ME modelNone - DEBUG - Added variable: BU_FUM
2024-10-20 10:37:00,883 - ME modelNone - DEBUG - Added constraint: SU_FUM
2024-10-20 10:37:00,883 - ME modelNone - DEBUG - Added constraint: UF_FUM
2024-10-20 10:37:00,884 - ME modelNone - DEBUG - Added constraint: UR_FUM
2024-10-20 10:37:00,885 - ME modelNone - DEBUG - Added variable: FU_FUMt2_2
2024-10-20 10:37:00,885 - ME modelNone - DEBUG - Added variable: BU_FUMt2_2
2024-10-20 10:37:00,885 - ME modelNone - DEBUG - Added constraint: SU_FUMt2_2
2024-10-20 10:37:00,886 - ME modelNone - DEBUG - Added constraint: UF_FUMt2_2
2024-10-20 10:37:00,887 - ME modelNone - DEBUG - Added constraint: UR_FUMt2_2
2024-10-20 10:37:00,888 - ME modelNone - DEBUG - Added variable: FU_G6PDH2r
2024-10-20 10:37:00,888 - ME modelNone - DEBUG - Added variable: BU_G6PDH2r
2024-10-20 10:37:00,889 - ME modelNone - DEBUG - Added constraint: SU_G6PDH2r
2024-10-20 10:37:00,890 - ME modelNone - DEBUG - Added constraint: UF_G6PDH2r
2024-10-20 10:37:00,892 - ME modelNone - DEBUG - Added constraint: UR_G6PDH2r
2024-10-20 10:37:00,892 - ME modelNone - DEBUG - Added variable: FU_GAPD
2024-10-20 10:37:00,893 - ME modelNone - DEBUG - Added variable: BU_GAPD
2024-10-20 10:37:00,893 - ME modelNone - DEBUG - Added constraint: SU_GAPD
2024-10-20 10:37:00,894 - ME modelNone - DEBUG - Added constraint: UF_GAPD
2024-10-20 10:37:00,896 - ME modelNone - DEBUG - Added constraint: UR_GAPD
2024-10-20 10:37:00,896 - ME modelNone - DEBUG - Added variable: FU_GLCpts
2024-10-20 10:37:00,897 - ME modelNone - DEBUG - Added variable: BU_GLCpts
2024-10-20 10:37:00,897 - ME modelNone - DEBUG - Added constraint: SU_GLCpts
2024-10-20 10:37:00,898 - ME modelNone - DEBUG - Added constraint: UF_GLCpts
2024-10-20 10:37:00,898 - ME modelNone - DEBUG - Added constraint: UR_GLCpts
2024-10-20 10:37:00,899 - ME modelNone - DEBUG - Added variable: FU_GLNS
2024-10-20 10:37:00,899 - ME modelNone - DEBUG - Added variable: BU_GLNS
2024-10-20 10:37:00,899 - ME modelNone - DEBUG - Added constraint: SU_GLNS
2024-10-20 10:37:00,900 - ME modelNone - DEBUG - Added constraint: UF_GLNS
2024-10-20 10:37:00,900 - ME modelNone - DEBUG - Added constraint: UR_GLNS
2024-10-20 10:37:00,901 - ME modelNone - DEBUG - Added variable: FU_GLNabc
2024-10-20 10:37:00,901 - ME modelNone - DEBUG - Added variable: BU_GLNabc
2024-10-20 10:37:00,901 - ME modelNone - DEBUG - Added constraint: SU_GLNabc
2024-10-20 10:37:00,902 - ME modelNone - DEBUG - Added constraint: UF_GLNabc
2024-10-20 10:37:00,903 - ME modelNone - DEBUG - Added constraint: UR_GLNabc
2024-10-20 10:37:00,903 - ME modelNone - DEBUG - Added variable: FU_GLUDy
2024-10-20 10:37:00,904 - ME modelNone - DEBUG - Added variable: BU_GLUDy
2024-10-20 10:37:00,904 - ME modelNone - DEBUG - Added constraint: SU_GLUDy
2024-10-20 10:37:00,904 - ME modelNone - DEBUG - Added constraint: UF_GLUDy
2024-10-20 10:37:00,905 - ME modelNone - DEBUG - Added constraint: UR_GLUDy
2024-10-20 10:37:00,906 - ME modelNone - DEBUG - Added variable: FU_GLUN
2024-10-20 10:37:00,906 - ME modelNone - DEBUG - Added variable: BU_GLUN
2024-10-20 10:37:00,906 - ME modelNone - DEBUG - Added constraint: SU_GLUN
2024-10-20 10:37:00,907 - ME modelNone - DEBUG - Added constraint: UF_GLUN
2024-10-20 10:37:00,907 - ME modelNone - DEBUG - Added constraint: UR_GLUN
2024-10-20 10:37:00,908 - ME modelNone - DEBUG - Added variable: FU_GLUSy
2024-10-20 10:37:00,908 - ME modelNone - DEBUG - Added variable: BU_GLUSy
2024-10-20 10:37:00,908 - ME modelNone - DEBUG - Added constraint: SU_GLUSy
2024-10-20 10:37:00,908 - ME modelNone - DEBUG - Added constraint: UF_GLUSy
2024-10-20 10:37:00,909 - ME modelNone - DEBUG - Added constraint: UR_GLUSy
2024-10-20 10:37:00,909 - ME modelNone - DEBUG - Added variable: FU_GLUt2r
2024-10-20 10:37:00,910 - ME modelNone - DEBUG - Added variable: BU_GLUt2r
2024-10-20 10:37:00,910 - ME modelNone - DEBUG - Added constraint: SU_GLUt2r
2024-10-20 10:37:00,911 - ME modelNone - DEBUG - Added constraint: UF_GLUt2r
2024-10-20 10:37:00,911 - ME modelNone - DEBUG - Added constraint: UR_GLUt2r
2024-10-20 10:37:00,912 - ME modelNone - DEBUG - Added variable: FU_GND
2024-10-20 10:37:00,912 - ME modelNone - DEBUG - Added variable: BU_GND
2024-10-20 10:37:00,913 - ME modelNone - DEBUG - Added constraint: SU_GND
2024-10-20 10:37:00,913 - ME modelNone - DEBUG - Added constraint: UF_GND
2024-10-20 10:37:00,914 - ME modelNone - DEBUG - Added constraint: UR_GND
2024-10-20 10:37:00,915 - ME modelNone - DEBUG - Added variable: FU_H2Ot
2024-10-20 10:37:00,915 - ME modelNone - DEBUG - Added variable: BU_H2Ot
2024-10-20 10:37:00,915 - ME modelNone - DEBUG - Added constraint: SU_H2Ot
2024-10-20 10:37:00,916 - ME modelNone - DEBUG - Added constraint: UF_H2Ot
2024-10-20 10:37:00,917 - ME modelNone - DEBUG - Added constraint: UR_H2Ot
2024-10-20 10:37:00,918 - ME modelNone - DEBUG - Added variable: FU_ICDHyr
2024-10-20 10:37:00,918 - ME modelNone - DEBUG - Added variable: BU_ICDHyr
2024-10-20 10:37:00,918 - ME modelNone - DEBUG - Added constraint: SU_ICDHyr
2024-10-20 10:37:00,919 - ME modelNone - DEBUG - Added constraint: UF_ICDHyr
2024-10-20 10:37:00,920 - ME modelNone - DEBUG - Added constraint: UR_ICDHyr
2024-10-20 10:37:00,920 - ME modelNone - DEBUG - Added variable: FU_ICL
2024-10-20 10:37:00,921 - ME modelNone - DEBUG - Added variable: BU_ICL
2024-10-20 10:37:00,921 - ME modelNone - DEBUG - Added constraint: SU_ICL
2024-10-20 10:37:00,922 - ME modelNone - DEBUG - Added constraint: UF_ICL
2024-10-20 10:37:00,923 - ME modelNone - DEBUG - Added constraint: UR_ICL
2024-10-20 10:37:00,923 - ME modelNone - DEBUG - Added variable: FU_LDH_D
2024-10-20 10:37:00,923 - ME modelNone - DEBUG - Added variable: BU_LDH_D
2024-10-20 10:37:00,924 - ME modelNone - DEBUG - Added constraint: SU_LDH_D
2024-10-20 10:37:00,925 - ME modelNone - DEBUG - Added constraint: UF_LDH_D
2024-10-20 10:37:00,925 - ME modelNone - DEBUG - Added constraint: UR_LDH_D
2024-10-20 10:37:00,925 - ME modelNone - DEBUG - Added variable: FU_MALS
2024-10-20 10:37:00,926 - ME modelNone - DEBUG - Added variable: BU_MALS
2024-10-20 10:37:00,926 - ME modelNone - DEBUG - Added constraint: SU_MALS
2024-10-20 10:37:00,926 - ME modelNone - DEBUG - Added constraint: UF_MALS
2024-10-20 10:37:00,927 - ME modelNone - DEBUG - Added constraint: UR_MALS
2024-10-20 10:37:00,927 - ME modelNone - DEBUG - Added variable: FU_MALt2_2
2024-10-20 10:37:00,927 - ME modelNone - DEBUG - Added variable: BU_MALt2_2
2024-10-20 10:37:00,928 - ME modelNone - DEBUG - Added constraint: SU_MALt2_2
2024-10-20 10:37:00,928 - ME modelNone - DEBUG - Added constraint: UF_MALt2_2
2024-10-20 10:37:00,929 - ME modelNone - DEBUG - Added constraint: UR_MALt2_2
2024-10-20 10:37:00,929 - ME modelNone - DEBUG - Added variable: FU_MDH
2024-10-20 10:37:00,929 - ME modelNone - DEBUG - Added variable: BU_MDH
2024-10-20 10:37:00,930 - ME modelNone - DEBUG - Added constraint: SU_MDH
2024-10-20 10:37:00,930 - ME modelNone - DEBUG - Added constraint: UF_MDH
2024-10-20 10:37:00,931 - ME modelNone - DEBUG - Added constraint: UR_MDH
2024-10-20 10:37:00,931 - ME modelNone - DEBUG - Added variable: FU_ME1
2024-10-20 10:37:00,931 - ME modelNone - DEBUG - Added variable: BU_ME1
2024-10-20 10:37:00,931 - ME modelNone - DEBUG - Added constraint: SU_ME1
2024-10-20 10:37:00,932 - ME modelNone - DEBUG - Added constraint: UF_ME1
2024-10-20 10:37:00,933 - ME modelNone - DEBUG - Added constraint: UR_ME1
2024-10-20 10:37:00,933 - ME modelNone - DEBUG - Added variable: FU_ME2
2024-10-20 10:37:00,934 - ME modelNone - DEBUG - Added variable: BU_ME2
2024-10-20 10:37:00,934 - ME modelNone - DEBUG - Added constraint: SU_ME2
2024-10-20 10:37:00,935 - ME modelNone - DEBUG - Added constraint: UF_ME2
2024-10-20 10:37:00,935 - ME modelNone - DEBUG - Added constraint: UR_ME2
2024-10-20 10:37:00,936 - ME modelNone - DEBUG - Added variable: FU_NADH16
2024-10-20 10:37:00,936 - ME modelNone - DEBUG - Added variable: BU_NADH16
2024-10-20 10:37:00,936 - ME modelNone - DEBUG - Added constraint: SU_NADH16
2024-10-20 10:37:00,937 - ME modelNone - DEBUG - Added constraint: UF_NADH16
2024-10-20 10:37:00,937 - ME modelNone - DEBUG - Added constraint: UR_NADH16
2024-10-20 10:37:00,938 - ME modelNone - DEBUG - Added variable: FU_NADTRHD
2024-10-20 10:37:00,938 - ME modelNone - DEBUG - Added variable: BU_NADTRHD
2024-10-20 10:37:00,938 - ME modelNone - DEBUG - Added constraint: SU_NADTRHD
2024-10-20 10:37:00,939 - ME modelNone - DEBUG - Added constraint: UF_NADTRHD
2024-10-20 10:37:00,939 - ME modelNone - DEBUG - Added constraint: UR_NADTRHD
2024-10-20 10:37:00,940 - ME modelNone - DEBUG - Added variable: FU_NH4t
2024-10-20 10:37:00,940 - ME modelNone - DEBUG - Added variable: BU_NH4t
2024-10-20 10:37:00,941 - ME modelNone - DEBUG - Added constraint: SU_NH4t
2024-10-20 10:37:00,941 - ME modelNone - DEBUG - Added constraint: UF_NH4t
2024-10-20 10:37:00,942 - ME modelNone - DEBUG - Added constraint: UR_NH4t
2024-10-20 10:37:00,943 - ME modelNone - DEBUG - Added variable: FU_O2t
2024-10-20 10:37:00,943 - ME modelNone - DEBUG - Added variable: BU_O2t
2024-10-20 10:37:00,943 - ME modelNone - DEBUG - Added constraint: SU_O2t
2024-10-20 10:37:00,944 - ME modelNone - DEBUG - Added constraint: UF_O2t
2024-10-20 10:37:00,945 - ME modelNone - DEBUG - Added constraint: UR_O2t
2024-10-20 10:37:00,946 - ME modelNone - DEBUG - Added variable: FU_PDH
2024-10-20 10:37:00,946 - ME modelNone - DEBUG - Added variable: BU_PDH
2024-10-20 10:37:00,946 - ME modelNone - DEBUG - Added constraint: SU_PDH
2024-10-20 10:37:00,947 - ME modelNone - DEBUG - Added constraint: UF_PDH
2024-10-20 10:37:00,948 - ME modelNone - DEBUG - Added constraint: UR_PDH
2024-10-20 10:37:00,948 - ME modelNone - INFO - # Model conversion done.
2024-10-20 10:37:00,948 - ME modelNone - INFO - # Updating cobra_model variables...
2024-10-20 10:37:00,949 - ME modelNone - INFO - # cobra_model variables are up-to-date
2024-10-20 10:37:00,949 - ME modelNone - INFO - Setting minimal growth rate to 95% of the TFA solution
2024-10-20 10:37:00,959 - ME modelNone - DEBUG - 'slim_optimize' ((), {}) 0.01 sec
2024-10-20 10:37:00,959 - ME modelNone - INFO - Setting minimal growth rate to 0.8739215069684301
2024-10-20 10:37:00,959 - ME modelNone - INFO - Using default sum_flux : False
