2024-10-20 10:22:15,587 - ME modelNone - INFO - # Model initialized 
2024-10-20 10:22:15,587 - ME modelNone - INFO - # Model conversion starting...
2024-10-20 10:22:15,588 - ME modelNone - DEBUG - Added variable: FU_PFK
2024-10-20 10:22:15,588 - ME modelNone - DEBUG - Added variable: BU_PFK
2024-10-20 10:22:15,588 - ME modelNone - DEBUG - Added constraint: SU_PFK
2024-10-20 10:22:15,589 - ME modelNone - DEBUG - Added constraint: UF_PFK
2024-10-20 10:22:15,589 - ME modelNone - DEBUG - Added constraint: UR_PFK
2024-10-20 10:22:15,590 - ME modelNone - DEBUG - Added variable: FU_PFL
2024-10-20 10:22:15,590 - ME modelNone - DEBUG - Added variable: BU_PFL
2024-10-20 10:22:15,590 - ME modelNone - DEBUG - Added constraint: SU_PFL
2024-10-20 10:22:15,590 - ME modelNone - DEBUG - Added constraint: UF_PFL
2024-10-20 10:22:15,591 - ME modelNone - DEBUG - Added constraint: UR_PFL
2024-10-20 10:22:15,591 - ME modelNone - DEBUG - Added variable: FU_PGI
2024-10-20 10:22:15,591 - ME modelNone - DEBUG - Added variable: BU_PGI
2024-10-20 10:22:15,592 - ME modelNone - DEBUG - Added constraint: SU_PGI
2024-10-20 10:22:15,592 - ME modelNone - DEBUG - Added constraint: UF_PGI
2024-10-20 10:22:15,593 - ME modelNone - DEBUG - Added constraint: UR_PGI
2024-10-20 10:22:15,593 - ME modelNone - DEBUG - Added variable: FU_PGK
2024-10-20 10:22:15,593 - ME modelNone - DEBUG - Added variable: BU_PGK
2024-10-20 10:22:15,593 - ME modelNone - DEBUG - Added constraint: SU_PGK
2024-10-20 10:22:15,594 - ME modelNone - DEBUG - Added constraint: UF_PGK
2024-10-20 10:22:15,594 - ME modelNone - DEBUG - Added constraint: UR_PGK
2024-10-20 10:22:15,595 - ME modelNone - DEBUG - Added variable: FU_PGL
2024-10-20 10:22:15,595 - ME modelNone - DEBUG - Added variable: BU_PGL
2024-10-20 10:22:15,595 - ME modelNone - DEBUG - Added constraint: SU_PGL
2024-10-20 10:22:15,596 - ME modelNone - DEBUG - Added constraint: UF_PGL
2024-10-20 10:22:15,596 - ME modelNone - DEBUG - Added constraint: UR_PGL
2024-10-20 10:22:15,597 - ME modelNone - DEBUG - Added variable: FU_ACALD
2024-10-20 10:22:15,597 - ME modelNone - DEBUG - Added variable: BU_ACALD
2024-10-20 10:22:15,597 - ME modelNone - DEBUG - Added constraint: SU_ACALD
2024-10-20 10:22:15,598 - ME modelNone - DEBUG - Added constraint: UF_ACALD
2024-10-20 10:22:15,598 - ME modelNone - DEBUG - Added constraint: UR_ACALD
2024-10-20 10:22:15,599 - ME modelNone - DEBUG - Added variable: FU_AKGt2r
2024-10-20 10:22:15,599 - ME modelNone - DEBUG - Added variable: BU_AKGt2r
2024-10-20 10:22:15,599 - ME modelNone - DEBUG - Added constraint: SU_AKGt2r
2024-10-20 10:22:15,599 - ME modelNone - DEBUG - Added constraint: UF_AKGt2r
2024-10-20 10:22:15,600 - ME modelNone - DEBUG - Added constraint: UR_AKGt2r
2024-10-20 10:22:15,600 - ME modelNone - DEBUG - Added variable: FU_PGM
2024-10-20 10:22:15,601 - ME modelNone - DEBUG - Added variable: BU_PGM
2024-10-20 10:22:15,601 - ME modelNone - DEBUG - Added constraint: SU_PGM
2024-10-20 10:22:15,602 - ME modelNone - DEBUG - Added constraint: UF_PGM
2024-10-20 10:22:15,602 - ME modelNone - DEBUG - Added constraint: UR_PGM
2024-10-20 10:22:15,602 - ME modelNone - DEBUG - Added variable: FU_PIt2r
2024-10-20 10:22:15,603 - ME modelNone - DEBUG - Added variable: BU_PIt2r
2024-10-20 10:22:15,603 - ME modelNone - DEBUG - Added constraint: SU_PIt2r
2024-10-20 10:22:15,603 - ME modelNone - DEBUG - Added constraint: UF_PIt2r
2024-10-20 10:22:15,604 - ME modelNone - DEBUG - Added constraint: UR_PIt2r
2024-10-20 10:22:15,604 - ME modelNone - DEBUG - Added variable: FU_ALCD2x
2024-10-20 10:22:15,604 - ME modelNone - DEBUG - Added variable: BU_ALCD2x
2024-10-20 10:22:15,605 - ME modelNone - DEBUG - Added constraint: SU_ALCD2x
2024-10-20 10:22:15,605 - ME modelNone - DEBUG - Added constraint: UF_ALCD2x
2024-10-20 10:22:15,606 - ME modelNone - DEBUG - Added constraint: UR_ALCD2x
2024-10-20 10:22:15,606 - ME modelNone - DEBUG - Added variable: FU_ACALDt
2024-10-20 10:22:15,606 - ME modelNone - DEBUG - Added variable: BU_ACALDt
2024-10-20 10:22:15,606 - ME modelNone - DEBUG - Added constraint: SU_ACALDt
2024-10-20 10:22:15,607 - ME modelNone - DEBUG - Added constraint: UF_ACALDt
2024-10-20 10:22:15,607 - ME modelNone - DEBUG - Added constraint: UR_ACALDt
2024-10-20 10:22:15,608 - ME modelNone - DEBUG - Added variable: FU_ACKr
2024-10-20 10:22:15,608 - ME modelNone - DEBUG - Added variable: BU_ACKr
2024-10-20 10:22:15,608 - ME modelNone - DEBUG - Added constraint: SU_ACKr
2024-10-20 10:22:15,609 - ME modelNone - DEBUG - Added constraint: UF_ACKr
2024-10-20 10:22:15,609 - ME modelNone - DEBUG - Added constraint: UR_ACKr
2024-10-20 10:22:15,609 - ME modelNone - DEBUG - Added variable: FU_PPC
2024-10-20 10:22:15,610 - ME modelNone - DEBUG - Added variable: BU_PPC
2024-10-20 10:22:15,610 - ME modelNone - DEBUG - Added constraint: SU_PPC
2024-10-20 10:22:15,610 - ME modelNone - DEBUG - Added constraint: UF_PPC
2024-10-20 10:22:15,611 - ME modelNone - DEBUG - Added constraint: UR_PPC
2024-10-20 10:22:15,611 - ME modelNone - DEBUG - Added variable: FU_ACONTa
2024-10-20 10:22:15,611 - ME modelNone - DEBUG - Added variable: BU_ACONTa
2024-10-20 10:22:15,611 - ME modelNone - DEBUG - Added constraint: SU_ACONTa
2024-10-20 10:22:15,612 - ME modelNone - DEBUG - Added constraint: UF_ACONTa
2024-10-20 10:22:15,612 - ME modelNone - DEBUG - Added constraint: UR_ACONTa
2024-10-20 10:22:15,613 - ME modelNone - DEBUG - Added variable: FU_ACONTb
2024-10-20 10:22:15,613 - ME modelNone - DEBUG - Added variable: BU_ACONTb
2024-10-20 10:22:15,613 - ME modelNone - DEBUG - Added constraint: SU_ACONTb
2024-10-20 10:22:15,614 - ME modelNone - DEBUG - Added constraint: UF_ACONTb
2024-10-20 10:22:15,614 - ME modelNone - DEBUG - Added constraint: UR_ACONTb
2024-10-20 10:22:15,614 - ME modelNone - DEBUG - Added variable: FU_ATPM
2024-10-20 10:22:15,615 - ME modelNone - DEBUG - Added variable: BU_ATPM
2024-10-20 10:22:15,615 - ME modelNone - DEBUG - Added constraint: SU_ATPM
2024-10-20 10:22:15,615 - ME modelNone - DEBUG - Added constraint: UF_ATPM
2024-10-20 10:22:15,616 - ME modelNone - DEBUG - Added constraint: UR_ATPM
2024-10-20 10:22:15,616 - ME modelNone - DEBUG - Added variable: FU_PPCK
2024-10-20 10:22:15,616 - ME modelNone - DEBUG - Added variable: BU_PPCK
2024-10-20 10:22:15,617 - ME modelNone - DEBUG - Added constraint: SU_PPCK
2024-10-20 10:22:15,617 - ME modelNone - DEBUG - Added constraint: UF_PPCK
2024-10-20 10:22:15,618 - ME modelNone - DEBUG - Added constraint: UR_PPCK
2024-10-20 10:22:15,618 - ME modelNone - DEBUG - Added variable: FU_ACt2r
2024-10-20 10:22:15,618 - ME modelNone - DEBUG - Added variable: BU_ACt2r
2024-10-20 10:22:15,618 - ME modelNone - DEBUG - Added constraint: SU_ACt2r
2024-10-20 10:22:15,619 - ME modelNone - DEBUG - Added constraint: UF_ACt2r
2024-10-20 10:22:15,619 - ME modelNone - DEBUG - Added constraint: UR_ACt2r
2024-10-20 10:22:15,620 - ME modelNone - DEBUG - Added variable: FU_PPS
2024-10-20 10:22:15,620 - ME modelNone - DEBUG - Added variable: BU_PPS
2024-10-20 10:22:15,620 - ME modelNone - DEBUG - Added constraint: SU_PPS
2024-10-20 10:22:15,621 - ME modelNone - DEBUG - Added constraint: UF_PPS
2024-10-20 10:22:15,621 - ME modelNone - DEBUG - Added constraint: UR_PPS
2024-10-20 10:22:15,621 - ME modelNone - DEBUG - Added variable: FU_ADK1
2024-10-20 10:22:15,622 - ME modelNone - DEBUG - Added variable: BU_ADK1
2024-10-20 10:22:15,622 - ME modelNone - DEBUG - Added constraint: SU_ADK1
2024-10-20 10:22:15,622 - ME modelNone - DEBUG - Added constraint: UF_ADK1
2024-10-20 10:22:15,623 - ME modelNone - DEBUG - Added constraint: UR_ADK1
2024-10-20 10:22:15,623 - ME modelNone - DEBUG - Added variable: FU_AKGDH
2024-10-20 10:22:15,623 - ME modelNone - DEBUG - Added variable: BU_AKGDH
2024-10-20 10:22:15,623 - ME modelNone - DEBUG - Added constraint: SU_AKGDH
2024-10-20 10:22:15,624 - ME modelNone - DEBUG - Added constraint: UF_AKGDH
2024-10-20 10:22:15,624 - ME modelNone - DEBUG - Added constraint: UR_AKGDH
2024-10-20 10:22:15,625 - ME modelNone - DEBUG - Added variable: FU_ATPS4r
2024-10-20 10:22:15,625 - ME modelNone - DEBUG - Added variable: BU_ATPS4r
2024-10-20 10:22:15,625 - ME modelNone - DEBUG - Added constraint: SU_ATPS4r
2024-10-20 10:22:15,626 - ME modelNone - DEBUG - Added constraint: UF_ATPS4r
2024-10-20 10:22:15,626 - ME modelNone - DEBUG - Added constraint: UR_ATPS4r
2024-10-20 10:22:15,626 - ME modelNone - DEBUG - Added variable: FU_PTAr
2024-10-20 10:22:15,627 - ME modelNone - DEBUG - Added variable: BU_PTAr
2024-10-20 10:22:15,627 - ME modelNone - DEBUG - Added constraint: SU_PTAr
2024-10-20 10:22:15,627 - ME modelNone - DEBUG - Added constraint: UF_PTAr
2024-10-20 10:22:15,628 - ME modelNone - DEBUG - Added constraint: UR_PTAr
2024-10-20 10:22:15,628 - ME modelNone - DEBUG - Added variable: FU_PYK
2024-10-20 10:22:15,628 - ME modelNone - DEBUG - Added variable: BU_PYK
2024-10-20 10:22:15,628 - ME modelNone - DEBUG - Added constraint: SU_PYK
2024-10-20 10:22:15,629 - ME modelNone - DEBUG - Added constraint: UF_PYK
2024-10-20 10:22:15,629 - ME modelNone - DEBUG - Added constraint: UR_PYK
2024-10-20 10:22:15,630 - ME modelNone - DEBUG - Added variable: FU_BIOMASS_Ecoli_core_w_GAM
2024-10-20 10:22:15,630 - ME modelNone - DEBUG - Added variable: BU_BIOMASS_Ecoli_core_w_GAM
2024-10-20 10:22:15,630 - ME modelNone - DEBUG - Added constraint: SU_BIOMASS_Ecoli_core_w_GAM
2024-10-20 10:22:15,631 - ME modelNone - DEBUG - Added constraint: UF_BIOMASS_Ecoli_core_w_GAM
2024-10-20 10:22:15,631 - ME modelNone - DEBUG - Added constraint: UR_BIOMASS_Ecoli_core_w_GAM
2024-10-20 10:22:15,631 - ME modelNone - DEBUG - Added variable: FU_PYRt2
2024-10-20 10:22:15,632 - ME modelNone - DEBUG - Added variable: BU_PYRt2
2024-10-20 10:22:15,632 - ME modelNone - DEBUG - Added constraint: SU_PYRt2
2024-10-20 10:22:15,632 - ME modelNone - DEBUG - Added constraint: UF_PYRt2
2024-10-20 10:22:15,633 - ME modelNone - DEBUG - Added constraint: UR_PYRt2
2024-10-20 10:22:15,633 - ME modelNone - DEBUG - Added variable: FU_CO2t
2024-10-20 10:22:15,633 - ME modelNone - DEBUG - Added variable: BU_CO2t
2024-10-20 10:22:15,633 - ME modelNone - DEBUG - Added constraint: SU_CO2t
2024-10-20 10:22:15,634 - ME modelNone - DEBUG - Added constraint: UF_CO2t
2024-10-20 10:22:15,634 - ME modelNone - DEBUG - Added constraint: UR_CO2t
2024-10-20 10:22:15,635 - ME modelNone - DEBUG - Added variable: FU_RPE
2024-10-20 10:22:15,635 - ME modelNone - DEBUG - Added variable: BU_RPE
2024-10-20 10:22:15,635 - ME modelNone - DEBUG - Added constraint: SU_RPE
2024-10-20 10:22:15,635 - ME modelNone - DEBUG - Added constraint: UF_RPE
2024-10-20 10:22:15,636 - ME modelNone - DEBUG - Added constraint: UR_RPE
2024-10-20 10:22:15,636 - ME modelNone - DEBUG - Added variable: FU_CS
2024-10-20 10:22:15,636 - ME modelNone - DEBUG - Added variable: BU_CS
2024-10-20 10:22:15,637 - ME modelNone - DEBUG - Added constraint: SU_CS
2024-10-20 10:22:15,637 - ME modelNone - DEBUG - Added constraint: UF_CS
2024-10-20 10:22:15,638 - ME modelNone - DEBUG - Added constraint: UR_CS
2024-10-20 10:22:15,638 - ME modelNone - DEBUG - Added variable: FU_RPI
2024-10-20 10:22:15,638 - ME modelNone - DEBUG - Added variable: BU_RPI
2024-10-20 10:22:15,638 - ME modelNone - DEBUG - Added constraint: SU_RPI
2024-10-20 10:22:15,639 - ME modelNone - DEBUG - Added constraint: UF_RPI
2024-10-20 10:22:15,639 - ME modelNone - DEBUG - Added constraint: UR_RPI
2024-10-20 10:22:15,640 - ME modelNone - DEBUG - Added variable: FU_SUCCt2_2
2024-10-20 10:22:15,640 - ME modelNone - DEBUG - Added variable: BU_SUCCt2_2
2024-10-20 10:22:15,640 - ME modelNone - DEBUG - Added constraint: SU_SUCCt2_2
2024-10-20 10:22:15,640 - ME modelNone - DEBUG - Added constraint: UF_SUCCt2_2
2024-10-20 10:22:15,641 - ME modelNone - DEBUG - Added constraint: UR_SUCCt2_2
2024-10-20 10:22:15,641 - ME modelNone - DEBUG - Added variable: FU_CYTBD
2024-10-20 10:22:15,641 - ME modelNone - DEBUG - Added variable: BU_CYTBD
2024-10-20 10:22:15,642 - ME modelNone - DEBUG - Added constraint: SU_CYTBD
2024-10-20 10:22:15,642 - ME modelNone - DEBUG - Added constraint: UF_CYTBD
2024-10-20 10:22:15,643 - ME modelNone - DEBUG - Added constraint: UR_CYTBD
2024-10-20 10:22:15,643 - ME modelNone - DEBUG - Added variable: FU_D_LACt2
2024-10-20 10:22:15,643 - ME modelNone - DEBUG - Added variable: BU_D_LACt2
2024-10-20 10:22:15,643 - ME modelNone - DEBUG - Added constraint: SU_D_LACt2
2024-10-20 10:22:15,644 - ME modelNone - DEBUG - Added constraint: UF_D_LACt2
2024-10-20 10:22:15,644 - ME modelNone - DEBUG - Added constraint: UR_D_LACt2
2024-10-20 10:22:15,644 - ME modelNone - DEBUG - Added variable: FU_ENO
2024-10-20 10:22:15,645 - ME modelNone - DEBUG - Added variable: BU_ENO
2024-10-20 10:22:15,645 - ME modelNone - DEBUG - Added constraint: SU_ENO
2024-10-20 10:22:15,645 - ME modelNone - DEBUG - Added constraint: UF_ENO
2024-10-20 10:22:15,646 - ME modelNone - DEBUG - Added constraint: UR_ENO
2024-10-20 10:22:15,646 - ME modelNone - DEBUG - Added variable: FU_SUCCt3
2024-10-20 10:22:15,646 - ME modelNone - DEBUG - Added variable: BU_SUCCt3
2024-10-20 10:22:15,647 - ME modelNone - DEBUG - Added constraint: SU_SUCCt3
2024-10-20 10:22:15,647 - ME modelNone - DEBUG - Added constraint: UF_SUCCt3
2024-10-20 10:22:15,647 - ME modelNone - DEBUG - Added constraint: UR_SUCCt3
2024-10-20 10:22:15,648 - ME modelNone - DEBUG - Added variable: FU_ETOHt2r
2024-10-20 10:22:15,648 - ME modelNone - DEBUG - Added variable: BU_ETOHt2r
2024-10-20 10:22:15,648 - ME modelNone - DEBUG - Added constraint: SU_ETOHt2r
2024-10-20 10:22:15,649 - ME modelNone - DEBUG - Added constraint: UF_ETOHt2r
2024-10-20 10:22:15,649 - ME modelNone - DEBUG - Added constraint: UR_ETOHt2r
2024-10-20 10:22:15,649 - ME modelNone - DEBUG - Added variable: FU_SUCDi
2024-10-20 10:22:15,650 - ME modelNone - DEBUG - Added variable: BU_SUCDi
2024-10-20 10:22:15,650 - ME modelNone - DEBUG - Added constraint: SU_SUCDi
2024-10-20 10:22:15,650 - ME modelNone - DEBUG - Added constraint: UF_SUCDi
2024-10-20 10:22:15,651 - ME modelNone - DEBUG - Added constraint: UR_SUCDi
2024-10-20 10:22:15,651 - ME modelNone - DEBUG - Added variable: FU_SUCOAS
2024-10-20 10:22:15,651 - ME modelNone - DEBUG - Added variable: BU_SUCOAS
2024-10-20 10:22:15,651 - ME modelNone - DEBUG - Added constraint: SU_SUCOAS
2024-10-20 10:22:15,652 - ME modelNone - DEBUG - Added constraint: UF_SUCOAS
2024-10-20 10:22:15,652 - ME modelNone - DEBUG - Added constraint: UR_SUCOAS
2024-10-20 10:22:15,653 - ME modelNone - DEBUG - Added variable: FU_TALA
2024-10-20 10:22:15,653 - ME modelNone - DEBUG - Added variable: BU_TALA
2024-10-20 10:22:15,653 - ME modelNone - DEBUG - Added constraint: SU_TALA
2024-10-20 10:22:15,654 - ME modelNone - DEBUG - Added constraint: UF_TALA
2024-10-20 10:22:15,654 - ME modelNone - DEBUG - Added constraint: UR_TALA
2024-10-20 10:22:15,654 - ME modelNone - DEBUG - Added variable: FU_THD2
2024-10-20 10:22:15,655 - ME modelNone - DEBUG - Added variable: BU_THD2
2024-10-20 10:22:15,655 - ME modelNone - DEBUG - Added constraint: SU_THD2
2024-10-20 10:22:15,655 - ME modelNone - DEBUG - Added constraint: UF_THD2
2024-10-20 10:22:15,656 - ME modelNone - DEBUG - Added constraint: UR_THD2
2024-10-20 10:22:15,656 - ME modelNone - DEBUG - Added variable: FU_TKT1
2024-10-20 10:22:15,656 - ME modelNone - DEBUG - Added variable: BU_TKT1
2024-10-20 10:22:15,657 - ME modelNone - DEBUG - Added constraint: SU_TKT1
2024-10-20 10:22:15,657 - ME modelNone - DEBUG - Added constraint: UF_TKT1
2024-10-20 10:22:15,657 - ME modelNone - DEBUG - Added constraint: UR_TKT1
2024-10-20 10:22:15,658 - ME modelNone - DEBUG - Added variable: FU_TKT2
2024-10-20 10:22:15,658 - ME modelNone - DEBUG - Added variable: BU_TKT2
2024-10-20 10:22:15,658 - ME modelNone - DEBUG - Added constraint: SU_TKT2
2024-10-20 10:22:15,659 - ME modelNone - DEBUG - Added constraint: UF_TKT2
2024-10-20 10:22:15,659 - ME modelNone - DEBUG - Added constraint: UR_TKT2
2024-10-20 10:22:15,659 - ME modelNone - DEBUG - Added variable: FU_TPI
2024-10-20 10:22:15,660 - ME modelNone - DEBUG - Added variable: BU_TPI
2024-10-20 10:22:15,660 - ME modelNone - DEBUG - Added constraint: SU_TPI
2024-10-20 10:22:15,660 - ME modelNone - DEBUG - Added constraint: UF_TPI
2024-10-20 10:22:15,661 - ME modelNone - DEBUG - Added constraint: UR_TPI
2024-10-20 10:22:15,661 - ME modelNone - DEBUG - Added variable: FU_EX_ac_e
2024-10-20 10:22:15,661 - ME modelNone - DEBUG - Added variable: BU_EX_ac_e
2024-10-20 10:22:15,662 - ME modelNone - DEBUG - Added constraint: SU_EX_ac_e
2024-10-20 10:22:15,662 - ME modelNone - DEBUG - Added constraint: UF_EX_ac_e
2024-10-20 10:22:15,662 - ME modelNone - DEBUG - Added constraint: UR_EX_ac_e
2024-10-20 10:22:15,663 - ME modelNone - DEBUG - Added variable: FU_EX_acald_e
2024-10-20 10:22:15,663 - ME modelNone - DEBUG - Added variable: BU_EX_acald_e
2024-10-20 10:22:15,663 - ME modelNone - DEBUG - Added constraint: SU_EX_acald_e
2024-10-20 10:22:15,664 - ME modelNone - DEBUG - Added constraint: UF_EX_acald_e
2024-10-20 10:22:15,664 - ME modelNone - DEBUG - Added constraint: UR_EX_acald_e
2024-10-20 10:22:15,664 - ME modelNone - DEBUG - Added variable: FU_EX_akg_e
2024-10-20 10:22:15,665 - ME modelNone - DEBUG - Added variable: BU_EX_akg_e
2024-10-20 10:22:15,665 - ME modelNone - DEBUG - Added constraint: SU_EX_akg_e
2024-10-20 10:22:15,665 - ME modelNone - DEBUG - Added constraint: UF_EX_akg_e
2024-10-20 10:22:15,666 - ME modelNone - DEBUG - Added constraint: UR_EX_akg_e
2024-10-20 10:22:15,666 - ME modelNone - DEBUG - Added variable: FU_EX_co2_e
2024-10-20 10:22:15,666 - ME modelNone - DEBUG - Added variable: BU_EX_co2_e
2024-10-20 10:22:15,666 - ME modelNone - DEBUG - Added constraint: SU_EX_co2_e
2024-10-20 10:22:15,667 - ME modelNone - DEBUG - Added constraint: UF_EX_co2_e
2024-10-20 10:22:15,667 - ME modelNone - DEBUG - Added constraint: UR_EX_co2_e
2024-10-20 10:22:15,668 - ME modelNone - DEBUG - Added variable: FU_EX_etoh_e
2024-10-20 10:22:15,668 - ME modelNone - DEBUG - Added variable: BU_EX_etoh_e
2024-10-20 10:22:15,668 - ME modelNone - DEBUG - Added constraint: SU_EX_etoh_e
2024-10-20 10:22:15,669 - ME modelNone - DEBUG - Added constraint: UF_EX_etoh_e
2024-10-20 10:22:15,669 - ME modelNone - DEBUG - Added constraint: UR_EX_etoh_e
2024-10-20 10:22:15,669 - ME modelNone - DEBUG - Added variable: FU_EX_for_e
2024-10-20 10:22:15,670 - ME modelNone - DEBUG - Added variable: BU_EX_for_e
2024-10-20 10:22:15,670 - ME modelNone - DEBUG - Added constraint: SU_EX_for_e
2024-10-20 10:22:15,670 - ME modelNone - DEBUG - Added constraint: UF_EX_for_e
2024-10-20 10:22:15,671 - ME modelNone - DEBUG - Added constraint: UR_EX_for_e
2024-10-20 10:22:15,671 - ME modelNone - DEBUG - Added variable: FU_EX_fru_e
2024-10-20 10:22:15,671 - ME modelNone - DEBUG - Added variable: BU_EX_fru_e
2024-10-20 10:22:15,671 - ME modelNone - DEBUG - Added constraint: SU_EX_fru_e
2024-10-20 10:22:15,672 - ME modelNone - DEBUG - Added constraint: UF_EX_fru_e
2024-10-20 10:22:15,672 - ME modelNone - DEBUG - Added constraint: UR_EX_fru_e
2024-10-20 10:22:15,673 - ME modelNone - DEBUG - Added variable: FU_EX_fum_e
2024-10-20 10:22:15,673 - ME modelNone - DEBUG - Added variable: BU_EX_fum_e
2024-10-20 10:22:15,673 - ME modelNone - DEBUG - Added constraint: SU_EX_fum_e
2024-10-20 10:22:15,674 - ME modelNone - DEBUG - Added constraint: UF_EX_fum_e
2024-10-20 10:22:15,674 - ME modelNone - DEBUG - Added constraint: UR_EX_fum_e
2024-10-20 10:22:15,674 - ME modelNone - DEBUG - Added variable: FU_EX_glc__D_e
2024-10-20 10:22:15,675 - ME modelNone - DEBUG - Added variable: BU_EX_glc__D_e
2024-10-20 10:22:15,675 - ME modelNone - DEBUG - Added constraint: SU_EX_glc__D_e
2024-10-20 10:22:15,675 - ME modelNone - DEBUG - Added constraint: UF_EX_glc__D_e
2024-10-20 10:22:15,676 - ME modelNone - DEBUG - Added constraint: UR_EX_glc__D_e
2024-10-20 10:22:15,676 - ME modelNone - DEBUG - Added variable: FU_EX_gln__L_e
2024-10-20 10:22:15,676 - ME modelNone - DEBUG - Added variable: BU_EX_gln__L_e
2024-10-20 10:22:15,676 - ME modelNone - DEBUG - Added constraint: SU_EX_gln__L_e
2024-10-20 10:22:15,677 - ME modelNone - DEBUG - Added constraint: UF_EX_gln__L_e
2024-10-20 10:22:15,677 - ME modelNone - DEBUG - Added constraint: UR_EX_gln__L_e
2024-10-20 10:22:15,678 - ME modelNone - DEBUG - Added variable: FU_EX_glu__L_e
2024-10-20 10:22:15,678 - ME modelNone - DEBUG - Added variable: BU_EX_glu__L_e
2024-10-20 10:22:15,678 - ME modelNone - DEBUG - Added constraint: SU_EX_glu__L_e
2024-10-20 10:22:15,679 - ME modelNone - DEBUG - Added constraint: UF_EX_glu__L_e
2024-10-20 10:22:15,679 - ME modelNone - DEBUG - Added constraint: UR_EX_glu__L_e
2024-10-20 10:22:15,679 - ME modelNone - DEBUG - Added variable: FU_EX_h_e
2024-10-20 10:22:15,679 - ME modelNone - DEBUG - Added variable: BU_EX_h_e
2024-10-20 10:22:15,680 - ME modelNone - DEBUG - Added constraint: SU_EX_h_e
2024-10-20 10:22:15,680 - ME modelNone - DEBUG - Added constraint: UF_EX_h_e
2024-10-20 10:22:15,681 - ME modelNone - DEBUG - Added constraint: UR_EX_h_e
2024-10-20 10:22:15,681 - ME modelNone - DEBUG - Added variable: FU_EX_h2o_e
2024-10-20 10:22:15,681 - ME modelNone - DEBUG - Added variable: BU_EX_h2o_e
2024-10-20 10:22:15,681 - ME modelNone - DEBUG - Added constraint: SU_EX_h2o_e
2024-10-20 10:22:15,682 - ME modelNone - DEBUG - Added constraint: UF_EX_h2o_e
2024-10-20 10:22:15,682 - ME modelNone - DEBUG - Added constraint: UR_EX_h2o_e
2024-10-20 10:22:15,683 - ME modelNone - DEBUG - Added variable: FU_EX_lac__D_e
2024-10-20 10:22:15,683 - ME modelNone - DEBUG - Added variable: BU_EX_lac__D_e
2024-10-20 10:22:15,683 - ME modelNone - DEBUG - Added constraint: SU_EX_lac__D_e
2024-10-20 10:22:15,684 - ME modelNone - DEBUG - Added constraint: UF_EX_lac__D_e
2024-10-20 10:22:15,684 - ME modelNone - DEBUG - Added constraint: UR_EX_lac__D_e
2024-10-20 10:22:15,684 - ME modelNone - DEBUG - Added variable: FU_EX_mal__L_e
2024-10-20 10:22:15,684 - ME modelNone - DEBUG - Added variable: BU_EX_mal__L_e
2024-10-20 10:22:15,685 - ME modelNone - DEBUG - Added constraint: SU_EX_mal__L_e
2024-10-20 10:22:15,685 - ME modelNone - DEBUG - Added constraint: UF_EX_mal__L_e
2024-10-20 10:22:15,686 - ME modelNone - DEBUG - Added constraint: UR_EX_mal__L_e
2024-10-20 10:22:15,686 - ME modelNone - DEBUG - Added variable: FU_EX_nh4_e
2024-10-20 10:22:15,686 - ME modelNone - DEBUG - Added variable: BU_EX_nh4_e
2024-10-20 10:22:15,686 - ME modelNone - DEBUG - Added constraint: SU_EX_nh4_e
2024-10-20 10:22:15,687 - ME modelNone - DEBUG - Added constraint: UF_EX_nh4_e
2024-10-20 10:22:15,687 - ME modelNone - DEBUG - Added constraint: UR_EX_nh4_e
2024-10-20 10:22:15,688 - ME modelNone - DEBUG - Added variable: FU_EX_o2_e
2024-10-20 10:22:15,688 - ME modelNone - DEBUG - Added variable: BU_EX_o2_e
2024-10-20 10:22:15,688 - ME modelNone - DEBUG - Added constraint: SU_EX_o2_e
2024-10-20 10:22:15,688 - ME modelNone - DEBUG - Added constraint: UF_EX_o2_e
2024-10-20 10:22:15,689 - ME modelNone - DEBUG - Added constraint: UR_EX_o2_e
2024-10-20 10:22:15,689 - ME modelNone - DEBUG - Added variable: FU_EX_pi_e
2024-10-20 10:22:15,689 - ME modelNone - DEBUG - Added variable: BU_EX_pi_e
2024-10-20 10:22:15,690 - ME modelNone - DEBUG - Added constraint: SU_EX_pi_e
2024-10-20 10:22:15,690 - ME modelNone - DEBUG - Added constraint: UF_EX_pi_e
2024-10-20 10:22:15,690 - ME modelNone - DEBUG - Added constraint: UR_EX_pi_e
2024-10-20 10:22:15,691 - ME modelNone - DEBUG - Added variable: FU_EX_pyr_e
2024-10-20 10:22:15,691 - ME modelNone - DEBUG - Added variable: BU_EX_pyr_e
2024-10-20 10:22:15,691 - ME modelNone - DEBUG - Added constraint: SU_EX_pyr_e
2024-10-20 10:22:15,692 - ME modelNone - DEBUG - Added constraint: UF_EX_pyr_e
2024-10-20 10:22:15,692 - ME modelNone - DEBUG - Added constraint: UR_EX_pyr_e
2024-10-20 10:22:15,692 - ME modelNone - DEBUG - Added variable: FU_EX_succ_e
2024-10-20 10:22:15,693 - ME modelNone - DEBUG - Added variable: BU_EX_succ_e
2024-10-20 10:22:15,693 - ME modelNone - DEBUG - Added constraint: SU_EX_succ_e
2024-10-20 10:22:15,693 - ME modelNone - DEBUG - Added constraint: UF_EX_succ_e
2024-10-20 10:22:15,694 - ME modelNone - DEBUG - Added constraint: UR_EX_succ_e
2024-10-20 10:22:15,694 - ME modelNone - DEBUG - Added variable: FU_FBA
2024-10-20 10:22:15,694 - ME modelNone - DEBUG - Added variable: BU_FBA
2024-10-20 10:22:15,694 - ME modelNone - DEBUG - Added constraint: SU_FBA
2024-10-20 10:22:15,695 - ME modelNone - DEBUG - Added constraint: UF_FBA
2024-10-20 10:22:15,695 - ME modelNone - DEBUG - Added constraint: UR_FBA
2024-10-20 10:22:15,696 - ME modelNone - DEBUG - Added variable: FU_FBP
2024-10-20 10:22:15,696 - ME modelNone - DEBUG - Added variable: BU_FBP
2024-10-20 10:22:15,696 - ME modelNone - DEBUG - Added constraint: SU_FBP
2024-10-20 10:22:15,696 - ME modelNone - DEBUG - Added constraint: UF_FBP
2024-10-20 10:22:15,697 - ME modelNone - DEBUG - Added constraint: UR_FBP
2024-10-20 10:22:15,697 - ME modelNone - DEBUG - Added variable: FU_FORt2
2024-10-20 10:22:15,697 - ME modelNone - DEBUG - Added variable: BU_FORt2
2024-10-20 10:22:15,698 - ME modelNone - DEBUG - Added constraint: SU_FORt2
2024-10-20 10:22:15,698 - ME modelNone - DEBUG - Added constraint: UF_FORt2
2024-10-20 10:22:15,699 - ME modelNone - DEBUG - Added constraint: UR_FORt2
2024-10-20 10:22:15,699 - ME modelNone - DEBUG - Added variable: FU_FORt
2024-10-20 10:22:15,699 - ME modelNone - DEBUG - Added variable: BU_FORt
2024-10-20 10:22:15,699 - ME modelNone - DEBUG - Added constraint: SU_FORt
2024-10-20 10:22:15,700 - ME modelNone - DEBUG - Added constraint: UF_FORt
2024-10-20 10:22:15,700 - ME modelNone - DEBUG - Added constraint: UR_FORt
2024-10-20 10:22:15,700 - ME modelNone - DEBUG - Added variable: FU_FRD7
2024-10-20 10:22:15,701 - ME modelNone - DEBUG - Added variable: BU_FRD7
2024-10-20 10:22:15,701 - ME modelNone - DEBUG - Added constraint: SU_FRD7
2024-10-20 10:22:15,701 - ME modelNone - DEBUG - Added constraint: UF_FRD7
2024-10-20 10:22:15,702 - ME modelNone - DEBUG - Added constraint: UR_FRD7
2024-10-20 10:22:15,702 - ME modelNone - DEBUG - Added variable: FU_FRUpts2
2024-10-20 10:22:15,702 - ME modelNone - DEBUG - Added variable: BU_FRUpts2
2024-10-20 10:22:15,702 - ME modelNone - DEBUG - Added constraint: SU_FRUpts2
2024-10-20 10:22:15,703 - ME modelNone - DEBUG - Added constraint: UF_FRUpts2
2024-10-20 10:22:15,703 - ME modelNone - DEBUG - Added constraint: UR_FRUpts2
2024-10-20 10:22:15,704 - ME modelNone - DEBUG - Added variable: FU_FUM
2024-10-20 10:22:15,704 - ME modelNone - DEBUG - Added variable: BU_FUM
2024-10-20 10:22:15,704 - ME modelNone - DEBUG - Added constraint: SU_FUM
2024-10-20 10:22:15,705 - ME modelNone - DEBUG - Added constraint: UF_FUM
2024-10-20 10:22:15,705 - ME modelNone - DEBUG - Added constraint: UR_FUM
2024-10-20 10:22:15,705 - ME modelNone - DEBUG - Added variable: FU_FUMt2_2
2024-10-20 10:22:15,706 - ME modelNone - DEBUG - Added variable: BU_FUMt2_2
2024-10-20 10:22:15,706 - ME modelNone - DEBUG - Added constraint: SU_FUMt2_2
2024-10-20 10:22:15,706 - ME modelNone - DEBUG - Added constraint: UF_FUMt2_2
2024-10-20 10:22:15,707 - ME modelNone - DEBUG - Added constraint: UR_FUMt2_2
2024-10-20 10:22:15,707 - ME modelNone - DEBUG - Added variable: FU_G6PDH2r
2024-10-20 10:22:15,707 - ME modelNone - DEBUG - Added variable: BU_G6PDH2r
2024-10-20 10:22:15,707 - ME modelNone - DEBUG - Added constraint: SU_G6PDH2r
2024-10-20 10:22:15,708 - ME modelNone - DEBUG - Added constraint: UF_G6PDH2r
2024-10-20 10:22:15,708 - ME modelNone - DEBUG - Added constraint: UR_G6PDH2r
2024-10-20 10:22:15,709 - ME modelNone - DEBUG - Added variable: FU_GAPD
2024-10-20 10:22:15,709 - ME modelNone - DEBUG - Added variable: BU_GAPD
2024-10-20 10:22:15,709 - ME modelNone - DEBUG - Added constraint: SU_GAPD
2024-10-20 10:22:15,709 - ME modelNone - DEBUG - Added constraint: UF_GAPD
2024-10-20 10:22:15,710 - ME modelNone - DEBUG - Added constraint: UR_GAPD
2024-10-20 10:22:15,710 - ME modelNone - DEBUG - Added variable: FU_GLCpts
2024-10-20 10:22:15,710 - ME modelNone - DEBUG - Added variable: BU_GLCpts
2024-10-20 10:22:15,711 - ME modelNone - DEBUG - Added constraint: SU_GLCpts
2024-10-20 10:22:15,711 - ME modelNone - DEBUG - Added constraint: UF_GLCpts
2024-10-20 10:22:15,712 - ME modelNone - DEBUG - Added constraint: UR_GLCpts
2024-10-20 10:22:15,712 - ME modelNone - DEBUG - Added variable: FU_GLNS
2024-10-20 10:22:15,712 - ME modelNone - DEBUG - Added variable: BU_GLNS
2024-10-20 10:22:15,712 - ME modelNone - DEBUG - Added constraint: SU_GLNS
2024-10-20 10:22:15,713 - ME modelNone - DEBUG - Added constraint: UF_GLNS
2024-10-20 10:22:15,713 - ME modelNone - DEBUG - Added constraint: UR_GLNS
2024-10-20 10:22:15,714 - ME modelNone - DEBUG - Added variable: FU_GLNabc
2024-10-20 10:22:15,714 - ME modelNone - DEBUG - Added variable: BU_GLNabc
2024-10-20 10:22:15,714 - ME modelNone - DEBUG - Added constraint: SU_GLNabc
2024-10-20 10:22:15,715 - ME modelNone - DEBUG - Added constraint: UF_GLNabc
2024-10-20 10:22:15,715 - ME modelNone - DEBUG - Added constraint: UR_GLNabc
2024-10-20 10:22:15,715 - ME modelNone - DEBUG - Added variable: FU_GLUDy
2024-10-20 10:22:15,715 - ME modelNone - DEBUG - Added variable: BU_GLUDy
2024-10-20 10:22:15,716 - ME modelNone - DEBUG - Added constraint: SU_GLUDy
2024-10-20 10:22:15,716 - ME modelNone - DEBUG - Added constraint: UF_GLUDy
2024-10-20 10:22:15,717 - ME modelNone - DEBUG - Added constraint: UR_GLUDy
2024-10-20 10:22:15,717 - ME modelNone - DEBUG - Added variable: FU_GLUN
2024-10-20 10:22:15,717 - ME modelNone - DEBUG - Added variable: BU_GLUN
2024-10-20 10:22:15,717 - ME modelNone - DEBUG - Added constraint: SU_GLUN
2024-10-20 10:22:15,718 - ME modelNone - DEBUG - Added constraint: UF_GLUN
2024-10-20 10:22:15,718 - ME modelNone - DEBUG - Added constraint: UR_GLUN
2024-10-20 10:22:15,719 - ME modelNone - DEBUG - Added variable: FU_GLUSy
2024-10-20 10:22:15,719 - ME modelNone - DEBUG - Added variable: BU_GLUSy
2024-10-20 10:22:15,719 - ME modelNone - DEBUG - Added constraint: SU_GLUSy
2024-10-20 10:22:15,719 - ME modelNone - DEBUG - Added constraint: UF_GLUSy
2024-10-20 10:22:15,720 - ME modelNone - DEBUG - Added constraint: UR_GLUSy
2024-10-20 10:22:15,720 - ME modelNone - DEBUG - Added variable: FU_GLUt2r
2024-10-20 10:22:15,720 - ME modelNone - DEBUG - Added variable: BU_GLUt2r
2024-10-20 10:22:15,721 - ME modelNone - DEBUG - Added constraint: SU_GLUt2r
2024-10-20 10:22:15,721 - ME modelNone - DEBUG - Added constraint: UF_GLUt2r
2024-10-20 10:22:15,722 - ME modelNone - DEBUG - Added constraint: UR_GLUt2r
2024-10-20 10:22:15,722 - ME modelNone - DEBUG - Added variable: FU_GND
2024-10-20 10:22:15,722 - ME modelNone - DEBUG - Added variable: BU_GND
2024-10-20 10:22:15,722 - ME modelNone - DEBUG - Added constraint: SU_GND
2024-10-20 10:22:15,723 - ME modelNone - DEBUG - Added constraint: UF_GND
2024-10-20 10:22:15,723 - ME modelNone - DEBUG - Added constraint: UR_GND
2024-10-20 10:22:15,723 - ME modelNone - DEBUG - Added variable: FU_H2Ot
2024-10-20 10:22:15,724 - ME modelNone - DEBUG - Added variable: BU_H2Ot
2024-10-20 10:22:15,724 - ME modelNone - DEBUG - Added constraint: SU_H2Ot
2024-10-20 10:22:15,724 - ME modelNone - DEBUG - Added constraint: UF_H2Ot
2024-10-20 10:22:15,725 - ME modelNone - DEBUG - Added constraint: UR_H2Ot
2024-10-20 10:22:15,725 - ME modelNone - DEBUG - Added variable: FU_ICDHyr
2024-10-20 10:22:15,725 - ME modelNone - DEBUG - Added variable: BU_ICDHyr
2024-10-20 10:22:15,725 - ME modelNone - DEBUG - Added constraint: SU_ICDHyr
2024-10-20 10:22:15,726 - ME modelNone - DEBUG - Added constraint: UF_ICDHyr
2024-10-20 10:22:15,726 - ME modelNone - DEBUG - Added constraint: UR_ICDHyr
2024-10-20 10:22:15,727 - ME modelNone - DEBUG - Added variable: FU_ICL
2024-10-20 10:22:15,727 - ME modelNone - DEBUG - Added variable: BU_ICL
2024-10-20 10:22:15,727 - ME modelNone - DEBUG - Added constraint: SU_ICL
2024-10-20 10:22:15,728 - ME modelNone - DEBUG - Added constraint: UF_ICL
2024-10-20 10:22:15,728 - ME modelNone - DEBUG - Added constraint: UR_ICL
2024-10-20 10:22:15,728 - ME modelNone - DEBUG - Added variable: FU_LDH_D
2024-10-20 10:22:15,729 - ME modelNone - DEBUG - Added variable: BU_LDH_D
2024-10-20 10:22:15,729 - ME modelNone - DEBUG - Added constraint: SU_LDH_D
2024-10-20 10:22:15,729 - ME modelNone - DEBUG - Added constraint: UF_LDH_D
2024-10-20 10:22:15,730 - ME modelNone - DEBUG - Added constraint: UR_LDH_D
2024-10-20 10:22:15,730 - ME modelNone - DEBUG - Added variable: FU_MALS
2024-10-20 10:22:15,730 - ME modelNone - DEBUG - Added variable: BU_MALS
2024-10-20 10:22:15,730 - ME modelNone - DEBUG - Added constraint: SU_MALS
2024-10-20 10:22:15,731 - ME modelNone - DEBUG - Added constraint: UF_MALS
2024-10-20 10:22:15,731 - ME modelNone - DEBUG - Added constraint: UR_MALS
2024-10-20 10:22:15,732 - ME modelNone - DEBUG - Added variable: FU_MALt2_2
2024-10-20 10:22:15,732 - ME modelNone - DEBUG - Added variable: BU_MALt2_2
2024-10-20 10:22:15,732 - ME modelNone - DEBUG - Added constraint: SU_MALt2_2
2024-10-20 10:22:15,732 - ME modelNone - DEBUG - Added constraint: UF_MALt2_2
2024-10-20 10:22:15,733 - ME modelNone - DEBUG - Added constraint: UR_MALt2_2
2024-10-20 10:22:15,733 - ME modelNone - DEBUG - Added variable: FU_MDH
2024-10-20 10:22:15,733 - ME modelNone - DEBUG - Added variable: BU_MDH
2024-10-20 10:22:15,734 - ME modelNone - DEBUG - Added constraint: SU_MDH
2024-10-20 10:22:15,734 - ME modelNone - DEBUG - Added constraint: UF_MDH
2024-10-20 10:22:15,735 - ME modelNone - DEBUG - Added constraint: UR_MDH
2024-10-20 10:22:15,735 - ME modelNone - DEBUG - Added variable: FU_ME1
2024-10-20 10:22:15,736 - ME modelNone - DEBUG - Added variable: BU_ME1
2024-10-20 10:22:15,736 - ME modelNone - DEBUG - Added constraint: SU_ME1
2024-10-20 10:22:15,737 - ME modelNone - DEBUG - Added constraint: UF_ME1
2024-10-20 10:22:15,737 - ME modelNone - DEBUG - Added constraint: UR_ME1
2024-10-20 10:22:15,738 - ME modelNone - DEBUG - Added variable: FU_ME2
2024-10-20 10:22:15,738 - ME modelNone - DEBUG - Added variable: BU_ME2
2024-10-20 10:22:15,738 - ME modelNone - DEBUG - Added constraint: SU_ME2
2024-10-20 10:22:15,739 - ME modelNone - DEBUG - Added constraint: UF_ME2
2024-10-20 10:22:15,740 - ME modelNone - DEBUG - Added constraint: UR_ME2
2024-10-20 10:22:15,740 - ME modelNone - DEBUG - Added variable: FU_NADH16
2024-10-20 10:22:15,741 - ME modelNone - DEBUG - Added variable: BU_NADH16
2024-10-20 10:22:15,741 - ME modelNone - DEBUG - Added constraint: SU_NADH16
2024-10-20 10:22:15,742 - ME modelNone - DEBUG - Added constraint: UF_NADH16
2024-10-20 10:22:15,742 - ME modelNone - DEBUG - Added constraint: UR_NADH16
2024-10-20 10:22:15,743 - ME modelNone - DEBUG - Added variable: FU_NADTRHD
2024-10-20 10:22:15,743 - ME modelNone - DEBUG - Added variable: BU_NADTRHD
2024-10-20 10:22:15,743 - ME modelNone - DEBUG - Added constraint: SU_NADTRHD
2024-10-20 10:22:15,744 - ME modelNone - DEBUG - Added constraint: UF_NADTRHD
2024-10-20 10:22:15,744 - ME modelNone - DEBUG - Added constraint: UR_NADTRHD
2024-10-20 10:22:15,745 - ME modelNone - DEBUG - Added variable: FU_NH4t
2024-10-20 10:22:15,745 - ME modelNone - DEBUG - Added variable: BU_NH4t
2024-10-20 10:22:15,745 - ME modelNone - DEBUG - Added constraint: SU_NH4t
2024-10-20 10:22:15,746 - ME modelNone - DEBUG - Added constraint: UF_NH4t
2024-10-20 10:22:15,746 - ME modelNone - DEBUG - Added constraint: UR_NH4t
2024-10-20 10:22:15,747 - ME modelNone - DEBUG - Added variable: FU_O2t
2024-10-20 10:22:15,747 - ME modelNone - DEBUG - Added variable: BU_O2t
2024-10-20 10:22:15,747 - ME modelNone - DEBUG - Added constraint: SU_O2t
2024-10-20 10:22:15,747 - ME modelNone - DEBUG - Added constraint: UF_O2t
2024-10-20 10:22:15,748 - ME modelNone - DEBUG - Added constraint: UR_O2t
2024-10-20 10:22:15,748 - ME modelNone - DEBUG - Added variable: FU_PDH
2024-10-20 10:22:15,748 - ME modelNone - DEBUG - Added variable: BU_PDH
2024-10-20 10:22:15,749 - ME modelNone - DEBUG - Added constraint: SU_PDH
2024-10-20 10:22:15,749 - ME modelNone - DEBUG - Added constraint: UF_PDH
2024-10-20 10:22:15,750 - ME modelNone - DEBUG - Added constraint: UR_PDH
2024-10-20 10:22:15,750 - ME modelNone - INFO - # Model conversion done.
2024-10-20 10:22:15,750 - ME modelNone - INFO - # Updating cobra_model variables...
2024-10-20 10:22:15,751 - ME modelNone - INFO - # cobra_model variables are up-to-date
2024-10-20 10:22:15,751 - ME modelNone - INFO - Setting minimal growth rate to 95% of the TFA solution
2024-10-20 10:22:15,758 - ME modelNone - DEBUG - 'slim_optimize' ((), {}) 0.01 sec
2024-10-20 10:22:15,758 - ME modelNone - INFO - Setting minimal growth rate to 0.8739215069684301
2024-10-20 10:22:15,758 - ME modelNone - INFO - Using default sum_flux : False
