2024-10-20 10:26:52,949 - ME modelNone - INFO - # Model initialized 
2024-10-20 10:26:52,949 - ME modelNone - INFO - # Model conversion starting...
2024-10-20 10:26:52,949 - ME modelNone - DEBUG - Added variable: FU_PFK
2024-10-20 10:26:52,949 - ME modelNone - DEBUG - Added variable: BU_PFK
2024-10-20 10:26:52,950 - ME modelNone - DEBUG - Added constraint: SU_PFK
2024-10-20 10:26:52,950 - ME modelNone - DEBUG - Added constraint: UF_PFK
2024-10-20 10:26:52,951 - ME modelNone - DEBUG - Added constraint: UR_PFK
2024-10-20 10:26:52,951 - ME modelNone - DEBUG - Added variable: FU_PFL
2024-10-20 10:26:52,951 - ME modelNone - DEBUG - Added variable: BU_PFL
2024-10-20 10:26:52,952 - ME modelNone - DEBUG - Added constraint: SU_PFL
2024-10-20 10:26:52,952 - ME modelNone - DEBUG - Added constraint: UF_PFL
2024-10-20 10:26:52,952 - ME modelNone - DEBUG - Added constraint: UR_PFL
2024-10-20 10:26:52,953 - ME modelNone - DEBUG - Added variable: FU_PGI
2024-10-20 10:26:52,953 - ME modelNone - DEBUG - Added variable: BU_PGI
2024-10-20 10:26:52,953 - ME modelNone - DEBUG - Added constraint: SU_PGI
2024-10-20 10:26:52,954 - ME modelNone - DEBUG - Added constraint: UF_PGI
2024-10-20 10:26:52,954 - ME modelNone - DEBUG - Added constraint: UR_PGI
2024-10-20 10:26:52,954 - ME modelNone - DEBUG - Added variable: FU_PGK
2024-10-20 10:26:52,955 - ME modelNone - DEBUG - Added variable: BU_PGK
2024-10-20 10:26:52,955 - ME modelNone - DEBUG - Added constraint: SU_PGK
2024-10-20 10:26:52,955 - ME modelNone - DEBUG - Added constraint: UF_PGK
2024-10-20 10:26:52,956 - ME modelNone - DEBUG - Added constraint: UR_PGK
2024-10-20 10:26:52,956 - ME modelNone - DEBUG - Added variable: FU_PGL
2024-10-20 10:26:52,956 - ME modelNone - DEBUG - Added variable: BU_PGL
2024-10-20 10:26:52,957 - ME modelNone - DEBUG - Added constraint: SU_PGL
2024-10-20 10:26:52,957 - ME modelNone - DEBUG - Added constraint: UF_PGL
2024-10-20 10:26:52,958 - ME modelNone - DEBUG - Added constraint: UR_PGL
2024-10-20 10:26:52,959 - ME modelNone - DEBUG - Added variable: FU_ACALD
2024-10-20 10:26:52,959 - ME modelNone - DEBUG - Added variable: BU_ACALD
2024-10-20 10:26:52,959 - ME modelNone - DEBUG - Added constraint: SU_ACALD
2024-10-20 10:26:52,960 - ME modelNone - DEBUG - Added constraint: UF_ACALD
2024-10-20 10:26:52,960 - ME modelNone - DEBUG - Added constraint: UR_ACALD
2024-10-20 10:26:52,961 - ME modelNone - DEBUG - Added variable: FU_AKGt2r
2024-10-20 10:26:52,961 - ME modelNone - DEBUG - Added variable: BU_AKGt2r
2024-10-20 10:26:52,961 - ME modelNone - DEBUG - Added constraint: SU_AKGt2r
2024-10-20 10:26:52,961 - ME modelNone - DEBUG - Added constraint: UF_AKGt2r
2024-10-20 10:26:52,962 - ME modelNone - DEBUG - Added constraint: UR_AKGt2r
2024-10-20 10:26:52,962 - ME modelNone - DEBUG - Added variable: FU_PGM
2024-10-20 10:26:52,962 - ME modelNone - DEBUG - Added variable: BU_PGM
2024-10-20 10:26:52,963 - ME modelNone - DEBUG - Added constraint: SU_PGM
2024-10-20 10:26:52,963 - ME modelNone - DEBUG - Added constraint: UF_PGM
2024-10-20 10:26:52,964 - ME modelNone - DEBUG - Added constraint: UR_PGM
2024-10-20 10:26:52,964 - ME modelNone - DEBUG - Added variable: FU_PIt2r
2024-10-20 10:26:52,964 - ME modelNone - DEBUG - Added variable: BU_PIt2r
2024-10-20 10:26:52,964 - ME modelNone - DEBUG - Added constraint: SU_PIt2r
2024-10-20 10:26:52,965 - ME modelNone - DEBUG - Added constraint: UF_PIt2r
2024-10-20 10:26:52,965 - ME modelNone - DEBUG - Added constraint: UR_PIt2r
2024-10-20 10:26:52,966 - ME modelNone - DEBUG - Added variable: FU_ALCD2x
2024-10-20 10:26:52,966 - ME modelNone - DEBUG - Added variable: BU_ALCD2x
2024-10-20 10:26:52,966 - ME modelNone - DEBUG - Added constraint: SU_ALCD2x
2024-10-20 10:26:52,966 - ME modelNone - DEBUG - Added constraint: UF_ALCD2x
2024-10-20 10:26:52,967 - ME modelNone - DEBUG - Added constraint: UR_ALCD2x
2024-10-20 10:26:52,967 - ME modelNone - DEBUG - Added variable: FU_ACALDt
2024-10-20 10:26:52,967 - ME modelNone - DEBUG - Added variable: BU_ACALDt
2024-10-20 10:26:52,968 - ME modelNone - DEBUG - Added constraint: SU_ACALDt
2024-10-20 10:26:52,968 - ME modelNone - DEBUG - Added constraint: UF_ACALDt
2024-10-20 10:26:52,969 - ME modelNone - DEBUG - Added constraint: UR_ACALDt
2024-10-20 10:26:52,969 - ME modelNone - DEBUG - Added variable: FU_ACKr
2024-10-20 10:26:52,969 - ME modelNone - DEBUG - Added variable: BU_ACKr
2024-10-20 10:26:52,969 - ME modelNone - DEBUG - Added constraint: SU_ACKr
2024-10-20 10:26:52,970 - ME modelNone - DEBUG - Added constraint: UF_ACKr
2024-10-20 10:26:52,970 - ME modelNone - DEBUG - Added constraint: UR_ACKr
2024-10-20 10:26:52,971 - ME modelNone - DEBUG - Added variable: FU_PPC
2024-10-20 10:26:52,971 - ME modelNone - DEBUG - Added variable: BU_PPC
2024-10-20 10:26:52,971 - ME modelNone - DEBUG - Added constraint: SU_PPC
2024-10-20 10:26:52,972 - ME modelNone - DEBUG - Added constraint: UF_PPC
2024-10-20 10:26:52,972 - ME modelNone - DEBUG - Added constraint: UR_PPC
2024-10-20 10:26:52,973 - ME modelNone - DEBUG - Added variable: FU_ACONTa
2024-10-20 10:26:52,973 - ME modelNone - DEBUG - Added variable: BU_ACONTa
2024-10-20 10:26:52,973 - ME modelNone - DEBUG - Added constraint: SU_ACONTa
2024-10-20 10:26:52,974 - ME modelNone - DEBUG - Added constraint: UF_ACONTa
2024-10-20 10:26:52,974 - ME modelNone - DEBUG - Added constraint: UR_ACONTa
2024-10-20 10:26:52,975 - ME modelNone - DEBUG - Added variable: FU_ACONTb
2024-10-20 10:26:52,975 - ME modelNone - DEBUG - Added variable: BU_ACONTb
2024-10-20 10:26:52,975 - ME modelNone - DEBUG - Added constraint: SU_ACONTb
2024-10-20 10:26:52,976 - ME modelNone - DEBUG - Added constraint: UF_ACONTb
2024-10-20 10:26:52,976 - ME modelNone - DEBUG - Added constraint: UR_ACONTb
2024-10-20 10:26:52,976 - ME modelNone - DEBUG - Added variable: FU_ATPM
2024-10-20 10:26:52,977 - ME modelNone - DEBUG - Added variable: BU_ATPM
2024-10-20 10:26:52,977 - ME modelNone - DEBUG - Added constraint: SU_ATPM
2024-10-20 10:26:52,977 - ME modelNone - DEBUG - Added constraint: UF_ATPM
2024-10-20 10:26:52,978 - ME modelNone - DEBUG - Added constraint: UR_ATPM
2024-10-20 10:26:52,978 - ME modelNone - DEBUG - Added variable: FU_PPCK
2024-10-20 10:26:52,978 - ME modelNone - DEBUG - Added variable: BU_PPCK
2024-10-20 10:26:52,978 - ME modelNone - DEBUG - Added constraint: SU_PPCK
2024-10-20 10:26:52,979 - ME modelNone - DEBUG - Added constraint: UF_PPCK
2024-10-20 10:26:52,979 - ME modelNone - DEBUG - Added constraint: UR_PPCK
2024-10-20 10:26:52,980 - ME modelNone - DEBUG - Added variable: FU_ACt2r
2024-10-20 10:26:52,980 - ME modelNone - DEBUG - Added variable: BU_ACt2r
2024-10-20 10:26:52,980 - ME modelNone - DEBUG - Added constraint: SU_ACt2r
2024-10-20 10:26:52,981 - ME modelNone - DEBUG - Added constraint: UF_ACt2r
2024-10-20 10:26:52,981 - ME modelNone - DEBUG - Added constraint: UR_ACt2r
2024-10-20 10:26:52,981 - ME modelNone - DEBUG - Added variable: FU_PPS
2024-10-20 10:26:52,982 - ME modelNone - DEBUG - Added variable: BU_PPS
2024-10-20 10:26:52,982 - ME modelNone - DEBUG - Added constraint: SU_PPS
2024-10-20 10:26:52,982 - ME modelNone - DEBUG - Added constraint: UF_PPS
2024-10-20 10:26:52,983 - ME modelNone - DEBUG - Added constraint: UR_PPS
2024-10-20 10:26:52,983 - ME modelNone - DEBUG - Added variable: FU_ADK1
2024-10-20 10:26:52,983 - ME modelNone - DEBUG - Added variable: BU_ADK1
2024-10-20 10:26:52,983 - ME modelNone - DEBUG - Added constraint: SU_ADK1
2024-10-20 10:26:52,984 - ME modelNone - DEBUG - Added constraint: UF_ADK1
2024-10-20 10:26:52,985 - ME modelNone - DEBUG - Added constraint: UR_ADK1
2024-10-20 10:26:52,985 - ME modelNone - DEBUG - Added variable: FU_AKGDH
2024-10-20 10:26:52,985 - ME modelNone - DEBUG - Added variable: BU_AKGDH
2024-10-20 10:26:52,985 - ME modelNone - DEBUG - Added constraint: SU_AKGDH
2024-10-20 10:26:52,986 - ME modelNone - DEBUG - Added constraint: UF_AKGDH
2024-10-20 10:26:52,986 - ME modelNone - DEBUG - Added constraint: UR_AKGDH
2024-10-20 10:26:52,987 - ME modelNone - DEBUG - Added variable: FU_ATPS4r
2024-10-20 10:26:52,987 - ME modelNone - DEBUG - Added variable: BU_ATPS4r
2024-10-20 10:26:52,987 - ME modelNone - DEBUG - Added constraint: SU_ATPS4r
2024-10-20 10:26:52,988 - ME modelNone - DEBUG - Added constraint: UF_ATPS4r
2024-10-20 10:26:52,988 - ME modelNone - DEBUG - Added constraint: UR_ATPS4r
2024-10-20 10:26:52,988 - ME modelNone - DEBUG - Added variable: FU_PTAr
2024-10-20 10:26:52,989 - ME modelNone - DEBUG - Added variable: BU_PTAr
2024-10-20 10:26:52,989 - ME modelNone - DEBUG - Added constraint: SU_PTAr
2024-10-20 10:26:52,989 - ME modelNone - DEBUG - Added constraint: UF_PTAr
2024-10-20 10:26:52,990 - ME modelNone - DEBUG - Added constraint: UR_PTAr
2024-10-20 10:26:52,990 - ME modelNone - DEBUG - Added variable: FU_PYK
2024-10-20 10:26:52,990 - ME modelNone - DEBUG - Added variable: BU_PYK
2024-10-20 10:26:52,991 - ME modelNone - DEBUG - Added constraint: SU_PYK
2024-10-20 10:26:52,991 - ME modelNone - DEBUG - Added constraint: UF_PYK
2024-10-20 10:26:52,991 - ME modelNone - DEBUG - Added constraint: UR_PYK
2024-10-20 10:26:52,992 - ME modelNone - DEBUG - Added variable: FU_BIOMASS_Ecoli_core_w_GAM
2024-10-20 10:26:52,992 - ME modelNone - DEBUG - Added variable: BU_BIOMASS_Ecoli_core_w_GAM
2024-10-20 10:26:52,992 - ME modelNone - DEBUG - Added constraint: SU_BIOMASS_Ecoli_core_w_GAM
2024-10-20 10:26:52,993 - ME modelNone - DEBUG - Added constraint: UF_BIOMASS_Ecoli_core_w_GAM
2024-10-20 10:26:52,993 - ME modelNone - DEBUG - Added constraint: UR_BIOMASS_Ecoli_core_w_GAM
2024-10-20 10:26:52,993 - ME modelNone - DEBUG - Added variable: FU_PYRt2
2024-10-20 10:26:52,994 - ME modelNone - DEBUG - Added variable: BU_PYRt2
2024-10-20 10:26:52,994 - ME modelNone - DEBUG - Added constraint: SU_PYRt2
2024-10-20 10:26:52,994 - ME modelNone - DEBUG - Added constraint: UF_PYRt2
2024-10-20 10:26:52,995 - ME modelNone - DEBUG - Added constraint: UR_PYRt2
2024-10-20 10:26:52,995 - ME modelNone - DEBUG - Added variable: FU_CO2t
2024-10-20 10:26:52,995 - ME modelNone - DEBUG - Added variable: BU_CO2t
2024-10-20 10:26:52,995 - ME modelNone - DEBUG - Added constraint: SU_CO2t
2024-10-20 10:26:52,996 - ME modelNone - DEBUG - Added constraint: UF_CO2t
2024-10-20 10:26:52,996 - ME modelNone - DEBUG - Added constraint: UR_CO2t
2024-10-20 10:26:52,997 - ME modelNone - DEBUG - Added variable: FU_RPE
2024-10-20 10:26:52,997 - ME modelNone - DEBUG - Added variable: BU_RPE
2024-10-20 10:26:52,997 - ME modelNone - DEBUG - Added constraint: SU_RPE
2024-10-20 10:26:52,997 - ME modelNone - DEBUG - Added constraint: UF_RPE
2024-10-20 10:26:52,998 - ME modelNone - DEBUG - Added constraint: UR_RPE
2024-10-20 10:26:52,998 - ME modelNone - DEBUG - Added variable: FU_CS
2024-10-20 10:26:52,998 - ME modelNone - DEBUG - Added variable: BU_CS
2024-10-20 10:26:52,999 - ME modelNone - DEBUG - Added constraint: SU_CS
2024-10-20 10:26:52,999 - ME modelNone - DEBUG - Added constraint: UF_CS
2024-10-20 10:26:53,000 - ME modelNone - DEBUG - Added constraint: UR_CS
2024-10-20 10:26:53,000 - ME modelNone - DEBUG - Added variable: FU_RPI
2024-10-20 10:26:53,000 - ME modelNone - DEBUG - Added variable: BU_RPI
2024-10-20 10:26:53,000 - ME modelNone - DEBUG - Added constraint: SU_RPI
2024-10-20 10:26:53,001 - ME modelNone - DEBUG - Added constraint: UF_RPI
2024-10-20 10:26:53,001 - ME modelNone - DEBUG - Added constraint: UR_RPI
2024-10-20 10:26:53,001 - ME modelNone - DEBUG - Added variable: FU_SUCCt2_2
2024-10-20 10:26:53,002 - ME modelNone - DEBUG - Added variable: BU_SUCCt2_2
2024-10-20 10:26:53,002 - ME modelNone - DEBUG - Added constraint: SU_SUCCt2_2
2024-10-20 10:26:53,002 - ME modelNone - DEBUG - Added constraint: UF_SUCCt2_2
2024-10-20 10:26:53,003 - ME modelNone - DEBUG - Added constraint: UR_SUCCt2_2
2024-10-20 10:26:53,003 - ME modelNone - DEBUG - Added variable: FU_CYTBD
2024-10-20 10:26:53,003 - ME modelNone - DEBUG - Added variable: BU_CYTBD
2024-10-20 10:26:53,004 - ME modelNone - DEBUG - Added constraint: SU_CYTBD
2024-10-20 10:26:53,004 - ME modelNone - DEBUG - Added constraint: UF_CYTBD
2024-10-20 10:26:53,005 - ME modelNone - DEBUG - Added constraint: UR_CYTBD
2024-10-20 10:26:53,005 - ME modelNone - DEBUG - Added variable: FU_D_LACt2
2024-10-20 10:26:53,005 - ME modelNone - DEBUG - Added variable: BU_D_LACt2
2024-10-20 10:26:53,005 - ME modelNone - DEBUG - Added constraint: SU_D_LACt2
2024-10-20 10:26:53,006 - ME modelNone - DEBUG - Added constraint: UF_D_LACt2
2024-10-20 10:26:53,006 - ME modelNone - DEBUG - Added constraint: UR_D_LACt2
2024-10-20 10:26:53,007 - ME modelNone - DEBUG - Added variable: FU_ENO
2024-10-20 10:26:53,007 - ME modelNone - DEBUG - Added variable: BU_ENO
2024-10-20 10:26:53,007 - ME modelNone - DEBUG - Added constraint: SU_ENO
2024-10-20 10:26:53,008 - ME modelNone - DEBUG - Added constraint: UF_ENO
2024-10-20 10:26:53,008 - ME modelNone - DEBUG - Added constraint: UR_ENO
2024-10-20 10:26:53,008 - ME modelNone - DEBUG - Added variable: FU_SUCCt3
2024-10-20 10:26:53,009 - ME modelNone - DEBUG - Added variable: BU_SUCCt3
2024-10-20 10:26:53,009 - ME modelNone - DEBUG - Added constraint: SU_SUCCt3
2024-10-20 10:26:53,009 - ME modelNone - DEBUG - Added constraint: UF_SUCCt3
2024-10-20 10:26:53,010 - ME modelNone - DEBUG - Added constraint: UR_SUCCt3
2024-10-20 10:26:53,010 - ME modelNone - DEBUG - Added variable: FU_ETOHt2r
2024-10-20 10:26:53,010 - ME modelNone - DEBUG - Added variable: BU_ETOHt2r
2024-10-20 10:26:53,011 - ME modelNone - DEBUG - Added constraint: SU_ETOHt2r
2024-10-20 10:26:53,011 - ME modelNone - DEBUG - Added constraint: UF_ETOHt2r
2024-10-20 10:26:53,011 - ME modelNone - DEBUG - Added constraint: UR_ETOHt2r
2024-10-20 10:26:53,012 - ME modelNone - DEBUG - Added variable: FU_SUCDi
2024-10-20 10:26:53,012 - ME modelNone - DEBUG - Added variable: BU_SUCDi
2024-10-20 10:26:53,012 - ME modelNone - DEBUG - Added constraint: SU_SUCDi
2024-10-20 10:26:53,013 - ME modelNone - DEBUG - Added constraint: UF_SUCDi
2024-10-20 10:26:53,013 - ME modelNone - DEBUG - Added constraint: UR_SUCDi
2024-10-20 10:26:53,013 - ME modelNone - DEBUG - Added variable: FU_SUCOAS
2024-10-20 10:26:53,014 - ME modelNone - DEBUG - Added variable: BU_SUCOAS
2024-10-20 10:26:53,014 - ME modelNone - DEBUG - Added constraint: SU_SUCOAS
2024-10-20 10:26:53,014 - ME modelNone - DEBUG - Added constraint: UF_SUCOAS
2024-10-20 10:26:53,015 - ME modelNone - DEBUG - Added constraint: UR_SUCOAS
2024-10-20 10:26:53,015 - ME modelNone - DEBUG - Added variable: FU_TALA
2024-10-20 10:26:53,015 - ME modelNone - DEBUG - Added variable: BU_TALA
2024-10-20 10:26:53,016 - ME modelNone - DEBUG - Added constraint: SU_TALA
2024-10-20 10:26:53,016 - ME modelNone - DEBUG - Added constraint: UF_TALA
2024-10-20 10:26:53,016 - ME modelNone - DEBUG - Added constraint: UR_TALA
2024-10-20 10:26:53,017 - ME modelNone - DEBUG - Added variable: FU_THD2
2024-10-20 10:26:53,017 - ME modelNone - DEBUG - Added variable: BU_THD2
2024-10-20 10:26:53,017 - ME modelNone - DEBUG - Added constraint: SU_THD2
2024-10-20 10:26:53,018 - ME modelNone - DEBUG - Added constraint: UF_THD2
2024-10-20 10:26:53,018 - ME modelNone - DEBUG - Added constraint: UR_THD2
2024-10-20 10:26:53,019 - ME modelNone - DEBUG - Added variable: FU_TKT1
2024-10-20 10:26:53,019 - ME modelNone - DEBUG - Added variable: BU_TKT1
2024-10-20 10:26:53,019 - ME modelNone - DEBUG - Added constraint: SU_TKT1
2024-10-20 10:26:53,020 - ME modelNone - DEBUG - Added constraint: UF_TKT1
2024-10-20 10:26:53,020 - ME modelNone - DEBUG - Added constraint: UR_TKT1
2024-10-20 10:26:53,020 - ME modelNone - DEBUG - Added variable: FU_TKT2
2024-10-20 10:26:53,020 - ME modelNone - DEBUG - Added variable: BU_TKT2
2024-10-20 10:26:53,021 - ME modelNone - DEBUG - Added constraint: SU_TKT2
2024-10-20 10:26:53,021 - ME modelNone - DEBUG - Added constraint: UF_TKT2
2024-10-20 10:26:53,022 - ME modelNone - DEBUG - Added constraint: UR_TKT2
2024-10-20 10:26:53,022 - ME modelNone - DEBUG - Added variable: FU_TPI
2024-10-20 10:26:53,022 - ME modelNone - DEBUG - Added variable: BU_TPI
2024-10-20 10:26:53,022 - ME modelNone - DEBUG - Added constraint: SU_TPI
2024-10-20 10:26:53,023 - ME modelNone - DEBUG - Added constraint: UF_TPI
2024-10-20 10:26:53,023 - ME modelNone - DEBUG - Added constraint: UR_TPI
2024-10-20 10:26:53,024 - ME modelNone - DEBUG - Added variable: FU_EX_ac_e
2024-10-20 10:26:53,024 - ME modelNone - DEBUG - Added variable: BU_EX_ac_e
2024-10-20 10:26:53,024 - ME modelNone - DEBUG - Added constraint: SU_EX_ac_e
2024-10-20 10:26:53,024 - ME modelNone - DEBUG - Added constraint: UF_EX_ac_e
2024-10-20 10:26:53,025 - ME modelNone - DEBUG - Added constraint: UR_EX_ac_e
2024-10-20 10:26:53,025 - ME modelNone - DEBUG - Added variable: FU_EX_acald_e
2024-10-20 10:26:53,025 - ME modelNone - DEBUG - Added variable: BU_EX_acald_e
2024-10-20 10:26:53,026 - ME modelNone - DEBUG - Added constraint: SU_EX_acald_e
2024-10-20 10:26:53,026 - ME modelNone - DEBUG - Added constraint: UF_EX_acald_e
2024-10-20 10:26:53,027 - ME modelNone - DEBUG - Added constraint: UR_EX_acald_e
2024-10-20 10:26:53,027 - ME modelNone - DEBUG - Added variable: FU_EX_akg_e
2024-10-20 10:26:53,027 - ME modelNone - DEBUG - Added variable: BU_EX_akg_e
2024-10-20 10:26:53,027 - ME modelNone - DEBUG - Added constraint: SU_EX_akg_e
2024-10-20 10:26:53,028 - ME modelNone - DEBUG - Added constraint: UF_EX_akg_e
2024-10-20 10:26:53,028 - ME modelNone - DEBUG - Added constraint: UR_EX_akg_e
2024-10-20 10:26:53,029 - ME modelNone - DEBUG - Added variable: FU_EX_co2_e
2024-10-20 10:26:53,029 - ME modelNone - DEBUG - Added variable: BU_EX_co2_e
2024-10-20 10:26:53,029 - ME modelNone - DEBUG - Added constraint: SU_EX_co2_e
2024-10-20 10:26:53,029 - ME modelNone - DEBUG - Added constraint: UF_EX_co2_e
2024-10-20 10:26:53,030 - ME modelNone - DEBUG - Added constraint: UR_EX_co2_e
2024-10-20 10:26:53,030 - ME modelNone - DEBUG - Added variable: FU_EX_etoh_e
2024-10-20 10:26:53,030 - ME modelNone - DEBUG - Added variable: BU_EX_etoh_e
2024-10-20 10:26:53,031 - ME modelNone - DEBUG - Added constraint: SU_EX_etoh_e
2024-10-20 10:26:53,031 - ME modelNone - DEBUG - Added constraint: UF_EX_etoh_e
2024-10-20 10:26:53,031 - ME modelNone - DEBUG - Added constraint: UR_EX_etoh_e
2024-10-20 10:26:53,032 - ME modelNone - DEBUG - Added variable: FU_EX_for_e
2024-10-20 10:26:53,032 - ME modelNone - DEBUG - Added variable: BU_EX_for_e
2024-10-20 10:26:53,032 - ME modelNone - DEBUG - Added constraint: SU_EX_for_e
2024-10-20 10:26:53,033 - ME modelNone - DEBUG - Added constraint: UF_EX_for_e
2024-10-20 10:26:53,033 - ME modelNone - DEBUG - Added constraint: UR_EX_for_e
2024-10-20 10:26:53,033 - ME modelNone - DEBUG - Added variable: FU_EX_fru_e
2024-10-20 10:26:53,034 - ME modelNone - DEBUG - Added variable: BU_EX_fru_e
2024-10-20 10:26:53,034 - ME modelNone - DEBUG - Added constraint: SU_EX_fru_e
2024-10-20 10:26:53,034 - ME modelNone - DEBUG - Added constraint: UF_EX_fru_e
2024-10-20 10:26:53,035 - ME modelNone - DEBUG - Added constraint: UR_EX_fru_e
2024-10-20 10:26:53,035 - ME modelNone - DEBUG - Added variable: FU_EX_fum_e
2024-10-20 10:26:53,035 - ME modelNone - DEBUG - Added variable: BU_EX_fum_e
2024-10-20 10:26:53,035 - ME modelNone - DEBUG - Added constraint: SU_EX_fum_e
2024-10-20 10:26:53,036 - ME modelNone - DEBUG - Added constraint: UF_EX_fum_e
2024-10-20 10:26:53,036 - ME modelNone - DEBUG - Added constraint: UR_EX_fum_e
2024-10-20 10:26:53,037 - ME modelNone - DEBUG - Added variable: FU_EX_glc__D_e
2024-10-20 10:26:53,037 - ME modelNone - DEBUG - Added variable: BU_EX_glc__D_e
2024-10-20 10:26:53,037 - ME modelNone - DEBUG - Added constraint: SU_EX_glc__D_e
2024-10-20 10:26:53,038 - ME modelNone - DEBUG - Added constraint: UF_EX_glc__D_e
2024-10-20 10:26:53,038 - ME modelNone - DEBUG - Added constraint: UR_EX_glc__D_e
2024-10-20 10:26:53,038 - ME modelNone - DEBUG - Added variable: FU_EX_gln__L_e
2024-10-20 10:26:53,039 - ME modelNone - DEBUG - Added variable: BU_EX_gln__L_e
2024-10-20 10:26:53,039 - ME modelNone - DEBUG - Added constraint: SU_EX_gln__L_e
2024-10-20 10:26:53,039 - ME modelNone - DEBUG - Added constraint: UF_EX_gln__L_e
2024-10-20 10:26:53,040 - ME modelNone - DEBUG - Added constraint: UR_EX_gln__L_e
2024-10-20 10:26:53,040 - ME modelNone - DEBUG - Added variable: FU_EX_glu__L_e
2024-10-20 10:26:53,040 - ME modelNone - DEBUG - Added variable: BU_EX_glu__L_e
2024-10-20 10:26:53,040 - ME modelNone - DEBUG - Added constraint: SU_EX_glu__L_e
2024-10-20 10:26:53,041 - ME modelNone - DEBUG - Added constraint: UF_EX_glu__L_e
2024-10-20 10:26:53,041 - ME modelNone - DEBUG - Added constraint: UR_EX_glu__L_e
2024-10-20 10:26:53,042 - ME modelNone - DEBUG - Added variable: FU_EX_h_e
2024-10-20 10:26:53,042 - ME modelNone - DEBUG - Added variable: BU_EX_h_e
2024-10-20 10:26:53,042 - ME modelNone - DEBUG - Added constraint: SU_EX_h_e
2024-10-20 10:26:53,042 - ME modelNone - DEBUG - Added constraint: UF_EX_h_e
2024-10-20 10:26:53,043 - ME modelNone - DEBUG - Added constraint: UR_EX_h_e
2024-10-20 10:26:53,043 - ME modelNone - DEBUG - Added variable: FU_EX_h2o_e
2024-10-20 10:26:53,043 - ME modelNone - DEBUG - Added variable: BU_EX_h2o_e
2024-10-20 10:26:53,044 - ME modelNone - DEBUG - Added constraint: SU_EX_h2o_e
2024-10-20 10:26:53,044 - ME modelNone - DEBUG - Added constraint: UF_EX_h2o_e
2024-10-20 10:26:53,045 - ME modelNone - DEBUG - Added constraint: UR_EX_h2o_e
2024-10-20 10:26:53,045 - ME modelNone - DEBUG - Added variable: FU_EX_lac__D_e
2024-10-20 10:26:53,045 - ME modelNone - DEBUG - Added variable: BU_EX_lac__D_e
2024-10-20 10:26:53,045 - ME modelNone - DEBUG - Added constraint: SU_EX_lac__D_e
2024-10-20 10:26:53,046 - ME modelNone - DEBUG - Added constraint: UF_EX_lac__D_e
2024-10-20 10:26:53,046 - ME modelNone - DEBUG - Added constraint: UR_EX_lac__D_e
2024-10-20 10:26:53,047 - ME modelNone - DEBUG - Added variable: FU_EX_mal__L_e
2024-10-20 10:26:53,047 - ME modelNone - DEBUG - Added variable: BU_EX_mal__L_e
2024-10-20 10:26:53,047 - ME modelNone - DEBUG - Added constraint: SU_EX_mal__L_e
2024-10-20 10:26:53,047 - ME modelNone - DEBUG - Added constraint: UF_EX_mal__L_e
2024-10-20 10:26:53,048 - ME modelNone - DEBUG - Added constraint: UR_EX_mal__L_e
2024-10-20 10:26:53,048 - ME modelNone - DEBUG - Added variable: FU_EX_nh4_e
2024-10-20 10:26:53,048 - ME modelNone - DEBUG - Added variable: BU_EX_nh4_e
2024-10-20 10:26:53,049 - ME modelNone - DEBUG - Added constraint: SU_EX_nh4_e
2024-10-20 10:26:53,049 - ME modelNone - DEBUG - Added constraint: UF_EX_nh4_e
2024-10-20 10:26:53,050 - ME modelNone - DEBUG - Added constraint: UR_EX_nh4_e
2024-10-20 10:26:53,050 - ME modelNone - DEBUG - Added variable: FU_EX_o2_e
2024-10-20 10:26:53,050 - ME modelNone - DEBUG - Added variable: BU_EX_o2_e
2024-10-20 10:26:53,050 - ME modelNone - DEBUG - Added constraint: SU_EX_o2_e
2024-10-20 10:26:53,051 - ME modelNone - DEBUG - Added constraint: UF_EX_o2_e
2024-10-20 10:26:53,051 - ME modelNone - DEBUG - Added constraint: UR_EX_o2_e
2024-10-20 10:26:53,052 - ME modelNone - DEBUG - Added variable: FU_EX_pi_e
2024-10-20 10:26:53,052 - ME modelNone - DEBUG - Added variable: BU_EX_pi_e
2024-10-20 10:26:53,052 - ME modelNone - DEBUG - Added constraint: SU_EX_pi_e
2024-10-20 10:26:53,052 - ME modelNone - DEBUG - Added constraint: UF_EX_pi_e
2024-10-20 10:26:53,053 - ME modelNone - DEBUG - Added constraint: UR_EX_pi_e
2024-10-20 10:26:53,053 - ME modelNone - DEBUG - Added variable: FU_EX_pyr_e
2024-10-20 10:26:53,053 - ME modelNone - DEBUG - Added variable: BU_EX_pyr_e
2024-10-20 10:26:53,054 - ME modelNone - DEBUG - Added constraint: SU_EX_pyr_e
2024-10-20 10:26:53,054 - ME modelNone - DEBUG - Added constraint: UF_EX_pyr_e
2024-10-20 10:26:53,054 - ME modelNone - DEBUG - Added constraint: UR_EX_pyr_e
2024-10-20 10:26:53,055 - ME modelNone - DEBUG - Added variable: FU_EX_succ_e
2024-10-20 10:26:53,055 - ME modelNone - DEBUG - Added variable: BU_EX_succ_e
2024-10-20 10:26:53,055 - ME modelNone - DEBUG - Added constraint: SU_EX_succ_e
2024-10-20 10:26:53,056 - ME modelNone - DEBUG - Added constraint: UF_EX_succ_e
2024-10-20 10:26:53,056 - ME modelNone - DEBUG - Added constraint: UR_EX_succ_e
2024-10-20 10:26:53,056 - ME modelNone - DEBUG - Added variable: FU_FBA
2024-10-20 10:26:53,057 - ME modelNone - DEBUG - Added variable: BU_FBA
2024-10-20 10:26:53,057 - ME modelNone - DEBUG - Added constraint: SU_FBA
2024-10-20 10:26:53,057 - ME modelNone - DEBUG - Added constraint: UF_FBA
2024-10-20 10:26:53,058 - ME modelNone - DEBUG - Added constraint: UR_FBA
2024-10-20 10:26:53,058 - ME modelNone - DEBUG - Added variable: FU_FBP
2024-10-20 10:26:53,058 - ME modelNone - DEBUG - Added variable: BU_FBP
2024-10-20 10:26:53,059 - ME modelNone - DEBUG - Added constraint: SU_FBP
2024-10-20 10:26:53,059 - ME modelNone - DEBUG - Added constraint: UF_FBP
2024-10-20 10:26:53,059 - ME modelNone - DEBUG - Added constraint: UR_FBP
2024-10-20 10:26:53,060 - ME modelNone - DEBUG - Added variable: FU_FORt2
2024-10-20 10:26:53,060 - ME modelNone - DEBUG - Added variable: BU_FORt2
2024-10-20 10:26:53,060 - ME modelNone - DEBUG - Added constraint: SU_FORt2
2024-10-20 10:26:53,061 - ME modelNone - DEBUG - Added constraint: UF_FORt2
2024-10-20 10:26:53,061 - ME modelNone - DEBUG - Added constraint: UR_FORt2
2024-10-20 10:26:53,061 - ME modelNone - DEBUG - Added variable: FU_FORt
2024-10-20 10:26:53,062 - ME modelNone - DEBUG - Added variable: BU_FORt
2024-10-20 10:26:53,062 - ME modelNone - DEBUG - Added constraint: SU_FORt
2024-10-20 10:26:53,062 - ME modelNone - DEBUG - Added constraint: UF_FORt
2024-10-20 10:26:53,063 - ME modelNone - DEBUG - Added constraint: UR_FORt
2024-10-20 10:26:53,063 - ME modelNone - DEBUG - Added variable: FU_FRD7
2024-10-20 10:26:53,063 - ME modelNone - DEBUG - Added variable: BU_FRD7
2024-10-20 10:26:53,063 - ME modelNone - DEBUG - Added constraint: SU_FRD7
2024-10-20 10:26:53,064 - ME modelNone - DEBUG - Added constraint: UF_FRD7
2024-10-20 10:26:53,064 - ME modelNone - DEBUG - Added constraint: UR_FRD7
2024-10-20 10:26:53,065 - ME modelNone - DEBUG - Added variable: FU_FRUpts2
2024-10-20 10:26:53,065 - ME modelNone - DEBUG - Added variable: BU_FRUpts2
2024-10-20 10:26:53,065 - ME modelNone - DEBUG - Added constraint: SU_FRUpts2
2024-10-20 10:26:53,066 - ME modelNone - DEBUG - Added constraint: UF_FRUpts2
2024-10-20 10:26:53,066 - ME modelNone - DEBUG - Added constraint: UR_FRUpts2
2024-10-20 10:26:53,066 - ME modelNone - DEBUG - Added variable: FU_FUM
2024-10-20 10:26:53,067 - ME modelNone - DEBUG - Added variable: BU_FUM
2024-10-20 10:26:53,067 - ME modelNone - DEBUG - Added constraint: SU_FUM
2024-10-20 10:26:53,067 - ME modelNone - DEBUG - Added constraint: UF_FUM
2024-10-20 10:26:53,068 - ME modelNone - DEBUG - Added constraint: UR_FUM
2024-10-20 10:26:53,068 - ME modelNone - DEBUG - Added variable: FU_FUMt2_2
2024-10-20 10:26:53,068 - ME modelNone - DEBUG - Added variable: BU_FUMt2_2
2024-10-20 10:26:53,069 - ME modelNone - DEBUG - Added constraint: SU_FUMt2_2
2024-10-20 10:26:53,069 - ME modelNone - DEBUG - Added constraint: UF_FUMt2_2
2024-10-20 10:26:53,070 - ME modelNone - DEBUG - Added constraint: UR_FUMt2_2
2024-10-20 10:26:53,070 - ME modelNone - DEBUG - Added variable: FU_G6PDH2r
2024-10-20 10:26:53,070 - ME modelNone - DEBUG - Added variable: BU_G6PDH2r
2024-10-20 10:26:53,071 - ME modelNone - DEBUG - Added constraint: SU_G6PDH2r
2024-10-20 10:26:53,072 - ME modelNone - DEBUG - Added constraint: UF_G6PDH2r
2024-10-20 10:26:53,072 - ME modelNone - DEBUG - Added constraint: UR_G6PDH2r
2024-10-20 10:26:53,073 - ME modelNone - DEBUG - Added variable: FU_GAPD
2024-10-20 10:26:53,073 - ME modelNone - DEBUG - Added variable: BU_GAPD
2024-10-20 10:26:53,073 - ME modelNone - DEBUG - Added constraint: SU_GAPD
2024-10-20 10:26:53,073 - ME modelNone - DEBUG - Added constraint: UF_GAPD
2024-10-20 10:26:53,074 - ME modelNone - DEBUG - Added constraint: UR_GAPD
2024-10-20 10:26:53,074 - ME modelNone - DEBUG - Added variable: FU_GLCpts
2024-10-20 10:26:53,075 - ME modelNone - DEBUG - Added variable: BU_GLCpts
2024-10-20 10:26:53,075 - ME modelNone - DEBUG - Added constraint: SU_GLCpts
2024-10-20 10:26:53,075 - ME modelNone - DEBUG - Added constraint: UF_GLCpts
2024-10-20 10:26:53,076 - ME modelNone - DEBUG - Added constraint: UR_GLCpts
2024-10-20 10:26:53,076 - ME modelNone - DEBUG - Added variable: FU_GLNS
2024-10-20 10:26:53,076 - ME modelNone - DEBUG - Added variable: BU_GLNS
2024-10-20 10:26:53,077 - ME modelNone - DEBUG - Added constraint: SU_GLNS
2024-10-20 10:26:53,077 - ME modelNone - DEBUG - Added constraint: UF_GLNS
2024-10-20 10:26:53,078 - ME modelNone - DEBUG - Added constraint: UR_GLNS
2024-10-20 10:26:53,078 - ME modelNone - DEBUG - Added variable: FU_GLNabc
2024-10-20 10:26:53,078 - ME modelNone - DEBUG - Added variable: BU_GLNabc
2024-10-20 10:26:53,078 - ME modelNone - DEBUG - Added constraint: SU_GLNabc
2024-10-20 10:26:53,079 - ME modelNone - DEBUG - Added constraint: UF_GLNabc
2024-10-20 10:26:53,079 - ME modelNone - DEBUG - Added constraint: UR_GLNabc
2024-10-20 10:26:53,080 - ME modelNone - DEBUG - Added variable: FU_GLUDy
2024-10-20 10:26:53,080 - ME modelNone - DEBUG - Added variable: BU_GLUDy
2024-10-20 10:26:53,080 - ME modelNone - DEBUG - Added constraint: SU_GLUDy
2024-10-20 10:26:53,081 - ME modelNone - DEBUG - Added constraint: UF_GLUDy
2024-10-20 10:26:53,081 - ME modelNone - DEBUG - Added constraint: UR_GLUDy
2024-10-20 10:26:53,081 - ME modelNone - DEBUG - Added variable: FU_GLUN
2024-10-20 10:26:53,082 - ME modelNone - DEBUG - Added variable: BU_GLUN
2024-10-20 10:26:53,082 - ME modelNone - DEBUG - Added constraint: SU_GLUN
2024-10-20 10:26:53,082 - ME modelNone - DEBUG - Added constraint: UF_GLUN
2024-10-20 10:26:53,083 - ME modelNone - DEBUG - Added constraint: UR_GLUN
2024-10-20 10:26:53,083 - ME modelNone - DEBUG - Added variable: FU_GLUSy
2024-10-20 10:26:53,083 - ME modelNone - DEBUG - Added variable: BU_GLUSy
2024-10-20 10:26:53,084 - ME modelNone - DEBUG - Added constraint: SU_GLUSy
2024-10-20 10:26:53,084 - ME modelNone - DEBUG - Added constraint: UF_GLUSy
2024-10-20 10:26:53,085 - ME modelNone - DEBUG - Added constraint: UR_GLUSy
2024-10-20 10:26:53,085 - ME modelNone - DEBUG - Added variable: FU_GLUt2r
2024-10-20 10:26:53,085 - ME modelNone - DEBUG - Added variable: BU_GLUt2r
2024-10-20 10:26:53,085 - ME modelNone - DEBUG - Added constraint: SU_GLUt2r
2024-10-20 10:26:53,086 - ME modelNone - DEBUG - Added constraint: UF_GLUt2r
2024-10-20 10:26:53,086 - ME modelNone - DEBUG - Added constraint: UR_GLUt2r
2024-10-20 10:26:53,087 - ME modelNone - DEBUG - Added variable: FU_GND
2024-10-20 10:26:53,087 - ME modelNone - DEBUG - Added variable: BU_GND
2024-10-20 10:26:53,087 - ME modelNone - DEBUG - Added constraint: SU_GND
2024-10-20 10:26:53,088 - ME modelNone - DEBUG - Added constraint: UF_GND
2024-10-20 10:26:53,088 - ME modelNone - DEBUG - Added constraint: UR_GND
2024-10-20 10:26:53,088 - ME modelNone - DEBUG - Added variable: FU_H2Ot
2024-10-20 10:26:53,089 - ME modelNone - DEBUG - Added variable: BU_H2Ot
2024-10-20 10:26:53,089 - ME modelNone - DEBUG - Added constraint: SU_H2Ot
2024-10-20 10:26:53,089 - ME modelNone - DEBUG - Added constraint: UF_H2Ot
2024-10-20 10:26:53,090 - ME modelNone - DEBUG - Added constraint: UR_H2Ot
2024-10-20 10:26:53,090 - ME modelNone - DEBUG - Added variable: FU_ICDHyr
2024-10-20 10:26:53,090 - ME modelNone - DEBUG - Added variable: BU_ICDHyr
2024-10-20 10:26:53,090 - ME modelNone - DEBUG - Added constraint: SU_ICDHyr
2024-10-20 10:26:53,091 - ME modelNone - DEBUG - Added constraint: UF_ICDHyr
2024-10-20 10:26:53,091 - ME modelNone - DEBUG - Added constraint: UR_ICDHyr
2024-10-20 10:26:53,092 - ME modelNone - DEBUG - Added variable: FU_ICL
2024-10-20 10:26:53,092 - ME modelNone - DEBUG - Added variable: BU_ICL
2024-10-20 10:26:53,092 - ME modelNone - DEBUG - Added constraint: SU_ICL
2024-10-20 10:26:53,093 - ME modelNone - DEBUG - Added constraint: UF_ICL
2024-10-20 10:26:53,093 - ME modelNone - DEBUG - Added constraint: UR_ICL
2024-10-20 10:26:53,093 - ME modelNone - DEBUG - Added variable: FU_LDH_D
2024-10-20 10:26:53,094 - ME modelNone - DEBUG - Added variable: BU_LDH_D
2024-10-20 10:26:53,094 - ME modelNone - DEBUG - Added constraint: SU_LDH_D
2024-10-20 10:26:53,094 - ME modelNone - DEBUG - Added constraint: UF_LDH_D
2024-10-20 10:26:53,095 - ME modelNone - DEBUG - Added constraint: UR_LDH_D
2024-10-20 10:26:53,095 - ME modelNone - DEBUG - Added variable: FU_MALS
2024-10-20 10:26:53,095 - ME modelNone - DEBUG - Added variable: BU_MALS
2024-10-20 10:26:53,095 - ME modelNone - DEBUG - Added constraint: SU_MALS
2024-10-20 10:26:53,096 - ME modelNone - DEBUG - Added constraint: UF_MALS
2024-10-20 10:26:53,096 - ME modelNone - DEBUG - Added constraint: UR_MALS
2024-10-20 10:26:53,097 - ME modelNone - DEBUG - Added variable: FU_MALt2_2
2024-10-20 10:26:53,097 - ME modelNone - DEBUG - Added variable: BU_MALt2_2
2024-10-20 10:26:53,097 - ME modelNone - DEBUG - Added constraint: SU_MALt2_2
2024-10-20 10:26:53,098 - ME modelNone - DEBUG - Added constraint: UF_MALt2_2
2024-10-20 10:26:53,099 - ME modelNone - DEBUG - Added constraint: UR_MALt2_2
2024-10-20 10:26:53,099 - ME modelNone - DEBUG - Added variable: FU_MDH
2024-10-20 10:26:53,099 - ME modelNone - DEBUG - Added variable: BU_MDH
2024-10-20 10:26:53,099 - ME modelNone - DEBUG - Added constraint: SU_MDH
2024-10-20 10:26:53,100 - ME modelNone - DEBUG - Added constraint: UF_MDH
2024-10-20 10:26:53,100 - ME modelNone - DEBUG - Added constraint: UR_MDH
2024-10-20 10:26:53,101 - ME modelNone - DEBUG - Added variable: FU_ME1
2024-10-20 10:26:53,101 - ME modelNone - DEBUG - Added variable: BU_ME1
2024-10-20 10:26:53,101 - ME modelNone - DEBUG - Added constraint: SU_ME1
2024-10-20 10:26:53,102 - ME modelNone - DEBUG - Added constraint: UF_ME1
2024-10-20 10:26:53,102 - ME modelNone - DEBUG - Added constraint: UR_ME1
2024-10-20 10:26:53,103 - ME modelNone - DEBUG - Added variable: FU_ME2
2024-10-20 10:26:53,103 - ME modelNone - DEBUG - Added variable: BU_ME2
2024-10-20 10:26:53,103 - ME modelNone - DEBUG - Added constraint: SU_ME2
2024-10-20 10:26:53,104 - ME modelNone - DEBUG - Added constraint: UF_ME2
2024-10-20 10:26:53,104 - ME modelNone - DEBUG - Added constraint: UR_ME2
2024-10-20 10:26:53,104 - ME modelNone - DEBUG - Added variable: FU_NADH16
2024-10-20 10:26:53,105 - ME modelNone - DEBUG - Added variable: BU_NADH16
2024-10-20 10:26:53,105 - ME modelNone - DEBUG - Added constraint: SU_NADH16
2024-10-20 10:26:53,105 - ME modelNone - DEBUG - Added constraint: UF_NADH16
2024-10-20 10:26:53,106 - ME modelNone - DEBUG - Added constraint: UR_NADH16
2024-10-20 10:26:53,106 - ME modelNone - DEBUG - Added variable: FU_NADTRHD
2024-10-20 10:26:53,106 - ME modelNone - DEBUG - Added variable: BU_NADTRHD
2024-10-20 10:26:53,107 - ME modelNone - DEBUG - Added constraint: SU_NADTRHD
2024-10-20 10:26:53,107 - ME modelNone - DEBUG - Added constraint: UF_NADTRHD
2024-10-20 10:26:53,108 - ME modelNone - DEBUG - Added constraint: UR_NADTRHD
2024-10-20 10:26:53,108 - ME modelNone - DEBUG - Added variable: FU_NH4t
2024-10-20 10:26:53,108 - ME modelNone - DEBUG - Added variable: BU_NH4t
2024-10-20 10:26:53,108 - ME modelNone - DEBUG - Added constraint: SU_NH4t
2024-10-20 10:26:53,109 - ME modelNone - DEBUG - Added constraint: UF_NH4t
2024-10-20 10:26:53,109 - ME modelNone - DEBUG - Added constraint: UR_NH4t
2024-10-20 10:26:53,110 - ME modelNone - DEBUG - Added variable: FU_O2t
2024-10-20 10:26:53,110 - ME modelNone - DEBUG - Added variable: BU_O2t
2024-10-20 10:26:53,110 - ME modelNone - DEBUG - Added constraint: SU_O2t
2024-10-20 10:26:53,111 - ME modelNone - DEBUG - Added constraint: UF_O2t
2024-10-20 10:26:53,111 - ME modelNone - DEBUG - Added constraint: UR_O2t
2024-10-20 10:26:53,111 - ME modelNone - DEBUG - Added variable: FU_PDH
2024-10-20 10:26:53,112 - ME modelNone - DEBUG - Added variable: BU_PDH
2024-10-20 10:26:53,112 - ME modelNone - DEBUG - Added constraint: SU_PDH
2024-10-20 10:26:53,112 - ME modelNone - DEBUG - Added constraint: UF_PDH
2024-10-20 10:26:53,113 - ME modelNone - DEBUG - Added constraint: UR_PDH
2024-10-20 10:26:53,113 - ME modelNone - INFO - # Model conversion done.
2024-10-20 10:26:53,113 - ME modelNone - INFO - # Updating cobra_model variables...
2024-10-20 10:26:53,114 - ME modelNone - INFO - # cobra_model variables are up-to-date
2024-10-20 10:26:53,114 - ME modelNone - INFO - Setting minimal growth rate to 95% of the TFA solution
2024-10-20 10:26:53,121 - ME modelNone - DEBUG - 'slim_optimize' ((), {}) 0.01 sec
2024-10-20 10:26:53,121 - ME modelNone - INFO - Setting minimal growth rate to 0.8739215069684301
2024-10-20 10:26:53,121 - ME modelNone - INFO - Using default sum_flux : False
