2024-10-20 10:37:25,554 - ME modelNone - INFO - # Model initialized 
2024-10-20 10:37:25,554 - ME modelNone - INFO - # Model conversion starting...
2024-10-20 10:37:25,555 - ME modelNone - DEBUG - Added variable: FU_PFK
2024-10-20 10:37:25,555 - ME modelNone - DEBUG - Added variable: BU_PFK
2024-10-20 10:37:25,555 - ME modelNone - DEBUG - Added constraint: SU_PFK
2024-10-20 10:37:25,556 - ME modelNone - DEBUG - Added constraint: UF_PFK
2024-10-20 10:37:25,556 - ME modelNone - DEBUG - Added constraint: UR_PFK
2024-10-20 10:37:25,557 - ME modelNone - DEBUG - Added variable: FU_PFL
2024-10-20 10:37:25,557 - ME modelNone - DEBUG - Added variable: BU_PFL
2024-10-20 10:37:25,557 - ME modelNone - DEBUG - Added constraint: SU_PFL
2024-10-20 10:37:25,558 - ME modelNone - DEBUG - Added constraint: UF_PFL
2024-10-20 10:37:25,558 - ME modelNone - DEBUG - Added constraint: UR_PFL
2024-10-20 10:37:25,559 - ME modelNone - DEBUG - Added variable: FU_PGI
2024-10-20 10:37:25,559 - ME modelNone - DEBUG - Added variable: BU_PGI
2024-10-20 10:37:25,559 - ME modelNone - DEBUG - Added constraint: SU_PGI
2024-10-20 10:37:25,559 - ME modelNone - DEBUG - Added constraint: UF_PGI
2024-10-20 10:37:25,560 - ME modelNone - DEBUG - Added constraint: UR_PGI
2024-10-20 10:37:25,560 - ME modelNone - DEBUG - Added variable: FU_PGK
2024-10-20 10:37:25,561 - ME modelNone - DEBUG - Added variable: BU_PGK
2024-10-20 10:37:25,561 - ME modelNone - DEBUG - Added constraint: SU_PGK
2024-10-20 10:37:25,561 - ME modelNone - DEBUG - Added constraint: UF_PGK
2024-10-20 10:37:25,562 - ME modelNone - DEBUG - Added constraint: UR_PGK
2024-10-20 10:37:25,562 - ME modelNone - DEBUG - Added variable: FU_PGL
2024-10-20 10:37:25,562 - ME modelNone - DEBUG - Added variable: BU_PGL
2024-10-20 10:37:25,563 - ME modelNone - DEBUG - Added constraint: SU_PGL
2024-10-20 10:37:25,563 - ME modelNone - DEBUG - Added constraint: UF_PGL
2024-10-20 10:37:25,563 - ME modelNone - DEBUG - Added constraint: UR_PGL
2024-10-20 10:37:25,564 - ME modelNone - DEBUG - Added variable: FU_ACALD
2024-10-20 10:37:25,564 - ME modelNone - DEBUG - Added variable: BU_ACALD
2024-10-20 10:37:25,564 - ME modelNone - DEBUG - Added constraint: SU_ACALD
2024-10-20 10:37:25,565 - ME modelNone - DEBUG - Added constraint: UF_ACALD
2024-10-20 10:37:25,565 - ME modelNone - DEBUG - Added constraint: UR_ACALD
2024-10-20 10:37:25,566 - ME modelNone - DEBUG - Added variable: FU_AKGt2r
2024-10-20 10:37:25,566 - ME modelNone - DEBUG - Added variable: BU_AKGt2r
2024-10-20 10:37:25,566 - ME modelNone - DEBUG - Added constraint: SU_AKGt2r
2024-10-20 10:37:25,567 - ME modelNone - DEBUG - Added constraint: UF_AKGt2r
2024-10-20 10:37:25,567 - ME modelNone - DEBUG - Added constraint: UR_AKGt2r
2024-10-20 10:37:25,568 - ME modelNone - DEBUG - Added variable: FU_PGM
2024-10-20 10:37:25,568 - ME modelNone - DEBUG - Added variable: BU_PGM
2024-10-20 10:37:25,568 - ME modelNone - DEBUG - Added constraint: SU_PGM
2024-10-20 10:37:25,568 - ME modelNone - DEBUG - Added constraint: UF_PGM
2024-10-20 10:37:25,569 - ME modelNone - DEBUG - Added constraint: UR_PGM
2024-10-20 10:37:25,569 - ME modelNone - DEBUG - Added variable: FU_PIt2r
2024-10-20 10:37:25,569 - ME modelNone - DEBUG - Added variable: BU_PIt2r
2024-10-20 10:37:25,570 - ME modelNone - DEBUG - Added constraint: SU_PIt2r
2024-10-20 10:37:25,570 - ME modelNone - DEBUG - Added constraint: UF_PIt2r
2024-10-20 10:37:25,571 - ME modelNone - DEBUG - Added constraint: UR_PIt2r
2024-10-20 10:37:25,571 - ME modelNone - DEBUG - Added variable: FU_ALCD2x
2024-10-20 10:37:25,571 - ME modelNone - DEBUG - Added variable: BU_ALCD2x
2024-10-20 10:37:25,572 - ME modelNone - DEBUG - Added constraint: SU_ALCD2x
2024-10-20 10:37:25,572 - ME modelNone - DEBUG - Added constraint: UF_ALCD2x
2024-10-20 10:37:25,572 - ME modelNone - DEBUG - Added constraint: UR_ALCD2x
2024-10-20 10:37:25,573 - ME modelNone - DEBUG - Added variable: FU_ACALDt
2024-10-20 10:37:25,573 - ME modelNone - DEBUG - Added variable: BU_ACALDt
2024-10-20 10:37:25,573 - ME modelNone - DEBUG - Added constraint: SU_ACALDt
2024-10-20 10:37:25,574 - ME modelNone - DEBUG - Added constraint: UF_ACALDt
2024-10-20 10:37:25,574 - ME modelNone - DEBUG - Added constraint: UR_ACALDt
2024-10-20 10:37:25,575 - ME modelNone - DEBUG - Added variable: FU_ACKr
2024-10-20 10:37:25,575 - ME modelNone - DEBUG - Added variable: BU_ACKr
2024-10-20 10:37:25,575 - ME modelNone - DEBUG - Added constraint: SU_ACKr
2024-10-20 10:37:25,575 - ME modelNone - DEBUG - Added constraint: UF_ACKr
2024-10-20 10:37:25,576 - ME modelNone - DEBUG - Added constraint: UR_ACKr
2024-10-20 10:37:25,576 - ME modelNone - DEBUG - Added variable: FU_PPC
2024-10-20 10:37:25,576 - ME modelNone - DEBUG - Added variable: BU_PPC
2024-10-20 10:37:25,577 - ME modelNone - DEBUG - Added constraint: SU_PPC
2024-10-20 10:37:25,577 - ME modelNone - DEBUG - Added constraint: UF_PPC
2024-10-20 10:37:25,578 - ME modelNone - DEBUG - Added constraint: UR_PPC
2024-10-20 10:37:25,578 - ME modelNone - DEBUG - Added variable: FU_ACONTa
2024-10-20 10:37:25,578 - ME modelNone - DEBUG - Added variable: BU_ACONTa
2024-10-20 10:37:25,578 - ME modelNone - DEBUG - Added constraint: SU_ACONTa
2024-10-20 10:37:25,579 - ME modelNone - DEBUG - Added constraint: UF_ACONTa
2024-10-20 10:37:25,579 - ME modelNone - DEBUG - Added constraint: UR_ACONTa
2024-10-20 10:37:25,580 - ME modelNone - DEBUG - Added variable: FU_ACONTb
2024-10-20 10:37:25,580 - ME modelNone - DEBUG - Added variable: BU_ACONTb
2024-10-20 10:37:25,580 - ME modelNone - DEBUG - Added constraint: SU_ACONTb
2024-10-20 10:37:25,581 - ME modelNone - DEBUG - Added constraint: UF_ACONTb
2024-10-20 10:37:25,581 - ME modelNone - DEBUG - Added constraint: UR_ACONTb
2024-10-20 10:37:25,582 - ME modelNone - DEBUG - Added variable: FU_ATPM
2024-10-20 10:37:25,582 - ME modelNone - DEBUG - Added variable: BU_ATPM
2024-10-20 10:37:25,582 - ME modelNone - DEBUG - Added constraint: SU_ATPM
2024-10-20 10:37:25,583 - ME modelNone - DEBUG - Added constraint: UF_ATPM
2024-10-20 10:37:25,583 - ME modelNone - DEBUG - Added constraint: UR_ATPM
2024-10-20 10:37:25,584 - ME modelNone - DEBUG - Added variable: FU_PPCK
2024-10-20 10:37:25,584 - ME modelNone - DEBUG - Added variable: BU_PPCK
2024-10-20 10:37:25,584 - ME modelNone - DEBUG - Added constraint: SU_PPCK
2024-10-20 10:37:25,585 - ME modelNone - DEBUG - Added constraint: UF_PPCK
2024-10-20 10:37:25,585 - ME modelNone - DEBUG - Added constraint: UR_PPCK
2024-10-20 10:37:25,585 - ME modelNone - DEBUG - Added variable: FU_ACt2r
2024-10-20 10:37:25,586 - ME modelNone - DEBUG - Added variable: BU_ACt2r
2024-10-20 10:37:25,586 - ME modelNone - DEBUG - Added constraint: SU_ACt2r
2024-10-20 10:37:25,586 - ME modelNone - DEBUG - Added constraint: UF_ACt2r
2024-10-20 10:37:25,587 - ME modelNone - DEBUG - Added constraint: UR_ACt2r
2024-10-20 10:37:25,587 - ME modelNone - DEBUG - Added variable: FU_PPS
2024-10-20 10:37:25,587 - ME modelNone - DEBUG - Added variable: BU_PPS
2024-10-20 10:37:25,588 - ME modelNone - DEBUG - Added constraint: SU_PPS
2024-10-20 10:37:25,588 - ME modelNone - DEBUG - Added constraint: UF_PPS
2024-10-20 10:37:25,588 - ME modelNone - DEBUG - Added constraint: UR_PPS
2024-10-20 10:37:25,589 - ME modelNone - DEBUG - Added variable: FU_ADK1
2024-10-20 10:37:25,589 - ME modelNone - DEBUG - Added variable: BU_ADK1
2024-10-20 10:37:25,589 - ME modelNone - DEBUG - Added constraint: SU_ADK1
2024-10-20 10:37:25,590 - ME modelNone - DEBUG - Added constraint: UF_ADK1
2024-10-20 10:37:25,590 - ME modelNone - DEBUG - Added constraint: UR_ADK1
2024-10-20 10:37:25,590 - ME modelNone - DEBUG - Added variable: FU_AKGDH
2024-10-20 10:37:25,591 - ME modelNone - DEBUG - Added variable: BU_AKGDH
2024-10-20 10:37:25,591 - ME modelNone - DEBUG - Added constraint: SU_AKGDH
2024-10-20 10:37:25,591 - ME modelNone - DEBUG - Added constraint: UF_AKGDH
2024-10-20 10:37:25,592 - ME modelNone - DEBUG - Added constraint: UR_AKGDH
2024-10-20 10:37:25,592 - ME modelNone - DEBUG - Added variable: FU_ATPS4r
2024-10-20 10:37:25,592 - ME modelNone - DEBUG - Added variable: BU_ATPS4r
2024-10-20 10:37:25,593 - ME modelNone - DEBUG - Added constraint: SU_ATPS4r
2024-10-20 10:37:25,593 - ME modelNone - DEBUG - Added constraint: UF_ATPS4r
2024-10-20 10:37:25,594 - ME modelNone - DEBUG - Added constraint: UR_ATPS4r
2024-10-20 10:37:25,594 - ME modelNone - DEBUG - Added variable: FU_PTAr
2024-10-20 10:37:25,594 - ME modelNone - DEBUG - Added variable: BU_PTAr
2024-10-20 10:37:25,594 - ME modelNone - DEBUG - Added constraint: SU_PTAr
2024-10-20 10:37:25,595 - ME modelNone - DEBUG - Added constraint: UF_PTAr
2024-10-20 10:37:25,595 - ME modelNone - DEBUG - Added constraint: UR_PTAr
2024-10-20 10:37:25,596 - ME modelNone - DEBUG - Added variable: FU_PYK
2024-10-20 10:37:25,596 - ME modelNone - DEBUG - Added variable: BU_PYK
2024-10-20 10:37:25,596 - ME modelNone - DEBUG - Added constraint: SU_PYK
2024-10-20 10:37:25,597 - ME modelNone - DEBUG - Added constraint: UF_PYK
2024-10-20 10:37:25,597 - ME modelNone - DEBUG - Added constraint: UR_PYK
2024-10-20 10:37:25,597 - ME modelNone - DEBUG - Added variable: FU_BIOMASS_Ecoli_core_w_GAM
2024-10-20 10:37:25,598 - ME modelNone - DEBUG - Added variable: BU_BIOMASS_Ecoli_core_w_GAM
2024-10-20 10:37:25,598 - ME modelNone - DEBUG - Added constraint: SU_BIOMASS_Ecoli_core_w_GAM
2024-10-20 10:37:25,598 - ME modelNone - DEBUG - Added constraint: UF_BIOMASS_Ecoli_core_w_GAM
2024-10-20 10:37:25,599 - ME modelNone - DEBUG - Added constraint: UR_BIOMASS_Ecoli_core_w_GAM
2024-10-20 10:37:25,599 - ME modelNone - DEBUG - Added variable: FU_PYRt2
2024-10-20 10:37:25,600 - ME modelNone - DEBUG - Added variable: BU_PYRt2
2024-10-20 10:37:25,600 - ME modelNone - DEBUG - Added constraint: SU_PYRt2
2024-10-20 10:37:25,600 - ME modelNone - DEBUG - Added constraint: UF_PYRt2
2024-10-20 10:37:25,601 - ME modelNone - DEBUG - Added constraint: UR_PYRt2
2024-10-20 10:37:25,601 - ME modelNone - DEBUG - Added variable: FU_CO2t
2024-10-20 10:37:25,601 - ME modelNone - DEBUG - Added variable: BU_CO2t
2024-10-20 10:37:25,602 - ME modelNone - DEBUG - Added constraint: SU_CO2t
2024-10-20 10:37:25,602 - ME modelNone - DEBUG - Added constraint: UF_CO2t
2024-10-20 10:37:25,603 - ME modelNone - DEBUG - Added constraint: UR_CO2t
2024-10-20 10:37:25,603 - ME modelNone - DEBUG - Added variable: FU_RPE
2024-10-20 10:37:25,603 - ME modelNone - DEBUG - Added variable: BU_RPE
2024-10-20 10:37:25,603 - ME modelNone - DEBUG - Added constraint: SU_RPE
2024-10-20 10:37:25,604 - ME modelNone - DEBUG - Added constraint: UF_RPE
2024-10-20 10:37:25,604 - ME modelNone - DEBUG - Added constraint: UR_RPE
2024-10-20 10:37:25,605 - ME modelNone - DEBUG - Added variable: FU_CS
2024-10-20 10:37:25,605 - ME modelNone - DEBUG - Added variable: BU_CS
2024-10-20 10:37:25,605 - ME modelNone - DEBUG - Added constraint: SU_CS
2024-10-20 10:37:25,606 - ME modelNone - DEBUG - Added constraint: UF_CS
2024-10-20 10:37:25,606 - ME modelNone - DEBUG - Added constraint: UR_CS
2024-10-20 10:37:25,606 - ME modelNone - DEBUG - Added variable: FU_RPI
2024-10-20 10:37:25,606 - ME modelNone - DEBUG - Added variable: BU_RPI
2024-10-20 10:37:25,607 - ME modelNone - DEBUG - Added constraint: SU_RPI
2024-10-20 10:37:25,607 - ME modelNone - DEBUG - Added constraint: UF_RPI
2024-10-20 10:37:25,608 - ME modelNone - DEBUG - Added constraint: UR_RPI
2024-10-20 10:37:25,608 - ME modelNone - DEBUG - Added variable: FU_SUCCt2_2
2024-10-20 10:37:25,608 - ME modelNone - DEBUG - Added variable: BU_SUCCt2_2
2024-10-20 10:37:25,608 - ME modelNone - DEBUG - Added constraint: SU_SUCCt2_2
2024-10-20 10:37:25,609 - ME modelNone - DEBUG - Added constraint: UF_SUCCt2_2
2024-10-20 10:37:25,609 - ME modelNone - DEBUG - Added constraint: UR_SUCCt2_2
2024-10-20 10:37:25,610 - ME modelNone - DEBUG - Added variable: FU_CYTBD
2024-10-20 10:37:25,610 - ME modelNone - DEBUG - Added variable: BU_CYTBD
2024-10-20 10:37:25,610 - ME modelNone - DEBUG - Added constraint: SU_CYTBD
2024-10-20 10:37:25,610 - ME modelNone - DEBUG - Added constraint: UF_CYTBD
2024-10-20 10:37:25,611 - ME modelNone - DEBUG - Added constraint: UR_CYTBD
2024-10-20 10:37:25,611 - ME modelNone - DEBUG - Added variable: FU_D_LACt2
2024-10-20 10:37:25,612 - ME modelNone - DEBUG - Added variable: BU_D_LACt2
2024-10-20 10:37:25,612 - ME modelNone - DEBUG - Added constraint: SU_D_LACt2
2024-10-20 10:37:25,612 - ME modelNone - DEBUG - Added constraint: UF_D_LACt2
2024-10-20 10:37:25,613 - ME modelNone - DEBUG - Added constraint: UR_D_LACt2
2024-10-20 10:37:25,613 - ME modelNone - DEBUG - Added variable: FU_ENO
2024-10-20 10:37:25,613 - ME modelNone - DEBUG - Added variable: BU_ENO
2024-10-20 10:37:25,613 - ME modelNone - DEBUG - Added constraint: SU_ENO
2024-10-20 10:37:25,614 - ME modelNone - DEBUG - Added constraint: UF_ENO
2024-10-20 10:37:25,614 - ME modelNone - DEBUG - Added constraint: UR_ENO
2024-10-20 10:37:25,615 - ME modelNone - DEBUG - Added variable: FU_SUCCt3
2024-10-20 10:37:25,615 - ME modelNone - DEBUG - Added variable: BU_SUCCt3
2024-10-20 10:37:25,615 - ME modelNone - DEBUG - Added constraint: SU_SUCCt3
2024-10-20 10:37:25,616 - ME modelNone - DEBUG - Added constraint: UF_SUCCt3
2024-10-20 10:37:25,616 - ME modelNone - DEBUG - Added constraint: UR_SUCCt3
2024-10-20 10:37:25,617 - ME modelNone - DEBUG - Added variable: FU_ETOHt2r
2024-10-20 10:37:25,617 - ME modelNone - DEBUG - Added variable: BU_ETOHt2r
2024-10-20 10:37:25,617 - ME modelNone - DEBUG - Added constraint: SU_ETOHt2r
2024-10-20 10:37:25,618 - ME modelNone - DEBUG - Added constraint: UF_ETOHt2r
2024-10-20 10:37:25,618 - ME modelNone - DEBUG - Added constraint: UR_ETOHt2r
2024-10-20 10:37:25,619 - ME modelNone - DEBUG - Added variable: FU_SUCDi
2024-10-20 10:37:25,619 - ME modelNone - DEBUG - Added variable: BU_SUCDi
2024-10-20 10:37:25,619 - ME modelNone - DEBUG - Added constraint: SU_SUCDi
2024-10-20 10:37:25,619 - ME modelNone - DEBUG - Added constraint: UF_SUCDi
2024-10-20 10:37:25,620 - ME modelNone - DEBUG - Added constraint: UR_SUCDi
2024-10-20 10:37:25,620 - ME modelNone - DEBUG - Added variable: FU_SUCOAS
2024-10-20 10:37:25,620 - ME modelNone - DEBUG - Added variable: BU_SUCOAS
2024-10-20 10:37:25,621 - ME modelNone - DEBUG - Added constraint: SU_SUCOAS
2024-10-20 10:37:25,621 - ME modelNone - DEBUG - Added constraint: UF_SUCOAS
2024-10-20 10:37:25,622 - ME modelNone - DEBUG - Added constraint: UR_SUCOAS
2024-10-20 10:37:25,622 - ME modelNone - DEBUG - Added variable: FU_TALA
2024-10-20 10:37:25,622 - ME modelNone - DEBUG - Added variable: BU_TALA
2024-10-20 10:37:25,622 - ME modelNone - DEBUG - Added constraint: SU_TALA
2024-10-20 10:37:25,623 - ME modelNone - DEBUG - Added constraint: UF_TALA
2024-10-20 10:37:25,623 - ME modelNone - DEBUG - Added constraint: UR_TALA
2024-10-20 10:37:25,624 - ME modelNone - DEBUG - Added variable: FU_THD2
2024-10-20 10:37:25,624 - ME modelNone - DEBUG - Added variable: BU_THD2
2024-10-20 10:37:25,624 - ME modelNone - DEBUG - Added constraint: SU_THD2
2024-10-20 10:37:25,625 - ME modelNone - DEBUG - Added constraint: UF_THD2
2024-10-20 10:37:25,625 - ME modelNone - DEBUG - Added constraint: UR_THD2
2024-10-20 10:37:25,625 - ME modelNone - DEBUG - Added variable: FU_TKT1
2024-10-20 10:37:25,626 - ME modelNone - DEBUG - Added variable: BU_TKT1
2024-10-20 10:37:25,626 - ME modelNone - DEBUG - Added constraint: SU_TKT1
2024-10-20 10:37:25,626 - ME modelNone - DEBUG - Added constraint: UF_TKT1
2024-10-20 10:37:25,627 - ME modelNone - DEBUG - Added constraint: UR_TKT1
2024-10-20 10:37:25,627 - ME modelNone - DEBUG - Added variable: FU_TKT2
2024-10-20 10:37:25,627 - ME modelNone - DEBUG - Added variable: BU_TKT2
2024-10-20 10:37:25,627 - ME modelNone - DEBUG - Added constraint: SU_TKT2
2024-10-20 10:37:25,628 - ME modelNone - DEBUG - Added constraint: UF_TKT2
2024-10-20 10:37:25,628 - ME modelNone - DEBUG - Added constraint: UR_TKT2
2024-10-20 10:37:25,629 - ME modelNone - DEBUG - Added variable: FU_TPI
2024-10-20 10:37:25,629 - ME modelNone - DEBUG - Added variable: BU_TPI
2024-10-20 10:37:25,629 - ME modelNone - DEBUG - Added constraint: SU_TPI
2024-10-20 10:37:25,630 - ME modelNone - DEBUG - Added constraint: UF_TPI
2024-10-20 10:37:25,630 - ME modelNone - DEBUG - Added constraint: UR_TPI
2024-10-20 10:37:25,630 - ME modelNone - DEBUG - Added variable: FU_EX_ac_e
2024-10-20 10:37:25,631 - ME modelNone - DEBUG - Added variable: BU_EX_ac_e
2024-10-20 10:37:25,631 - ME modelNone - DEBUG - Added constraint: SU_EX_ac_e
2024-10-20 10:37:25,631 - ME modelNone - DEBUG - Added constraint: UF_EX_ac_e
2024-10-20 10:37:25,632 - ME modelNone - DEBUG - Added constraint: UR_EX_ac_e
2024-10-20 10:37:25,632 - ME modelNone - DEBUG - Added variable: FU_EX_acald_e
2024-10-20 10:37:25,632 - ME modelNone - DEBUG - Added variable: BU_EX_acald_e
2024-10-20 10:37:25,633 - ME modelNone - DEBUG - Added constraint: SU_EX_acald_e
2024-10-20 10:37:25,633 - ME modelNone - DEBUG - Added constraint: UF_EX_acald_e
2024-10-20 10:37:25,634 - ME modelNone - DEBUG - Added constraint: UR_EX_acald_e
2024-10-20 10:37:25,634 - ME modelNone - DEBUG - Added variable: FU_EX_akg_e
2024-10-20 10:37:25,634 - ME modelNone - DEBUG - Added variable: BU_EX_akg_e
2024-10-20 10:37:25,635 - ME modelNone - DEBUG - Added constraint: SU_EX_akg_e
2024-10-20 10:37:25,635 - ME modelNone - DEBUG - Added constraint: UF_EX_akg_e
2024-10-20 10:37:25,636 - ME modelNone - DEBUG - Added constraint: UR_EX_akg_e
2024-10-20 10:37:25,636 - ME modelNone - DEBUG - Added variable: FU_EX_co2_e
2024-10-20 10:37:25,636 - ME modelNone - DEBUG - Added variable: BU_EX_co2_e
2024-10-20 10:37:25,636 - ME modelNone - DEBUG - Added constraint: SU_EX_co2_e
2024-10-20 10:37:25,637 - ME modelNone - DEBUG - Added constraint: UF_EX_co2_e
2024-10-20 10:37:25,637 - ME modelNone - DEBUG - Added constraint: UR_EX_co2_e
2024-10-20 10:37:25,638 - ME modelNone - DEBUG - Added variable: FU_EX_etoh_e
2024-10-20 10:37:25,638 - ME modelNone - DEBUG - Added variable: BU_EX_etoh_e
2024-10-20 10:37:25,638 - ME modelNone - DEBUG - Added constraint: SU_EX_etoh_e
2024-10-20 10:37:25,638 - ME modelNone - DEBUG - Added constraint: UF_EX_etoh_e
2024-10-20 10:37:25,639 - ME modelNone - DEBUG - Added constraint: UR_EX_etoh_e
2024-10-20 10:37:25,639 - ME modelNone - DEBUG - Added variable: FU_EX_for_e
2024-10-20 10:37:25,639 - ME modelNone - DEBUG - Added variable: BU_EX_for_e
2024-10-20 10:37:25,640 - ME modelNone - DEBUG - Added constraint: SU_EX_for_e
2024-10-20 10:37:25,640 - ME modelNone - DEBUG - Added constraint: UF_EX_for_e
2024-10-20 10:37:25,641 - ME modelNone - DEBUG - Added constraint: UR_EX_for_e
2024-10-20 10:37:25,641 - ME modelNone - DEBUG - Added variable: FU_EX_fru_e
2024-10-20 10:37:25,641 - ME modelNone - DEBUG - Added variable: BU_EX_fru_e
2024-10-20 10:37:25,641 - ME modelNone - DEBUG - Added constraint: SU_EX_fru_e
2024-10-20 10:37:25,642 - ME modelNone - DEBUG - Added constraint: UF_EX_fru_e
2024-10-20 10:37:25,642 - ME modelNone - DEBUG - Added constraint: UR_EX_fru_e
2024-10-20 10:37:25,643 - ME modelNone - DEBUG - Added variable: FU_EX_fum_e
2024-10-20 10:37:25,643 - ME modelNone - DEBUG - Added variable: BU_EX_fum_e
2024-10-20 10:37:25,643 - ME modelNone - DEBUG - Added constraint: SU_EX_fum_e
2024-10-20 10:37:25,644 - ME modelNone - DEBUG - Added constraint: UF_EX_fum_e
2024-10-20 10:37:25,644 - ME modelNone - DEBUG - Added constraint: UR_EX_fum_e
2024-10-20 10:37:25,644 - ME modelNone - DEBUG - Added variable: FU_EX_glc__D_e
2024-10-20 10:37:25,645 - ME modelNone - DEBUG - Added variable: BU_EX_glc__D_e
2024-10-20 10:37:25,645 - ME modelNone - DEBUG - Added constraint: SU_EX_glc__D_e
2024-10-20 10:37:25,645 - ME modelNone - DEBUG - Added constraint: UF_EX_glc__D_e
2024-10-20 10:37:25,646 - ME modelNone - DEBUG - Added constraint: UR_EX_glc__D_e
2024-10-20 10:37:25,646 - ME modelNone - DEBUG - Added variable: FU_EX_gln__L_e
2024-10-20 10:37:25,646 - ME modelNone - DEBUG - Added variable: BU_EX_gln__L_e
2024-10-20 10:37:25,647 - ME modelNone - DEBUG - Added constraint: SU_EX_gln__L_e
2024-10-20 10:37:25,647 - ME modelNone - DEBUG - Added constraint: UF_EX_gln__L_e
2024-10-20 10:37:25,647 - ME modelNone - DEBUG - Added constraint: UR_EX_gln__L_e
2024-10-20 10:37:25,648 - ME modelNone - DEBUG - Added variable: FU_EX_glu__L_e
2024-10-20 10:37:25,648 - ME modelNone - DEBUG - Added variable: BU_EX_glu__L_e
2024-10-20 10:37:25,648 - ME modelNone - DEBUG - Added constraint: SU_EX_glu__L_e
2024-10-20 10:37:25,649 - ME modelNone - DEBUG - Added constraint: UF_EX_glu__L_e
2024-10-20 10:37:25,649 - ME modelNone - DEBUG - Added constraint: UR_EX_glu__L_e
2024-10-20 10:37:25,650 - ME modelNone - DEBUG - Added variable: FU_EX_h_e
2024-10-20 10:37:25,650 - ME modelNone - DEBUG - Added variable: BU_EX_h_e
2024-10-20 10:37:25,650 - ME modelNone - DEBUG - Added constraint: SU_EX_h_e
2024-10-20 10:37:25,651 - ME modelNone - DEBUG - Added constraint: UF_EX_h_e
2024-10-20 10:37:25,651 - ME modelNone - DEBUG - Added constraint: UR_EX_h_e
2024-10-20 10:37:25,652 - ME modelNone - DEBUG - Added variable: FU_EX_h2o_e
2024-10-20 10:37:25,652 - ME modelNone - DEBUG - Added variable: BU_EX_h2o_e
2024-10-20 10:37:25,652 - ME modelNone - DEBUG - Added constraint: SU_EX_h2o_e
2024-10-20 10:37:25,653 - ME modelNone - DEBUG - Added constraint: UF_EX_h2o_e
2024-10-20 10:37:25,653 - ME modelNone - DEBUG - Added constraint: UR_EX_h2o_e
2024-10-20 10:37:25,653 - ME modelNone - DEBUG - Added variable: FU_EX_lac__D_e
2024-10-20 10:37:25,654 - ME modelNone - DEBUG - Added variable: BU_EX_lac__D_e
2024-10-20 10:37:25,654 - ME modelNone - DEBUG - Added constraint: SU_EX_lac__D_e
2024-10-20 10:37:25,654 - ME modelNone - DEBUG - Added constraint: UF_EX_lac__D_e
2024-10-20 10:37:25,655 - ME modelNone - DEBUG - Added constraint: UR_EX_lac__D_e
2024-10-20 10:37:25,655 - ME modelNone - DEBUG - Added variable: FU_EX_mal__L_e
2024-10-20 10:37:25,655 - ME modelNone - DEBUG - Added variable: BU_EX_mal__L_e
2024-10-20 10:37:25,656 - ME modelNone - DEBUG - Added constraint: SU_EX_mal__L_e
2024-10-20 10:37:25,656 - ME modelNone - DEBUG - Added constraint: UF_EX_mal__L_e
2024-10-20 10:37:25,657 - ME modelNone - DEBUG - Added constraint: UR_EX_mal__L_e
2024-10-20 10:37:25,657 - ME modelNone - DEBUG - Added variable: FU_EX_nh4_e
2024-10-20 10:37:25,657 - ME modelNone - DEBUG - Added variable: BU_EX_nh4_e
2024-10-20 10:37:25,657 - ME modelNone - DEBUG - Added constraint: SU_EX_nh4_e
2024-10-20 10:37:25,658 - ME modelNone - DEBUG - Added constraint: UF_EX_nh4_e
2024-10-20 10:37:25,658 - ME modelNone - DEBUG - Added constraint: UR_EX_nh4_e
2024-10-20 10:37:25,659 - ME modelNone - DEBUG - Added variable: FU_EX_o2_e
2024-10-20 10:37:25,659 - ME modelNone - DEBUG - Added variable: BU_EX_o2_e
2024-10-20 10:37:25,659 - ME modelNone - DEBUG - Added constraint: SU_EX_o2_e
2024-10-20 10:37:25,659 - ME modelNone - DEBUG - Added constraint: UF_EX_o2_e
2024-10-20 10:37:25,660 - ME modelNone - DEBUG - Added constraint: UR_EX_o2_e
2024-10-20 10:37:25,660 - ME modelNone - DEBUG - Added variable: FU_EX_pi_e
2024-10-20 10:37:25,660 - ME modelNone - DEBUG - Added variable: BU_EX_pi_e
2024-10-20 10:37:25,661 - ME modelNone - DEBUG - Added constraint: SU_EX_pi_e
2024-10-20 10:37:25,661 - ME modelNone - DEBUG - Added constraint: UF_EX_pi_e
2024-10-20 10:37:25,662 - ME modelNone - DEBUG - Added constraint: UR_EX_pi_e
2024-10-20 10:37:25,662 - ME modelNone - DEBUG - Added variable: FU_EX_pyr_e
2024-10-20 10:37:25,662 - ME modelNone - DEBUG - Added variable: BU_EX_pyr_e
2024-10-20 10:37:25,662 - ME modelNone - DEBUG - Added constraint: SU_EX_pyr_e
2024-10-20 10:37:25,663 - ME modelNone - DEBUG - Added constraint: UF_EX_pyr_e
2024-10-20 10:37:25,663 - ME modelNone - DEBUG - Added constraint: UR_EX_pyr_e
2024-10-20 10:37:25,664 - ME modelNone - DEBUG - Added variable: FU_EX_succ_e
2024-10-20 10:37:25,664 - ME modelNone - DEBUG - Added variable: BU_EX_succ_e
2024-10-20 10:37:25,664 - ME modelNone - DEBUG - Added constraint: SU_EX_succ_e
2024-10-20 10:37:25,665 - ME modelNone - DEBUG - Added constraint: UF_EX_succ_e
2024-10-20 10:37:25,665 - ME modelNone - DEBUG - Added constraint: UR_EX_succ_e
2024-10-20 10:37:25,665 - ME modelNone - DEBUG - Added variable: FU_FBA
2024-10-20 10:37:25,666 - ME modelNone - DEBUG - Added variable: BU_FBA
2024-10-20 10:37:25,666 - ME modelNone - DEBUG - Added constraint: SU_FBA
2024-10-20 10:37:25,666 - ME modelNone - DEBUG - Added constraint: UF_FBA
2024-10-20 10:37:25,667 - ME modelNone - DEBUG - Added constraint: UR_FBA
2024-10-20 10:37:25,667 - ME modelNone - DEBUG - Added variable: FU_FBP
2024-10-20 10:37:25,668 - ME modelNone - DEBUG - Added variable: BU_FBP
2024-10-20 10:37:25,668 - ME modelNone - DEBUG - Added constraint: SU_FBP
2024-10-20 10:37:25,668 - ME modelNone - DEBUG - Added constraint: UF_FBP
2024-10-20 10:37:25,669 - ME modelNone - DEBUG - Added constraint: UR_FBP
2024-10-20 10:37:25,669 - ME modelNone - DEBUG - Added variable: FU_FORt2
2024-10-20 10:37:25,669 - ME modelNone - DEBUG - Added variable: BU_FORt2
2024-10-20 10:37:25,669 - ME modelNone - DEBUG - Added constraint: SU_FORt2
2024-10-20 10:37:25,670 - ME modelNone - DEBUG - Added constraint: UF_FORt2
2024-10-20 10:37:25,670 - ME modelNone - DEBUG - Added constraint: UR_FORt2
2024-10-20 10:37:25,671 - ME modelNone - DEBUG - Added variable: FU_FORt
2024-10-20 10:37:25,671 - ME modelNone - DEBUG - Added variable: BU_FORt
2024-10-20 10:37:25,671 - ME modelNone - DEBUG - Added constraint: SU_FORt
2024-10-20 10:37:25,672 - ME modelNone - DEBUG - Added constraint: UF_FORt
2024-10-20 10:37:25,672 - ME modelNone - DEBUG - Added constraint: UR_FORt
2024-10-20 10:37:25,672 - ME modelNone - DEBUG - Added variable: FU_FRD7
2024-10-20 10:37:25,673 - ME modelNone - DEBUG - Added variable: BU_FRD7
2024-10-20 10:37:25,673 - ME modelNone - DEBUG - Added constraint: SU_FRD7
2024-10-20 10:37:25,673 - ME modelNone - DEBUG - Added constraint: UF_FRD7
2024-10-20 10:37:25,674 - ME modelNone - DEBUG - Added constraint: UR_FRD7
2024-10-20 10:37:25,674 - ME modelNone - DEBUG - Added variable: FU_FRUpts2
2024-10-20 10:37:25,674 - ME modelNone - DEBUG - Added variable: BU_FRUpts2
2024-10-20 10:37:25,675 - ME modelNone - DEBUG - Added constraint: SU_FRUpts2
2024-10-20 10:37:25,675 - ME modelNone - DEBUG - Added constraint: UF_FRUpts2
2024-10-20 10:37:25,675 - ME modelNone - DEBUG - Added constraint: UR_FRUpts2
2024-10-20 10:37:25,676 - ME modelNone - DEBUG - Added variable: FU_FUM
2024-10-20 10:37:25,676 - ME modelNone - DEBUG - Added variable: BU_FUM
2024-10-20 10:37:25,676 - ME modelNone - DEBUG - Added constraint: SU_FUM
2024-10-20 10:37:25,677 - ME modelNone - DEBUG - Added constraint: UF_FUM
2024-10-20 10:37:25,677 - ME modelNone - DEBUG - Added constraint: UR_FUM
2024-10-20 10:37:25,678 - ME modelNone - DEBUG - Added variable: FU_FUMt2_2
2024-10-20 10:37:25,678 - ME modelNone - DEBUG - Added variable: BU_FUMt2_2
2024-10-20 10:37:25,678 - ME modelNone - DEBUG - Added constraint: SU_FUMt2_2
2024-10-20 10:37:25,678 - ME modelNone - DEBUG - Added constraint: UF_FUMt2_2
2024-10-20 10:37:25,679 - ME modelNone - DEBUG - Added constraint: UR_FUMt2_2
2024-10-20 10:37:25,679 - ME modelNone - DEBUG - Added variable: FU_G6PDH2r
2024-10-20 10:37:25,679 - ME modelNone - DEBUG - Added variable: BU_G6PDH2r
2024-10-20 10:37:25,680 - ME modelNone - DEBUG - Added constraint: SU_G6PDH2r
2024-10-20 10:37:25,680 - ME modelNone - DEBUG - Added constraint: UF_G6PDH2r
2024-10-20 10:37:25,681 - ME modelNone - DEBUG - Added constraint: UR_G6PDH2r
2024-10-20 10:37:25,681 - ME modelNone - DEBUG - Added variable: FU_GAPD
2024-10-20 10:37:25,681 - ME modelNone - DEBUG - Added variable: BU_GAPD
2024-10-20 10:37:25,681 - ME modelNone - DEBUG - Added constraint: SU_GAPD
2024-10-20 10:37:25,682 - ME modelNone - DEBUG - Added constraint: UF_GAPD
2024-10-20 10:37:25,682 - ME modelNone - DEBUG - Added constraint: UR_GAPD
2024-10-20 10:37:25,683 - ME modelNone - DEBUG - Added variable: FU_GLCpts
2024-10-20 10:37:25,683 - ME modelNone - DEBUG - Added variable: BU_GLCpts
2024-10-20 10:37:25,683 - ME modelNone - DEBUG - Added constraint: SU_GLCpts
2024-10-20 10:37:25,684 - ME modelNone - DEBUG - Added constraint: UF_GLCpts
2024-10-20 10:37:25,684 - ME modelNone - DEBUG - Added constraint: UR_GLCpts
2024-10-20 10:37:25,684 - ME modelNone - DEBUG - Added variable: FU_GLNS
2024-10-20 10:37:25,685 - ME modelNone - DEBUG - Added variable: BU_GLNS
2024-10-20 10:37:25,685 - ME modelNone - DEBUG - Added constraint: SU_GLNS
2024-10-20 10:37:25,685 - ME modelNone - DEBUG - Added constraint: UF_GLNS
2024-10-20 10:37:25,686 - ME modelNone - DEBUG - Added constraint: UR_GLNS
2024-10-20 10:37:25,686 - ME modelNone - DEBUG - Added variable: FU_GLNabc
2024-10-20 10:37:25,686 - ME modelNone - DEBUG - Added variable: BU_GLNabc
2024-10-20 10:37:25,687 - ME modelNone - DEBUG - Added constraint: SU_GLNabc
2024-10-20 10:37:25,687 - ME modelNone - DEBUG - Added constraint: UF_GLNabc
2024-10-20 10:37:25,687 - ME modelNone - DEBUG - Added constraint: UR_GLNabc
2024-10-20 10:37:25,688 - ME modelNone - DEBUG - Added variable: FU_GLUDy
2024-10-20 10:37:25,688 - ME modelNone - DEBUG - Added variable: BU_GLUDy
2024-10-20 10:37:25,688 - ME modelNone - DEBUG - Added constraint: SU_GLUDy
2024-10-20 10:37:25,689 - ME modelNone - DEBUG - Added constraint: UF_GLUDy
2024-10-20 10:37:25,689 - ME modelNone - DEBUG - Added constraint: UR_GLUDy
2024-10-20 10:37:25,689 - ME modelNone - DEBUG - Added variable: FU_GLUN
2024-10-20 10:37:25,690 - ME modelNone - DEBUG - Added variable: BU_GLUN
2024-10-20 10:37:25,690 - ME modelNone - DEBUG - Added constraint: SU_GLUN
2024-10-20 10:37:25,690 - ME modelNone - DEBUG - Added constraint: UF_GLUN
2024-10-20 10:37:25,691 - ME modelNone - DEBUG - Added constraint: UR_GLUN
2024-10-20 10:37:25,691 - ME modelNone - DEBUG - Added variable: FU_GLUSy
2024-10-20 10:37:25,691 - ME modelNone - DEBUG - Added variable: BU_GLUSy
2024-10-20 10:37:25,692 - ME modelNone - DEBUG - Added constraint: SU_GLUSy
2024-10-20 10:37:25,692 - ME modelNone - DEBUG - Added constraint: UF_GLUSy
2024-10-20 10:37:25,692 - ME modelNone - DEBUG - Added constraint: UR_GLUSy
2024-10-20 10:37:25,693 - ME modelNone - DEBUG - Added variable: FU_GLUt2r
2024-10-20 10:37:25,693 - ME modelNone - DEBUG - Added variable: BU_GLUt2r
2024-10-20 10:37:25,693 - ME modelNone - DEBUG - Added constraint: SU_GLUt2r
2024-10-20 10:37:25,694 - ME modelNone - DEBUG - Added constraint: UF_GLUt2r
2024-10-20 10:37:25,694 - ME modelNone - DEBUG - Added constraint: UR_GLUt2r
2024-10-20 10:37:25,694 - ME modelNone - DEBUG - Added variable: FU_GND
2024-10-20 10:37:25,695 - ME modelNone - DEBUG - Added variable: BU_GND
2024-10-20 10:37:25,695 - ME modelNone - DEBUG - Added constraint: SU_GND
2024-10-20 10:37:25,695 - ME modelNone - DEBUG - Added constraint: UF_GND
2024-10-20 10:37:25,696 - ME modelNone - DEBUG - Added constraint: UR_GND
2024-10-20 10:37:25,696 - ME modelNone - DEBUG - Added variable: FU_H2Ot
2024-10-20 10:37:25,696 - ME modelNone - DEBUG - Added variable: BU_H2Ot
2024-10-20 10:37:25,696 - ME modelNone - DEBUG - Added constraint: SU_H2Ot
2024-10-20 10:37:25,697 - ME modelNone - DEBUG - Added constraint: UF_H2Ot
2024-10-20 10:37:25,697 - ME modelNone - DEBUG - Added constraint: UR_H2Ot
2024-10-20 10:37:25,698 - ME modelNone - DEBUG - Added variable: FU_ICDHyr
2024-10-20 10:37:25,698 - ME modelNone - DEBUG - Added variable: BU_ICDHyr
2024-10-20 10:37:25,698 - ME modelNone - DEBUG - Added constraint: SU_ICDHyr
2024-10-20 10:37:25,699 - ME modelNone - DEBUG - Added constraint: UF_ICDHyr
2024-10-20 10:37:25,699 - ME modelNone - DEBUG - Added constraint: UR_ICDHyr
2024-10-20 10:37:25,699 - ME modelNone - DEBUG - Added variable: FU_ICL
2024-10-20 10:37:25,699 - ME modelNone - DEBUG - Added variable: BU_ICL
2024-10-20 10:37:25,700 - ME modelNone - DEBUG - Added constraint: SU_ICL
2024-10-20 10:37:25,700 - ME modelNone - DEBUG - Added constraint: UF_ICL
2024-10-20 10:37:25,701 - ME modelNone - DEBUG - Added constraint: UR_ICL
2024-10-20 10:37:25,701 - ME modelNone - DEBUG - Added variable: FU_LDH_D
2024-10-20 10:37:25,701 - ME modelNone - DEBUG - Added variable: BU_LDH_D
2024-10-20 10:37:25,701 - ME modelNone - DEBUG - Added constraint: SU_LDH_D
2024-10-20 10:37:25,702 - ME modelNone - DEBUG - Added constraint: UF_LDH_D
2024-10-20 10:37:25,702 - ME modelNone - DEBUG - Added constraint: UR_LDH_D
2024-10-20 10:37:25,703 - ME modelNone - DEBUG - Added variable: FU_MALS
2024-10-20 10:37:25,703 - ME modelNone - DEBUG - Added variable: BU_MALS
2024-10-20 10:37:25,703 - ME modelNone - DEBUG - Added constraint: SU_MALS
2024-10-20 10:37:25,703 - ME modelNone - DEBUG - Added constraint: UF_MALS
2024-10-20 10:37:25,704 - ME modelNone - DEBUG - Added constraint: UR_MALS
2024-10-20 10:37:25,704 - ME modelNone - DEBUG - Added variable: FU_MALt2_2
2024-10-20 10:37:25,704 - ME modelNone - DEBUG - Added variable: BU_MALt2_2
2024-10-20 10:37:25,705 - ME modelNone - DEBUG - Added constraint: SU_MALt2_2
2024-10-20 10:37:25,705 - ME modelNone - DEBUG - Added constraint: UF_MALt2_2
2024-10-20 10:37:25,706 - ME modelNone - DEBUG - Added constraint: UR_MALt2_2
2024-10-20 10:37:25,706 - ME modelNone - DEBUG - Added variable: FU_MDH
2024-10-20 10:37:25,706 - ME modelNone - DEBUG - Added variable: BU_MDH
2024-10-20 10:37:25,706 - ME modelNone - DEBUG - Added constraint: SU_MDH
2024-10-20 10:37:25,707 - ME modelNone - DEBUG - Added constraint: UF_MDH
2024-10-20 10:37:25,707 - ME modelNone - DEBUG - Added constraint: UR_MDH
2024-10-20 10:37:25,708 - ME modelNone - DEBUG - Added variable: FU_ME1
2024-10-20 10:37:25,708 - ME modelNone - DEBUG - Added variable: BU_ME1
2024-10-20 10:37:25,708 - ME modelNone - DEBUG - Added constraint: SU_ME1
2024-10-20 10:37:25,708 - ME modelNone - DEBUG - Added constraint: UF_ME1
2024-10-20 10:37:25,709 - ME modelNone - DEBUG - Added constraint: UR_ME1
2024-10-20 10:37:25,709 - ME modelNone - DEBUG - Added variable: FU_ME2
2024-10-20 10:37:25,709 - ME modelNone - DEBUG - Added variable: BU_ME2
2024-10-20 10:37:25,710 - ME modelNone - DEBUG - Added constraint: SU_ME2
2024-10-20 10:37:25,710 - ME modelNone - DEBUG - Added constraint: UF_ME2
2024-10-20 10:37:25,711 - ME modelNone - DEBUG - Added constraint: UR_ME2
2024-10-20 10:37:25,711 - ME modelNone - DEBUG - Added variable: FU_NADH16
2024-10-20 10:37:25,711 - ME modelNone - DEBUG - Added variable: BU_NADH16
2024-10-20 10:37:25,711 - ME modelNone - DEBUG - Added constraint: SU_NADH16
2024-10-20 10:37:25,712 - ME modelNone - DEBUG - Added constraint: UF_NADH16
2024-10-20 10:37:25,712 - ME modelNone - DEBUG - Added constraint: UR_NADH16
2024-10-20 10:37:25,713 - ME modelNone - DEBUG - Added variable: FU_NADTRHD
2024-10-20 10:37:25,713 - ME modelNone - DEBUG - Added variable: BU_NADTRHD
2024-10-20 10:37:25,713 - ME modelNone - DEBUG - Added constraint: SU_NADTRHD
2024-10-20 10:37:25,713 - ME modelNone - DEBUG - Added constraint: UF_NADTRHD
2024-10-20 10:37:25,714 - ME modelNone - DEBUG - Added constraint: UR_NADTRHD
2024-10-20 10:37:25,714 - ME modelNone - DEBUG - Added variable: FU_NH4t
2024-10-20 10:37:25,714 - ME modelNone - DEBUG - Added variable: BU_NH4t
2024-10-20 10:37:25,715 - ME modelNone - DEBUG - Added constraint: SU_NH4t
2024-10-20 10:37:25,715 - ME modelNone - DEBUG - Added constraint: UF_NH4t
2024-10-20 10:37:25,716 - ME modelNone - DEBUG - Added constraint: UR_NH4t
2024-10-20 10:37:25,716 - ME modelNone - DEBUG - Added variable: FU_O2t
2024-10-20 10:37:25,716 - ME modelNone - DEBUG - Added variable: BU_O2t
2024-10-20 10:37:25,716 - ME modelNone - DEBUG - Added constraint: SU_O2t
2024-10-20 10:37:25,717 - ME modelNone - DEBUG - Added constraint: UF_O2t
2024-10-20 10:37:25,717 - ME modelNone - DEBUG - Added constraint: UR_O2t
2024-10-20 10:37:25,717 - ME modelNone - DEBUG - Added variable: FU_PDH
2024-10-20 10:37:25,718 - ME modelNone - DEBUG - Added variable: BU_PDH
2024-10-20 10:37:25,718 - ME modelNone - DEBUG - Added constraint: SU_PDH
2024-10-20 10:37:25,718 - ME modelNone - DEBUG - Added constraint: UF_PDH
2024-10-20 10:37:25,719 - ME modelNone - DEBUG - Added constraint: UR_PDH
2024-10-20 10:37:25,719 - ME modelNone - INFO - # Model conversion done.
2024-10-20 10:37:25,719 - ME modelNone - INFO - # Updating cobra_model variables...
2024-10-20 10:37:25,720 - ME modelNone - INFO - # cobra_model variables are up-to-date
2024-10-20 10:37:25,720 - ME modelNone - INFO - Setting minimal growth rate to 95% of the TFA solution
2024-10-20 10:37:25,726 - ME modelNone - DEBUG - 'slim_optimize' ((), {}) 0.01 sec
2024-10-20 10:37:25,726 - ME modelNone - INFO - Setting minimal growth rate to 0.8739215069684301
2024-10-20 10:37:25,726 - ME modelNone - INFO - Using default sum_flux : False
